[0.638s] Invoking command in '/root/RBE500_Manipulator_Project/ws_2/src/velocity_kinematics': PYTHONPATH=/root/RBE500_Manipulator_Project/ws_2/build/velocity_kinematics/prefix_override:/usr/lib/python3/dist-packages/colcon_core/task/python/colcon_distutils_commands:/root/RBE500_Manipulator_Project/ws_2/install/velocity_kinematics/lib/python3.10/site-packages:${PYTHONPATH} /usr/bin/python3 -W ignore:setup.py install is deprecated setup.py egg_info --egg-base ../../build/velocity_kinematics build --build-base /root/RBE500_Manipulator_Project/ws_2/build/velocity_kinematics/build install --record /root/RBE500_Manipulator_Project/ws_2/build/velocity_kinematics/install.log --single-version-externally-managed install_data
[0.886s] running egg_info
[0.887s] writing ../../build/velocity_kinematics/velocity_kinematics.egg-info/PKG-INFO
[0.887s] writing dependency_links to ../../build/velocity_kinematics/velocity_kinematics.egg-info/dependency_links.txt
[0.887s] writing entry points to ../../build/velocity_kinematics/velocity_kinematics.egg-info/entry_points.txt
[0.888s] writing requirements to ../../build/velocity_kinematics/velocity_kinematics.egg-info/requires.txt
[0.888s] writing top-level names to ../../build/velocity_kinematics/velocity_kinematics.egg-info/top_level.txt
[0.890s] reading manifest file '../../build/velocity_kinematics/velocity_kinematics.egg-info/SOURCES.txt'
[0.891s] writing manifest file '../../build/velocity_kinematics/velocity_kinematics.egg-info/SOURCES.txt'
[0.891s] running build
[0.891s] running build_py
[0.891s] copying velocity_kinematics/velocity_controller.py -> /root/RBE500_Manipulator_Project/ws_2/build/velocity_kinematics/build/lib/velocity_kinematics
[0.892s] running install
[0.892s] running install_lib
[0.893s] copying /root/RBE500_Manipulator_Project/ws_2/build/velocity_kinematics/build/lib/velocity_kinematics/velocity_controller.py -> /root/RBE500_Manipulator_Project/ws_2/install/velocity_kinematics/lib/python3.10/site-packages/velocity_kinematics
[0.894s] byte-compiling /root/RBE500_Manipulator_Project/ws_2/install/velocity_kinematics/lib/python3.10/site-packages/velocity_kinematics/velocity_controller.py to velocity_controller.cpython-310.pyc
[0.895s] running install_data
[0.895s] running install_egg_info
[0.897s] removing '/root/RBE500_Manipulator_Project/ws_2/install/velocity_kinematics/lib/python3.10/site-packages/velocity_kinematics-0.0.0-py3.10.egg-info' (and everything under it)
[0.898s] Copying ../../build/velocity_kinematics/velocity_kinematics.egg-info to /root/RBE500_Manipulator_Project/ws_2/install/velocity_kinematics/lib/python3.10/site-packages/velocity_kinematics-0.0.0-py3.10.egg-info
[0.899s] running install_scripts
[0.926s] Installing endeffector_to_joint_velocity_service script to /root/RBE500_Manipulator_Project/ws_2/install/velocity_kinematics/lib/velocity_kinematics
[0.927s] Installing joint_to_endeffector_velocity_service script to /root/RBE500_Manipulator_Project/ws_2/install/velocity_kinematics/lib/velocity_kinematics
[0.927s] Installing velocity_controller script to /root/RBE500_Manipulator_Project/ws_2/install/velocity_kinematics/lib/velocity_kinematics
[0.927s] writing list of installed files to '/root/RBE500_Manipulator_Project/ws_2/build/velocity_kinematics/install.log'
[0.951s] Invoked command in '/root/RBE500_Manipulator_Project/ws_2/src/velocity_kinematics' returned '0': PYTHONPATH=/root/RBE500_Manipulator_Project/ws_2/build/velocity_kinematics/prefix_override:/usr/lib/python3/dist-packages/colcon_core/task/python/colcon_distutils_commands:/root/RBE500_Manipulator_Project/ws_2/install/velocity_kinematics/lib/python3.10/site-packages:${PYTHONPATH} /usr/bin/python3 -W ignore:setup.py install is deprecated setup.py egg_info --egg-base ../../build/velocity_kinematics build --build-base /root/RBE500_Manipulator_Project/ws_2/build/velocity_kinematics/build install --record /root/RBE500_Manipulator_Project/ws_2/build/velocity_kinematics/install.log --single-version-externally-managed install_data
