[0.031s] Invoking command in '/root/RBE500_Manipulator_Project/workspace/build/cmake_modules': CMAKE_PREFIX_PATH=/root/RBE500_Manipulator_Project/workspace/install/InverseKinematics:/root/RBE500_Manipulator_Project/workspace/install/ForwardKinematics:/opt/ros/humble /usr/bin/cmake /root/RBE500_Manipulator_Project/workspace/src/OpenManipulatorX_ROS2/open_manipulator_dependencies/cmake_modules -DCMAKE_INSTALL_PREFIX=/root/RBE500_Manipulator_Project/workspace/install/cmake_modules
[0.265s] -- The C compiler identification is GNU 11.4.0
[0.344s] -- The CXX compiler identification is GNU 11.4.0
[0.351s] -- Detecting C compiler ABI info
[0.412s] -- Detecting C compiler ABI info - done
[0.419s] -- Check for working C compiler: /usr/bin/cc - skipped
[0.419s] -- Detecting C compile features
[0.419s] -- Detecting C compile features - done
[0.422s] -- Detecting CXX compiler ABI info
[0.496s] -- Detecting CXX compiler ABI info - done
[0.503s] -- Check for working CXX compiler: /usr/bin/c++ - skipped
[0.503s] -- Detecting CXX compile features
[0.503s] -- Detecting CXX compile features - done
[0.510s] -- Found ament_cmake: 1.3.10 (/opt/ros/humble/share/ament_cmake/cmake)
[0.676s] -- Found Python3: /usr/bin/python3 (found version "3.10.12") found components: Interpreter 
[0.854s] -- Configuring done
[0.856s] -- Generating done
[0.857s] -- Build files have been written to: /root/RBE500_Manipulator_Project/workspace/build/cmake_modules
[0.862s] Invoked command in '/root/RBE500_Manipulator_Project/workspace/build/cmake_modules' returned '0': CMAKE_PREFIX_PATH=/root/RBE500_Manipulator_Project/workspace/install/InverseKinematics:/root/RBE500_Manipulator_Project/workspace/install/ForwardKinematics:/opt/ros/humble /usr/bin/cmake /root/RBE500_Manipulator_Project/workspace/src/OpenManipulatorX_ROS2/open_manipulator_dependencies/cmake_modules -DCMAKE_INSTALL_PREFIX=/root/RBE500_Manipulator_Project/workspace/install/cmake_modules
[0.864s] Invoking command in '/root/RBE500_Manipulator_Project/workspace/build/cmake_modules': CMAKE_PREFIX_PATH=/root/RBE500_Manipulator_Project/workspace/install/InverseKinematics:/root/RBE500_Manipulator_Project/workspace/install/ForwardKinematics:/opt/ros/humble /usr/bin/cmake --build /root/RBE500_Manipulator_Project/workspace/build/cmake_modules -- -j12 -l12
[0.892s] Invoked command in '/root/RBE500_Manipulator_Project/workspace/build/cmake_modules' returned '0': CMAKE_PREFIX_PATH=/root/RBE500_Manipulator_Project/workspace/install/InverseKinematics:/root/RBE500_Manipulator_Project/workspace/install/ForwardKinematics:/opt/ros/humble /usr/bin/cmake --build /root/RBE500_Manipulator_Project/workspace/build/cmake_modules -- -j12 -l12
[0.914s] Invoking command in '/root/RBE500_Manipulator_Project/workspace/build/cmake_modules': CMAKE_PREFIX_PATH=/root/RBE500_Manipulator_Project/workspace/install/InverseKinematics:/root/RBE500_Manipulator_Project/workspace/install/ForwardKinematics:/opt/ros/humble /usr/bin/cmake --install /root/RBE500_Manipulator_Project/workspace/build/cmake_modules
[0.921s] -- Install configuration: ""
[0.921s] -- Installing: /root/RBE500_Manipulator_Project/workspace/install/cmake_modules/share/cmake_modules/cmake/Modules
[0.921s] -- Installing: /root/RBE500_Manipulator_Project/workspace/install/cmake_modules/share/cmake_modules/cmake/Modules/FindGSL.cmake
[0.921s] -- Installing: /root/RBE500_Manipulator_Project/workspace/install/cmake_modules/share/cmake_modules/cmake/Modules/FindGflags.cmake
[0.921s] -- Installing: /root/RBE500_Manipulator_Project/workspace/install/cmake_modules/share/cmake_modules/cmake/Modules/FindTinyXML2.cmake
[0.921s] -- Installing: /root/RBE500_Manipulator_Project/workspace/install/cmake_modules/share/cmake_modules/cmake/Modules/FindXenomai.cmake
[0.921s] -- Installing: /root/RBE500_Manipulator_Project/workspace/install/cmake_modules/share/cmake_modules/cmake/Modules/FindNUMPY.cmake
[0.922s] -- Installing: /root/RBE500_Manipulator_Project/workspace/install/cmake_modules/share/cmake_modules/cmake/Modules/FindTinyXML.cmake
[0.922s] -- Installing: /root/RBE500_Manipulator_Project/workspace/install/cmake_modules/share/cmake_modules/cmake/Modules/FindPoco.cmake
[0.922s] -- Installing: /root/RBE500_Manipulator_Project/workspace/install/cmake_modules/share/cmake_modules/cmake/Modules/FindTBB.cmake
[0.922s] -- Installing: /root/RBE500_Manipulator_Project/workspace/install/cmake_modules/share/cmake_modules/cmake/Modules/FindUUID.cmake
[0.922s] -- Installing: /root/RBE500_Manipulator_Project/workspace/install/cmake_modules/share/ament_index/resource_index/package_run_dependencies/cmake_modules
[0.923s] -- Installing: /root/RBE500_Manipulator_Project/workspace/install/cmake_modules/share/ament_index/resource_index/parent_prefix_path/cmake_modules
[0.923s] -- Installing: /root/RBE500_Manipulator_Project/workspace/install/cmake_modules/share/cmake_modules/environment/ament_prefix_path.sh
[0.923s] -- Installing: /root/RBE500_Manipulator_Project/workspace/install/cmake_modules/share/cmake_modules/environment/ament_prefix_path.dsv
[0.923s] -- Installing: /root/RBE500_Manipulator_Project/workspace/install/cmake_modules/share/cmake_modules/environment/path.sh
[0.923s] -- Installing: /root/RBE500_Manipulator_Project/workspace/install/cmake_modules/share/cmake_modules/environment/path.dsv
[0.923s] -- Installing: /root/RBE500_Manipulator_Project/workspace/install/cmake_modules/share/cmake_modules/local_setup.bash
[0.924s] -- Installing: /root/RBE500_Manipulator_Project/workspace/install/cmake_modules/share/cmake_modules/local_setup.sh
[0.924s] -- Installing: /root/RBE500_Manipulator_Project/workspace/install/cmake_modules/share/cmake_modules/local_setup.zsh
[0.924s] -- Installing: /root/RBE500_Manipulator_Project/workspace/install/cmake_modules/share/cmake_modules/local_setup.dsv
[0.924s] -- Installing: /root/RBE500_Manipulator_Project/workspace/install/cmake_modules/share/cmake_modules/package.dsv
[0.924s] -- Installing: /root/RBE500_Manipulator_Project/workspace/install/cmake_modules/share/ament_index/resource_index/packages/cmake_modules
[0.924s] -- Installing: /root/RBE500_Manipulator_Project/workspace/install/cmake_modules/share/cmake_modules/cmake/cmake_modules-extras.cmake
[0.925s] -- Installing: /root/RBE500_Manipulator_Project/workspace/install/cmake_modules/share/cmake_modules/cmake/ament_cmake_export_dependencies-extras.cmake
[0.925s] -- Installing: /root/RBE500_Manipulator_Project/workspace/install/cmake_modules/share/cmake_modules/cmake/cmake_modulesConfig.cmake
[0.925s] -- Installing: /root/RBE500_Manipulator_Project/workspace/install/cmake_modules/share/cmake_modules/cmake/cmake_modulesConfig-version.cmake
[0.925s] -- Installing: /root/RBE500_Manipulator_Project/workspace/install/cmake_modules/share/cmake_modules/package.xml
[0.934s] Invoked command in '/root/RBE500_Manipulator_Project/workspace/build/cmake_modules' returned '0': CMAKE_PREFIX_PATH=/root/RBE500_Manipulator_Project/workspace/install/InverseKinematics:/root/RBE500_Manipulator_Project/workspace/install/ForwardKinematics:/opt/ros/humble /usr/bin/cmake --install /root/RBE500_Manipulator_Project/workspace/build/cmake_modules
