[0.670s] Invoking command in '/home/harmeet/rbe500_ws/build/rbe500_example_py': PYTHONPATH=/home/harmeet/rbe500_ws/build/rbe500_example_py/prefix_override:/usr/lib/python3/dist-packages/colcon_core/task/python/colcon_distutils_commands:/home/harmeet/rbe500_ws/install/rbe500_example_py/lib/python3.10/site-packages:${PYTHONPATH} /usr/bin/python3 -W ignore:setup.py install is deprecated setup.py develop --editable --build-directory /home/harmeet/rbe500_ws/build/rbe500_example_py/build --no-deps symlink_data
[0.854s] running develop
[0.855s] /usr/lib/python3/dist-packages/setuptools/command/easy_install.py:158: EasyInstallDeprecationWarning: easy_install command is deprecated. Use build and pip and other standards-based tools.
[0.855s]   warnings.warn(
[1.001s] running egg_info
[1.001s] creating rbe500_example_py.egg-info
[1.001s] writing rbe500_example_py.egg-info/PKG-INFO
[1.001s] writing dependency_links to rbe500_example_py.egg-info/dependency_links.txt
[1.001s] writing entry points to rbe500_example_py.egg-info/entry_points.txt
[1.001s] writing requirements to rbe500_example_py.egg-info/requires.txt
[1.001s] writing top-level names to rbe500_example_py.egg-info/top_level.txt
[1.001s] writing manifest file 'rbe500_example_py.egg-info/SOURCES.txt'
[1.003s] reading manifest file 'rbe500_example_py.egg-info/SOURCES.txt'
[1.003s] writing manifest file 'rbe500_example_py.egg-info/SOURCES.txt'
[1.004s] running build_ext
[1.004s] Creating /home/harmeet/rbe500_ws/install/rbe500_example_py/lib/python3.10/site-packages/rbe500-example-py.egg-link (link to .)
[1.005s] Installing basic_robot_control script to /home/harmeet/rbe500_ws/install/rbe500_example_py/lib/rbe500_example_py
[1.005s] 
[1.005s] Installed /home/harmeet/rbe500_ws/build/rbe500_example_py
[1.005s] running symlink_data
[1.005s] creating /home/harmeet/rbe500_ws/install/rbe500_example_py/share/ament_index
[1.005s] creating /home/harmeet/rbe500_ws/install/rbe500_example_py/share/ament_index/resource_index
[1.005s] creating /home/harmeet/rbe500_ws/install/rbe500_example_py/share/ament_index/resource_index/packages
[1.005s] symbolically linking /home/harmeet/rbe500_ws/build/rbe500_example_py/resource/rbe500_example_py -> /home/harmeet/rbe500_ws/install/rbe500_example_py/share/ament_index/resource_index/packages
[1.005s] symbolically linking /home/harmeet/rbe500_ws/build/rbe500_example_py/package.xml -> /home/harmeet/rbe500_ws/install/rbe500_example_py/share/rbe500_example_py
[1.028s] Invoked command in '/home/harmeet/rbe500_ws/build/rbe500_example_py' returned '0': PYTHONPATH=/home/harmeet/rbe500_ws/build/rbe500_example_py/prefix_override:/usr/lib/python3/dist-packages/colcon_core/task/python/colcon_distutils_commands:/home/harmeet/rbe500_ws/install/rbe500_example_py/lib/python3.10/site-packages:${PYTHONPATH} /usr/bin/python3 -W ignore:setup.py install is deprecated setup.py develop --editable --build-directory /home/harmeet/rbe500_ws/build/rbe500_example_py/build --no-deps symlink_data
