[0.193s] Invoking command in '/home/harmeet/rbe500_ws/build/rbe500-example': AMENT_PREFIX_PATH=/home/harmeet/rbe500_ws/install/open_manipulator_msgs:${AMENT_PREFIX_PATH} CMAKE_PREFIX_PATH=/home/harmeet/rbe500_ws/install/open_manipulator_msgs:/opt/ros/humble LD_LIBRARY_PATH=/home/harmeet/rbe500_ws/install/open_manipulator_msgs/lib:${LD_LIBRARY_PATH} PYTHONPATH=/home/harmeet/rbe500_ws/install/open_manipulator_msgs/local/lib/python3.10/dist-packages:${PYTHONPATH} /usr/bin/cmake --build /home/harmeet/rbe500_ws/build/rbe500-example -- -j16 -l16
[0.226s] [100%] Built target basic_robot_control
[0.234s] Invoked command in '/home/harmeet/rbe500_ws/build/rbe500-example' returned '0': AMENT_PREFIX_PATH=/home/harmeet/rbe500_ws/install/open_manipulator_msgs:${AMENT_PREFIX_PATH} CMAKE_PREFIX_PATH=/home/harmeet/rbe500_ws/install/open_manipulator_msgs:/opt/ros/humble LD_LIBRARY_PATH=/home/harmeet/rbe500_ws/install/open_manipulator_msgs/lib:${LD_LIBRARY_PATH} PYTHONPATH=/home/harmeet/rbe500_ws/install/open_manipulator_msgs/local/lib/python3.10/dist-packages:${PYTHONPATH} /usr/bin/cmake --build /home/harmeet/rbe500_ws/build/rbe500-example -- -j16 -l16
[0.248s] Invoking command in '/home/harmeet/rbe500_ws/build/rbe500-example': AMENT_PREFIX_PATH=/home/harmeet/rbe500_ws/install/open_manipulator_msgs:${AMENT_PREFIX_PATH} CMAKE_PREFIX_PATH=/home/harmeet/rbe500_ws/install/open_manipulator_msgs:/opt/ros/humble LD_LIBRARY_PATH=/home/harmeet/rbe500_ws/install/open_manipulator_msgs/lib:${LD_LIBRARY_PATH} PYTHONPATH=/home/harmeet/rbe500_ws/install/open_manipulator_msgs/local/lib/python3.10/dist-packages:${PYTHONPATH} /usr/bin/cmake --install /home/harmeet/rbe500_ws/build/rbe500-example
[0.254s] -- Install configuration: ""
[0.254s] -- Execute custom install script
[0.254s] -- Up-to-date symlink: /home/harmeet/rbe500_ws/install/rbe500-example/lib/rbe500-example/basic_robot_control
[0.255s] -- Up-to-date symlink: /home/harmeet/rbe500_ws/install/rbe500-example/share/ament_index/resource_index/package_run_dependencies/rbe500-example
[0.255s] -- Up-to-date symlink: /home/harmeet/rbe500_ws/install/rbe500-example/share/ament_index/resource_index/parent_prefix_path/rbe500-example
[0.255s] -- Up-to-date symlink: /home/harmeet/rbe500_ws/install/rbe500-example/share/rbe500-example/environment/ament_prefix_path.sh
[0.255s] -- Up-to-date symlink: /home/harmeet/rbe500_ws/install/rbe500-example/share/rbe500-example/environment/ament_prefix_path.dsv
[0.255s] -- Up-to-date symlink: /home/harmeet/rbe500_ws/install/rbe500-example/share/rbe500-example/environment/path.sh
[0.255s] -- Up-to-date symlink: /home/harmeet/rbe500_ws/install/rbe500-example/share/rbe500-example/environment/path.dsv
[0.255s] -- Up-to-date symlink: /home/harmeet/rbe500_ws/install/rbe500-example/share/rbe500-example/local_setup.bash
[0.255s] -- Up-to-date symlink: /home/harmeet/rbe500_ws/install/rbe500-example/share/rbe500-example/local_setup.sh
[0.255s] -- Up-to-date symlink: /home/harmeet/rbe500_ws/install/rbe500-example/share/rbe500-example/local_setup.zsh
[0.255s] -- Up-to-date symlink: /home/harmeet/rbe500_ws/install/rbe500-example/share/rbe500-example/local_setup.dsv
[0.255s] -- Symlinking: /home/harmeet/rbe500_ws/install/rbe500-example/share/rbe500-example/package.dsv
[0.259s] -- Up-to-date symlink: /home/harmeet/rbe500_ws/install/rbe500-example/share/ament_index/resource_index/packages/rbe500-example
[0.259s] -- Up-to-date symlink: /home/harmeet/rbe500_ws/install/rbe500-example/share/rbe500-example/cmake/rbe500-exampleConfig.cmake
[0.259s] -- Up-to-date symlink: /home/harmeet/rbe500_ws/install/rbe500-example/share/rbe500-example/cmake/rbe500-exampleConfig-version.cmake
[0.259s] -- Up-to-date symlink: /home/harmeet/rbe500_ws/install/rbe500-example/share/rbe500-example/package.xml
[0.261s] Invoked command in '/home/harmeet/rbe500_ws/build/rbe500-example' returned '0': AMENT_PREFIX_PATH=/home/harmeet/rbe500_ws/install/open_manipulator_msgs:${AMENT_PREFIX_PATH} CMAKE_PREFIX_PATH=/home/harmeet/rbe500_ws/install/open_manipulator_msgs:/opt/ros/humble LD_LIBRARY_PATH=/home/harmeet/rbe500_ws/install/open_manipulator_msgs/lib:${LD_LIBRARY_PATH} PYTHONPATH=/home/harmeet/rbe500_ws/install/open_manipulator_msgs/local/lib/python3.10/dist-packages:${PYTHONPATH} /usr/bin/cmake --install /home/harmeet/rbe500_ws/build/rbe500-example
