[0.038s] Invoking command in '/root/RBE500_Manipulator_Project/workspace/build/open_manipulator_x_controller': AMENT_PREFIX_PATH=/root/RBE500_Manipulator_Project/workspace/install/open_manipulator_x_libs:/root/RBE500_Manipulator_Project/workspace/install/robotis_manipulator:/root/RBE500_Manipulator_Project/workspace/install/dynamixel_workbench_toolbox:/root/RBE500_Manipulator_Project/workspace/install/open_manipulator_msgs:/root/RBE500_Manipulator_Project/workspace/install/dynamixel_sdk:/root/RBE500_Manipulator_Project/workspace/install/cmake_modules:${AMENT_PREFIX_PATH} CMAKE_PREFIX_PATH=/root/RBE500_Manipulator_Project/workspace/install/open_manipulator_x_libs:/root/RBE500_Manipulator_Project/workspace/install/robotis_manipulator:/root/RBE500_Manipulator_Project/workspace/install/dynamixel_workbench_toolbox:/root/RBE500_Manipulator_Project/workspace/install/open_manipulator_msgs:/root/RBE500_Manipulator_Project/workspace/install/dynamixel_sdk:/root/RBE500_Manipulator_Project/workspace/install/cmake_modules:/root/RBE500_Manipulator_Project/workspace/install/InverseKinematics:/root/RBE500_Manipulator_Project/workspace/install/ForwardKinematics:/opt/ros/humble LD_LIBRARY_PATH=/root/RBE500_Manipulator_Project/workspace/install/open_manipulator_x_libs/lib:/root/RBE500_Manipulator_Project/workspace/install/robotis_manipulator/lib:/root/RBE500_Manipulator_Project/workspace/install/dynamixel_workbench_toolbox/lib:/root/RBE500_Manipulator_Project/workspace/install/open_manipulator_msgs/lib:/root/RBE500_Manipulator_Project/workspace/install/dynamixel_sdk/lib:${LD_LIBRARY_PATH} PYTHONPATH=/root/RBE500_Manipulator_Project/workspace/install/open_manipulator_msgs/local/lib/python3.10/dist-packages:${PYTHONPATH} /usr/bin/cmake /root/RBE500_Manipulator_Project/workspace/src/OpenManipulatorX_ROS2/open_manipulator/open_manipulator_x_controller -DCMAKE_INSTALL_PREFIX=/root/RBE500_Manipulator_Project/workspace/install/open_manipulator_x_controller
[0.153s] -- The C compiler identification is GNU 11.4.0
[0.219s] -- The CXX compiler identification is GNU 11.4.0
[0.238s] -- Detecting C compiler ABI info
[0.297s] -- Detecting C compiler ABI info - done
[0.303s] -- Check for working C compiler: /usr/bin/cc - skipped
[0.303s] -- Detecting C compile features
[0.304s] -- Detecting C compile features - done
[0.307s] -- Detecting CXX compiler ABI info
[0.373s] -- Detecting CXX compiler ABI info - done
[0.380s] -- Check for working CXX compiler: /usr/bin/c++ - skipped
[0.380s] -- Detecting CXX compile features
[0.380s] -- Detecting CXX compile features - done
[0.392s] -- Found ament_cmake: 1.3.10 (/opt/ros/humble/share/ament_cmake/cmake)
[0.603s] -- Found Python3: /usr/bin/python3 (found version "3.10.12") found components: Interpreter 
[0.754s] -- Found geometry_msgs: 4.2.4 (/opt/ros/humble/share/geometry_msgs/cmake)
[0.813s] -- Found rosidl_generator_c: 3.1.5 (/opt/ros/humble/share/rosidl_generator_c/cmake)
[0.822s] -- Found rosidl_adapter: 3.1.5 (/opt/ros/humble/share/rosidl_adapter/cmake)
[0.836s] -- Found rosidl_generator_cpp: 3.1.5 (/opt/ros/humble/share/rosidl_generator_cpp/cmake)
[0.861s] -- Using all available rosidl_typesupport_c: rosidl_typesupport_fastrtps_c;rosidl_typesupport_introspection_c
[0.884s] -- Using all available rosidl_typesupport_cpp: rosidl_typesupport_fastrtps_cpp;rosidl_typesupport_introspection_cpp
[0.930s] -- Found open_manipulator_msgs: 2.2.0 (/root/RBE500_Manipulator_Project/workspace/install/open_manipulator_msgs/share/open_manipulator_msgs/cmake)
[0.948s] -- Found open_manipulator_x_libs: 2.3.0 (/root/RBE500_Manipulator_Project/workspace/install/open_manipulator_x_libs/share/open_manipulator_x_libs/cmake)
[1.025s] -- Found rmw_implementation_cmake: 6.1.2 (/opt/ros/humble/share/rmw_implementation_cmake/cmake)
[1.030s] -- Found rmw_fastrtps_cpp: 6.2.7 (/opt/ros/humble/share/rmw_fastrtps_cpp/cmake)
[1.133s] -- Found OpenSSL: /usr/lib/x86_64-linux-gnu/libcrypto.so (found version "3.0.2")  
[1.163s] -- Found FastRTPS: /opt/ros/humble/include  
[1.221s] -- Using RMW implementation 'rmw_fastrtps_cpp' as default
[1.240s] -- Looking for pthread.h
[1.363s] -- Looking for pthread.h - found
[1.364s] -- Performing Test CMAKE_HAVE_LIBC_PTHREAD
[1.418s] -- Performing Test CMAKE_HAVE_LIBC_PTHREAD - Success
[1.419s] -- Found Threads: TRUE  
[1.480s] -- Found sensor_msgs: 4.2.4 (/opt/ros/humble/share/sensor_msgs/cmake)
[1.503s] -- Found trajectory_msgs: 4.2.4 (/opt/ros/humble/share/trajectory_msgs/cmake)
[1.612s] -- Configuring done
[1.632s] -- Generating done
[1.635s] -- Build files have been written to: /root/RBE500_Manipulator_Project/workspace/build/open_manipulator_x_controller
[1.659s] Invoked command in '/root/RBE500_Manipulator_Project/workspace/build/open_manipulator_x_controller' returned '0': AMENT_PREFIX_PATH=/root/RBE500_Manipulator_Project/workspace/install/open_manipulator_x_libs:/root/RBE500_Manipulator_Project/workspace/install/robotis_manipulator:/root/RBE500_Manipulator_Project/workspace/install/dynamixel_workbench_toolbox:/root/RBE500_Manipulator_Project/workspace/install/open_manipulator_msgs:/root/RBE500_Manipulator_Project/workspace/install/dynamixel_sdk:/root/RBE500_Manipulator_Project/workspace/install/cmake_modules:${AMENT_PREFIX_PATH} CMAKE_PREFIX_PATH=/root/RBE500_Manipulator_Project/workspace/install/open_manipulator_x_libs:/root/RBE500_Manipulator_Project/workspace/install/robotis_manipulator:/root/RBE500_Manipulator_Project/workspace/install/dynamixel_workbench_toolbox:/root/RBE500_Manipulator_Project/workspace/install/open_manipulator_msgs:/root/RBE500_Manipulator_Project/workspace/install/dynamixel_sdk:/root/RBE500_Manipulator_Project/workspace/install/cmake_modules:/root/RBE500_Manipulator_Project/workspace/install/InverseKinematics:/root/RBE500_Manipulator_Project/workspace/install/ForwardKinematics:/opt/ros/humble LD_LIBRARY_PATH=/root/RBE500_Manipulator_Project/workspace/install/open_manipulator_x_libs/lib:/root/RBE500_Manipulator_Project/workspace/install/robotis_manipulator/lib:/root/RBE500_Manipulator_Project/workspace/install/dynamixel_workbench_toolbox/lib:/root/RBE500_Manipulator_Project/workspace/install/open_manipulator_msgs/lib:/root/RBE500_Manipulator_Project/workspace/install/dynamixel_sdk/lib:${LD_LIBRARY_PATH} PYTHONPATH=/root/RBE500_Manipulator_Project/workspace/install/open_manipulator_msgs/local/lib/python3.10/dist-packages:${PYTHONPATH} /usr/bin/cmake /root/RBE500_Manipulator_Project/workspace/src/OpenManipulatorX_ROS2/open_manipulator/open_manipulator_x_controller -DCMAKE_INSTALL_PREFIX=/root/RBE500_Manipulator_Project/workspace/install/open_manipulator_x_controller
[1.661s] Invoking command in '/root/RBE500_Manipulator_Project/workspace/build/open_manipulator_x_controller': AMENT_PREFIX_PATH=/root/RBE500_Manipulator_Project/workspace/install/open_manipulator_x_libs:/root/RBE500_Manipulator_Project/workspace/install/robotis_manipulator:/root/RBE500_Manipulator_Project/workspace/install/dynamixel_workbench_toolbox:/root/RBE500_Manipulator_Project/workspace/install/open_manipulator_msgs:/root/RBE500_Manipulator_Project/workspace/install/dynamixel_sdk:/root/RBE500_Manipulator_Project/workspace/install/cmake_modules:${AMENT_PREFIX_PATH} CMAKE_PREFIX_PATH=/root/RBE500_Manipulator_Project/workspace/install/open_manipulator_x_libs:/root/RBE500_Manipulator_Project/workspace/install/robotis_manipulator:/root/RBE500_Manipulator_Project/workspace/install/dynamixel_workbench_toolbox:/root/RBE500_Manipulator_Project/workspace/install/open_manipulator_msgs:/root/RBE500_Manipulator_Project/workspace/install/dynamixel_sdk:/root/RBE500_Manipulator_Project/workspace/install/cmake_modules:/root/RBE500_Manipulator_Project/workspace/install/InverseKinematics:/root/RBE500_Manipulator_Project/workspace/install/ForwardKinematics:/opt/ros/humble LD_LIBRARY_PATH=/root/RBE500_Manipulator_Project/workspace/install/open_manipulator_x_libs/lib:/root/RBE500_Manipulator_Project/workspace/install/robotis_manipulator/lib:/root/RBE500_Manipulator_Project/workspace/install/dynamixel_workbench_toolbox/lib:/root/RBE500_Manipulator_Project/workspace/install/open_manipulator_msgs/lib:/root/RBE500_Manipulator_Project/workspace/install/dynamixel_sdk/lib:${LD_LIBRARY_PATH} PYTHONPATH=/root/RBE500_Manipulator_Project/workspace/install/open_manipulator_msgs/local/lib/python3.10/dist-packages:${PYTHONPATH} /usr/bin/cmake --build /root/RBE500_Manipulator_Project/workspace/build/open_manipulator_x_controller -- -j12 -l12
[1.715s] [ 50%] [32mBuilding CXX object CMakeFiles/open_manipulator_x_controller.dir/src/open_manipulator_x_controller.cpp.o[0m
[4.945s] [01m[K/root/RBE500_Manipulator_Project/workspace/src/OpenManipulatorX_ROS2/open_manipulator/open_manipulator_x_controller/src/open_manipulator_x_controller.cpp:[m[K In member function ‘[01m[Kvoid open_manipulator_x_controller::OpenManipulatorXController::init_publisher()[m[K’:
[4.945s] [01m[K/root/RBE500_Manipulator_Project/workspace/src/OpenManipulatorX_ROS2/open_manipulator/open_manipulator_x_controller/src/open_manipulator_x_controller.cpp:103:21:[m[K [01;35m[Kwarning: [m[Kunused variable ‘[01m[Kname[m[K’ [[01;35m[K]8;;https://gcc.gnu.org/onlinedocs/gcc/Warning-Options.html#index-Wunused-variable-Wunused-variable]8;;[m[K]
[4.945s]   103 |   for (auto const & [01;35m[Kname[m[K:tools_name)
[4.945s]       |                     [01;35m[K^~~~[m[K
[18.326s] [100%] [32m[1mLinking CXX executable open_manipulator_x_controller[0m
[19.173s] [100%] Built target open_manipulator_x_controller
[19.207s] Invoked command in '/root/RBE500_Manipulator_Project/workspace/build/open_manipulator_x_controller' returned '0': AMENT_PREFIX_PATH=/root/RBE500_Manipulator_Project/workspace/install/open_manipulator_x_libs:/root/RBE500_Manipulator_Project/workspace/install/robotis_manipulator:/root/RBE500_Manipulator_Project/workspace/install/dynamixel_workbench_toolbox:/root/RBE500_Manipulator_Project/workspace/install/open_manipulator_msgs:/root/RBE500_Manipulator_Project/workspace/install/dynamixel_sdk:/root/RBE500_Manipulator_Project/workspace/install/cmake_modules:${AMENT_PREFIX_PATH} CMAKE_PREFIX_PATH=/root/RBE500_Manipulator_Project/workspace/install/open_manipulator_x_libs:/root/RBE500_Manipulator_Project/workspace/install/robotis_manipulator:/root/RBE500_Manipulator_Project/workspace/install/dynamixel_workbench_toolbox:/root/RBE500_Manipulator_Project/workspace/install/open_manipulator_msgs:/root/RBE500_Manipulator_Project/workspace/install/dynamixel_sdk:/root/RBE500_Manipulator_Project/workspace/install/cmake_modules:/root/RBE500_Manipulator_Project/workspace/install/InverseKinematics:/root/RBE500_Manipulator_Project/workspace/install/ForwardKinematics:/opt/ros/humble LD_LIBRARY_PATH=/root/RBE500_Manipulator_Project/workspace/install/open_manipulator_x_libs/lib:/root/RBE500_Manipulator_Project/workspace/install/robotis_manipulator/lib:/root/RBE500_Manipulator_Project/workspace/install/dynamixel_workbench_toolbox/lib:/root/RBE500_Manipulator_Project/workspace/install/open_manipulator_msgs/lib:/root/RBE500_Manipulator_Project/workspace/install/dynamixel_sdk/lib:${LD_LIBRARY_PATH} PYTHONPATH=/root/RBE500_Manipulator_Project/workspace/install/open_manipulator_msgs/local/lib/python3.10/dist-packages:${PYTHONPATH} /usr/bin/cmake --build /root/RBE500_Manipulator_Project/workspace/build/open_manipulator_x_controller -- -j12 -l12
[19.242s] Invoking command in '/root/RBE500_Manipulator_Project/workspace/build/open_manipulator_x_controller': AMENT_PREFIX_PATH=/root/RBE500_Manipulator_Project/workspace/install/open_manipulator_x_libs:/root/RBE500_Manipulator_Project/workspace/install/robotis_manipulator:/root/RBE500_Manipulator_Project/workspace/install/dynamixel_workbench_toolbox:/root/RBE500_Manipulator_Project/workspace/install/open_manipulator_msgs:/root/RBE500_Manipulator_Project/workspace/install/dynamixel_sdk:/root/RBE500_Manipulator_Project/workspace/install/cmake_modules:${AMENT_PREFIX_PATH} CMAKE_PREFIX_PATH=/root/RBE500_Manipulator_Project/workspace/install/open_manipulator_x_libs:/root/RBE500_Manipulator_Project/workspace/install/robotis_manipulator:/root/RBE500_Manipulator_Project/workspace/install/dynamixel_workbench_toolbox:/root/RBE500_Manipulator_Project/workspace/install/open_manipulator_msgs:/root/RBE500_Manipulator_Project/workspace/install/dynamixel_sdk:/root/RBE500_Manipulator_Project/workspace/install/cmake_modules:/root/RBE500_Manipulator_Project/workspace/install/InverseKinematics:/root/RBE500_Manipulator_Project/workspace/install/ForwardKinematics:/opt/ros/humble LD_LIBRARY_PATH=/root/RBE500_Manipulator_Project/workspace/install/open_manipulator_x_libs/lib:/root/RBE500_Manipulator_Project/workspace/install/robotis_manipulator/lib:/root/RBE500_Manipulator_Project/workspace/install/dynamixel_workbench_toolbox/lib:/root/RBE500_Manipulator_Project/workspace/install/open_manipulator_msgs/lib:/root/RBE500_Manipulator_Project/workspace/install/dynamixel_sdk/lib:${LD_LIBRARY_PATH} PYTHONPATH=/root/RBE500_Manipulator_Project/workspace/install/open_manipulator_msgs/local/lib/python3.10/dist-packages:${PYTHONPATH} /usr/bin/cmake --install /root/RBE500_Manipulator_Project/workspace/build/open_manipulator_x_controller
[19.248s] -- Install configuration: ""
[19.249s] -- Installing: /root/RBE500_Manipulator_Project/workspace/install/open_manipulator_x_controller/lib/open_manipulator_x_controller/open_manipulator_x_controller
[19.254s] -- Set runtime path of "/root/RBE500_Manipulator_Project/workspace/install/open_manipulator_x_controller/lib/open_manipulator_x_controller/open_manipulator_x_controller" to ""
[19.254s] -- Installing: /root/RBE500_Manipulator_Project/workspace/install/open_manipulator_x_controller/share/open_manipulator_x_controller/99-open-manipulator-cdc.rules
[19.254s] -- Installing: /root/RBE500_Manipulator_Project/workspace/install/open_manipulator_x_controller/share/open_manipulator_x_controller/launch
[19.254s] -- Installing: /root/RBE500_Manipulator_Project/workspace/install/open_manipulator_x_controller/share/open_manipulator_x_controller/launch/open_manipulator_x_controller.launch.py
[19.254s] -- Installing: /root/RBE500_Manipulator_Project/workspace/install/open_manipulator_x_controller/share/open_manipulator_x_controller/param
[19.255s] -- Installing: /root/RBE500_Manipulator_Project/workspace/install/open_manipulator_x_controller/share/open_manipulator_x_controller/param/open_manipulator_x_controller_params.yaml
[19.255s] -- Installing: /root/RBE500_Manipulator_Project/workspace/install/open_manipulator_x_controller/lib/open_manipulator_x_controller/create_udev_rules
[19.256s] -- Installing: /root/RBE500_Manipulator_Project/workspace/install/open_manipulator_x_controller/share/ament_index/resource_index/package_run_dependencies/open_manipulator_x_controller
[19.256s] -- Installing: /root/RBE500_Manipulator_Project/workspace/install/open_manipulator_x_controller/share/ament_index/resource_index/parent_prefix_path/open_manipulator_x_controller
[19.257s] -- Installing: /root/RBE500_Manipulator_Project/workspace/install/open_manipulator_x_controller/share/open_manipulator_x_controller/environment/ament_prefix_path.sh
[19.258s] -- Installing: /root/RBE500_Manipulator_Project/workspace/install/open_manipulator_x_controller/share/open_manipulator_x_controller/environment/ament_prefix_path.dsv
[19.258s] -- Installing: /root/RBE500_Manipulator_Project/workspace/install/open_manipulator_x_controller/share/open_manipulator_x_controller/environment/path.sh
[19.258s] -- Installing: /root/RBE500_Manipulator_Project/workspace/install/open_manipulator_x_controller/share/open_manipulator_x_controller/environment/path.dsv
[19.258s] -- Installing: /root/RBE500_Manipulator_Project/workspace/install/open_manipulator_x_controller/share/open_manipulator_x_controller/local_setup.bash
[19.259s] -- Installing: /root/RBE500_Manipulator_Project/workspace/install/open_manipulator_x_controller/share/open_manipulator_x_controller/local_setup.sh
[19.259s] -- Installing: /root/RBE500_Manipulator_Project/workspace/install/open_manipulator_x_controller/share/open_manipulator_x_controller/local_setup.zsh
[19.259s] -- Installing: /root/RBE500_Manipulator_Project/workspace/install/open_manipulator_x_controller/share/open_manipulator_x_controller/local_setup.dsv
[19.259s] -- Installing: /root/RBE500_Manipulator_Project/workspace/install/open_manipulator_x_controller/share/open_manipulator_x_controller/package.dsv
[19.259s] -- Installing: /root/RBE500_Manipulator_Project/workspace/install/open_manipulator_x_controller/share/ament_index/resource_index/packages/open_manipulator_x_controller
[19.260s] -- Installing: /root/RBE500_Manipulator_Project/workspace/install/open_manipulator_x_controller/share/open_manipulator_x_controller/cmake/ament_cmake_export_include_directories-extras.cmake
[19.260s] -- Installing: /root/RBE500_Manipulator_Project/workspace/install/open_manipulator_x_controller/share/open_manipulator_x_controller/cmake/ament_cmake_export_dependencies-extras.cmake
[19.260s] -- Installing: /root/RBE500_Manipulator_Project/workspace/install/open_manipulator_x_controller/share/open_manipulator_x_controller/cmake/open_manipulator_x_controllerConfig.cmake
[19.261s] -- Installing: /root/RBE500_Manipulator_Project/workspace/install/open_manipulator_x_controller/share/open_manipulator_x_controller/cmake/open_manipulator_x_controllerConfig-version.cmake
[19.261s] -- Installing: /root/RBE500_Manipulator_Project/workspace/install/open_manipulator_x_controller/share/open_manipulator_x_controller/package.xml
[19.269s] Invoked command in '/root/RBE500_Manipulator_Project/workspace/build/open_manipulator_x_controller' returned '0': AMENT_PREFIX_PATH=/root/RBE500_Manipulator_Project/workspace/install/open_manipulator_x_libs:/root/RBE500_Manipulator_Project/workspace/install/robotis_manipulator:/root/RBE500_Manipulator_Project/workspace/install/dynamixel_workbench_toolbox:/root/RBE500_Manipulator_Project/workspace/install/open_manipulator_msgs:/root/RBE500_Manipulator_Project/workspace/install/dynamixel_sdk:/root/RBE500_Manipulator_Project/workspace/install/cmake_modules:${AMENT_PREFIX_PATH} CMAKE_PREFIX_PATH=/root/RBE500_Manipulator_Project/workspace/install/open_manipulator_x_libs:/root/RBE500_Manipulator_Project/workspace/install/robotis_manipulator:/root/RBE500_Manipulator_Project/workspace/install/dynamixel_workbench_toolbox:/root/RBE500_Manipulator_Project/workspace/install/open_manipulator_msgs:/root/RBE500_Manipulator_Project/workspace/install/dynamixel_sdk:/root/RBE500_Manipulator_Project/workspace/install/cmake_modules:/root/RBE500_Manipulator_Project/workspace/install/InverseKinematics:/root/RBE500_Manipulator_Project/workspace/install/ForwardKinematics:/opt/ros/humble LD_LIBRARY_PATH=/root/RBE500_Manipulator_Project/workspace/install/open_manipulator_x_libs/lib:/root/RBE500_Manipulator_Project/workspace/install/robotis_manipulator/lib:/root/RBE500_Manipulator_Project/workspace/install/dynamixel_workbench_toolbox/lib:/root/RBE500_Manipulator_Project/workspace/install/open_manipulator_msgs/lib:/root/RBE500_Manipulator_Project/workspace/install/dynamixel_sdk/lib:${LD_LIBRARY_PATH} PYTHONPATH=/root/RBE500_Manipulator_Project/workspace/install/open_manipulator_msgs/local/lib/python3.10/dist-packages:${PYTHONPATH} /usr/bin/cmake --install /root/RBE500_Manipulator_Project/workspace/build/open_manipulator_x_controller
