[0.237s] Invoking command in '/root/RBE500_Manipulator_Project/ws_2/build/velocity_kinematics_interfaces': CMAKE_PREFIX_PATH=/opt/ros/humble /usr/bin/cmake --build /root/RBE500_Manipulator_Project/ws_2/build/velocity_kinematics_interfaces -- -j12 -l12
[0.273s] [35m[1mConsolidate compiler generated dependencies of target velocity_kinematics_interfaces__rosidl_generator_c[0m
[0.282s] [  2%] Built target velocity_kinematics_interfaces__cpp
[0.285s] [ 12%] Built target velocity_kinematics_interfaces__rosidl_generator_c
[0.295s] [ 12%] Built target ament_cmake_python_copy_velocity_kinematics_interfaces
[0.297s] [35m[1mConsolidate compiler generated dependencies of target velocity_kinematics_interfaces__rosidl_typesupport_introspection_c[0m
[0.298s] [35m[1mConsolidate compiler generated dependencies of target velocity_kinematics_interfaces__rosidl_typesupport_introspection_cpp[0m
[0.299s] [35m[1mConsolidate compiler generated dependencies of target velocity_kinematics_interfaces__rosidl_typesupport_fastrtps_cpp[0m
[0.301s] [35m[1mConsolidate compiler generated dependencies of target velocity_kinematics_interfaces__rosidl_typesupport_cpp[0m
[0.301s] [35m[1mConsolidate compiler generated dependencies of target velocity_kinematics_interfaces__rosidl_typesupport_c[0m
[0.302s] [35m[1mConsolidate compiler generated dependencies of target velocity_kinematics_interfaces__rosidl_typesupport_fastrtps_c[0m
[0.311s] [ 23%] Built target velocity_kinematics_interfaces__rosidl_typesupport_introspection_c
[0.315s] [ 34%] Built target velocity_kinematics_interfaces__rosidl_typesupport_c
[0.319s] [ 44%] Built target velocity_kinematics_interfaces__rosidl_typesupport_fastrtps_cpp
[0.320s] [ 55%] Built target velocity_kinematics_interfaces__rosidl_typesupport_introspection_cpp
[0.321s] [ 65%] Built target velocity_kinematics_interfaces__rosidl_typesupport_cpp
[0.323s] [ 76%] Built target velocity_kinematics_interfaces__rosidl_typesupport_fastrtps_c
[0.339s] [ 76%] Built target velocity_kinematics_interfaces
[0.358s] [ 78%] Built target velocity_kinematics_interfaces__py
[0.368s] [35m[1mConsolidate compiler generated dependencies of target velocity_kinematics_interfaces__rosidl_generator_py[0m
[0.381s] [ 87%] Built target velocity_kinematics_interfaces__rosidl_generator_py
[0.392s] [35m[1mConsolidate compiler generated dependencies of target velocity_kinematics_interfaces__rosidl_typesupport_fastrtps_c__pyext[0m
[0.392s] [35m[1mConsolidate compiler generated dependencies of target velocity_kinematics_interfaces__rosidl_typesupport_c__pyext[0m
[0.395s] [35m[1mConsolidate compiler generated dependencies of target velocity_kinematics_interfaces__rosidl_typesupport_introspection_c__pyext[0m
[0.405s] [ 95%] Built target velocity_kinematics_interfaces__rosidl_typesupport_fastrtps_c__pyext
[0.405s] [ 95%] Built target velocity_kinematics_interfaces__rosidl_typesupport_c__pyext
[0.409s] [100%] Built target velocity_kinematics_interfaces__rosidl_typesupport_introspection_c__pyext
[0.564s] running egg_info
[0.565s] writing velocity_kinematics_interfaces.egg-info/PKG-INFO
[0.565s] writing dependency_links to velocity_kinematics_interfaces.egg-info/dependency_links.txt
[0.565s] writing top-level names to velocity_kinematics_interfaces.egg-info/top_level.txt
[0.568s] reading manifest file 'velocity_kinematics_interfaces.egg-info/SOURCES.txt'
[0.569s] writing manifest file 'velocity_kinematics_interfaces.egg-info/SOURCES.txt'
[0.593s] [100%] Built target ament_cmake_python_build_velocity_kinematics_interfaces_egg
[0.603s] Invoked command in '/root/RBE500_Manipulator_Project/ws_2/build/velocity_kinematics_interfaces' returned '0': CMAKE_PREFIX_PATH=/opt/ros/humble /usr/bin/cmake --build /root/RBE500_Manipulator_Project/ws_2/build/velocity_kinematics_interfaces -- -j12 -l12
[0.683s] Invoking command in '/root/RBE500_Manipulator_Project/ws_2/build/velocity_kinematics_interfaces': CMAKE_PREFIX_PATH=/opt/ros/humble /usr/bin/cmake --install /root/RBE500_Manipulator_Project/ws_2/build/velocity_kinematics_interfaces
[0.689s] -- Install configuration: ""
[0.689s] -- Up-to-date: /root/RBE500_Manipulator_Project/ws_2/install/velocity_kinematics_interfaces/share/ament_index/resource_index/rosidl_interfaces/velocity_kinematics_interfaces
[0.690s] -- Up-to-date: /root/RBE500_Manipulator_Project/ws_2/install/velocity_kinematics_interfaces/include/velocity_kinematics_interfaces/velocity_kinematics_interfaces
[0.690s] -- Up-to-date: /root/RBE500_Manipulator_Project/ws_2/install/velocity_kinematics_interfaces/include/velocity_kinematics_interfaces/velocity_kinematics_interfaces/msg
[0.690s] -- Up-to-date: /root/RBE500_Manipulator_Project/ws_2/install/velocity_kinematics_interfaces/include/velocity_kinematics_interfaces/velocity_kinematics_interfaces/msg/rosidl_generator_c__visibility_control.h
[0.690s] -- Up-to-date: /root/RBE500_Manipulator_Project/ws_2/install/velocity_kinematics_interfaces/include/velocity_kinematics_interfaces/velocity_kinematics_interfaces/msg/end_effector_velocity.h
[0.690s] -- Up-to-date: /root/RBE500_Manipulator_Project/ws_2/install/velocity_kinematics_interfaces/include/velocity_kinematics_interfaces/velocity_kinematics_interfaces/msg/detail
[0.691s] -- Up-to-date: /root/RBE500_Manipulator_Project/ws_2/install/velocity_kinematics_interfaces/include/velocity_kinematics_interfaces/velocity_kinematics_interfaces/msg/detail/end_effector_velocity__type_support.h
[0.691s] -- Up-to-date: /root/RBE500_Manipulator_Project/ws_2/install/velocity_kinematics_interfaces/include/velocity_kinematics_interfaces/velocity_kinematics_interfaces/msg/detail/end_effector_velocity__functions.c
[0.691s] -- Up-to-date: /root/RBE500_Manipulator_Project/ws_2/install/velocity_kinematics_interfaces/include/velocity_kinematics_interfaces/velocity_kinematics_interfaces/msg/detail/end_effector_velocity__functions.h
[0.691s] -- Up-to-date: /root/RBE500_Manipulator_Project/ws_2/install/velocity_kinematics_interfaces/include/velocity_kinematics_interfaces/velocity_kinematics_interfaces/msg/detail/end_effector_velocity__struct.h
[0.692s] -- Up-to-date: /root/RBE500_Manipulator_Project/ws_2/install/velocity_kinematics_interfaces/include/velocity_kinematics_interfaces/velocity_kinematics_interfaces/srv
[0.692s] -- Up-to-date: /root/RBE500_Manipulator_Project/ws_2/install/velocity_kinematics_interfaces/include/velocity_kinematics_interfaces/velocity_kinematics_interfaces/srv/joint_to_end_effector.h
[0.692s] -- Up-to-date: /root/RBE500_Manipulator_Project/ws_2/install/velocity_kinematics_interfaces/include/velocity_kinematics_interfaces/velocity_kinematics_interfaces/srv/end_effector_to_joint.h
[0.692s] -- Up-to-date: /root/RBE500_Manipulator_Project/ws_2/install/velocity_kinematics_interfaces/include/velocity_kinematics_interfaces/velocity_kinematics_interfaces/srv/end_effector_joint.h
[0.692s] -- Up-to-date: /root/RBE500_Manipulator_Project/ws_2/install/velocity_kinematics_interfaces/include/velocity_kinematics_interfaces/velocity_kinematics_interfaces/srv/effector_to_joint.h
[0.693s] -- Up-to-date: /root/RBE500_Manipulator_Project/ws_2/install/velocity_kinematics_interfaces/include/velocity_kinematics_interfaces/velocity_kinematics_interfaces/srv/joint_to_effector.h
[0.693s] -- Up-to-date: /root/RBE500_Manipulator_Project/ws_2/install/velocity_kinematics_interfaces/include/velocity_kinematics_interfaces/velocity_kinematics_interfaces/srv/detail
[0.693s] -- Up-to-date: /root/RBE500_Manipulator_Project/ws_2/install/velocity_kinematics_interfaces/include/velocity_kinematics_interfaces/velocity_kinematics_interfaces/srv/detail/joint_to_effector__struct.h
[0.693s] -- Up-to-date: /root/RBE500_Manipulator_Project/ws_2/install/velocity_kinematics_interfaces/include/velocity_kinematics_interfaces/velocity_kinematics_interfaces/srv/detail/joint_end_effector__struct.h
[0.693s] -- Up-to-date: /root/RBE500_Manipulator_Project/ws_2/install/velocity_kinematics_interfaces/include/velocity_kinematics_interfaces/velocity_kinematics_interfaces/srv/detail/effector_to_joint__type_support.h
[0.693s] -- Up-to-date: /root/RBE500_Manipulator_Project/ws_2/install/velocity_kinematics_interfaces/include/velocity_kinematics_interfaces/velocity_kinematics_interfaces/srv/detail/end_effector_joint__struct.h
[0.694s] -- Up-to-date: /root/RBE500_Manipulator_Project/ws_2/install/velocity_kinematics_interfaces/include/velocity_kinematics_interfaces/velocity_kinematics_interfaces/srv/detail/effector_to_joint__functions.c
[0.694s] -- Up-to-date: /root/RBE500_Manipulator_Project/ws_2/install/velocity_kinematics_interfaces/include/velocity_kinematics_interfaces/velocity_kinematics_interfaces/srv/detail/end_effector_to_joint__functions.c
[0.694s] -- Up-to-date: /root/RBE500_Manipulator_Project/ws_2/install/velocity_kinematics_interfaces/include/velocity_kinematics_interfaces/velocity_kinematics_interfaces/srv/detail/joint_end_effector__type_support.h
[0.694s] -- Up-to-date: /root/RBE500_Manipulator_Project/ws_2/install/velocity_kinematics_interfaces/include/velocity_kinematics_interfaces/velocity_kinematics_interfaces/srv/detail/end_effector_joint__type_support.h
[0.694s] -- Up-to-date: /root/RBE500_Manipulator_Project/ws_2/install/velocity_kinematics_interfaces/include/velocity_kinematics_interfaces/velocity_kinematics_interfaces/srv/detail/joint_to_effector__type_support.h
[0.694s] -- Up-to-date: /root/RBE500_Manipulator_Project/ws_2/install/velocity_kinematics_interfaces/include/velocity_kinematics_interfaces/velocity_kinematics_interfaces/srv/detail/joint_to_end_effector__struct.h
[0.695s] -- Up-to-date: /root/RBE500_Manipulator_Project/ws_2/install/velocity_kinematics_interfaces/include/velocity_kinematics_interfaces/velocity_kinematics_interfaces/srv/detail/joint_to_effector__functions.h
[0.695s] -- Up-to-date: /root/RBE500_Manipulator_Project/ws_2/install/velocity_kinematics_interfaces/include/velocity_kinematics_interfaces/velocity_kinematics_interfaces/srv/detail/end_effector_to_joint__functions.h
[0.695s] -- Up-to-date: /root/RBE500_Manipulator_Project/ws_2/install/velocity_kinematics_interfaces/include/velocity_kinematics_interfaces/velocity_kinematics_interfaces/srv/detail/joint_end_effector__functions.h
[0.695s] -- Up-to-date: /root/RBE500_Manipulator_Project/ws_2/install/velocity_kinematics_interfaces/include/velocity_kinematics_interfaces/velocity_kinematics_interfaces/srv/detail/effector_to_joint__struct.h
[0.695s] -- Up-to-date: /root/RBE500_Manipulator_Project/ws_2/install/velocity_kinematics_interfaces/include/velocity_kinematics_interfaces/velocity_kinematics_interfaces/srv/detail/end_effector_joint__functions.h
[0.695s] -- Up-to-date: /root/RBE500_Manipulator_Project/ws_2/install/velocity_kinematics_interfaces/include/velocity_kinematics_interfaces/velocity_kinematics_interfaces/srv/detail/end_effector_to_joint__type_support.h
[0.696s] -- Up-to-date: /root/RBE500_Manipulator_Project/ws_2/install/velocity_kinematics_interfaces/include/velocity_kinematics_interfaces/velocity_kinematics_interfaces/srv/detail/end_effector_joint__functions.c
[0.696s] -- Up-to-date: /root/RBE500_Manipulator_Project/ws_2/install/velocity_kinematics_interfaces/include/velocity_kinematics_interfaces/velocity_kinematics_interfaces/srv/detail/joint_to_end_effector__functions.c
[0.696s] -- Up-to-date: /root/RBE500_Manipulator_Project/ws_2/install/velocity_kinematics_interfaces/include/velocity_kinematics_interfaces/velocity_kinematics_interfaces/srv/detail/joint_to_end_effector__functions.h
[0.696s] -- Up-to-date: /root/RBE500_Manipulator_Project/ws_2/install/velocity_kinematics_interfaces/include/velocity_kinematics_interfaces/velocity_kinematics_interfaces/srv/detail/joint_to_end_effector__type_support.h
[0.696s] -- Up-to-date: /root/RBE500_Manipulator_Project/ws_2/install/velocity_kinematics_interfaces/include/velocity_kinematics_interfaces/velocity_kinematics_interfaces/srv/detail/end_effector_to_joint__struct.h
[0.696s] -- Up-to-date: /root/RBE500_Manipulator_Project/ws_2/install/velocity_kinematics_interfaces/include/velocity_kinematics_interfaces/velocity_kinematics_interfaces/srv/detail/joint_end_effector__functions.c
[0.696s] -- Up-to-date: /root/RBE500_Manipulator_Project/ws_2/install/velocity_kinematics_interfaces/include/velocity_kinematics_interfaces/velocity_kinematics_interfaces/srv/detail/joint_to_effector__functions.c
[0.696s] -- Up-to-date: /root/RBE500_Manipulator_Project/ws_2/install/velocity_kinematics_interfaces/include/velocity_kinematics_interfaces/velocity_kinematics_interfaces/srv/detail/effector_to_joint__functions.h
[0.697s] -- Up-to-date: /root/RBE500_Manipulator_Project/ws_2/install/velocity_kinematics_interfaces/include/velocity_kinematics_interfaces/velocity_kinematics_interfaces/srv/joint_end_effector.h
[0.697s] -- Up-to-date: /root/RBE500_Manipulator_Project/ws_2/install/velocity_kinematics_interfaces/share/velocity_kinematics_interfaces/environment/library_path.sh
[0.697s] -- Up-to-date: /root/RBE500_Manipulator_Project/ws_2/install/velocity_kinematics_interfaces/share/velocity_kinematics_interfaces/environment/library_path.dsv
[0.697s] -- Up-to-date: /root/RBE500_Manipulator_Project/ws_2/install/velocity_kinematics_interfaces/lib/libvelocity_kinematics_interfaces__rosidl_generator_c.so
[0.697s] -- Up-to-date: /root/RBE500_Manipulator_Project/ws_2/install/velocity_kinematics_interfaces/include/velocity_kinematics_interfaces/velocity_kinematics_interfaces
[0.697s] -- Up-to-date: /root/RBE500_Manipulator_Project/ws_2/install/velocity_kinematics_interfaces/include/velocity_kinematics_interfaces/velocity_kinematics_interfaces/msg
[0.698s] -- Up-to-date: /root/RBE500_Manipulator_Project/ws_2/install/velocity_kinematics_interfaces/include/velocity_kinematics_interfaces/velocity_kinematics_interfaces/msg/rosidl_typesupport_fastrtps_c__visibility_control.h
[0.698s] -- Up-to-date: /root/RBE500_Manipulator_Project/ws_2/install/velocity_kinematics_interfaces/include/velocity_kinematics_interfaces/velocity_kinematics_interfaces/msg/detail
[0.698s] -- Up-to-date: /root/RBE500_Manipulator_Project/ws_2/install/velocity_kinematics_interfaces/include/velocity_kinematics_interfaces/velocity_kinematics_interfaces/msg/detail/end_effector_velocity__rosidl_typesupport_fastrtps_c.h
[0.698s] -- Up-to-date: /root/RBE500_Manipulator_Project/ws_2/install/velocity_kinematics_interfaces/include/velocity_kinematics_interfaces/velocity_kinematics_interfaces/srv
[0.698s] -- Up-to-date: /root/RBE500_Manipulator_Project/ws_2/install/velocity_kinematics_interfaces/include/velocity_kinematics_interfaces/velocity_kinematics_interfaces/srv/detail
[0.698s] -- Up-to-date: /root/RBE500_Manipulator_Project/ws_2/install/velocity_kinematics_interfaces/include/velocity_kinematics_interfaces/velocity_kinematics_interfaces/srv/detail/end_effector_to_joint__rosidl_typesupport_fastrtps_c.h
[0.698s] -- Up-to-date: /root/RBE500_Manipulator_Project/ws_2/install/velocity_kinematics_interfaces/include/velocity_kinematics_interfaces/velocity_kinematics_interfaces/srv/detail/joint_end_effector__rosidl_typesupport_fastrtps_c.h
[0.698s] -- Up-to-date: /root/RBE500_Manipulator_Project/ws_2/install/velocity_kinematics_interfaces/include/velocity_kinematics_interfaces/velocity_kinematics_interfaces/srv/detail/end_effector_joint__rosidl_typesupport_fastrtps_c.h
[0.699s] -- Up-to-date: /root/RBE500_Manipulator_Project/ws_2/install/velocity_kinematics_interfaces/include/velocity_kinematics_interfaces/velocity_kinematics_interfaces/srv/detail/joint_to_end_effector__rosidl_typesupport_fastrtps_c.h
[0.699s] -- Up-to-date: /root/RBE500_Manipulator_Project/ws_2/install/velocity_kinematics_interfaces/include/velocity_kinematics_interfaces/velocity_kinematics_interfaces/srv/detail/joint_to_effector__rosidl_typesupport_fastrtps_c.h
[0.699s] -- Up-to-date: /root/RBE500_Manipulator_Project/ws_2/install/velocity_kinematics_interfaces/include/velocity_kinematics_interfaces/velocity_kinematics_interfaces/srv/detail/effector_to_joint__rosidl_typesupport_fastrtps_c.h
[0.699s] -- Up-to-date: /root/RBE500_Manipulator_Project/ws_2/install/velocity_kinematics_interfaces/lib/libvelocity_kinematics_interfaces__rosidl_typesupport_fastrtps_c.so
[0.699s] -- Up-to-date: /root/RBE500_Manipulator_Project/ws_2/install/velocity_kinematics_interfaces/include/velocity_kinematics_interfaces/velocity_kinematics_interfaces
[0.699s] -- Up-to-date: /root/RBE500_Manipulator_Project/ws_2/install/velocity_kinematics_interfaces/include/velocity_kinematics_interfaces/velocity_kinematics_interfaces/msg
[0.700s] -- Up-to-date: /root/RBE500_Manipulator_Project/ws_2/install/velocity_kinematics_interfaces/include/velocity_kinematics_interfaces/velocity_kinematics_interfaces/msg/end_effector_velocity.hpp
[0.700s] -- Up-to-date: /root/RBE500_Manipulator_Project/ws_2/install/velocity_kinematics_interfaces/include/velocity_kinematics_interfaces/velocity_kinematics_interfaces/msg/detail
[0.700s] -- Up-to-date: /root/RBE500_Manipulator_Project/ws_2/install/velocity_kinematics_interfaces/include/velocity_kinematics_interfaces/velocity_kinematics_interfaces/msg/detail/end_effector_velocity__builder.hpp
[0.700s] -- Up-to-date: /root/RBE500_Manipulator_Project/ws_2/install/velocity_kinematics_interfaces/include/velocity_kinematics_interfaces/velocity_kinematics_interfaces/msg/detail/end_effector_velocity__traits.hpp
[0.700s] -- Up-to-date: /root/RBE500_Manipulator_Project/ws_2/install/velocity_kinematics_interfaces/include/velocity_kinematics_interfaces/velocity_kinematics_interfaces/msg/detail/end_effector_velocity__struct.hpp
[0.700s] -- Up-to-date: /root/RBE500_Manipulator_Project/ws_2/install/velocity_kinematics_interfaces/include/velocity_kinematics_interfaces/velocity_kinematics_interfaces/srv
[0.700s] -- Up-to-date: /root/RBE500_Manipulator_Project/ws_2/install/velocity_kinematics_interfaces/include/velocity_kinematics_interfaces/velocity_kinematics_interfaces/srv/joint_to_end_effector.hpp
[0.700s] -- Up-to-date: /root/RBE500_Manipulator_Project/ws_2/install/velocity_kinematics_interfaces/include/velocity_kinematics_interfaces/velocity_kinematics_interfaces/srv/joint_end_effector.hpp
[0.701s] -- Up-to-date: /root/RBE500_Manipulator_Project/ws_2/install/velocity_kinematics_interfaces/include/velocity_kinematics_interfaces/velocity_kinematics_interfaces/srv/end_effector_to_joint.hpp
[0.701s] -- Up-to-date: /root/RBE500_Manipulator_Project/ws_2/install/velocity_kinematics_interfaces/include/velocity_kinematics_interfaces/velocity_kinematics_interfaces/srv/effector_to_joint.hpp
[0.701s] -- Up-to-date: /root/RBE500_Manipulator_Project/ws_2/install/velocity_kinematics_interfaces/include/velocity_kinematics_interfaces/velocity_kinematics_interfaces/srv/joint_to_effector.hpp
[0.701s] -- Up-to-date: /root/RBE500_Manipulator_Project/ws_2/install/velocity_kinematics_interfaces/include/velocity_kinematics_interfaces/velocity_kinematics_interfaces/srv/detail
[0.701s] -- Up-to-date: /root/RBE500_Manipulator_Project/ws_2/install/velocity_kinematics_interfaces/include/velocity_kinematics_interfaces/velocity_kinematics_interfaces/srv/detail/effector_to_joint__builder.hpp
[0.701s] -- Up-to-date: /root/RBE500_Manipulator_Project/ws_2/install/velocity_kinematics_interfaces/include/velocity_kinematics_interfaces/velocity_kinematics_interfaces/srv/detail/end_effector_to_joint__builder.hpp
[0.701s] -- Up-to-date: /root/RBE500_Manipulator_Project/ws_2/install/velocity_kinematics_interfaces/include/velocity_kinematics_interfaces/velocity_kinematics_interfaces/srv/detail/joint_to_end_effector__builder.hpp
[0.701s] -- Up-to-date: /root/RBE500_Manipulator_Project/ws_2/install/velocity_kinematics_interfaces/include/velocity_kinematics_interfaces/velocity_kinematics_interfaces/srv/detail/joint_end_effector__traits.hpp
[0.701s] -- Up-to-date: /root/RBE500_Manipulator_Project/ws_2/install/velocity_kinematics_interfaces/include/velocity_kinematics_interfaces/velocity_kinematics_interfaces/srv/detail/joint_to_effector__struct.hpp
[0.702s] -- Up-to-date: /root/RBE500_Manipulator_Project/ws_2/install/velocity_kinematics_interfaces/include/velocity_kinematics_interfaces/velocity_kinematics_interfaces/srv/detail/joint_to_effector__traits.hpp
[0.702s] -- Up-to-date: /root/RBE500_Manipulator_Project/ws_2/install/velocity_kinematics_interfaces/include/velocity_kinematics_interfaces/velocity_kinematics_interfaces/srv/detail/joint_end_effector__struct.hpp
[0.702s] -- Up-to-date: /root/RBE500_Manipulator_Project/ws_2/install/velocity_kinematics_interfaces/include/velocity_kinematics_interfaces/velocity_kinematics_interfaces/srv/detail/effector_to_joint__struct.hpp
[0.702s] -- Up-to-date: /root/RBE500_Manipulator_Project/ws_2/install/velocity_kinematics_interfaces/include/velocity_kinematics_interfaces/velocity_kinematics_interfaces/srv/detail/end_effector_to_joint__struct.hpp
[0.702s] -- Up-to-date: /root/RBE500_Manipulator_Project/ws_2/install/velocity_kinematics_interfaces/include/velocity_kinematics_interfaces/velocity_kinematics_interfaces/srv/detail/joint_to_effector__builder.hpp
[0.702s] -- Up-to-date: /root/RBE500_Manipulator_Project/ws_2/install/velocity_kinematics_interfaces/include/velocity_kinematics_interfaces/velocity_kinematics_interfaces/srv/detail/end_effector_to_joint__traits.hpp
[0.702s] -- Up-to-date: /root/RBE500_Manipulator_Project/ws_2/install/velocity_kinematics_interfaces/include/velocity_kinematics_interfaces/velocity_kinematics_interfaces/srv/detail/joint_to_end_effector__struct.hpp
[0.702s] -- Up-to-date: /root/RBE500_Manipulator_Project/ws_2/install/velocity_kinematics_interfaces/include/velocity_kinematics_interfaces/velocity_kinematics_interfaces/srv/detail/end_effector_joint__builder.hpp
[0.702s] -- Up-to-date: /root/RBE500_Manipulator_Project/ws_2/install/velocity_kinematics_interfaces/include/velocity_kinematics_interfaces/velocity_kinematics_interfaces/srv/detail/end_effector_joint__struct.hpp
[0.703s] -- Up-to-date: /root/RBE500_Manipulator_Project/ws_2/install/velocity_kinematics_interfaces/include/velocity_kinematics_interfaces/velocity_kinematics_interfaces/srv/detail/joint_to_end_effector__traits.hpp
[0.703s] -- Up-to-date: /root/RBE500_Manipulator_Project/ws_2/install/velocity_kinematics_interfaces/include/velocity_kinematics_interfaces/velocity_kinematics_interfaces/srv/detail/end_effector_joint__traits.hpp
[0.703s] -- Up-to-date: /root/RBE500_Manipulator_Project/ws_2/install/velocity_kinematics_interfaces/include/velocity_kinematics_interfaces/velocity_kinematics_interfaces/srv/detail/effector_to_joint__traits.hpp
[0.703s] -- Up-to-date: /root/RBE500_Manipulator_Project/ws_2/install/velocity_kinematics_interfaces/include/velocity_kinematics_interfaces/velocity_kinematics_interfaces/srv/detail/joint_end_effector__builder.hpp
[0.703s] -- Up-to-date: /root/RBE500_Manipulator_Project/ws_2/install/velocity_kinematics_interfaces/include/velocity_kinematics_interfaces/velocity_kinematics_interfaces/srv/end_effector_joint.hpp
[0.703s] -- Up-to-date: /root/RBE500_Manipulator_Project/ws_2/install/velocity_kinematics_interfaces/include/velocity_kinematics_interfaces/velocity_kinematics_interfaces
[0.703s] -- Up-to-date: /root/RBE500_Manipulator_Project/ws_2/install/velocity_kinematics_interfaces/include/velocity_kinematics_interfaces/velocity_kinematics_interfaces/msg
[0.703s] -- Up-to-date: /root/RBE500_Manipulator_Project/ws_2/install/velocity_kinematics_interfaces/include/velocity_kinematics_interfaces/velocity_kinematics_interfaces/msg/rosidl_typesupport_fastrtps_cpp__visibility_control.h
[0.703s] -- Up-to-date: /root/RBE500_Manipulator_Project/ws_2/install/velocity_kinematics_interfaces/include/velocity_kinematics_interfaces/velocity_kinematics_interfaces/msg/detail
[0.703s] -- Up-to-date: /root/RBE500_Manipulator_Project/ws_2/install/velocity_kinematics_interfaces/include/velocity_kinematics_interfaces/velocity_kinematics_interfaces/msg/detail/end_effector_velocity__rosidl_typesupport_fastrtps_cpp.hpp
[0.703s] -- Up-to-date: /root/RBE500_Manipulator_Project/ws_2/install/velocity_kinematics_interfaces/include/velocity_kinematics_interfaces/velocity_kinematics_interfaces/msg/detail/dds_fastrtps
[0.704s] -- Up-to-date: /root/RBE500_Manipulator_Project/ws_2/install/velocity_kinematics_interfaces/include/velocity_kinematics_interfaces/velocity_kinematics_interfaces/srv
[0.704s] -- Up-to-date: /root/RBE500_Manipulator_Project/ws_2/install/velocity_kinematics_interfaces/include/velocity_kinematics_interfaces/velocity_kinematics_interfaces/srv/detail
[0.704s] -- Up-to-date: /root/RBE500_Manipulator_Project/ws_2/install/velocity_kinematics_interfaces/include/velocity_kinematics_interfaces/velocity_kinematics_interfaces/srv/detail/joint_to_effector__rosidl_typesupport_fastrtps_cpp.hpp
[0.704s] -- Up-to-date: /root/RBE500_Manipulator_Project/ws_2/install/velocity_kinematics_interfaces/include/velocity_kinematics_interfaces/velocity_kinematics_interfaces/srv/detail/joint_end_effector__rosidl_typesupport_fastrtps_cpp.hpp
[0.704s] -- Up-to-date: /root/RBE500_Manipulator_Project/ws_2/install/velocity_kinematics_interfaces/include/velocity_kinematics_interfaces/velocity_kinematics_interfaces/srv/detail/effector_to_joint__rosidl_typesupport_fastrtps_cpp.hpp
[0.704s] -- Up-to-date: /root/RBE500_Manipulator_Project/ws_2/install/velocity_kinematics_interfaces/include/velocity_kinematics_interfaces/velocity_kinematics_interfaces/srv/detail/end_effector_joint__rosidl_typesupport_fastrtps_cpp.hpp
[0.704s] -- Up-to-date: /root/RBE500_Manipulator_Project/ws_2/install/velocity_kinematics_interfaces/include/velocity_kinematics_interfaces/velocity_kinematics_interfaces/srv/detail/dds_fastrtps
[0.704s] -- Up-to-date: /root/RBE500_Manipulator_Project/ws_2/install/velocity_kinematics_interfaces/include/velocity_kinematics_interfaces/velocity_kinematics_interfaces/srv/detail/joint_to_end_effector__rosidl_typesupport_fastrtps_cpp.hpp
[0.704s] -- Up-to-date: /root/RBE500_Manipulator_Project/ws_2/install/velocity_kinematics_interfaces/include/velocity_kinematics_interfaces/velocity_kinematics_interfaces/srv/detail/end_effector_to_joint__rosidl_typesupport_fastrtps_cpp.hpp
[0.704s] -- Up-to-date: /root/RBE500_Manipulator_Project/ws_2/install/velocity_kinematics_interfaces/lib/libvelocity_kinematics_interfaces__rosidl_typesupport_fastrtps_cpp.so
[0.705s] -- Up-to-date: /root/RBE500_Manipulator_Project/ws_2/install/velocity_kinematics_interfaces/include/velocity_kinematics_interfaces/velocity_kinematics_interfaces
[0.705s] -- Up-to-date: /root/RBE500_Manipulator_Project/ws_2/install/velocity_kinematics_interfaces/include/velocity_kinematics_interfaces/velocity_kinematics_interfaces/msg
[0.705s] -- Up-to-date: /root/RBE500_Manipulator_Project/ws_2/install/velocity_kinematics_interfaces/include/velocity_kinematics_interfaces/velocity_kinematics_interfaces/msg/rosidl_typesupport_introspection_c__visibility_control.h
[0.705s] -- Up-to-date: /root/RBE500_Manipulator_Project/ws_2/install/velocity_kinematics_interfaces/include/velocity_kinematics_interfaces/velocity_kinematics_interfaces/msg/detail
[0.705s] -- Up-to-date: /root/RBE500_Manipulator_Project/ws_2/install/velocity_kinematics_interfaces/include/velocity_kinematics_interfaces/velocity_kinematics_interfaces/msg/detail/end_effector_velocity__rosidl_typesupport_introspection_c.h
[0.705s] -- Up-to-date: /root/RBE500_Manipulator_Project/ws_2/install/velocity_kinematics_interfaces/include/velocity_kinematics_interfaces/velocity_kinematics_interfaces/msg/detail/end_effector_velocity__type_support.c
[0.705s] -- Up-to-date: /root/RBE500_Manipulator_Project/ws_2/install/velocity_kinematics_interfaces/include/velocity_kinematics_interfaces/velocity_kinematics_interfaces/srv
[0.705s] -- Up-to-date: /root/RBE500_Manipulator_Project/ws_2/install/velocity_kinematics_interfaces/include/velocity_kinematics_interfaces/velocity_kinematics_interfaces/srv/detail
[0.705s] -- Up-to-date: /root/RBE500_Manipulator_Project/ws_2/install/velocity_kinematics_interfaces/include/velocity_kinematics_interfaces/velocity_kinematics_interfaces/srv/detail/effector_to_joint__type_support.c
[0.705s] -- Up-to-date: /root/RBE500_Manipulator_Project/ws_2/install/velocity_kinematics_interfaces/include/velocity_kinematics_interfaces/velocity_kinematics_interfaces/srv/detail/joint_to_effector__type_support.c
[0.706s] -- Up-to-date: /root/RBE500_Manipulator_Project/ws_2/install/velocity_kinematics_interfaces/include/velocity_kinematics_interfaces/velocity_kinematics_interfaces/srv/detail/end_effector_to_joint__rosidl_typesupport_introspection_c.h
[0.706s] -- Up-to-date: /root/RBE500_Manipulator_Project/ws_2/install/velocity_kinematics_interfaces/include/velocity_kinematics_interfaces/velocity_kinematics_interfaces/srv/detail/joint_to_effector__rosidl_typesupport_introspection_c.h
[0.706s] -- Up-to-date: /root/RBE500_Manipulator_Project/ws_2/install/velocity_kinematics_interfaces/include/velocity_kinematics_interfaces/velocity_kinematics_interfaces/srv/detail/end_effector_joint__type_support.c
[0.706s] -- Up-to-date: /root/RBE500_Manipulator_Project/ws_2/install/velocity_kinematics_interfaces/include/velocity_kinematics_interfaces/velocity_kinematics_interfaces/srv/detail/joint_to_end_effector__type_support.c
[0.706s] -- Up-to-date: /root/RBE500_Manipulator_Project/ws_2/install/velocity_kinematics_interfaces/include/velocity_kinematics_interfaces/velocity_kinematics_interfaces/srv/detail/end_effector_to_joint__type_support.c
[0.706s] -- Up-to-date: /root/RBE500_Manipulator_Project/ws_2/install/velocity_kinematics_interfaces/include/velocity_kinematics_interfaces/velocity_kinematics_interfaces/srv/detail/joint_end_effector__type_support.c
[0.706s] -- Up-to-date: /root/RBE500_Manipulator_Project/ws_2/install/velocity_kinematics_interfaces/include/velocity_kinematics_interfaces/velocity_kinematics_interfaces/srv/detail/end_effector_joint__rosidl_typesupport_introspection_c.h
[0.706s] -- Up-to-date: /root/RBE500_Manipulator_Project/ws_2/install/velocity_kinematics_interfaces/include/velocity_kinematics_interfaces/velocity_kinematics_interfaces/srv/detail/effector_to_joint__rosidl_typesupport_introspection_c.h
[0.706s] -- Up-to-date: /root/RBE500_Manipulator_Project/ws_2/install/velocity_kinematics_interfaces/include/velocity_kinematics_interfaces/velocity_kinematics_interfaces/srv/detail/joint_end_effector__rosidl_typesupport_introspection_c.h
[0.706s] -- Up-to-date: /root/RBE500_Manipulator_Project/ws_2/install/velocity_kinematics_interfaces/include/velocity_kinematics_interfaces/velocity_kinematics_interfaces/srv/detail/joint_to_end_effector__rosidl_typesupport_introspection_c.h
[0.707s] -- Up-to-date: /root/RBE500_Manipulator_Project/ws_2/install/velocity_kinematics_interfaces/lib/libvelocity_kinematics_interfaces__rosidl_typesupport_introspection_c.so
[0.707s] -- Up-to-date: /root/RBE500_Manipulator_Project/ws_2/install/velocity_kinematics_interfaces/lib/libvelocity_kinematics_interfaces__rosidl_typesupport_c.so
[0.707s] -- Up-to-date: /root/RBE500_Manipulator_Project/ws_2/install/velocity_kinematics_interfaces/include/velocity_kinematics_interfaces/velocity_kinematics_interfaces
[0.707s] -- Up-to-date: /root/RBE500_Manipulator_Project/ws_2/install/velocity_kinematics_interfaces/include/velocity_kinematics_interfaces/velocity_kinematics_interfaces/msg
[0.707s] -- Up-to-date: /root/RBE500_Manipulator_Project/ws_2/install/velocity_kinematics_interfaces/include/velocity_kinematics_interfaces/velocity_kinematics_interfaces/msg/detail
[0.707s] -- Up-to-date: /root/RBE500_Manipulator_Project/ws_2/install/velocity_kinematics_interfaces/include/velocity_kinematics_interfaces/velocity_kinematics_interfaces/msg/detail/end_effector_velocity__type_support.cpp
[0.707s] -- Up-to-date: /root/RBE500_Manipulator_Project/ws_2/install/velocity_kinematics_interfaces/include/velocity_kinematics_interfaces/velocity_kinematics_interfaces/msg/detail/end_effector_velocity__rosidl_typesupport_introspection_cpp.hpp
[0.707s] -- Up-to-date: /root/RBE500_Manipulator_Project/ws_2/install/velocity_kinematics_interfaces/include/velocity_kinematics_interfaces/velocity_kinematics_interfaces/srv
[0.707s] -- Up-to-date: /root/RBE500_Manipulator_Project/ws_2/install/velocity_kinematics_interfaces/include/velocity_kinematics_interfaces/velocity_kinematics_interfaces/srv/detail
[0.707s] -- Up-to-date: /root/RBE500_Manipulator_Project/ws_2/install/velocity_kinematics_interfaces/include/velocity_kinematics_interfaces/velocity_kinematics_interfaces/srv/detail/joint_to_end_effector__type_support.cpp
[0.708s] -- Up-to-date: /root/RBE500_Manipulator_Project/ws_2/install/velocity_kinematics_interfaces/include/velocity_kinematics_interfaces/velocity_kinematics_interfaces/srv/detail/joint_end_effector__type_support.cpp
[0.708s] -- Up-to-date: /root/RBE500_Manipulator_Project/ws_2/install/velocity_kinematics_interfaces/include/velocity_kinematics_interfaces/velocity_kinematics_interfaces/srv/detail/joint_to_effector__type_support.cpp
[0.708s] -- Up-to-date: /root/RBE500_Manipulator_Project/ws_2/install/velocity_kinematics_interfaces/include/velocity_kinematics_interfaces/velocity_kinematics_interfaces/srv/detail/joint_to_effector__rosidl_typesupport_introspection_cpp.hpp
[0.708s] -- Up-to-date: /root/RBE500_Manipulator_Project/ws_2/install/velocity_kinematics_interfaces/include/velocity_kinematics_interfaces/velocity_kinematics_interfaces/srv/detail/joint_to_end_effector__rosidl_typesupport_introspection_cpp.hpp
[0.708s] -- Up-to-date: /root/RBE500_Manipulator_Project/ws_2/install/velocity_kinematics_interfaces/include/velocity_kinematics_interfaces/velocity_kinematics_interfaces/srv/detail/effector_to_joint__type_support.cpp
[0.708s] -- Up-to-date: /root/RBE500_Manipulator_Project/ws_2/install/velocity_kinematics_interfaces/include/velocity_kinematics_interfaces/velocity_kinematics_interfaces/srv/detail/joint_end_effector__rosidl_typesupport_introspection_cpp.hpp
[0.708s] -- Up-to-date: /root/RBE500_Manipulator_Project/ws_2/install/velocity_kinematics_interfaces/include/velocity_kinematics_interfaces/velocity_kinematics_interfaces/srv/detail/end_effector_to_joint__type_support.cpp
[0.708s] -- Up-to-date: /root/RBE500_Manipulator_Project/ws_2/install/velocity_kinematics_interfaces/include/velocity_kinematics_interfaces/velocity_kinematics_interfaces/srv/detail/end_effector_joint__rosidl_typesupport_introspection_cpp.hpp
[0.708s] -- Up-to-date: /root/RBE500_Manipulator_Project/ws_2/install/velocity_kinematics_interfaces/include/velocity_kinematics_interfaces/velocity_kinematics_interfaces/srv/detail/effector_to_joint__rosidl_typesupport_introspection_cpp.hpp
[0.708s] -- Up-to-date: /root/RBE500_Manipulator_Project/ws_2/install/velocity_kinematics_interfaces/include/velocity_kinematics_interfaces/velocity_kinematics_interfaces/srv/detail/end_effector_to_joint__rosidl_typesupport_introspection_cpp.hpp
[0.708s] -- Up-to-date: /root/RBE500_Manipulator_Project/ws_2/install/velocity_kinematics_interfaces/include/velocity_kinematics_interfaces/velocity_kinematics_interfaces/srv/detail/end_effector_joint__type_support.cpp
[0.709s] -- Up-to-date: /root/RBE500_Manipulator_Project/ws_2/install/velocity_kinematics_interfaces/lib/libvelocity_kinematics_interfaces__rosidl_typesupport_introspection_cpp.so
[0.709s] -- Up-to-date: /root/RBE500_Manipulator_Project/ws_2/install/velocity_kinematics_interfaces/lib/libvelocity_kinematics_interfaces__rosidl_typesupport_cpp.so
[0.709s] -- Up-to-date: /root/RBE500_Manipulator_Project/ws_2/install/velocity_kinematics_interfaces/share/velocity_kinematics_interfaces/environment/pythonpath.sh
[0.709s] -- Up-to-date: /root/RBE500_Manipulator_Project/ws_2/install/velocity_kinematics_interfaces/share/velocity_kinematics_interfaces/environment/pythonpath.dsv
[0.709s] -- Up-to-date: /root/RBE500_Manipulator_Project/ws_2/install/velocity_kinematics_interfaces/local/lib/python3.10/dist-packages/velocity_kinematics_interfaces-0.0.0-py3.10.egg-info
[0.709s] -- Installing: /root/RBE500_Manipulator_Project/ws_2/install/velocity_kinematics_interfaces/local/lib/python3.10/dist-packages/velocity_kinematics_interfaces-0.0.0-py3.10.egg-info/dependency_links.txt
[0.709s] -- Installing: /root/RBE500_Manipulator_Project/ws_2/install/velocity_kinematics_interfaces/local/lib/python3.10/dist-packages/velocity_kinematics_interfaces-0.0.0-py3.10.egg-info/top_level.txt
[0.709s] -- Installing: /root/RBE500_Manipulator_Project/ws_2/install/velocity_kinematics_interfaces/local/lib/python3.10/dist-packages/velocity_kinematics_interfaces-0.0.0-py3.10.egg-info/PKG-INFO
[0.709s] -- Installing: /root/RBE500_Manipulator_Project/ws_2/install/velocity_kinematics_interfaces/local/lib/python3.10/dist-packages/velocity_kinematics_interfaces-0.0.0-py3.10.egg-info/SOURCES.txt
[0.709s] -- Up-to-date: /root/RBE500_Manipulator_Project/ws_2/install/velocity_kinematics_interfaces/local/lib/python3.10/dist-packages/velocity_kinematics_interfaces
[0.710s] -- Up-to-date: /root/RBE500_Manipulator_Project/ws_2/install/velocity_kinematics_interfaces/local/lib/python3.10/dist-packages/velocity_kinematics_interfaces/libvelocity_kinematics_interfaces__rosidl_generator_py.so
[0.710s] -- Up-to-date: /root/RBE500_Manipulator_Project/ws_2/install/velocity_kinematics_interfaces/local/lib/python3.10/dist-packages/velocity_kinematics_interfaces/_velocity_kinematics_interfaces_s.ep.rosidl_typesupport_c.c
[0.710s] -- Up-to-date: /root/RBE500_Manipulator_Project/ws_2/install/velocity_kinematics_interfaces/local/lib/python3.10/dist-packages/velocity_kinematics_interfaces/_velocity_kinematics_interfaces_s.ep.rosidl_typesupport_fastrtps_c.c
[0.710s] -- Up-to-date: /root/RBE500_Manipulator_Project/ws_2/install/velocity_kinematics_interfaces/local/lib/python3.10/dist-packages/velocity_kinematics_interfaces/_velocity_kinematics_interfaces_s.ep.rosidl_typesupport_introspection_c.c
[0.710s] -- Up-to-date: /root/RBE500_Manipulator_Project/ws_2/install/velocity_kinematics_interfaces/local/lib/python3.10/dist-packages/velocity_kinematics_interfaces/msg
[0.710s] -- Up-to-date: /root/RBE500_Manipulator_Project/ws_2/install/velocity_kinematics_interfaces/local/lib/python3.10/dist-packages/velocity_kinematics_interfaces/msg/_end_effector_velocity_s.c
[0.710s] -- Up-to-date: /root/RBE500_Manipulator_Project/ws_2/install/velocity_kinematics_interfaces/local/lib/python3.10/dist-packages/velocity_kinematics_interfaces/msg/__init__.py
[0.710s] -- Up-to-date: /root/RBE500_Manipulator_Project/ws_2/install/velocity_kinematics_interfaces/local/lib/python3.10/dist-packages/velocity_kinematics_interfaces/msg/_end_effector_velocity.py
[0.710s] -- Up-to-date: /root/RBE500_Manipulator_Project/ws_2/install/velocity_kinematics_interfaces/local/lib/python3.10/dist-packages/velocity_kinematics_interfaces/__init__.py
[0.711s] -- Up-to-date: /root/RBE500_Manipulator_Project/ws_2/install/velocity_kinematics_interfaces/local/lib/python3.10/dist-packages/velocity_kinematics_interfaces/velocity_kinematics_interfaces_s__rosidl_typesupport_fastrtps_c.cpython-310-x86_64-linux-gnu.so
[0.711s] -- Up-to-date: /root/RBE500_Manipulator_Project/ws_2/install/velocity_kinematics_interfaces/local/lib/python3.10/dist-packages/velocity_kinematics_interfaces/srv
[0.711s] -- Up-to-date: /root/RBE500_Manipulator_Project/ws_2/install/velocity_kinematics_interfaces/local/lib/python3.10/dist-packages/velocity_kinematics_interfaces/srv/_end_effector_joint.py
[0.711s] -- Up-to-date: /root/RBE500_Manipulator_Project/ws_2/install/velocity_kinematics_interfaces/local/lib/python3.10/dist-packages/velocity_kinematics_interfaces/srv/_effector_to_joint_s.c
[0.711s] -- Up-to-date: /root/RBE500_Manipulator_Project/ws_2/install/velocity_kinematics_interfaces/local/lib/python3.10/dist-packages/velocity_kinematics_interfaces/srv/_end_effector_to_joint.py
[0.711s] -- Up-to-date: /root/RBE500_Manipulator_Project/ws_2/install/velocity_kinematics_interfaces/local/lib/python3.10/dist-packages/velocity_kinematics_interfaces/srv/__init__.py
[0.711s] -- Up-to-date: /root/RBE500_Manipulator_Project/ws_2/install/velocity_kinematics_interfaces/local/lib/python3.10/dist-packages/velocity_kinematics_interfaces/srv/_joint_to_effector_s.c
[0.711s] -- Up-to-date: /root/RBE500_Manipulator_Project/ws_2/install/velocity_kinematics_interfaces/local/lib/python3.10/dist-packages/velocity_kinematics_interfaces/srv/_joint_end_effector_s.c
[0.711s] -- Up-to-date: /root/RBE500_Manipulator_Project/ws_2/install/velocity_kinematics_interfaces/local/lib/python3.10/dist-packages/velocity_kinematics_interfaces/srv/_joint_end_effector.py
[0.711s] -- Up-to-date: /root/RBE500_Manipulator_Project/ws_2/install/velocity_kinematics_interfaces/local/lib/python3.10/dist-packages/velocity_kinematics_interfaces/srv/_joint_to_end_effector_s.c
[0.711s] -- Up-to-date: /root/RBE500_Manipulator_Project/ws_2/install/velocity_kinematics_interfaces/local/lib/python3.10/dist-packages/velocity_kinematics_interfaces/srv/_joint_to_end_effector.py
[0.712s] -- Up-to-date: /root/RBE500_Manipulator_Project/ws_2/install/velocity_kinematics_interfaces/local/lib/python3.10/dist-packages/velocity_kinematics_interfaces/srv/_joint_to_effector.py
[0.712s] -- Up-to-date: /root/RBE500_Manipulator_Project/ws_2/install/velocity_kinematics_interfaces/local/lib/python3.10/dist-packages/velocity_kinematics_interfaces/srv/_effector_to_joint.py
[0.712s] -- Up-to-date: /root/RBE500_Manipulator_Project/ws_2/install/velocity_kinematics_interfaces/local/lib/python3.10/dist-packages/velocity_kinematics_interfaces/srv/_end_effector_to_joint_s.c
[0.712s] -- Up-to-date: /root/RBE500_Manipulator_Project/ws_2/install/velocity_kinematics_interfaces/local/lib/python3.10/dist-packages/velocity_kinematics_interfaces/srv/_end_effector_joint_s.c
[0.712s] -- Up-to-date: /root/RBE500_Manipulator_Project/ws_2/install/velocity_kinematics_interfaces/local/lib/python3.10/dist-packages/velocity_kinematics_interfaces/velocity_kinematics_interfaces_s__rosidl_typesupport_introspection_c.cpython-310-x86_64-linux-gnu.so
[0.712s] -- Up-to-date: /root/RBE500_Manipulator_Project/ws_2/install/velocity_kinematics_interfaces/local/lib/python3.10/dist-packages/velocity_kinematics_interfaces/velocity_kinematics_interfaces_s__rosidl_typesupport_c.cpython-310-x86_64-linux-gnu.so
[0.735s] Listing '/root/RBE500_Manipulator_Project/ws_2/install/velocity_kinematics_interfaces/local/lib/python3.10/dist-packages/velocity_kinematics_interfaces'...
[0.736s] Listing '/root/RBE500_Manipulator_Project/ws_2/install/velocity_kinematics_interfaces/local/lib/python3.10/dist-packages/velocity_kinematics_interfaces/msg'...
[0.736s] Listing '/root/RBE500_Manipulator_Project/ws_2/install/velocity_kinematics_interfaces/local/lib/python3.10/dist-packages/velocity_kinematics_interfaces/srv'...
[0.740s] -- Up-to-date: /root/RBE500_Manipulator_Project/ws_2/install/velocity_kinematics_interfaces/local/lib/python3.10/dist-packages/velocity_kinematics_interfaces/velocity_kinematics_interfaces_s__rosidl_typesupport_fastrtps_c.cpython-310-x86_64-linux-gnu.so
[0.740s] -- Up-to-date: /root/RBE500_Manipulator_Project/ws_2/install/velocity_kinematics_interfaces/local/lib/python3.10/dist-packages/velocity_kinematics_interfaces/velocity_kinematics_interfaces_s__rosidl_typesupport_introspection_c.cpython-310-x86_64-linux-gnu.so
[0.741s] -- Up-to-date: /root/RBE500_Manipulator_Project/ws_2/install/velocity_kinematics_interfaces/local/lib/python3.10/dist-packages/velocity_kinematics_interfaces/velocity_kinematics_interfaces_s__rosidl_typesupport_c.cpython-310-x86_64-linux-gnu.so
[0.741s] -- Up-to-date: /root/RBE500_Manipulator_Project/ws_2/install/velocity_kinematics_interfaces/lib/libvelocity_kinematics_interfaces__rosidl_generator_py.so
[0.742s] -- Up-to-date: /root/RBE500_Manipulator_Project/ws_2/install/velocity_kinematics_interfaces/share/velocity_kinematics_interfaces/srv/JointEndEffector.idl
[0.742s] -- Up-to-date: /root/RBE500_Manipulator_Project/ws_2/install/velocity_kinematics_interfaces/share/velocity_kinematics_interfaces/srv/EndEffectorJoint.idl
[0.742s] -- Up-to-date: /root/RBE500_Manipulator_Project/ws_2/install/velocity_kinematics_interfaces/share/velocity_kinematics_interfaces/msg/EndEffectorVelocity.idl
[0.742s] -- Up-to-date: /root/RBE500_Manipulator_Project/ws_2/install/velocity_kinematics_interfaces/share/velocity_kinematics_interfaces/srv/JointEndEffector.srv
[0.742s] -- Up-to-date: /root/RBE500_Manipulator_Project/ws_2/install/velocity_kinematics_interfaces/share/velocity_kinematics_interfaces/srv/JointEndEffector_Request.msg
[0.742s] -- Up-to-date: /root/RBE500_Manipulator_Project/ws_2/install/velocity_kinematics_interfaces/share/velocity_kinematics_interfaces/srv/JointEndEffector_Response.msg
[0.742s] -- Up-to-date: /root/RBE500_Manipulator_Project/ws_2/install/velocity_kinematics_interfaces/share/velocity_kinematics_interfaces/srv/EndEffectorJoint.srv
[0.742s] -- Up-to-date: /root/RBE500_Manipulator_Project/ws_2/install/velocity_kinematics_interfaces/share/velocity_kinematics_interfaces/srv/EndEffectorJoint_Request.msg
[0.743s] -- Up-to-date: /root/RBE500_Manipulator_Project/ws_2/install/velocity_kinematics_interfaces/share/velocity_kinematics_interfaces/srv/EndEffectorJoint_Response.msg
[0.743s] -- Up-to-date: /root/RBE500_Manipulator_Project/ws_2/install/velocity_kinematics_interfaces/share/velocity_kinematics_interfaces/msg/EndEffectorVelocity.msg
[0.743s] -- Up-to-date: /root/RBE500_Manipulator_Project/ws_2/install/velocity_kinematics_interfaces/share/ament_index/resource_index/package_run_dependencies/velocity_kinematics_interfaces
[0.743s] -- Up-to-date: /root/RBE500_Manipulator_Project/ws_2/install/velocity_kinematics_interfaces/share/ament_index/resource_index/parent_prefix_path/velocity_kinematics_interfaces
[0.743s] -- Up-to-date: /root/RBE500_Manipulator_Project/ws_2/install/velocity_kinematics_interfaces/share/velocity_kinematics_interfaces/environment/ament_prefix_path.sh
[0.743s] -- Up-to-date: /root/RBE500_Manipulator_Project/ws_2/install/velocity_kinematics_interfaces/share/velocity_kinematics_interfaces/environment/ament_prefix_path.dsv
[0.743s] -- Up-to-date: /root/RBE500_Manipulator_Project/ws_2/install/velocity_kinematics_interfaces/share/velocity_kinematics_interfaces/environment/path.sh
[0.743s] -- Up-to-date: /root/RBE500_Manipulator_Project/ws_2/install/velocity_kinematics_interfaces/share/velocity_kinematics_interfaces/environment/path.dsv
[0.743s] -- Up-to-date: /root/RBE500_Manipulator_Project/ws_2/install/velocity_kinematics_interfaces/share/velocity_kinematics_interfaces/local_setup.bash
[0.744s] -- Up-to-date: /root/RBE500_Manipulator_Project/ws_2/install/velocity_kinematics_interfaces/share/velocity_kinematics_interfaces/local_setup.sh
[0.744s] -- Up-to-date: /root/RBE500_Manipulator_Project/ws_2/install/velocity_kinematics_interfaces/share/velocity_kinematics_interfaces/local_setup.zsh
[0.744s] -- Up-to-date: /root/RBE500_Manipulator_Project/ws_2/install/velocity_kinematics_interfaces/share/velocity_kinematics_interfaces/local_setup.dsv
[0.744s] -- Installing: /root/RBE500_Manipulator_Project/ws_2/install/velocity_kinematics_interfaces/share/velocity_kinematics_interfaces/package.dsv
[0.744s] -- Up-to-date: /root/RBE500_Manipulator_Project/ws_2/install/velocity_kinematics_interfaces/share/ament_index/resource_index/packages/velocity_kinematics_interfaces
[0.744s] -- Up-to-date: /root/RBE500_Manipulator_Project/ws_2/install/velocity_kinematics_interfaces/share/velocity_kinematics_interfaces/cmake/export_velocity_kinematics_interfaces__rosidl_generator_cExport.cmake
[0.744s] -- Up-to-date: /root/RBE500_Manipulator_Project/ws_2/install/velocity_kinematics_interfaces/share/velocity_kinematics_interfaces/cmake/export_velocity_kinematics_interfaces__rosidl_generator_cExport-noconfig.cmake
[0.744s] -- Up-to-date: /root/RBE500_Manipulator_Project/ws_2/install/velocity_kinematics_interfaces/share/velocity_kinematics_interfaces/cmake/export_velocity_kinematics_interfaces__rosidl_typesupport_fastrtps_cExport.cmake
[0.744s] -- Up-to-date: /root/RBE500_Manipulator_Project/ws_2/install/velocity_kinematics_interfaces/share/velocity_kinematics_interfaces/cmake/export_velocity_kinematics_interfaces__rosidl_typesupport_fastrtps_cExport-noconfig.cmake
[0.745s] -- Up-to-date: /root/RBE500_Manipulator_Project/ws_2/install/velocity_kinematics_interfaces/share/velocity_kinematics_interfaces/cmake/export_velocity_kinematics_interfaces__rosidl_generator_cppExport.cmake
[0.745s] -- Up-to-date: /root/RBE500_Manipulator_Project/ws_2/install/velocity_kinematics_interfaces/share/velocity_kinematics_interfaces/cmake/export_velocity_kinematics_interfaces__rosidl_typesupport_fastrtps_cppExport.cmake
[0.745s] -- Up-to-date: /root/RBE500_Manipulator_Project/ws_2/install/velocity_kinematics_interfaces/share/velocity_kinematics_interfaces/cmake/export_velocity_kinematics_interfaces__rosidl_typesupport_fastrtps_cppExport-noconfig.cmake
[0.745s] -- Up-to-date: /root/RBE500_Manipulator_Project/ws_2/install/velocity_kinematics_interfaces/share/velocity_kinematics_interfaces/cmake/velocity_kinematics_interfaces__rosidl_typesupport_introspection_cExport.cmake
[0.745s] -- Up-to-date: /root/RBE500_Manipulator_Project/ws_2/install/velocity_kinematics_interfaces/share/velocity_kinematics_interfaces/cmake/velocity_kinematics_interfaces__rosidl_typesupport_introspection_cExport-noconfig.cmake
[0.745s] -- Up-to-date: /root/RBE500_Manipulator_Project/ws_2/install/velocity_kinematics_interfaces/share/velocity_kinematics_interfaces/cmake/velocity_kinematics_interfaces__rosidl_typesupport_cExport.cmake
[0.745s] -- Up-to-date: /root/RBE500_Manipulator_Project/ws_2/install/velocity_kinematics_interfaces/share/velocity_kinematics_interfaces/cmake/velocity_kinematics_interfaces__rosidl_typesupport_cExport-noconfig.cmake
[0.745s] -- Up-to-date: /root/RBE500_Manipulator_Project/ws_2/install/velocity_kinematics_interfaces/share/velocity_kinematics_interfaces/cmake/velocity_kinematics_interfaces__rosidl_typesupport_introspection_cppExport.cmake
[0.746s] -- Up-to-date: /root/RBE500_Manipulator_Project/ws_2/install/velocity_kinematics_interfaces/share/velocity_kinematics_interfaces/cmake/velocity_kinematics_interfaces__rosidl_typesupport_introspection_cppExport-noconfig.cmake
[0.746s] -- Up-to-date: /root/RBE500_Manipulator_Project/ws_2/install/velocity_kinematics_interfaces/share/velocity_kinematics_interfaces/cmake/velocity_kinematics_interfaces__rosidl_typesupport_cppExport.cmake
[0.746s] -- Up-to-date: /root/RBE500_Manipulator_Project/ws_2/install/velocity_kinematics_interfaces/share/velocity_kinematics_interfaces/cmake/velocity_kinematics_interfaces__rosidl_typesupport_cppExport-noconfig.cmake
[0.746s] -- Up-to-date: /root/RBE500_Manipulator_Project/ws_2/install/velocity_kinematics_interfaces/share/velocity_kinematics_interfaces/cmake/export_velocity_kinematics_interfaces__rosidl_generator_pyExport.cmake
[0.746s] -- Up-to-date: /root/RBE500_Manipulator_Project/ws_2/install/velocity_kinematics_interfaces/share/velocity_kinematics_interfaces/cmake/export_velocity_kinematics_interfaces__rosidl_generator_pyExport-noconfig.cmake
[0.746s] -- Up-to-date: /root/RBE500_Manipulator_Project/ws_2/install/velocity_kinematics_interfaces/share/velocity_kinematics_interfaces/cmake/rosidl_cmake-extras.cmake
[0.746s] -- Up-to-date: /root/RBE500_Manipulator_Project/ws_2/install/velocity_kinematics_interfaces/share/velocity_kinematics_interfaces/cmake/ament_cmake_export_include_directories-extras.cmake
[0.746s] -- Up-to-date: /root/RBE500_Manipulator_Project/ws_2/install/velocity_kinematics_interfaces/share/velocity_kinematics_interfaces/cmake/ament_cmake_export_libraries-extras.cmake
[0.746s] -- Up-to-date: /root/RBE500_Manipulator_Project/ws_2/install/velocity_kinematics_interfaces/share/velocity_kinematics_interfaces/cmake/ament_cmake_export_targets-extras.cmake
[0.747s] -- Up-to-date: /root/RBE500_Manipulator_Project/ws_2/install/velocity_kinematics_interfaces/share/velocity_kinematics_interfaces/cmake/rosidl_cmake_export_typesupport_targets-extras.cmake
[0.747s] -- Up-to-date: /root/RBE500_Manipulator_Project/ws_2/install/velocity_kinematics_interfaces/share/velocity_kinematics_interfaces/cmake/ament_cmake_export_dependencies-extras.cmake
[0.747s] -- Up-to-date: /root/RBE500_Manipulator_Project/ws_2/install/velocity_kinematics_interfaces/share/velocity_kinematics_interfaces/cmake/rosidl_cmake_export_typesupport_libraries-extras.cmake
[0.747s] -- Up-to-date: /root/RBE500_Manipulator_Project/ws_2/install/velocity_kinematics_interfaces/share/velocity_kinematics_interfaces/cmake/velocity_kinematics_interfacesConfig.cmake
[0.747s] -- Up-to-date: /root/RBE500_Manipulator_Project/ws_2/install/velocity_kinematics_interfaces/share/velocity_kinematics_interfaces/cmake/velocity_kinematics_interfacesConfig-version.cmake
[0.748s] -- Up-to-date: /root/RBE500_Manipulator_Project/ws_2/install/velocity_kinematics_interfaces/share/velocity_kinematics_interfaces/package.xml
[0.749s] Invoked command in '/root/RBE500_Manipulator_Project/ws_2/build/velocity_kinematics_interfaces' returned '0': CMAKE_PREFIX_PATH=/opt/ros/humble /usr/bin/cmake --install /root/RBE500_Manipulator_Project/ws_2/build/velocity_kinematics_interfaces
