[0.005s] Invoking command in '/home/harmeet/rbe500_ws/build/robotis_manipulator': AMENT_PREFIX_PATH=/home/harmeet/rbe500_ws/install/cmake_modules:${AMENT_PREFIX_PATH} CMAKE_PREFIX_PATH=/home/harmeet/rbe500_ws/install/cmake_modules:/opt/ros/humble /usr/bin/cmake --build /home/harmeet/rbe500_ws/build/robotis_manipulator -- -j16 -l16
[0.042s] [100%] Built target robotis_manipulator
[0.050s] Invoked command in '/home/harmeet/rbe500_ws/build/robotis_manipulator' returned '0': AMENT_PREFIX_PATH=/home/harmeet/rbe500_ws/install/cmake_modules:${AMENT_PREFIX_PATH} CMAKE_PREFIX_PATH=/home/harmeet/rbe500_ws/install/cmake_modules:/opt/ros/humble /usr/bin/cmake --build /home/harmeet/rbe500_ws/build/robotis_manipulator -- -j16 -l16
[0.076s] Invoking command in '/home/harmeet/rbe500_ws/build/robotis_manipulator': AMENT_PREFIX_PATH=/home/harmeet/rbe500_ws/install/cmake_modules:${AMENT_PREFIX_PATH} CMAKE_PREFIX_PATH=/home/harmeet/rbe500_ws/install/cmake_modules:/opt/ros/humble /usr/bin/cmake --install /home/harmeet/rbe500_ws/build/robotis_manipulator
[0.081s] -- Install configuration: ""
[0.081s] -- Execute custom install script
[0.081s] -- Up-to-date symlink: /home/harmeet/rbe500_ws/install/robotis_manipulator/lib/librobotis_manipulator.so
[0.082s] -- Up-to-date symlink: /home/harmeet/rbe500_ws/install/robotis_manipulator/include//robotis_manipulator/robotis_manipulator.h
[0.082s] -- Up-to-date symlink: /home/harmeet/rbe500_ws/install/robotis_manipulator/include//robotis_manipulator/robotis_manipulator_common.h
[0.082s] -- Up-to-date symlink: /home/harmeet/rbe500_ws/install/robotis_manipulator/include//robotis_manipulator/robotis_manipulator_log.h
[0.082s] -- Up-to-date symlink: /home/harmeet/rbe500_ws/install/robotis_manipulator/include//robotis_manipulator/robotis_manipulator_manager.h
[0.082s] -- Up-to-date symlink: /home/harmeet/rbe500_ws/install/robotis_manipulator/include//robotis_manipulator/robotis_manipulator_math.h
[0.082s] -- Up-to-date symlink: /home/harmeet/rbe500_ws/install/robotis_manipulator/include//robotis_manipulator/robotis_manipulator_trajectory_generator.h
[0.083s] -- Up-to-date symlink: /home/harmeet/rbe500_ws/install/robotis_manipulator/share/robotis_manipulator/environment/library_path.sh
[0.083s] -- Up-to-date symlink: /home/harmeet/rbe500_ws/install/robotis_manipulator/share/robotis_manipulator/environment/library_path.dsv
[0.083s] -- Up-to-date symlink: /home/harmeet/rbe500_ws/install/robotis_manipulator/share/ament_index/resource_index/package_run_dependencies/robotis_manipulator
[0.083s] -- Up-to-date symlink: /home/harmeet/rbe500_ws/install/robotis_manipulator/share/ament_index/resource_index/parent_prefix_path/robotis_manipulator
[0.083s] -- Up-to-date symlink: /home/harmeet/rbe500_ws/install/robotis_manipulator/share/robotis_manipulator/environment/ament_prefix_path.sh
[0.083s] -- Up-to-date symlink: /home/harmeet/rbe500_ws/install/robotis_manipulator/share/robotis_manipulator/environment/ament_prefix_path.dsv
[0.083s] -- Up-to-date symlink: /home/harmeet/rbe500_ws/install/robotis_manipulator/share/robotis_manipulator/environment/path.sh
[0.083s] -- Up-to-date symlink: /home/harmeet/rbe500_ws/install/robotis_manipulator/share/robotis_manipulator/environment/path.dsv
[0.083s] -- Up-to-date symlink: /home/harmeet/rbe500_ws/install/robotis_manipulator/share/robotis_manipulator/local_setup.bash
[0.083s] -- Up-to-date symlink: /home/harmeet/rbe500_ws/install/robotis_manipulator/share/robotis_manipulator/local_setup.sh
[0.083s] -- Up-to-date symlink: /home/harmeet/rbe500_ws/install/robotis_manipulator/share/robotis_manipulator/local_setup.zsh
[0.083s] -- Up-to-date symlink: /home/harmeet/rbe500_ws/install/robotis_manipulator/share/robotis_manipulator/local_setup.dsv
[0.083s] -- Symlinking: /home/harmeet/rbe500_ws/install/robotis_manipulator/share/robotis_manipulator/package.dsv
[0.091s] -- Up-to-date symlink: /home/harmeet/rbe500_ws/install/robotis_manipulator/share/ament_index/resource_index/packages/robotis_manipulator
[0.091s] -- Up-to-date symlink: /home/harmeet/rbe500_ws/install/robotis_manipulator/share/robotis_manipulator/cmake/ament_cmake_export_include_directories-extras.cmake
[0.091s] -- Up-to-date symlink: /home/harmeet/rbe500_ws/install/robotis_manipulator/share/robotis_manipulator/cmake/ament_cmake_export_dependencies-extras.cmake
[0.091s] -- Up-to-date symlink: /home/harmeet/rbe500_ws/install/robotis_manipulator/share/robotis_manipulator/cmake/ament_cmake_export_libraries-extras.cmake
[0.091s] -- Up-to-date symlink: /home/harmeet/rbe500_ws/install/robotis_manipulator/share/robotis_manipulator/cmake/robotis_manipulatorConfig.cmake
[0.091s] -- Up-to-date symlink: /home/harmeet/rbe500_ws/install/robotis_manipulator/share/robotis_manipulator/cmake/robotis_manipulatorConfig-version.cmake
[0.091s] -- Up-to-date symlink: /home/harmeet/rbe500_ws/install/robotis_manipulator/share/robotis_manipulator/package.xml
[0.092s] Invoked command in '/home/harmeet/rbe500_ws/build/robotis_manipulator' returned '0': AMENT_PREFIX_PATH=/home/harmeet/rbe500_ws/install/cmake_modules:${AMENT_PREFIX_PATH} CMAKE_PREFIX_PATH=/home/harmeet/rbe500_ws/install/cmake_modules:/opt/ros/humble /usr/bin/cmake --install /home/harmeet/rbe500_ws/build/robotis_manipulator
