[0.022s] Invoking command in '/root/RBE500_Manipulator_Project/workspace/build/cmake_modules': CMAKE_PREFIX_PATH=/root/RBE500_Manipulator_Project/workspace/install/InverseKinematics:/root/RBE500_Manipulator_Project/workspace/install/ForwardKinematics:/opt/ros/humble /usr/bin/cmake /root/RBE500_Manipulator_Project/workspace/src/OpenManipulatorX_ROS2/open_manipulator_dependencies/cmake_modules -DAMENT_CMAKE_SYMLINK_INSTALL=1 -DCMAKE_INSTALL_PREFIX=/root/RBE500_Manipulator_Project/workspace/install/cmake_modules
[0.277s] -- Found ament_cmake: 1.3.10 (/opt/ros/humble/share/ament_cmake/cmake)
[0.277s] -- Override CMake install command with custom implementation using symlinks instead of copying resources
[0.278s] -- Configuring done
[0.278s] -- Generating done
[0.278s] -- Build files have been written to: /root/RBE500_Manipulator_Project/workspace/build/cmake_modules
[0.281s] Invoked command in '/root/RBE500_Manipulator_Project/workspace/build/cmake_modules' returned '0': CMAKE_PREFIX_PATH=/root/RBE500_Manipulator_Project/workspace/install/InverseKinematics:/root/RBE500_Manipulator_Project/workspace/install/ForwardKinematics:/opt/ros/humble /usr/bin/cmake /root/RBE500_Manipulator_Project/workspace/src/OpenManipulatorX_ROS2/open_manipulator_dependencies/cmake_modules -DAMENT_CMAKE_SYMLINK_INSTALL=1 -DCMAKE_INSTALL_PREFIX=/root/RBE500_Manipulator_Project/workspace/install/cmake_modules
[0.282s] Invoking command in '/root/RBE500_Manipulator_Project/workspace/build/cmake_modules': CMAKE_PREFIX_PATH=/root/RBE500_Manipulator_Project/workspace/install/InverseKinematics:/root/RBE500_Manipulator_Project/workspace/install/ForwardKinematics:/opt/ros/humble /usr/bin/cmake --build /root/RBE500_Manipulator_Project/workspace/build/cmake_modules -- -j12 -l12
[0.304s] Invoked command in '/root/RBE500_Manipulator_Project/workspace/build/cmake_modules' returned '0': CMAKE_PREFIX_PATH=/root/RBE500_Manipulator_Project/workspace/install/InverseKinematics:/root/RBE500_Manipulator_Project/workspace/install/ForwardKinematics:/opt/ros/humble /usr/bin/cmake --build /root/RBE500_Manipulator_Project/workspace/build/cmake_modules -- -j12 -l12
[0.328s] Invoking command in '/root/RBE500_Manipulator_Project/workspace/build/cmake_modules': CMAKE_PREFIX_PATH=/root/RBE500_Manipulator_Project/workspace/install/InverseKinematics:/root/RBE500_Manipulator_Project/workspace/install/ForwardKinematics:/opt/ros/humble /usr/bin/cmake --install /root/RBE500_Manipulator_Project/workspace/build/cmake_modules
[0.335s] -- Install configuration: ""
[0.335s] -- Execute custom install script
[0.336s] -- Symlinking: /root/RBE500_Manipulator_Project/workspace/install/cmake_modules/share/cmake_modules/cmake/Modules/FindGSL.cmake
[0.343s] -- Symlinking: /root/RBE500_Manipulator_Project/workspace/install/cmake_modules/share/cmake_modules/cmake/Modules/FindGflags.cmake
[0.350s] -- Symlinking: /root/RBE500_Manipulator_Project/workspace/install/cmake_modules/share/cmake_modules/cmake/Modules/FindNUMPY.cmake
[0.356s] -- Symlinking: /root/RBE500_Manipulator_Project/workspace/install/cmake_modules/share/cmake_modules/cmake/Modules/FindPoco.cmake
[0.364s] -- Symlinking: /root/RBE500_Manipulator_Project/workspace/install/cmake_modules/share/cmake_modules/cmake/Modules/FindTBB.cmake
[0.372s] -- Symlinking: /root/RBE500_Manipulator_Project/workspace/install/cmake_modules/share/cmake_modules/cmake/Modules/FindTinyXML.cmake
[0.380s] -- Symlinking: /root/RBE500_Manipulator_Project/workspace/install/cmake_modules/share/cmake_modules/cmake/Modules/FindTinyXML2.cmake
[0.388s] -- Symlinking: /root/RBE500_Manipulator_Project/workspace/install/cmake_modules/share/cmake_modules/cmake/Modules/FindUUID.cmake
[0.396s] -- Symlinking: /root/RBE500_Manipulator_Project/workspace/install/cmake_modules/share/cmake_modules/cmake/Modules/FindXenomai.cmake
[0.404s] -- Symlinking: /root/RBE500_Manipulator_Project/workspace/install/cmake_modules/share/ament_index/resource_index/package_run_dependencies/cmake_modules
[0.412s] -- Symlinking: /root/RBE500_Manipulator_Project/workspace/install/cmake_modules/share/ament_index/resource_index/parent_prefix_path/cmake_modules
[0.418s] -- Symlinking: /root/RBE500_Manipulator_Project/workspace/install/cmake_modules/share/cmake_modules/environment/ament_prefix_path.sh
[0.427s] -- Symlinking: /root/RBE500_Manipulator_Project/workspace/install/cmake_modules/share/cmake_modules/environment/ament_prefix_path.dsv
[0.433s] -- Symlinking: /root/RBE500_Manipulator_Project/workspace/install/cmake_modules/share/cmake_modules/environment/path.sh
[0.441s] -- Symlinking: /root/RBE500_Manipulator_Project/workspace/install/cmake_modules/share/cmake_modules/environment/path.dsv
[0.449s] -- Symlinking: /root/RBE500_Manipulator_Project/workspace/install/cmake_modules/share/cmake_modules/local_setup.bash
[0.456s] -- Symlinking: /root/RBE500_Manipulator_Project/workspace/install/cmake_modules/share/cmake_modules/local_setup.sh
[0.463s] -- Symlinking: /root/RBE500_Manipulator_Project/workspace/install/cmake_modules/share/cmake_modules/local_setup.zsh
[0.469s] -- Symlinking: /root/RBE500_Manipulator_Project/workspace/install/cmake_modules/share/cmake_modules/local_setup.dsv
[0.475s] -- Symlinking: /root/RBE500_Manipulator_Project/workspace/install/cmake_modules/share/cmake_modules/package.dsv
[0.482s] -- Symlinking: /root/RBE500_Manipulator_Project/workspace/install/cmake_modules/share/ament_index/resource_index/packages/cmake_modules
[0.488s] -- Symlinking: /root/RBE500_Manipulator_Project/workspace/install/cmake_modules/share/cmake_modules/cmake/cmake_modules-extras.cmake
[0.494s] -- Symlinking: /root/RBE500_Manipulator_Project/workspace/install/cmake_modules/share/cmake_modules/cmake/ament_cmake_export_dependencies-extras.cmake
[0.501s] -- Symlinking: /root/RBE500_Manipulator_Project/workspace/install/cmake_modules/share/cmake_modules/cmake/cmake_modulesConfig.cmake
[0.508s] -- Symlinking: /root/RBE500_Manipulator_Project/workspace/install/cmake_modules/share/cmake_modules/cmake/cmake_modulesConfig-version.cmake
[0.515s] -- Symlinking: /root/RBE500_Manipulator_Project/workspace/install/cmake_modules/share/cmake_modules/package.xml
[0.526s] Invoked command in '/root/RBE500_Manipulator_Project/workspace/build/cmake_modules' returned '0': CMAKE_PREFIX_PATH=/root/RBE500_Manipulator_Project/workspace/install/InverseKinematics:/root/RBE500_Manipulator_Project/workspace/install/ForwardKinematics:/opt/ros/humble /usr/bin/cmake --install /root/RBE500_Manipulator_Project/workspace/build/cmake_modules
