running egg_info
creating ../../build/rbe500_example_py/rbe500_py.egg-info
writing ../../build/rbe500_example_py/rbe500_py.egg-info/PKG-INFO
writing dependency_links to ../../build/rbe500_example_py/rbe500_py.egg-info/dependency_links.txt
writing entry points to ../../build/rbe500_example_py/rbe500_py.egg-info/entry_points.txt
writing requirements to ../../build/rbe500_example_py/rbe500_py.egg-info/requires.txt
writing top-level names to ../../build/rbe500_example_py/rbe500_py.egg-info/top_level.txt
writing manifest file '../../build/rbe500_example_py/rbe500_py.egg-info/SOURCES.txt'
reading manifest file '../../build/rbe500_example_py/rbe500_py.egg-info/SOURCES.txt'
writing manifest file '../../build/rbe500_example_py/rbe500_py.egg-info/SOURCES.txt'
running build
running build_py
creating /home/harmeet/rbe500_ws/build/rbe500_example_py/build/lib/rbe500_py
copying rbe500_py/__init__.py -> /home/harmeet/rbe500_ws/build/rbe500_example_py/build/lib/rbe500_py
copying rbe500_py/inverse_sol.py -> /home/harmeet/rbe500_ws/build/rbe500_example_py/build/lib/rbe500_py
copying rbe500_py/example.py -> /home/harmeet/rbe500_ws/build/rbe500_example_py/build/lib/rbe500_py
copying rbe500_py/basic_robot_forward.py -> /home/harmeet/rbe500_ws/build/rbe500_example_py/build/lib/rbe500_py
running install
running install_lib
creating /home/harmeet/rbe500_ws/install/rbe500_example_py/lib/python3.10/site-packages/rbe500_py
copying /home/harmeet/rbe500_ws/build/rbe500_example_py/build/lib/rbe500_py/__init__.py -> /home/harmeet/rbe500_ws/install/rbe500_example_py/lib/python3.10/site-packages/rbe500_py
copying /home/harmeet/rbe500_ws/build/rbe500_example_py/build/lib/rbe500_py/inverse_sol.py -> /home/harmeet/rbe500_ws/install/rbe500_example_py/lib/python3.10/site-packages/rbe500_py
copying /home/harmeet/rbe500_ws/build/rbe500_example_py/build/lib/rbe500_py/example.py -> /home/harmeet/rbe500_ws/install/rbe500_example_py/lib/python3.10/site-packages/rbe500_py
copying /home/harmeet/rbe500_ws/build/rbe500_example_py/build/lib/rbe500_py/basic_robot_forward.py -> /home/harmeet/rbe500_ws/install/rbe500_example_py/lib/python3.10/site-packages/rbe500_py
byte-compiling /home/harmeet/rbe500_ws/install/rbe500_example_py/lib/python3.10/site-packages/rbe500_py/__init__.py to __init__.cpython-310.pyc
byte-compiling /home/harmeet/rbe500_ws/install/rbe500_example_py/lib/python3.10/site-packages/rbe500_py/inverse_sol.py to inverse_sol.cpython-310.pyc
byte-compiling /home/harmeet/rbe500_ws/install/rbe500_example_py/lib/python3.10/site-packages/rbe500_py/example.py to example.cpython-310.pyc
byte-compiling /home/harmeet/rbe500_ws/install/rbe500_example_py/lib/python3.10/site-packages/rbe500_py/basic_robot_forward.py to basic_robot_forward.cpython-310.pyc
running install_data
error: can't copy 'resource/rbe500_py': doesn't exist or not a regular file
