-- Found ament_cmake: 1.3.10 (/opt/ros/humble/share/ament_cmake/cmake)
-- Found ament_lint_auto: 0.12.11 (/opt/ros/humble/share/ament_lint_auto/cmake)
-- Found rclcpp: 16.0.10 (/opt/ros/humble/share/rclcpp/cmake)
-- Found rosidl_generator_c: 3.1.5 (/opt/ros/humble/share/rosidl_generator_c/cmake)
-- Found rosidl_adapter: 3.1.5 (/opt/ros/humble/share/rosidl_adapter/cmake)
-- Found rosidl_generator_cpp: 3.1.5 (/opt/ros/humble/share/rosidl_generator_cpp/cmake)
-- Using all available rosidl_typesupport_c: rosidl_typesupport_fastrtps_c;rosidl_typesupport_introspection_c
-- Using all available rosidl_typesupport_cpp: rosidl_typesupport_fastrtps_cpp;rosidl_typesupport_introspection_cpp
-- Found rmw_implementation_cmake: 6.1.2 (/opt/ros/humble/share/rmw_implementation_cmake/cmake)
-- Found rmw_fastrtps_cpp: 6.2.7 (/opt/ros/humble/share/rmw_fastrtps_cpp/cmake)
-- Using RMW implementation 'rmw_fastrtps_cpp' as default
-- Found rosidl_default_generators: 1.2.0 (/opt/ros/humble/share/rosidl_default_generators/cmake)
-- Found ament_cmake_ros: 0.10.0 (/opt/ros/humble/share/ament_cmake_ros/cmake)
-- Using all available rosidl_typesupport_c: rosidl_typesupport_fastrtps_c;rosidl_typesupport_introspection_c
-- Using all available rosidl_typesupport_cpp: rosidl_typesupport_fastrtps_cpp;rosidl_typesupport_introspection_cpp
-- Found PythonInterp: /usr/bin/python3 (found suitable version "3.10.12", minimum required is "3.6") 
-- Found python_cmake_module: 0.10.0 (/opt/ros/humble/share/python_cmake_module/cmake)
-- Found PythonLibs: /usr/lib/x86_64-linux-gnu/libpython3.10.so (found suitable version "3.10.12", minimum required is "3.5") 
-- Using PYTHON_EXECUTABLE: /usr/bin/python3
-- Using PYTHON_INCLUDE_DIRS: /usr/include/python3.10
-- Using PYTHON_LIBRARIES: /usr/lib/x86_64-linux-gnu/libpython3.10.so
-- Found PythonExtra: .so  
-- Added test 'lint_cmake' to check CMake code style
-- Added test 'xmllint' to check XML markup files
-- Configuring done
-- Generating done
-- Build files have been written to: /home/harmeet/rbe500_ws/build/inversekinematics_interfaces
[  3%] [34m[1mGenerating C code for ROS interfaces[0m
[  6%] [34m[1mGenerating C++ code for ROS interfaces[0m
[  6%] Built target ament_cmake_python_copy_inversekinematics_interfaces
running egg_info
creating inversekinematics_interfaces.egg-info
writing inversekinematics_interfaces.egg-info/PKG-INFO
writing dependency_links to inversekinematics_interfaces.egg-info/dependency_links.txt
writing top-level names to inversekinematics_interfaces.egg-info/top_level.txt
writing manifest file 'inversekinematics_interfaces.egg-info/SOURCES.txt'
reading manifest file 'inversekinematics_interfaces.egg-info/SOURCES.txt'
writing manifest file 'inversekinematics_interfaces.egg-info/SOURCES.txt'
[  6%] Built target ament_cmake_python_build_inversekinematics_interfaces_egg
[  6%] Built target inversekinematics_interfaces__cpp
[  9%] [32mBuilding C object CMakeFiles/inversekinematics_interfaces__rosidl_generator_c.dir/rosidl_generator_c/inversekinematics_interfaces/srv/detail/inverse_kinematics_pose__functions.c.o[0m
[ 12%] [34m[1mGenerating C++ type support dispatch for ROS interfaces[0m
[ 16%] [34m[1mGenerating C++ type support for eProsima Fast-RTPS[0m
[ 19%] [34m[1mGenerating C++ introspection for ROS interfaces[0m
[ 22%] [32m[1mLinking C shared library libinversekinematics_interfaces__rosidl_generator_c.so[0m
[ 22%] Built target inversekinematics_interfaces__rosidl_generator_c
[ 32%] [34m[1mGenerating C type support for eProsima Fast-RTPS[0m
[ 32%] [34m[1mGenerating C introspection for ROS interfaces[0m
[ 32%] [34m[1mGenerating C type support dispatch for ROS interfaces[0m
[ 35%] [32mBuilding CXX object CMakeFiles/inversekinematics_interfaces__rosidl_typesupport_cpp.dir/rosidl_typesupport_cpp/inversekinematics_interfaces/srv/inverse_kinematics_pose__type_support.cpp.o[0m
[ 38%] [32mBuilding CXX object CMakeFiles/inversekinematics_interfaces__rosidl_typesupport_introspection_cpp.dir/rosidl_typesupport_introspection_cpp/inversekinematics_interfaces/srv/detail/inverse_kinematics_pose__type_support.cpp.o[0m
[ 41%] [32mBuilding CXX object CMakeFiles/inversekinematics_interfaces__rosidl_typesupport_fastrtps_cpp.dir/rosidl_typesupport_fastrtps_cpp/inversekinematics_interfaces/srv/detail/dds_fastrtps/inverse_kinematics_pose__type_support.cpp.o[0m
[ 45%] [32mBuilding CXX object CMakeFiles/inversekinematics_interfaces__rosidl_typesupport_c.dir/rosidl_typesupport_c/inversekinematics_interfaces/srv/inverse_kinematics_pose__type_support.cpp.o[0m
[ 48%] [32mBuilding C object CMakeFiles/inversekinematics_interfaces__rosidl_typesupport_introspection_c.dir/rosidl_typesupport_introspection_c/inversekinematics_interfaces/srv/detail/inverse_kinematics_pose__type_support.c.o[0m
[ 51%] [32mBuilding CXX object CMakeFiles/inversekinematics_interfaces__rosidl_typesupport_fastrtps_c.dir/rosidl_typesupport_fastrtps_c/inversekinematics_interfaces/srv/detail/inverse_kinematics_pose__type_support_c.cpp.o[0m
[ 54%] [32m[1mLinking C shared library libinversekinematics_interfaces__rosidl_typesupport_introspection_c.so[0m
[ 54%] Built target inversekinematics_interfaces__rosidl_typesupport_introspection_c
[ 58%] [32m[1mLinking CXX shared library libinversekinematics_interfaces__rosidl_typesupport_c.so[0m
[ 58%] Built target inversekinematics_interfaces__rosidl_typesupport_c
[ 61%] [32m[1mLinking CXX shared library libinversekinematics_interfaces__rosidl_typesupport_cpp.so[0m
[ 61%] Built target inversekinematics_interfaces__rosidl_typesupport_cpp
[ 67%] [32m[1mLinking CXX shared library libinversekinematics_interfaces__rosidl_typesupport_fastrtps_c.so[0m
[ 67%] [32m[1mLinking CXX shared library libinversekinematics_interfaces__rosidl_typesupport_introspection_cpp.so[0m
[ 70%] Built target inversekinematics_interfaces__rosidl_typesupport_introspection_cpp
[ 70%] [32m[1mLinking CXX shared library libinversekinematics_interfaces__rosidl_typesupport_fastrtps_cpp.so[0m
[ 70%] Built target inversekinematics_interfaces__rosidl_typesupport_fastrtps_c
[ 70%] Built target inversekinematics_interfaces__rosidl_typesupport_fastrtps_cpp
[ 70%] Built target inversekinematics_interfaces
[ 74%] [34m[1mGenerating Python code for ROS interfaces[0m
[ 74%] Built target inversekinematics_interfaces__py
[ 77%] [32mBuilding C object CMakeFiles/inversekinematics_interfaces__rosidl_generator_py.dir/rosidl_generator_py/inversekinematics_interfaces/srv/_inverse_kinematics_pose_s.c.o[0m
[ 80%] [32m[1mLinking C shared library rosidl_generator_py/inversekinematics_interfaces/libinversekinematics_interfaces__rosidl_generator_py.so[0m
[ 80%] Built target inversekinematics_interfaces__rosidl_generator_py
[ 87%] [32mBuilding C object CMakeFiles/inversekinematics_interfaces__rosidl_typesupport_introspection_c__pyext.dir/rosidl_generator_py/inversekinematics_interfaces/_inversekinematics_interfaces_s.ep.rosidl_typesupport_introspection_c.c.o[0m
[ 87%] [32mBuilding C object CMakeFiles/inversekinematics_interfaces__rosidl_typesupport_c__pyext.dir/rosidl_generator_py/inversekinematics_interfaces/_inversekinematics_interfaces_s.ep.rosidl_typesupport_c.c.o[0m
[ 90%] [32mBuilding C object CMakeFiles/inversekinematics_interfaces__rosidl_typesupport_fastrtps_c__pyext.dir/rosidl_generator_py/inversekinematics_interfaces/_inversekinematics_interfaces_s.ep.rosidl_typesupport_fastrtps_c.c.o[0m
[100%] [32m[1mLinking C shared library rosidl_generator_py/inversekinematics_interfaces/inversekinematics_interfaces_s__rosidl_typesupport_fastrtps_c.cpython-310-x86_64-linux-gnu.so[0m
[100%] [32m[1mLinking C shared library rosidl_generator_py/inversekinematics_interfaces/inversekinematics_interfaces_s__rosidl_typesupport_c.cpython-310-x86_64-linux-gnu.so[0m
[100%] [32m[1mLinking C shared library rosidl_generator_py/inversekinematics_interfaces/inversekinematics_interfaces_s__rosidl_typesupport_introspection_c.cpython-310-x86_64-linux-gnu.so[0m
[100%] Built target inversekinematics_interfaces__rosidl_typesupport_introspection_c__pyext
[100%] Built target inversekinematics_interfaces__rosidl_typesupport_c__pyext
[100%] Built target inversekinematics_interfaces__rosidl_typesupport_fastrtps_c__pyext
-- Install configuration: ""
-- Installing: /home/harmeet/rbe500_ws/install/inversekinematics_interfaces/share/ament_index/resource_index/rosidl_interfaces/inversekinematics_interfaces
-- Installing: /home/harmeet/rbe500_ws/install/inversekinematics_interfaces/include/inversekinematics_interfaces/inversekinematics_interfaces
-- Installing: /home/harmeet/rbe500_ws/install/inversekinematics_interfaces/include/inversekinematics_interfaces/inversekinematics_interfaces/srv
-- Installing: /home/harmeet/rbe500_ws/install/inversekinematics_interfaces/include/inversekinematics_interfaces/inversekinematics_interfaces/srv/detail
-- Installing: /home/harmeet/rbe500_ws/install/inversekinematics_interfaces/include/inversekinematics_interfaces/inversekinematics_interfaces/srv/detail/inverse_kinematics_pose__struct.h
-- Installing: /home/harmeet/rbe500_ws/install/inversekinematics_interfaces/include/inversekinematics_interfaces/inversekinematics_interfaces/srv/detail/inverse_kinematics_pose__functions.h
-- Installing: /home/harmeet/rbe500_ws/install/inversekinematics_interfaces/include/inversekinematics_interfaces/inversekinematics_interfaces/srv/detail/inverse_kinematics_pose__type_support.h
-- Installing: /home/harmeet/rbe500_ws/install/inversekinematics_interfaces/include/inversekinematics_interfaces/inversekinematics_interfaces/srv/detail/inverse_kinematics_pose__functions.c
-- Installing: /home/harmeet/rbe500_ws/install/inversekinematics_interfaces/include/inversekinematics_interfaces/inversekinematics_interfaces/srv/inverse_kinematics_pose.h
-- Installing: /home/harmeet/rbe500_ws/install/inversekinematics_interfaces/include/inversekinematics_interfaces/inversekinematics_interfaces/msg
-- Installing: /home/harmeet/rbe500_ws/install/inversekinematics_interfaces/include/inversekinematics_interfaces/inversekinematics_interfaces/msg/rosidl_generator_c__visibility_control.h
-- Installing: /home/harmeet/rbe500_ws/install/inversekinematics_interfaces/share/inversekinematics_interfaces/environment/library_path.sh
-- Installing: /home/harmeet/rbe500_ws/install/inversekinematics_interfaces/share/inversekinematics_interfaces/environment/library_path.dsv
-- Installing: /home/harmeet/rbe500_ws/install/inversekinematics_interfaces/lib/libinversekinematics_interfaces__rosidl_generator_c.so
-- Set runtime path of "/home/harmeet/rbe500_ws/install/inversekinematics_interfaces/lib/libinversekinematics_interfaces__rosidl_generator_c.so" to ""
-- Up-to-date: /home/harmeet/rbe500_ws/install/inversekinematics_interfaces/include/inversekinematics_interfaces/inversekinematics_interfaces
-- Up-to-date: /home/harmeet/rbe500_ws/install/inversekinematics_interfaces/include/inversekinematics_interfaces/inversekinematics_interfaces/srv
-- Up-to-date: /home/harmeet/rbe500_ws/install/inversekinematics_interfaces/include/inversekinematics_interfaces/inversekinematics_interfaces/srv/detail
-- Installing: /home/harmeet/rbe500_ws/install/inversekinematics_interfaces/include/inversekinematics_interfaces/inversekinematics_interfaces/srv/detail/inverse_kinematics_pose__rosidl_typesupport_fastrtps_c.h
-- Up-to-date: /home/harmeet/rbe500_ws/install/inversekinematics_interfaces/include/inversekinematics_interfaces/inversekinematics_interfaces/msg
-- Installing: /home/harmeet/rbe500_ws/install/inversekinematics_interfaces/include/inversekinematics_interfaces/inversekinematics_interfaces/msg/rosidl_typesupport_fastrtps_c__visibility_control.h
-- Installing: /home/harmeet/rbe500_ws/install/inversekinematics_interfaces/lib/libinversekinematics_interfaces__rosidl_typesupport_fastrtps_c.so
-- Set runtime path of "/home/harmeet/rbe500_ws/install/inversekinematics_interfaces/lib/libinversekinematics_interfaces__rosidl_typesupport_fastrtps_c.so" to ""
-- Up-to-date: /home/harmeet/rbe500_ws/install/inversekinematics_interfaces/include/inversekinematics_interfaces/inversekinematics_interfaces
-- Up-to-date: /home/harmeet/rbe500_ws/install/inversekinematics_interfaces/include/inversekinematics_interfaces/inversekinematics_interfaces/srv
-- Up-to-date: /home/harmeet/rbe500_ws/install/inversekinematics_interfaces/include/inversekinematics_interfaces/inversekinematics_interfaces/srv/detail
-- Installing: /home/harmeet/rbe500_ws/install/inversekinematics_interfaces/include/inversekinematics_interfaces/inversekinematics_interfaces/srv/detail/inverse_kinematics_pose__struct.hpp
-- Installing: /home/harmeet/rbe500_ws/install/inversekinematics_interfaces/include/inversekinematics_interfaces/inversekinematics_interfaces/srv/detail/inverse_kinematics_pose__builder.hpp
-- Installing: /home/harmeet/rbe500_ws/install/inversekinematics_interfaces/include/inversekinematics_interfaces/inversekinematics_interfaces/srv/detail/inverse_kinematics_pose__traits.hpp
-- Installing: /home/harmeet/rbe500_ws/install/inversekinematics_interfaces/include/inversekinematics_interfaces/inversekinematics_interfaces/srv/inverse_kinematics_pose.hpp
-- Up-to-date: /home/harmeet/rbe500_ws/install/inversekinematics_interfaces/include/inversekinematics_interfaces/inversekinematics_interfaces
-- Up-to-date: /home/harmeet/rbe500_ws/install/inversekinematics_interfaces/include/inversekinematics_interfaces/inversekinematics_interfaces/srv
-- Up-to-date: /home/harmeet/rbe500_ws/install/inversekinematics_interfaces/include/inversekinematics_interfaces/inversekinematics_interfaces/srv/detail
-- Installing: /home/harmeet/rbe500_ws/install/inversekinematics_interfaces/include/inversekinematics_interfaces/inversekinematics_interfaces/srv/detail/dds_fastrtps
-- Installing: /home/harmeet/rbe500_ws/install/inversekinematics_interfaces/include/inversekinematics_interfaces/inversekinematics_interfaces/srv/detail/inverse_kinematics_pose__rosidl_typesupport_fastrtps_cpp.hpp
-- Up-to-date: /home/harmeet/rbe500_ws/install/inversekinematics_interfaces/include/inversekinematics_interfaces/inversekinematics_interfaces/msg
-- Installing: /home/harmeet/rbe500_ws/install/inversekinematics_interfaces/include/inversekinematics_interfaces/inversekinematics_interfaces/msg/rosidl_typesupport_fastrtps_cpp__visibility_control.h
-- Installing: /home/harmeet/rbe500_ws/install/inversekinematics_interfaces/lib/libinversekinematics_interfaces__rosidl_typesupport_fastrtps_cpp.so
-- Set runtime path of "/home/harmeet/rbe500_ws/install/inversekinematics_interfaces/lib/libinversekinematics_interfaces__rosidl_typesupport_fastrtps_cpp.so" to ""
-- Up-to-date: /home/harmeet/rbe500_ws/install/inversekinematics_interfaces/include/inversekinematics_interfaces/inversekinematics_interfaces
-- Up-to-date: /home/harmeet/rbe500_ws/install/inversekinematics_interfaces/include/inversekinematics_interfaces/inversekinematics_interfaces/srv
-- Up-to-date: /home/harmeet/rbe500_ws/install/inversekinematics_interfaces/include/inversekinematics_interfaces/inversekinematics_interfaces/srv/detail
-- Installing: /home/harmeet/rbe500_ws/install/inversekinematics_interfaces/include/inversekinematics_interfaces/inversekinematics_interfaces/srv/detail/inverse_kinematics_pose__rosidl_typesupport_introspection_c.h
-- Installing: /home/harmeet/rbe500_ws/install/inversekinematics_interfaces/include/inversekinematics_interfaces/inversekinematics_interfaces/srv/detail/inverse_kinematics_pose__type_support.c
-- Up-to-date: /home/harmeet/rbe500_ws/install/inversekinematics_interfaces/include/inversekinematics_interfaces/inversekinematics_interfaces/msg
-- Installing: /home/harmeet/rbe500_ws/install/inversekinematics_interfaces/include/inversekinematics_interfaces/inversekinematics_interfaces/msg/rosidl_typesupport_introspection_c__visibility_control.h
-- Installing: /home/harmeet/rbe500_ws/install/inversekinematics_interfaces/lib/libinversekinematics_interfaces__rosidl_typesupport_introspection_c.so
-- Set runtime path of "/home/harmeet/rbe500_ws/install/inversekinematics_interfaces/lib/libinversekinematics_interfaces__rosidl_typesupport_introspection_c.so" to ""
-- Installing: /home/harmeet/rbe500_ws/install/inversekinematics_interfaces/lib/libinversekinematics_interfaces__rosidl_typesupport_c.so
-- Set runtime path of "/home/harmeet/rbe500_ws/install/inversekinematics_interfaces/lib/libinversekinematics_interfaces__rosidl_typesupport_c.so" to ""
-- Up-to-date: /home/harmeet/rbe500_ws/install/inversekinematics_interfaces/include/inversekinematics_interfaces/inversekinematics_interfaces
-- Up-to-date: /home/harmeet/rbe500_ws/install/inversekinematics_interfaces/include/inversekinematics_interfaces/inversekinematics_interfaces/srv
-- Up-to-date: /home/harmeet/rbe500_ws/install/inversekinematics_interfaces/include/inversekinematics_interfaces/inversekinematics_interfaces/srv/detail
-- Installing: /home/harmeet/rbe500_ws/install/inversekinematics_interfaces/include/inversekinematics_interfaces/inversekinematics_interfaces/srv/detail/inverse_kinematics_pose__type_support.cpp
-- Installing: /home/harmeet/rbe500_ws/install/inversekinematics_interfaces/include/inversekinematics_interfaces/inversekinematics_interfaces/srv/detail/inverse_kinematics_pose__rosidl_typesupport_introspection_cpp.hpp
-- Installing: /home/harmeet/rbe500_ws/install/inversekinematics_interfaces/lib/libinversekinematics_interfaces__rosidl_typesupport_introspection_cpp.so
-- Set runtime path of "/home/harmeet/rbe500_ws/install/inversekinematics_interfaces/lib/libinversekinematics_interfaces__rosidl_typesupport_introspection_cpp.so" to ""
-- Installing: /home/harmeet/rbe500_ws/install/inversekinematics_interfaces/lib/libinversekinematics_interfaces__rosidl_typesupport_cpp.so
-- Set runtime path of "/home/harmeet/rbe500_ws/install/inversekinematics_interfaces/lib/libinversekinematics_interfaces__rosidl_typesupport_cpp.so" to ""
-- Installing: /home/harmeet/rbe500_ws/install/inversekinematics_interfaces/share/inversekinematics_interfaces/environment/pythonpath.sh
-- Installing: /home/harmeet/rbe500_ws/install/inversekinematics_interfaces/share/inversekinematics_interfaces/environment/pythonpath.dsv
-- Installing: /home/harmeet/rbe500_ws/install/inversekinematics_interfaces/local/lib/python3.10/dist-packages/inversekinematics_interfaces-0.0.0-py3.10.egg-info
-- Installing: /home/harmeet/rbe500_ws/install/inversekinematics_interfaces/local/lib/python3.10/dist-packages/inversekinematics_interfaces-0.0.0-py3.10.egg-info/top_level.txt
-- Installing: /home/harmeet/rbe500_ws/install/inversekinematics_interfaces/local/lib/python3.10/dist-packages/inversekinematics_interfaces-0.0.0-py3.10.egg-info/SOURCES.txt
-- Installing: /home/harmeet/rbe500_ws/install/inversekinematics_interfaces/local/lib/python3.10/dist-packages/inversekinematics_interfaces-0.0.0-py3.10.egg-info/PKG-INFO
-- Installing: /home/harmeet/rbe500_ws/install/inversekinematics_interfaces/local/lib/python3.10/dist-packages/inversekinematics_interfaces-0.0.0-py3.10.egg-info/dependency_links.txt
-- Installing: /home/harmeet/rbe500_ws/install/inversekinematics_interfaces/local/lib/python3.10/dist-packages/inversekinematics_interfaces
-- Installing: /home/harmeet/rbe500_ws/install/inversekinematics_interfaces/local/lib/python3.10/dist-packages/inversekinematics_interfaces/_inversekinematics_interfaces_s.ep.rosidl_typesupport_c.c
-- Installing: /home/harmeet/rbe500_ws/install/inversekinematics_interfaces/local/lib/python3.10/dist-packages/inversekinematics_interfaces/__init__.py
-- Installing: /home/harmeet/rbe500_ws/install/inversekinematics_interfaces/local/lib/python3.10/dist-packages/inversekinematics_interfaces/inversekinematics_interfaces_s__rosidl_typesupport_c.cpython-310-x86_64-linux-gnu.so
-- Installing: /home/harmeet/rbe500_ws/install/inversekinematics_interfaces/local/lib/python3.10/dist-packages/inversekinematics_interfaces/srv
-- Installing: /home/harmeet/rbe500_ws/install/inversekinematics_interfaces/local/lib/python3.10/dist-packages/inversekinematics_interfaces/srv/__init__.py
-- Installing: /home/harmeet/rbe500_ws/install/inversekinematics_interfaces/local/lib/python3.10/dist-packages/inversekinematics_interfaces/srv/_inverse_kinematics_pose_s.c
-- Installing: /home/harmeet/rbe500_ws/install/inversekinematics_interfaces/local/lib/python3.10/dist-packages/inversekinematics_interfaces/srv/_inverse_kinematics_pose.py
-- Installing: /home/harmeet/rbe500_ws/install/inversekinematics_interfaces/local/lib/python3.10/dist-packages/inversekinematics_interfaces/inversekinematics_interfaces_s__rosidl_typesupport_fastrtps_c.cpython-310-x86_64-linux-gnu.so
-- Installing: /home/harmeet/rbe500_ws/install/inversekinematics_interfaces/local/lib/python3.10/dist-packages/inversekinematics_interfaces/_inversekinematics_interfaces_s.ep.rosidl_typesupport_introspection_c.c
-- Installing: /home/harmeet/rbe500_ws/install/inversekinematics_interfaces/local/lib/python3.10/dist-packages/inversekinematics_interfaces/libinversekinematics_interfaces__rosidl_generator_py.so
-- Installing: /home/harmeet/rbe500_ws/install/inversekinematics_interfaces/local/lib/python3.10/dist-packages/inversekinematics_interfaces/inversekinematics_interfaces_s__rosidl_typesupport_introspection_c.cpython-310-x86_64-linux-gnu.so
-- Installing: /home/harmeet/rbe500_ws/install/inversekinematics_interfaces/local/lib/python3.10/dist-packages/inversekinematics_interfaces/_inversekinematics_interfaces_s.ep.rosidl_typesupport_fastrtps_c.c
Listing '/home/harmeet/rbe500_ws/install/inversekinematics_interfaces/local/lib/python3.10/dist-packages/inversekinematics_interfaces'...
Compiling '/home/harmeet/rbe500_ws/install/inversekinematics_interfaces/local/lib/python3.10/dist-packages/inversekinematics_interfaces/__init__.py'...
Listing '/home/harmeet/rbe500_ws/install/inversekinematics_interfaces/local/lib/python3.10/dist-packages/inversekinematics_interfaces/srv'...
Compiling '/home/harmeet/rbe500_ws/install/inversekinematics_interfaces/local/lib/python3.10/dist-packages/inversekinematics_interfaces/srv/__init__.py'...
Compiling '/home/harmeet/rbe500_ws/install/inversekinematics_interfaces/local/lib/python3.10/dist-packages/inversekinematics_interfaces/srv/_inverse_kinematics_pose.py'...
-- Installing: /home/harmeet/rbe500_ws/install/inversekinematics_interfaces/local/lib/python3.10/dist-packages/inversekinematics_interfaces/inversekinematics_interfaces_s__rosidl_typesupport_fastrtps_c.cpython-310-x86_64-linux-gnu.so
-- Set runtime path of "/home/harmeet/rbe500_ws/install/inversekinematics_interfaces/local/lib/python3.10/dist-packages/inversekinematics_interfaces/inversekinematics_interfaces_s__rosidl_typesupport_fastrtps_c.cpython-310-x86_64-linux-gnu.so" to ""
-- Installing: /home/harmeet/rbe500_ws/install/inversekinematics_interfaces/local/lib/python3.10/dist-packages/inversekinematics_interfaces/inversekinematics_interfaces_s__rosidl_typesupport_introspection_c.cpython-310-x86_64-linux-gnu.so
-- Set runtime path of "/home/harmeet/rbe500_ws/install/inversekinematics_interfaces/local/lib/python3.10/dist-packages/inversekinematics_interfaces/inversekinematics_interfaces_s__rosidl_typesupport_introspection_c.cpython-310-x86_64-linux-gnu.so" to ""
-- Installing: /home/harmeet/rbe500_ws/install/inversekinematics_interfaces/local/lib/python3.10/dist-packages/inversekinematics_interfaces/inversekinematics_interfaces_s__rosidl_typesupport_c.cpython-310-x86_64-linux-gnu.so
-- Set runtime path of "/home/harmeet/rbe500_ws/install/inversekinematics_interfaces/local/lib/python3.10/dist-packages/inversekinematics_interfaces/inversekinematics_interfaces_s__rosidl_typesupport_c.cpython-310-x86_64-linux-gnu.so" to ""
-- Installing: /home/harmeet/rbe500_ws/install/inversekinematics_interfaces/lib/libinversekinematics_interfaces__rosidl_generator_py.so
-- Set runtime path of "/home/harmeet/rbe500_ws/install/inversekinematics_interfaces/lib/libinversekinematics_interfaces__rosidl_generator_py.so" to ""
-- Installing: /home/harmeet/rbe500_ws/install/inversekinematics_interfaces/share/inversekinematics_interfaces/srv/InverseKinematicsPose.idl
-- Installing: /home/harmeet/rbe500_ws/install/inversekinematics_interfaces/share/inversekinematics_interfaces/inversekinematics_interfaces/InverseKinematicsPose.srv
-- Installing: /home/harmeet/rbe500_ws/install/inversekinematics_interfaces/share/inversekinematics_interfaces/rosidl_cmake/InverseKinematicsPose_Request.msg
-- Installing: /home/harmeet/rbe500_ws/install/inversekinematics_interfaces/share/inversekinematics_interfaces/rosidl_cmake/InverseKinematicsPose_Response.msg
-- Installing: /home/harmeet/rbe500_ws/install/inversekinematics_interfaces/share/ament_index/resource_index/package_run_dependencies/inversekinematics_interfaces
-- Installing: /home/harmeet/rbe500_ws/install/inversekinematics_interfaces/share/ament_index/resource_index/parent_prefix_path/inversekinematics_interfaces
-- Installing: /home/harmeet/rbe500_ws/install/inversekinematics_interfaces/share/inversekinematics_interfaces/environment/ament_prefix_path.sh
-- Installing: /home/harmeet/rbe500_ws/install/inversekinematics_interfaces/share/inversekinematics_interfaces/environment/ament_prefix_path.dsv
-- Installing: /home/harmeet/rbe500_ws/install/inversekinematics_interfaces/share/inversekinematics_interfaces/environment/path.sh
-- Installing: /home/harmeet/rbe500_ws/install/inversekinematics_interfaces/share/inversekinematics_interfaces/environment/path.dsv
-- Installing: /home/harmeet/rbe500_ws/install/inversekinematics_interfaces/share/inversekinematics_interfaces/local_setup.bash
-- Installing: /home/harmeet/rbe500_ws/install/inversekinematics_interfaces/share/inversekinematics_interfaces/local_setup.sh
-- Installing: /home/harmeet/rbe500_ws/install/inversekinematics_interfaces/share/inversekinematics_interfaces/local_setup.zsh
-- Installing: /home/harmeet/rbe500_ws/install/inversekinematics_interfaces/share/inversekinematics_interfaces/local_setup.dsv
-- Installing: /home/harmeet/rbe500_ws/install/inversekinematics_interfaces/share/inversekinematics_interfaces/package.dsv
-- Installing: /home/harmeet/rbe500_ws/install/inversekinematics_interfaces/share/ament_index/resource_index/packages/inversekinematics_interfaces
-- Installing: /home/harmeet/rbe500_ws/install/inversekinematics_interfaces/share/inversekinematics_interfaces/cmake/export_inversekinematics_interfaces__rosidl_generator_cExport.cmake
-- Installing: /home/harmeet/rbe500_ws/install/inversekinematics_interfaces/share/inversekinematics_interfaces/cmake/export_inversekinematics_interfaces__rosidl_generator_cExport-noconfig.cmake
-- Installing: /home/harmeet/rbe500_ws/install/inversekinematics_interfaces/share/inversekinematics_interfaces/cmake/export_inversekinematics_interfaces__rosidl_typesupport_fastrtps_cExport.cmake
-- Installing: /home/harmeet/rbe500_ws/install/inversekinematics_interfaces/share/inversekinematics_interfaces/cmake/export_inversekinematics_interfaces__rosidl_typesupport_fastrtps_cExport-noconfig.cmake
-- Installing: /home/harmeet/rbe500_ws/install/inversekinematics_interfaces/share/inversekinematics_interfaces/cmake/export_inversekinematics_interfaces__rosidl_generator_cppExport.cmake
-- Installing: /home/harmeet/rbe500_ws/install/inversekinematics_interfaces/share/inversekinematics_interfaces/cmake/export_inversekinematics_interfaces__rosidl_typesupport_fastrtps_cppExport.cmake
-- Installing: /home/harmeet/rbe500_ws/install/inversekinematics_interfaces/share/inversekinematics_interfaces/cmake/export_inversekinematics_interfaces__rosidl_typesupport_fastrtps_cppExport-noconfig.cmake
-- Installing: /home/harmeet/rbe500_ws/install/inversekinematics_interfaces/share/inversekinematics_interfaces/cmake/inversekinematics_interfaces__rosidl_typesupport_introspection_cExport.cmake
-- Installing: /home/harmeet/rbe500_ws/install/inversekinematics_interfaces/share/inversekinematics_interfaces/cmake/inversekinematics_interfaces__rosidl_typesupport_introspection_cExport-noconfig.cmake
-- Installing: /home/harmeet/rbe500_ws/install/inversekinematics_interfaces/share/inversekinematics_interfaces/cmake/inversekinematics_interfaces__rosidl_typesupport_cExport.cmake
-- Installing: /home/harmeet/rbe500_ws/install/inversekinematics_interfaces/share/inversekinematics_interfaces/cmake/inversekinematics_interfaces__rosidl_typesupport_cExport-noconfig.cmake
-- Installing: /home/harmeet/rbe500_ws/install/inversekinematics_interfaces/share/inversekinematics_interfaces/cmake/inversekinematics_interfaces__rosidl_typesupport_introspection_cppExport.cmake
-- Installing: /home/harmeet/rbe500_ws/install/inversekinematics_interfaces/share/inversekinematics_interfaces/cmake/inversekinematics_interfaces__rosidl_typesupport_introspection_cppExport-noconfig.cmake
-- Installing: /home/harmeet/rbe500_ws/install/inversekinematics_interfaces/share/inversekinematics_interfaces/cmake/inversekinematics_interfaces__rosidl_typesupport_cppExport.cmake
-- Installing: /home/harmeet/rbe500_ws/install/inversekinematics_interfaces/share/inversekinematics_interfaces/cmake/inversekinematics_interfaces__rosidl_typesupport_cppExport-noconfig.cmake
-- Installing: /home/harmeet/rbe500_ws/install/inversekinematics_interfaces/share/inversekinematics_interfaces/cmake/export_inversekinematics_interfaces__rosidl_generator_pyExport.cmake
-- Installing: /home/harmeet/rbe500_ws/install/inversekinematics_interfaces/share/inversekinematics_interfaces/cmake/export_inversekinematics_interfaces__rosidl_generator_pyExport-noconfig.cmake
-- Installing: /home/harmeet/rbe500_ws/install/inversekinematics_interfaces/share/inversekinematics_interfaces/cmake/rosidl_cmake-extras.cmake
-- Installing: /home/harmeet/rbe500_ws/install/inversekinematics_interfaces/share/inversekinematics_interfaces/cmake/ament_cmake_export_include_directories-extras.cmake
-- Installing: /home/harmeet/rbe500_ws/install/inversekinematics_interfaces/share/inversekinematics_interfaces/cmake/ament_cmake_export_libraries-extras.cmake
-- Installing: /home/harmeet/rbe500_ws/install/inversekinematics_interfaces/share/inversekinematics_interfaces/cmake/ament_cmake_export_targets-extras.cmake
-- Installing: /home/harmeet/rbe500_ws/install/inversekinematics_interfaces/share/inversekinematics_interfaces/cmake/rosidl_cmake_export_typesupport_targets-extras.cmake
-- Installing: /home/harmeet/rbe500_ws/install/inversekinematics_interfaces/share/inversekinematics_interfaces/cmake/ament_cmake_export_dependencies-extras.cmake
-- Installing: /home/harmeet/rbe500_ws/install/inversekinematics_interfaces/share/inversekinematics_interfaces/cmake/rosidl_cmake_export_typesupport_libraries-extras.cmake
-- Installing: /home/harmeet/rbe500_ws/install/inversekinematics_interfaces/share/inversekinematics_interfaces/cmake/inversekinematics_interfacesConfig.cmake
-- Installing: /home/harmeet/rbe500_ws/install/inversekinematics_interfaces/share/inversekinematics_interfaces/cmake/inversekinematics_interfacesConfig-version.cmake
-- Installing: /home/harmeet/rbe500_ws/install/inversekinematics_interfaces/share/inversekinematics_interfaces/package.xml
