[0.014s] Invoking command in '/home/harmeet/rbe500_ws/build/inversekinematics_interfaces': CMAKE_PREFIX_PATH=/opt/ros/humble /usr/bin/cmake /home/harmeet/rbe500_ws/src/inversekinematics_interfaces -DCMAKE_INSTALL_PREFIX=/home/harmeet/rbe500_ws/install/inversekinematics_interfaces
[0.020s] -- Found ament_cmake: 1.3.10 (/opt/ros/humble/share/ament_cmake/cmake)
[0.127s] -- Found ament_lint_auto: 0.12.11 (/opt/ros/humble/share/ament_lint_auto/cmake)
[0.173s] -- Found rclcpp: 16.0.10 (/opt/ros/humble/share/rclcpp/cmake)
[0.191s] -- Found rosidl_generator_c: 3.1.5 (/opt/ros/humble/share/rosidl_generator_c/cmake)
[0.192s] -- Found rosidl_adapter: 3.1.5 (/opt/ros/humble/share/rosidl_adapter/cmake)
[0.196s] -- Found rosidl_generator_cpp: 3.1.5 (/opt/ros/humble/share/rosidl_generator_cpp/cmake)
[0.201s] -- Using all available rosidl_typesupport_c: rosidl_typesupport_fastrtps_c;rosidl_typesupport_introspection_c
[0.209s] -- Using all available rosidl_typesupport_cpp: rosidl_typesupport_fastrtps_cpp;rosidl_typesupport_introspection_cpp
[0.229s] -- Found rmw_implementation_cmake: 6.1.2 (/opt/ros/humble/share/rmw_implementation_cmake/cmake)
[0.230s] -- Found rmw_fastrtps_cpp: 6.2.7 (/opt/ros/humble/share/rmw_fastrtps_cpp/cmake)
[0.309s] -- Using RMW implementation 'rmw_fastrtps_cpp' as default
[0.348s] -- Found rosidl_default_generators: 1.2.0 (/opt/ros/humble/share/rosidl_default_generators/cmake)
[0.505s] -- Found ament_cmake_ros: 0.10.0 (/opt/ros/humble/share/ament_cmake_ros/cmake)
[0.721s] -- Using all available rosidl_typesupport_c: rosidl_typesupport_fastrtps_c;rosidl_typesupport_introspection_c
[0.803s] -- Using all available rosidl_typesupport_cpp: rosidl_typesupport_fastrtps_cpp;rosidl_typesupport_introspection_cpp
[0.818s] -- Found PythonInterp: /usr/bin/python3 (found suitable version "3.10.12", minimum required is "3.6") 
[0.820s] -- Found python_cmake_module: 0.10.0 (/opt/ros/humble/share/python_cmake_module/cmake)
[0.836s] -- Found PythonLibs: /usr/lib/x86_64-linux-gnu/libpython3.10.so (found suitable version "3.10.12", minimum required is "3.5") 
[0.836s] -- Using PYTHON_EXECUTABLE: /usr/bin/python3
[0.836s] -- Using PYTHON_INCLUDE_DIRS: /usr/include/python3.10
[0.836s] -- Using PYTHON_LIBRARIES: /usr/lib/x86_64-linux-gnu/libpython3.10.so
[0.849s] -- Found PythonExtra: .so  
[0.872s] -- Added test 'lint_cmake' to check CMake code style
[0.873s] -- Added test 'xmllint' to check XML markup files
[0.875s] -- Configuring done
[0.891s] -- Generating done
[0.892s] -- Build files have been written to: /home/harmeet/rbe500_ws/build/inversekinematics_interfaces
[0.899s] Invoked command in '/home/harmeet/rbe500_ws/build/inversekinematics_interfaces' returned '0': CMAKE_PREFIX_PATH=/opt/ros/humble /usr/bin/cmake /home/harmeet/rbe500_ws/src/inversekinematics_interfaces -DCMAKE_INSTALL_PREFIX=/home/harmeet/rbe500_ws/install/inversekinematics_interfaces
[0.900s] Invoking command in '/home/harmeet/rbe500_ws/build/inversekinematics_interfaces': CMAKE_PREFIX_PATH=/opt/ros/humble /usr/bin/cmake --build /home/harmeet/rbe500_ws/build/inversekinematics_interfaces -- -j16 -l16
[0.924s] [  3%] [34m[1mGenerating C code for ROS interfaces[0m
[0.930s] [  6%] [34m[1mGenerating C++ code for ROS interfaces[0m
[0.935s] [  6%] Built target ament_cmake_python_copy_inversekinematics_interfaces
[1.123s] running egg_info
[1.123s] creating inversekinematics_interfaces.egg-info
[1.124s] writing inversekinematics_interfaces.egg-info/PKG-INFO
[1.124s] writing dependency_links to inversekinematics_interfaces.egg-info/dependency_links.txt
[1.124s] writing top-level names to inversekinematics_interfaces.egg-info/top_level.txt
[1.124s] writing manifest file 'inversekinematics_interfaces.egg-info/SOURCES.txt'
[1.126s] reading manifest file 'inversekinematics_interfaces.egg-info/SOURCES.txt'
[1.127s] writing manifest file 'inversekinematics_interfaces.egg-info/SOURCES.txt'
[1.148s] [  6%] Built target ament_cmake_python_build_inversekinematics_interfaces_egg
[1.151s] [  6%] Built target inversekinematics_interfaces__cpp
[1.156s] [  9%] [32mBuilding C object CMakeFiles/inversekinematics_interfaces__rosidl_generator_c.dir/rosidl_generator_c/inversekinematics_interfaces/srv/detail/inverse_kinematics_pose__functions.c.o[0m
[1.157s] [ 12%] [34m[1mGenerating C++ type support dispatch for ROS interfaces[0m
[1.157s] [ 16%] [34m[1mGenerating C++ type support for eProsima Fast-RTPS[0m
[1.158s] [ 19%] [34m[1mGenerating C++ introspection for ROS interfaces[0m
[1.244s] [ 22%] [32m[1mLinking C shared library libinversekinematics_interfaces__rosidl_generator_c.so[0m
[1.271s] [ 22%] Built target inversekinematics_interfaces__rosidl_generator_c
[1.278s] [ 32%] [34m[1mGenerating C type support for eProsima Fast-RTPS[0m
[1.278s] [ 32%] [34m[1mGenerating C introspection for ROS interfaces[0m
[1.278s] [ 32%] [34m[1mGenerating C type support dispatch for ROS interfaces[0m
[1.361s] [ 35%] [32mBuilding CXX object CMakeFiles/inversekinematics_interfaces__rosidl_typesupport_cpp.dir/rosidl_typesupport_cpp/inversekinematics_interfaces/srv/inverse_kinematics_pose__type_support.cpp.o[0m
[1.377s] [ 38%] [32mBuilding CXX object CMakeFiles/inversekinematics_interfaces__rosidl_typesupport_introspection_cpp.dir/rosidl_typesupport_introspection_cpp/inversekinematics_interfaces/srv/detail/inverse_kinematics_pose__type_support.cpp.o[0m
[1.389s] [ 41%] [32mBuilding CXX object CMakeFiles/inversekinematics_interfaces__rosidl_typesupport_fastrtps_cpp.dir/rosidl_typesupport_fastrtps_cpp/inversekinematics_interfaces/srv/detail/dds_fastrtps/inverse_kinematics_pose__type_support.cpp.o[0m
[1.484s] [ 45%] [32mBuilding CXX object CMakeFiles/inversekinematics_interfaces__rosidl_typesupport_c.dir/rosidl_typesupport_c/inversekinematics_interfaces/srv/inverse_kinematics_pose__type_support.cpp.o[0m
[1.501s] [ 48%] [32mBuilding C object CMakeFiles/inversekinematics_interfaces__rosidl_typesupport_introspection_c.dir/rosidl_typesupport_introspection_c/inversekinematics_interfaces/srv/detail/inverse_kinematics_pose__type_support.c.o[0m
[1.504s] [ 51%] [32mBuilding CXX object CMakeFiles/inversekinematics_interfaces__rosidl_typesupport_fastrtps_c.dir/rosidl_typesupport_fastrtps_c/inversekinematics_interfaces/srv/detail/inverse_kinematics_pose__type_support_c.cpp.o[0m
[1.525s] [ 54%] [32m[1mLinking C shared library libinversekinematics_interfaces__rosidl_typesupport_introspection_c.so[0m
[1.543s] [ 54%] Built target inversekinematics_interfaces__rosidl_typesupport_introspection_c
[1.563s] [ 58%] [32m[1mLinking CXX shared library libinversekinematics_interfaces__rosidl_typesupport_c.so[0m
[1.592s] [ 58%] Built target inversekinematics_interfaces__rosidl_typesupport_c
[1.740s] [ 61%] [32m[1mLinking CXX shared library libinversekinematics_interfaces__rosidl_typesupport_cpp.so[0m
[1.766s] [ 61%] Built target inversekinematics_interfaces__rosidl_typesupport_cpp
[1.802s] [ 67%] [32m[1mLinking CXX shared library libinversekinematics_interfaces__rosidl_typesupport_fastrtps_c.so[0m
[1.803s] [ 67%] [32m[1mLinking CXX shared library libinversekinematics_interfaces__rosidl_typesupport_introspection_cpp.so[0m
[1.829s] [ 70%] Built target inversekinematics_interfaces__rosidl_typesupport_introspection_cpp
[1.829s] [ 70%] [32m[1mLinking CXX shared library libinversekinematics_interfaces__rosidl_typesupport_fastrtps_cpp.so[0m
[1.851s] [ 70%] Built target inversekinematics_interfaces__rosidl_typesupport_fastrtps_c
[1.874s] [ 70%] Built target inversekinematics_interfaces__rosidl_typesupport_fastrtps_cpp
[1.885s] [ 70%] Built target inversekinematics_interfaces
[1.895s] [ 74%] [34m[1mGenerating Python code for ROS interfaces[0m
[2.143s] [ 74%] Built target inversekinematics_interfaces__py
[2.154s] [ 77%] [32mBuilding C object CMakeFiles/inversekinematics_interfaces__rosidl_generator_py.dir/rosidl_generator_py/inversekinematics_interfaces/srv/_inverse_kinematics_pose_s.c.o[0m
[2.265s] [ 80%] [32m[1mLinking C shared library rosidl_generator_py/inversekinematics_interfaces/libinversekinematics_interfaces__rosidl_generator_py.so[0m
[2.287s] [ 80%] Built target inversekinematics_interfaces__rosidl_generator_py
[2.298s] [ 87%] [32mBuilding C object CMakeFiles/inversekinematics_interfaces__rosidl_typesupport_introspection_c__pyext.dir/rosidl_generator_py/inversekinematics_interfaces/_inversekinematics_interfaces_s.ep.rosidl_typesupport_introspection_c.c.o[0m
[2.298s] [ 87%] [32mBuilding C object CMakeFiles/inversekinematics_interfaces__rosidl_typesupport_c__pyext.dir/rosidl_generator_py/inversekinematics_interfaces/_inversekinematics_interfaces_s.ep.rosidl_typesupport_c.c.o[0m
[2.298s] [ 90%] [32mBuilding C object CMakeFiles/inversekinematics_interfaces__rosidl_typesupport_fastrtps_c__pyext.dir/rosidl_generator_py/inversekinematics_interfaces/_inversekinematics_interfaces_s.ep.rosidl_typesupport_fastrtps_c.c.o[0m
[2.355s] [100%] [32m[1mLinking C shared library rosidl_generator_py/inversekinematics_interfaces/inversekinematics_interfaces_s__rosidl_typesupport_fastrtps_c.cpython-310-x86_64-linux-gnu.so[0m
[2.355s] [100%] [32m[1mLinking C shared library rosidl_generator_py/inversekinematics_interfaces/inversekinematics_interfaces_s__rosidl_typesupport_c.cpython-310-x86_64-linux-gnu.so[0m
[2.355s] [100%] [32m[1mLinking C shared library rosidl_generator_py/inversekinematics_interfaces/inversekinematics_interfaces_s__rosidl_typesupport_introspection_c.cpython-310-x86_64-linux-gnu.so[0m
[2.374s] [100%] Built target inversekinematics_interfaces__rosidl_typesupport_introspection_c__pyext
[2.374s] [100%] Built target inversekinematics_interfaces__rosidl_typesupport_c__pyext
[2.375s] [100%] Built target inversekinematics_interfaces__rosidl_typesupport_fastrtps_c__pyext
[2.381s] Invoked command in '/home/harmeet/rbe500_ws/build/inversekinematics_interfaces' returned '0': CMAKE_PREFIX_PATH=/opt/ros/humble /usr/bin/cmake --build /home/harmeet/rbe500_ws/build/inversekinematics_interfaces -- -j16 -l16
[2.413s] Invoking command in '/home/harmeet/rbe500_ws/build/inversekinematics_interfaces': CMAKE_PREFIX_PATH=/opt/ros/humble /usr/bin/cmake --install /home/harmeet/rbe500_ws/build/inversekinematics_interfaces
[2.417s] -- Install configuration: ""
[2.417s] -- Installing: /home/harmeet/rbe500_ws/install/inversekinematics_interfaces/share/ament_index/resource_index/rosidl_interfaces/inversekinematics_interfaces
[2.417s] -- Installing: /home/harmeet/rbe500_ws/install/inversekinematics_interfaces/include/inversekinematics_interfaces/inversekinematics_interfaces
[2.417s] -- Installing: /home/harmeet/rbe500_ws/install/inversekinematics_interfaces/include/inversekinematics_interfaces/inversekinematics_interfaces/srv
[2.417s] -- Installing: /home/harmeet/rbe500_ws/install/inversekinematics_interfaces/include/inversekinematics_interfaces/inversekinematics_interfaces/srv/detail
[2.417s] -- Installing: /home/harmeet/rbe500_ws/install/inversekinematics_interfaces/include/inversekinematics_interfaces/inversekinematics_interfaces/srv/detail/inverse_kinematics_pose__struct.h
[2.417s] -- Installing: /home/harmeet/rbe500_ws/install/inversekinematics_interfaces/include/inversekinematics_interfaces/inversekinematics_interfaces/srv/detail/inverse_kinematics_pose__functions.h
[2.417s] -- Installing: /home/harmeet/rbe500_ws/install/inversekinematics_interfaces/include/inversekinematics_interfaces/inversekinematics_interfaces/srv/detail/inverse_kinematics_pose__type_support.h
[2.417s] -- Installing: /home/harmeet/rbe500_ws/install/inversekinematics_interfaces/include/inversekinematics_interfaces/inversekinematics_interfaces/srv/detail/inverse_kinematics_pose__functions.c
[2.417s] -- Installing: /home/harmeet/rbe500_ws/install/inversekinematics_interfaces/include/inversekinematics_interfaces/inversekinematics_interfaces/srv/inverse_kinematics_pose.h
[2.417s] -- Installing: /home/harmeet/rbe500_ws/install/inversekinematics_interfaces/include/inversekinematics_interfaces/inversekinematics_interfaces/msg
[2.418s] -- Installing: /home/harmeet/rbe500_ws/install/inversekinematics_interfaces/include/inversekinematics_interfaces/inversekinematics_interfaces/msg/rosidl_generator_c__visibility_control.h
[2.418s] -- Installing: /home/harmeet/rbe500_ws/install/inversekinematics_interfaces/share/inversekinematics_interfaces/environment/library_path.sh
[2.418s] -- Installing: /home/harmeet/rbe500_ws/install/inversekinematics_interfaces/share/inversekinematics_interfaces/environment/library_path.dsv
[2.418s] -- Installing: /home/harmeet/rbe500_ws/install/inversekinematics_interfaces/lib/libinversekinematics_interfaces__rosidl_generator_c.so
[2.418s] -- Set runtime path of "/home/harmeet/rbe500_ws/install/inversekinematics_interfaces/lib/libinversekinematics_interfaces__rosidl_generator_c.so" to ""
[2.418s] -- Up-to-date: /home/harmeet/rbe500_ws/install/inversekinematics_interfaces/include/inversekinematics_interfaces/inversekinematics_interfaces
[2.418s] -- Up-to-date: /home/harmeet/rbe500_ws/install/inversekinematics_interfaces/include/inversekinematics_interfaces/inversekinematics_interfaces/srv
[2.418s] -- Up-to-date: /home/harmeet/rbe500_ws/install/inversekinematics_interfaces/include/inversekinematics_interfaces/inversekinematics_interfaces/srv/detail
[2.418s] -- Installing: /home/harmeet/rbe500_ws/install/inversekinematics_interfaces/include/inversekinematics_interfaces/inversekinematics_interfaces/srv/detail/inverse_kinematics_pose__rosidl_typesupport_fastrtps_c.h
[2.418s] -- Up-to-date: /home/harmeet/rbe500_ws/install/inversekinematics_interfaces/include/inversekinematics_interfaces/inversekinematics_interfaces/msg
[2.418s] -- Installing: /home/harmeet/rbe500_ws/install/inversekinematics_interfaces/include/inversekinematics_interfaces/inversekinematics_interfaces/msg/rosidl_typesupport_fastrtps_c__visibility_control.h
[2.418s] -- Installing: /home/harmeet/rbe500_ws/install/inversekinematics_interfaces/lib/libinversekinematics_interfaces__rosidl_typesupport_fastrtps_c.so
[2.418s] -- Set runtime path of "/home/harmeet/rbe500_ws/install/inversekinematics_interfaces/lib/libinversekinematics_interfaces__rosidl_typesupport_fastrtps_c.so" to ""
[2.418s] -- Up-to-date: /home/harmeet/rbe500_ws/install/inversekinematics_interfaces/include/inversekinematics_interfaces/inversekinematics_interfaces
[2.418s] -- Up-to-date: /home/harmeet/rbe500_ws/install/inversekinematics_interfaces/include/inversekinematics_interfaces/inversekinematics_interfaces/srv
[2.418s] -- Up-to-date: /home/harmeet/rbe500_ws/install/inversekinematics_interfaces/include/inversekinematics_interfaces/inversekinematics_interfaces/srv/detail
[2.418s] -- Installing: /home/harmeet/rbe500_ws/install/inversekinematics_interfaces/include/inversekinematics_interfaces/inversekinematics_interfaces/srv/detail/inverse_kinematics_pose__struct.hpp
[2.418s] -- Installing: /home/harmeet/rbe500_ws/install/inversekinematics_interfaces/include/inversekinematics_interfaces/inversekinematics_interfaces/srv/detail/inverse_kinematics_pose__builder.hpp
[2.419s] -- Installing: /home/harmeet/rbe500_ws/install/inversekinematics_interfaces/include/inversekinematics_interfaces/inversekinematics_interfaces/srv/detail/inverse_kinematics_pose__traits.hpp
[2.419s] -- Installing: /home/harmeet/rbe500_ws/install/inversekinematics_interfaces/include/inversekinematics_interfaces/inversekinematics_interfaces/srv/inverse_kinematics_pose.hpp
[2.419s] -- Up-to-date: /home/harmeet/rbe500_ws/install/inversekinematics_interfaces/include/inversekinematics_interfaces/inversekinematics_interfaces
[2.419s] -- Up-to-date: /home/harmeet/rbe500_ws/install/inversekinematics_interfaces/include/inversekinematics_interfaces/inversekinematics_interfaces/srv
[2.419s] -- Up-to-date: /home/harmeet/rbe500_ws/install/inversekinematics_interfaces/include/inversekinematics_interfaces/inversekinematics_interfaces/srv/detail
[2.419s] -- Installing: /home/harmeet/rbe500_ws/install/inversekinematics_interfaces/include/inversekinematics_interfaces/inversekinematics_interfaces/srv/detail/dds_fastrtps
[2.419s] -- Installing: /home/harmeet/rbe500_ws/install/inversekinematics_interfaces/include/inversekinematics_interfaces/inversekinematics_interfaces/srv/detail/inverse_kinematics_pose__rosidl_typesupport_fastrtps_cpp.hpp
[2.419s] -- Up-to-date: /home/harmeet/rbe500_ws/install/inversekinematics_interfaces/include/inversekinematics_interfaces/inversekinematics_interfaces/msg
[2.419s] -- Installing: /home/harmeet/rbe500_ws/install/inversekinematics_interfaces/include/inversekinematics_interfaces/inversekinematics_interfaces/msg/rosidl_typesupport_fastrtps_cpp__visibility_control.h
[2.419s] -- Installing: /home/harmeet/rbe500_ws/install/inversekinematics_interfaces/lib/libinversekinematics_interfaces__rosidl_typesupport_fastrtps_cpp.so
[2.419s] -- Set runtime path of "/home/harmeet/rbe500_ws/install/inversekinematics_interfaces/lib/libinversekinematics_interfaces__rosidl_typesupport_fastrtps_cpp.so" to ""
[2.419s] -- Up-to-date: /home/harmeet/rbe500_ws/install/inversekinematics_interfaces/include/inversekinematics_interfaces/inversekinematics_interfaces
[2.419s] -- Up-to-date: /home/harmeet/rbe500_ws/install/inversekinematics_interfaces/include/inversekinematics_interfaces/inversekinematics_interfaces/srv
[2.419s] -- Up-to-date: /home/harmeet/rbe500_ws/install/inversekinematics_interfaces/include/inversekinematics_interfaces/inversekinematics_interfaces/srv/detail
[2.419s] -- Installing: /home/harmeet/rbe500_ws/install/inversekinematics_interfaces/include/inversekinematics_interfaces/inversekinematics_interfaces/srv/detail/inverse_kinematics_pose__rosidl_typesupport_introspection_c.h
[2.419s] -- Installing: /home/harmeet/rbe500_ws/install/inversekinematics_interfaces/include/inversekinematics_interfaces/inversekinematics_interfaces/srv/detail/inverse_kinematics_pose__type_support.c
[2.419s] -- Up-to-date: /home/harmeet/rbe500_ws/install/inversekinematics_interfaces/include/inversekinematics_interfaces/inversekinematics_interfaces/msg
[2.419s] -- Installing: /home/harmeet/rbe500_ws/install/inversekinematics_interfaces/include/inversekinematics_interfaces/inversekinematics_interfaces/msg/rosidl_typesupport_introspection_c__visibility_control.h
[2.419s] -- Installing: /home/harmeet/rbe500_ws/install/inversekinematics_interfaces/lib/libinversekinematics_interfaces__rosidl_typesupport_introspection_c.so
[2.419s] -- Set runtime path of "/home/harmeet/rbe500_ws/install/inversekinematics_interfaces/lib/libinversekinematics_interfaces__rosidl_typesupport_introspection_c.so" to ""
[2.420s] -- Installing: /home/harmeet/rbe500_ws/install/inversekinematics_interfaces/lib/libinversekinematics_interfaces__rosidl_typesupport_c.so
[2.420s] -- Set runtime path of "/home/harmeet/rbe500_ws/install/inversekinematics_interfaces/lib/libinversekinematics_interfaces__rosidl_typesupport_c.so" to ""
[2.420s] -- Up-to-date: /home/harmeet/rbe500_ws/install/inversekinematics_interfaces/include/inversekinematics_interfaces/inversekinematics_interfaces
[2.420s] -- Up-to-date: /home/harmeet/rbe500_ws/install/inversekinematics_interfaces/include/inversekinematics_interfaces/inversekinematics_interfaces/srv
[2.420s] -- Up-to-date: /home/harmeet/rbe500_ws/install/inversekinematics_interfaces/include/inversekinematics_interfaces/inversekinematics_interfaces/srv/detail
[2.420s] -- Installing: /home/harmeet/rbe500_ws/install/inversekinematics_interfaces/include/inversekinematics_interfaces/inversekinematics_interfaces/srv/detail/inverse_kinematics_pose__type_support.cpp
[2.420s] -- Installing: /home/harmeet/rbe500_ws/install/inversekinematics_interfaces/include/inversekinematics_interfaces/inversekinematics_interfaces/srv/detail/inverse_kinematics_pose__rosidl_typesupport_introspection_cpp.hpp
[2.420s] -- Installing: /home/harmeet/rbe500_ws/install/inversekinematics_interfaces/lib/libinversekinematics_interfaces__rosidl_typesupport_introspection_cpp.so
[2.420s] -- Set runtime path of "/home/harmeet/rbe500_ws/install/inversekinematics_interfaces/lib/libinversekinematics_interfaces__rosidl_typesupport_introspection_cpp.so" to ""
[2.420s] -- Installing: /home/harmeet/rbe500_ws/install/inversekinematics_interfaces/lib/libinversekinematics_interfaces__rosidl_typesupport_cpp.so
[2.420s] -- Set runtime path of "/home/harmeet/rbe500_ws/install/inversekinematics_interfaces/lib/libinversekinematics_interfaces__rosidl_typesupport_cpp.so" to ""
[2.420s] -- Installing: /home/harmeet/rbe500_ws/install/inversekinematics_interfaces/share/inversekinematics_interfaces/environment/pythonpath.sh
[2.420s] -- Installing: /home/harmeet/rbe500_ws/install/inversekinematics_interfaces/share/inversekinematics_interfaces/environment/pythonpath.dsv
[2.420s] -- Installing: /home/harmeet/rbe500_ws/install/inversekinematics_interfaces/local/lib/python3.10/dist-packages/inversekinematics_interfaces-0.0.0-py3.10.egg-info
[2.420s] -- Installing: /home/harmeet/rbe500_ws/install/inversekinematics_interfaces/local/lib/python3.10/dist-packages/inversekinematics_interfaces-0.0.0-py3.10.egg-info/top_level.txt
[2.420s] -- Installing: /home/harmeet/rbe500_ws/install/inversekinematics_interfaces/local/lib/python3.10/dist-packages/inversekinematics_interfaces-0.0.0-py3.10.egg-info/SOURCES.txt
[2.420s] -- Installing: /home/harmeet/rbe500_ws/install/inversekinematics_interfaces/local/lib/python3.10/dist-packages/inversekinematics_interfaces-0.0.0-py3.10.egg-info/PKG-INFO
[2.420s] -- Installing: /home/harmeet/rbe500_ws/install/inversekinematics_interfaces/local/lib/python3.10/dist-packages/inversekinematics_interfaces-0.0.0-py3.10.egg-info/dependency_links.txt
[2.420s] -- Installing: /home/harmeet/rbe500_ws/install/inversekinematics_interfaces/local/lib/python3.10/dist-packages/inversekinematics_interfaces
[2.421s] -- Installing: /home/harmeet/rbe500_ws/install/inversekinematics_interfaces/local/lib/python3.10/dist-packages/inversekinematics_interfaces/_inversekinematics_interfaces_s.ep.rosidl_typesupport_c.c
[2.421s] -- Installing: /home/harmeet/rbe500_ws/install/inversekinematics_interfaces/local/lib/python3.10/dist-packages/inversekinematics_interfaces/__init__.py
[2.421s] -- Installing: /home/harmeet/rbe500_ws/install/inversekinematics_interfaces/local/lib/python3.10/dist-packages/inversekinematics_interfaces/inversekinematics_interfaces_s__rosidl_typesupport_c.cpython-310-x86_64-linux-gnu.so
[2.421s] -- Installing: /home/harmeet/rbe500_ws/install/inversekinematics_interfaces/local/lib/python3.10/dist-packages/inversekinematics_interfaces/srv
[2.421s] -- Installing: /home/harmeet/rbe500_ws/install/inversekinematics_interfaces/local/lib/python3.10/dist-packages/inversekinematics_interfaces/srv/__init__.py
[2.421s] -- Installing: /home/harmeet/rbe500_ws/install/inversekinematics_interfaces/local/lib/python3.10/dist-packages/inversekinematics_interfaces/srv/_inverse_kinematics_pose_s.c
[2.421s] -- Installing: /home/harmeet/rbe500_ws/install/inversekinematics_interfaces/local/lib/python3.10/dist-packages/inversekinematics_interfaces/srv/_inverse_kinematics_pose.py
[2.421s] -- Installing: /home/harmeet/rbe500_ws/install/inversekinematics_interfaces/local/lib/python3.10/dist-packages/inversekinematics_interfaces/inversekinematics_interfaces_s__rosidl_typesupport_fastrtps_c.cpython-310-x86_64-linux-gnu.so
[2.421s] -- Installing: /home/harmeet/rbe500_ws/install/inversekinematics_interfaces/local/lib/python3.10/dist-packages/inversekinematics_interfaces/_inversekinematics_interfaces_s.ep.rosidl_typesupport_introspection_c.c
[2.421s] -- Installing: /home/harmeet/rbe500_ws/install/inversekinematics_interfaces/local/lib/python3.10/dist-packages/inversekinematics_interfaces/libinversekinematics_interfaces__rosidl_generator_py.so
[2.421s] -- Installing: /home/harmeet/rbe500_ws/install/inversekinematics_interfaces/local/lib/python3.10/dist-packages/inversekinematics_interfaces/inversekinematics_interfaces_s__rosidl_typesupport_introspection_c.cpython-310-x86_64-linux-gnu.so
[2.421s] -- Installing: /home/harmeet/rbe500_ws/install/inversekinematics_interfaces/local/lib/python3.10/dist-packages/inversekinematics_interfaces/_inversekinematics_interfaces_s.ep.rosidl_typesupport_fastrtps_c.c
[2.443s] Listing '/home/harmeet/rbe500_ws/install/inversekinematics_interfaces/local/lib/python3.10/dist-packages/inversekinematics_interfaces'...
[2.443s] Compiling '/home/harmeet/rbe500_ws/install/inversekinematics_interfaces/local/lib/python3.10/dist-packages/inversekinematics_interfaces/__init__.py'...
[2.443s] Listing '/home/harmeet/rbe500_ws/install/inversekinematics_interfaces/local/lib/python3.10/dist-packages/inversekinematics_interfaces/srv'...
[2.443s] Compiling '/home/harmeet/rbe500_ws/install/inversekinematics_interfaces/local/lib/python3.10/dist-packages/inversekinematics_interfaces/srv/__init__.py'...
[2.443s] Compiling '/home/harmeet/rbe500_ws/install/inversekinematics_interfaces/local/lib/python3.10/dist-packages/inversekinematics_interfaces/srv/_inverse_kinematics_pose.py'...
[2.446s] -- Installing: /home/harmeet/rbe500_ws/install/inversekinematics_interfaces/local/lib/python3.10/dist-packages/inversekinematics_interfaces/inversekinematics_interfaces_s__rosidl_typesupport_fastrtps_c.cpython-310-x86_64-linux-gnu.so
[2.446s] -- Set runtime path of "/home/harmeet/rbe500_ws/install/inversekinematics_interfaces/local/lib/python3.10/dist-packages/inversekinematics_interfaces/inversekinematics_interfaces_s__rosidl_typesupport_fastrtps_c.cpython-310-x86_64-linux-gnu.so" to ""
[2.446s] -- Installing: /home/harmeet/rbe500_ws/install/inversekinematics_interfaces/local/lib/python3.10/dist-packages/inversekinematics_interfaces/inversekinematics_interfaces_s__rosidl_typesupport_introspection_c.cpython-310-x86_64-linux-gnu.so
[2.446s] -- Set runtime path of "/home/harmeet/rbe500_ws/install/inversekinematics_interfaces/local/lib/python3.10/dist-packages/inversekinematics_interfaces/inversekinematics_interfaces_s__rosidl_typesupport_introspection_c.cpython-310-x86_64-linux-gnu.so" to ""
[2.446s] -- Installing: /home/harmeet/rbe500_ws/install/inversekinematics_interfaces/local/lib/python3.10/dist-packages/inversekinematics_interfaces/inversekinematics_interfaces_s__rosidl_typesupport_c.cpython-310-x86_64-linux-gnu.so
[2.446s] -- Set runtime path of "/home/harmeet/rbe500_ws/install/inversekinematics_interfaces/local/lib/python3.10/dist-packages/inversekinematics_interfaces/inversekinematics_interfaces_s__rosidl_typesupport_c.cpython-310-x86_64-linux-gnu.so" to ""
[2.446s] -- Installing: /home/harmeet/rbe500_ws/install/inversekinematics_interfaces/lib/libinversekinematics_interfaces__rosidl_generator_py.so
[2.446s] -- Set runtime path of "/home/harmeet/rbe500_ws/install/inversekinematics_interfaces/lib/libinversekinematics_interfaces__rosidl_generator_py.so" to ""
[2.446s] -- Installing: /home/harmeet/rbe500_ws/install/inversekinematics_interfaces/share/inversekinematics_interfaces/srv/InverseKinematicsPose.idl
[2.447s] -- Installing: /home/harmeet/rbe500_ws/install/inversekinematics_interfaces/share/inversekinematics_interfaces/inversekinematics_interfaces/InverseKinematicsPose.srv
[2.447s] -- Installing: /home/harmeet/rbe500_ws/install/inversekinematics_interfaces/share/inversekinematics_interfaces/rosidl_cmake/InverseKinematicsPose_Request.msg
[2.447s] -- Installing: /home/harmeet/rbe500_ws/install/inversekinematics_interfaces/share/inversekinematics_interfaces/rosidl_cmake/InverseKinematicsPose_Response.msg
[2.447s] -- Installing: /home/harmeet/rbe500_ws/install/inversekinematics_interfaces/share/ament_index/resource_index/package_run_dependencies/inversekinematics_interfaces
[2.447s] -- Installing: /home/harmeet/rbe500_ws/install/inversekinematics_interfaces/share/ament_index/resource_index/parent_prefix_path/inversekinematics_interfaces
[2.447s] -- Installing: /home/harmeet/rbe500_ws/install/inversekinematics_interfaces/share/inversekinematics_interfaces/environment/ament_prefix_path.sh
[2.447s] -- Installing: /home/harmeet/rbe500_ws/install/inversekinematics_interfaces/share/inversekinematics_interfaces/environment/ament_prefix_path.dsv
[2.447s] -- Installing: /home/harmeet/rbe500_ws/install/inversekinematics_interfaces/share/inversekinematics_interfaces/environment/path.sh
[2.447s] -- Installing: /home/harmeet/rbe500_ws/install/inversekinematics_interfaces/share/inversekinematics_interfaces/environment/path.dsv
[2.447s] -- Installing: /home/harmeet/rbe500_ws/install/inversekinematics_interfaces/share/inversekinematics_interfaces/local_setup.bash
[2.447s] -- Installing: /home/harmeet/rbe500_ws/install/inversekinematics_interfaces/share/inversekinematics_interfaces/local_setup.sh
[2.447s] -- Installing: /home/harmeet/rbe500_ws/install/inversekinematics_interfaces/share/inversekinematics_interfaces/local_setup.zsh
[2.447s] -- Installing: /home/harmeet/rbe500_ws/install/inversekinematics_interfaces/share/inversekinematics_interfaces/local_setup.dsv
[2.447s] -- Installing: /home/harmeet/rbe500_ws/install/inversekinematics_interfaces/share/inversekinematics_interfaces/package.dsv
[2.447s] -- Installing: /home/harmeet/rbe500_ws/install/inversekinematics_interfaces/share/ament_index/resource_index/packages/inversekinematics_interfaces
[2.448s] -- Installing: /home/harmeet/rbe500_ws/install/inversekinematics_interfaces/share/inversekinematics_interfaces/cmake/export_inversekinematics_interfaces__rosidl_generator_cExport.cmake
[2.448s] -- Installing: /home/harmeet/rbe500_ws/install/inversekinematics_interfaces/share/inversekinematics_interfaces/cmake/export_inversekinematics_interfaces__rosidl_generator_cExport-noconfig.cmake
[2.448s] -- Installing: /home/harmeet/rbe500_ws/install/inversekinematics_interfaces/share/inversekinematics_interfaces/cmake/export_inversekinematics_interfaces__rosidl_typesupport_fastrtps_cExport.cmake
[2.448s] -- Installing: /home/harmeet/rbe500_ws/install/inversekinematics_interfaces/share/inversekinematics_interfaces/cmake/export_inversekinematics_interfaces__rosidl_typesupport_fastrtps_cExport-noconfig.cmake
[2.448s] -- Installing: /home/harmeet/rbe500_ws/install/inversekinematics_interfaces/share/inversekinematics_interfaces/cmake/export_inversekinematics_interfaces__rosidl_generator_cppExport.cmake
[2.448s] -- Installing: /home/harmeet/rbe500_ws/install/inversekinematics_interfaces/share/inversekinematics_interfaces/cmake/export_inversekinematics_interfaces__rosidl_typesupport_fastrtps_cppExport.cmake
[2.448s] -- Installing: /home/harmeet/rbe500_ws/install/inversekinematics_interfaces/share/inversekinematics_interfaces/cmake/export_inversekinematics_interfaces__rosidl_typesupport_fastrtps_cppExport-noconfig.cmake
[2.448s] -- Installing: /home/harmeet/rbe500_ws/install/inversekinematics_interfaces/share/inversekinematics_interfaces/cmake/inversekinematics_interfaces__rosidl_typesupport_introspection_cExport.cmake
[2.448s] -- Installing: /home/harmeet/rbe500_ws/install/inversekinematics_interfaces/share/inversekinematics_interfaces/cmake/inversekinematics_interfaces__rosidl_typesupport_introspection_cExport-noconfig.cmake
[2.448s] -- Installing: /home/harmeet/rbe500_ws/install/inversekinematics_interfaces/share/inversekinematics_interfaces/cmake/inversekinematics_interfaces__rosidl_typesupport_cExport.cmake
[2.448s] -- Installing: /home/harmeet/rbe500_ws/install/inversekinematics_interfaces/share/inversekinematics_interfaces/cmake/inversekinematics_interfaces__rosidl_typesupport_cExport-noconfig.cmake
[2.448s] -- Installing: /home/harmeet/rbe500_ws/install/inversekinematics_interfaces/share/inversekinematics_interfaces/cmake/inversekinematics_interfaces__rosidl_typesupport_introspection_cppExport.cmake
[2.448s] -- Installing: /home/harmeet/rbe500_ws/install/inversekinematics_interfaces/share/inversekinematics_interfaces/cmake/inversekinematics_interfaces__rosidl_typesupport_introspection_cppExport-noconfig.cmake
[2.448s] -- Installing: /home/harmeet/rbe500_ws/install/inversekinematics_interfaces/share/inversekinematics_interfaces/cmake/inversekinematics_interfaces__rosidl_typesupport_cppExport.cmake
[2.448s] -- Installing: /home/harmeet/rbe500_ws/install/inversekinematics_interfaces/share/inversekinematics_interfaces/cmake/inversekinematics_interfaces__rosidl_typesupport_cppExport-noconfig.cmake
[2.448s] -- Installing: /home/harmeet/rbe500_ws/install/inversekinematics_interfaces/share/inversekinematics_interfaces/cmake/export_inversekinematics_interfaces__rosidl_generator_pyExport.cmake
[2.448s] -- Installing: /home/harmeet/rbe500_ws/install/inversekinematics_interfaces/share/inversekinematics_interfaces/cmake/export_inversekinematics_interfaces__rosidl_generator_pyExport-noconfig.cmake
[2.449s] -- Installing: /home/harmeet/rbe500_ws/install/inversekinematics_interfaces/share/inversekinematics_interfaces/cmake/rosidl_cmake-extras.cmake
[2.449s] -- Installing: /home/harmeet/rbe500_ws/install/inversekinematics_interfaces/share/inversekinematics_interfaces/cmake/ament_cmake_export_include_directories-extras.cmake
[2.449s] -- Installing: /home/harmeet/rbe500_ws/install/inversekinematics_interfaces/share/inversekinematics_interfaces/cmake/ament_cmake_export_libraries-extras.cmake
[2.449s] -- Installing: /home/harmeet/rbe500_ws/install/inversekinematics_interfaces/share/inversekinematics_interfaces/cmake/ament_cmake_export_targets-extras.cmake
[2.449s] -- Installing: /home/harmeet/rbe500_ws/install/inversekinematics_interfaces/share/inversekinematics_interfaces/cmake/rosidl_cmake_export_typesupport_targets-extras.cmake
[2.449s] -- Installing: /home/harmeet/rbe500_ws/install/inversekinematics_interfaces/share/inversekinematics_interfaces/cmake/ament_cmake_export_dependencies-extras.cmake
[2.449s] -- Installing: /home/harmeet/rbe500_ws/install/inversekinematics_interfaces/share/inversekinematics_interfaces/cmake/rosidl_cmake_export_typesupport_libraries-extras.cmake
[2.449s] -- Installing: /home/harmeet/rbe500_ws/install/inversekinematics_interfaces/share/inversekinematics_interfaces/cmake/inversekinematics_interfacesConfig.cmake
[2.449s] -- Installing: /home/harmeet/rbe500_ws/install/inversekinematics_interfaces/share/inversekinematics_interfaces/cmake/inversekinematics_interfacesConfig-version.cmake
[2.449s] -- Installing: /home/harmeet/rbe500_ws/install/inversekinematics_interfaces/share/inversekinematics_interfaces/package.xml
[2.451s] Invoked command in '/home/harmeet/rbe500_ws/build/inversekinematics_interfaces' returned '0': CMAKE_PREFIX_PATH=/opt/ros/humble /usr/bin/cmake --install /home/harmeet/rbe500_ws/build/inversekinematics_interfaces
