[0.010s] Invoking command in '/root/RBE500_Manipulator_Project/ws_2/build/velocityKinematics_interfaces': CMAKE_PREFIX_PATH=/opt/ros/humble /usr/bin/cmake /root/RBE500_Manipulator_Project/ws_2/src/velocityKinematics_interfaces -DCMAKE_INSTALL_PREFIX=/root/RBE500_Manipulator_Project/ws_2/install/velocityKinematics_interfaces
[0.024s] -- Found ament_cmake: 1.3.10 (/opt/ros/humble/share/ament_cmake/cmake)
[0.141s] -- Found rclpy: 3.3.14 (/opt/ros/humble/share/rclpy/cmake)
[0.141s] -- Found std_msgs: 4.2.4 (/opt/ros/humble/share/std_msgs/cmake)
[0.166s] -- Found rosidl_generator_c: 3.1.5 (/opt/ros/humble/share/rosidl_generator_c/cmake)
[0.169s] -- Found rosidl_adapter: 3.1.5 (/opt/ros/humble/share/rosidl_adapter/cmake)
[0.175s] -- Found rosidl_generator_cpp: 3.1.5 (/opt/ros/humble/share/rosidl_generator_cpp/cmake)
[0.185s] -- Using all available rosidl_typesupport_c: rosidl_typesupport_fastrtps_c;rosidl_typesupport_introspection_c
[0.199s] -- Using all available rosidl_typesupport_cpp: rosidl_typesupport_fastrtps_cpp;rosidl_typesupport_introspection_cpp
[0.225s] -- Found rosidl_default_generators: 1.2.0 (/opt/ros/humble/share/rosidl_default_generators/cmake)
[0.233s] -- Found ament_lint_auto: 0.12.11 (/opt/ros/humble/share/ament_lint_auto/cmake)
[0.283s] WARNING: Package name "velocityKinematics_interfaces" does not follow the naming conventions. It should start with a lower case letter and only contain lower case letters, digits, underscores, and dashes.
[0.387s] [31mCMake Error at /opt/ros/humble/share/rosidl_adapter/cmake/rosidl_adapt_interfaces.cmake:59 (message):
[0.387s]   execute_process(/usr/bin/python3 -m rosidl_adapter --package-name
[0.388s]   velocityKinematics_interfaces --arguments-file
[0.388s]   /root/RBE500_Manipulator_Project/ws_2/build/velocityKinematics_interfaces/rosidl_adapter__arguments__velocityKinematics_interfaces.json
[0.388s]   --output-dir
[0.388s]   /root/RBE500_Manipulator_Project/ws_2/build/velocityKinematics_interfaces/rosidl_adapter/velocityKinematics_interfaces
[0.388s]   --output-file
[0.388s]   /root/RBE500_Manipulator_Project/ws_2/build/velocityKinematics_interfaces/rosidl_adapter/velocityKinematics_interfaces.idls)
[0.388s]   returned error code 1:
[0.388s] 
[0.388s]   Traceback (most recent call last):
[0.388s] 
[0.388s]     File "/usr/lib/python3.10/runpy.py", line 196, in _run_module_as_main
[0.388s]       return _run_code(code, main_globals, None,
[0.388s]     File "/usr/lib/python3.10/runpy.py", line 86, in _run_code
[0.388s]       exec(code, run_globals)
[0.388s]     File "/opt/ros/humble/local/lib/python3.10/dist-packages/rosidl_adapter/__main__.py", line 19, in <module>
[0.389s]       sys.exit(main())
[0.389s]     File "/opt/ros/humble/local/lib/python3.10/dist-packages/rosidl_adapter/main.py", line 53, in main
[0.389s]       abs_idl_file = convert_to_idl(
[0.389s]     File "/opt/ros/humble/local/lib/python3.10/dist-packages/rosidl_adapter/__init__.py", line 24, in convert_to_idl
[0.389s]       return convert_srv_to_idl(
[0.389s]     File "/opt/ros/humble/local/lib/python3.10/dist-packages/rosidl_adapter/srv/__init__.py", line 28, in convert_srv_to_idl
[0.389s]       srv = parse_service_string(package_name, input_file.stem, content)
[0.389s]     File "/opt/ros/humble/local/lib/python3.10/dist-packages/rosidl_adapter/parser.py", line 859, in parse_service_string
[0.389s]       request_message = parse_message_string(
[0.389s]     File "/opt/ros/humble/local/lib/python3.10/dist-packages/rosidl_adapter/parser.py", line 544, in parse_message_string
[0.389s]       msg = MessageSpecification(pkg_name, msg_name, fields, constants)
[0.389s]     File "/opt/ros/humble/local/lib/python3.10/dist-packages/rosidl_adapter/parser.py", line 388, in __init__
[0.389s]       self.base_type = BaseType(
[0.389s]     File "/opt/ros/humble/local/lib/python3.10/dist-packages/rosidl_adapter/parser.py", line 201, in __init__
[0.389s]       raise InvalidResourceName(
[0.390s] 
[0.390s]   rosidl_adapter.parser.InvalidResourceName: 'velocityKinematics_interfaces'
[0.390s]   is an invalid package name.  It should have the pattern
[0.390s]   '^(?!.*__)(?!.*_$)[a-z][a-z0-9_]*$'
[0.390s] 
[0.390s] Call Stack (most recent call first):
[0.390s]   /opt/ros/humble/share/rosidl_cmake/cmake/rosidl_generate_interfaces.cmake:130 (rosidl_adapt_interfaces)
[0.390s]   CMakeLists.txt:26 (rosidl_generate_interfaces)
[0.390s] 
[0.390s] [0m
[0.390s] -- Configuring incomplete, errors occurred!
[0.390s] See also "/root/RBE500_Manipulator_Project/ws_2/build/velocityKinematics_interfaces/CMakeFiles/CMakeOutput.log".
[0.393s] Invoked command in '/root/RBE500_Manipulator_Project/ws_2/build/velocityKinematics_interfaces' returned '1': CMAKE_PREFIX_PATH=/opt/ros/humble /usr/bin/cmake /root/RBE500_Manipulator_Project/ws_2/src/velocityKinematics_interfaces -DCMAKE_INSTALL_PREFIX=/root/RBE500_Manipulator_Project/ws_2/install/velocityKinematics_interfaces
