running egg_info
creating ../../build/ForwardKinematics/ForwardKinematics.egg-info
writing ../../build/ForwardKinematics/ForwardKinematics.egg-info/PKG-INFO
writing dependency_links to ../../build/ForwardKinematics/ForwardKinematics.egg-info/dependency_links.txt
writing entry points to ../../build/ForwardKinematics/ForwardKinematics.egg-info/entry_points.txt
writing requirements to ../../build/ForwardKinematics/ForwardKinematics.egg-info/requires.txt
writing top-level names to ../../build/ForwardKinematics/ForwardKinematics.egg-info/top_level.txt
writing manifest file '../../build/ForwardKinematics/ForwardKinematics.egg-info/SOURCES.txt'
reading manifest file '../../build/ForwardKinematics/ForwardKinematics.egg-info/SOURCES.txt'
writing manifest file '../../build/ForwardKinematics/ForwardKinematics.egg-info/SOURCES.txt'
running build
running build_py
creating /root/RBE500_Manipulator_Project/workspace/build/ForwardKinematics/build
creating /root/RBE500_Manipulator_Project/workspace/build/ForwardKinematics/build/lib
creating /root/RBE500_Manipulator_Project/workspace/build/ForwardKinematics/build/lib/ForwardKinematics
copying ForwardKinematics/__init__.py -> /root/RBE500_Manipulator_Project/workspace/build/ForwardKinematics/build/lib/ForwardKinematics
copying ForwardKinematics/ForwardKinematics.py -> /root/RBE500_Manipulator_Project/workspace/build/ForwardKinematics/build/lib/ForwardKinematics
running install
running install_lib
creating /root/RBE500_Manipulator_Project/workspace/install/ForwardKinematics/lib/python3.10/site-packages/ForwardKinematics
copying /root/RBE500_Manipulator_Project/workspace/build/ForwardKinematics/build/lib/ForwardKinematics/__init__.py -> /root/RBE500_Manipulator_Project/workspace/install/ForwardKinematics/lib/python3.10/site-packages/ForwardKinematics
copying /root/RBE500_Manipulator_Project/workspace/build/ForwardKinematics/build/lib/ForwardKinematics/ForwardKinematics.py -> /root/RBE500_Manipulator_Project/workspace/install/ForwardKinematics/lib/python3.10/site-packages/ForwardKinematics
byte-compiling /root/RBE500_Manipulator_Project/workspace/install/ForwardKinematics/lib/python3.10/site-packages/ForwardKinematics/__init__.py to __init__.cpython-310.pyc
byte-compiling /root/RBE500_Manipulator_Project/workspace/install/ForwardKinematics/lib/python3.10/site-packages/ForwardKinematics/ForwardKinematics.py to ForwardKinematics.cpython-310.pyc
running install_data
creating /root/RBE500_Manipulator_Project/workspace/install/ForwardKinematics/share/ament_index
creating /root/RBE500_Manipulator_Project/workspace/install/ForwardKinematics/share/ament_index/resource_index
creating /root/RBE500_Manipulator_Project/workspace/install/ForwardKinematics/share/ament_index/resource_index/packages
copying resource/ForwardKinematics -> /root/RBE500_Manipulator_Project/workspace/install/ForwardKinematics/share/ament_index/resource_index/packages
copying package.xml -> /root/RBE500_Manipulator_Project/workspace/install/ForwardKinematics/share/ForwardKinematics
running install_egg_info
Copying ../../build/ForwardKinematics/ForwardKinematics.egg-info to /root/RBE500_Manipulator_Project/workspace/install/ForwardKinematics/lib/python3.10/site-packages/ForwardKinematics-0.0.0-py3.10.egg-info
running install_scripts
writing list of installed files to '/root/RBE500_Manipulator_Project/workspace/build/ForwardKinematics/install.log'
