[0.007s] Invoking command in '/root/RBE500_Manipulator_Project/workspace/build/robotis_manipulator': AMENT_PREFIX_PATH=/root/RBE500_Manipulator_Project/workspace/install/cmake_modules:${AMENT_PREFIX_PATH} CMAKE_PREFIX_PATH=/root/RBE500_Manipulator_Project/workspace/install/cmake_modules:/root/RBE500_Manipulator_Project/workspace/install/InverseKinematics:/root/RBE500_Manipulator_Project/workspace/install/ForwardKinematics:/opt/ros/humble /usr/bin/cmake /root/RBE500_Manipulator_Project/workspace/src/OpenManipulatorX_ROS2/robotis_manipulator -DCMAKE_INSTALL_PREFIX=/root/RBE500_Manipulator_Project/workspace/install/robotis_manipulator
[0.016s] -- Found ament_cmake: 1.3.10 (/opt/ros/humble/share/ament_cmake/cmake)
[0.133s] -- Override CMake install command with custom implementation using symlinks instead of copying resources
[0.139s] -- Found cmake_modules: 0.4.1 (/root/RBE500_Manipulator_Project/workspace/install/cmake_modules/share/cmake_modules/cmake)
[0.139s] -- Found rclcpp: 16.0.10 (/opt/ros/humble/share/rclcpp/cmake)
[0.163s] -- Found rosidl_generator_c: 3.1.5 (/opt/ros/humble/share/rosidl_generator_c/cmake)
[0.165s] -- Found rosidl_adapter: 3.1.5 (/opt/ros/humble/share/rosidl_adapter/cmake)
[0.170s] -- Found rosidl_generator_cpp: 3.1.5 (/opt/ros/humble/share/rosidl_generator_cpp/cmake)
[0.178s] -- Using all available rosidl_typesupport_c: rosidl_typesupport_fastrtps_c;rosidl_typesupport_introspection_c
[0.189s] -- Using all available rosidl_typesupport_cpp: rosidl_typesupport_fastrtps_cpp;rosidl_typesupport_introspection_cpp
[0.216s] -- Found rmw_implementation_cmake: 6.1.2 (/opt/ros/humble/share/rmw_implementation_cmake/cmake)
[0.217s] -- Found rmw_fastrtps_cpp: 6.2.7 (/opt/ros/humble/share/rmw_fastrtps_cpp/cmake)
[0.276s] -- Using RMW implementation 'rmw_fastrtps_cpp' as default
[0.380s] -- Configuring done
[0.387s] -- Generating done
[0.388s] -- Build files have been written to: /root/RBE500_Manipulator_Project/workspace/build/robotis_manipulator
[0.394s] Invoked command in '/root/RBE500_Manipulator_Project/workspace/build/robotis_manipulator' returned '0': AMENT_PREFIX_PATH=/root/RBE500_Manipulator_Project/workspace/install/cmake_modules:${AMENT_PREFIX_PATH} CMAKE_PREFIX_PATH=/root/RBE500_Manipulator_Project/workspace/install/cmake_modules:/root/RBE500_Manipulator_Project/workspace/install/InverseKinematics:/root/RBE500_Manipulator_Project/workspace/install/ForwardKinematics:/opt/ros/humble /usr/bin/cmake /root/RBE500_Manipulator_Project/workspace/src/OpenManipulatorX_ROS2/robotis_manipulator -DCMAKE_INSTALL_PREFIX=/root/RBE500_Manipulator_Project/workspace/install/robotis_manipulator
[0.396s] Invoking command in '/root/RBE500_Manipulator_Project/workspace/build/robotis_manipulator': AMENT_PREFIX_PATH=/root/RBE500_Manipulator_Project/workspace/install/cmake_modules:${AMENT_PREFIX_PATH} CMAKE_PREFIX_PATH=/root/RBE500_Manipulator_Project/workspace/install/cmake_modules:/root/RBE500_Manipulator_Project/workspace/install/InverseKinematics:/root/RBE500_Manipulator_Project/workspace/install/ForwardKinematics:/opt/ros/humble /usr/bin/cmake --build /root/RBE500_Manipulator_Project/workspace/build/robotis_manipulator -- -j12 -l12
[0.431s] [35m[1mConsolidate compiler generated dependencies of target robotis_manipulator[0m
[0.452s] [100%] Built target robotis_manipulator
[0.461s] Invoked command in '/root/RBE500_Manipulator_Project/workspace/build/robotis_manipulator' returned '0': AMENT_PREFIX_PATH=/root/RBE500_Manipulator_Project/workspace/install/cmake_modules:${AMENT_PREFIX_PATH} CMAKE_PREFIX_PATH=/root/RBE500_Manipulator_Project/workspace/install/cmake_modules:/root/RBE500_Manipulator_Project/workspace/install/InverseKinematics:/root/RBE500_Manipulator_Project/workspace/install/ForwardKinematics:/opt/ros/humble /usr/bin/cmake --build /root/RBE500_Manipulator_Project/workspace/build/robotis_manipulator -- -j12 -l12
[0.491s] Invoking command in '/root/RBE500_Manipulator_Project/workspace/build/robotis_manipulator': AMENT_PREFIX_PATH=/root/RBE500_Manipulator_Project/workspace/install/cmake_modules:${AMENT_PREFIX_PATH} CMAKE_PREFIX_PATH=/root/RBE500_Manipulator_Project/workspace/install/cmake_modules:/root/RBE500_Manipulator_Project/workspace/install/InverseKinematics:/root/RBE500_Manipulator_Project/workspace/install/ForwardKinematics:/opt/ros/humble /usr/bin/cmake --install /root/RBE500_Manipulator_Project/workspace/build/robotis_manipulator
[0.496s] -- Install configuration: ""
[0.497s] -- Execute custom install script
[0.497s] -- Symlinking: /root/RBE500_Manipulator_Project/workspace/install/robotis_manipulator/lib/librobotis_manipulator.so
[0.505s] -- Symlinking: /root/RBE500_Manipulator_Project/workspace/install/robotis_manipulator/include//robotis_manipulator/robotis_manipulator.h
[0.513s] -- Symlinking: /root/RBE500_Manipulator_Project/workspace/install/robotis_manipulator/include//robotis_manipulator/robotis_manipulator_common.h
[0.522s] -- Symlinking: /root/RBE500_Manipulator_Project/workspace/install/robotis_manipulator/include//robotis_manipulator/robotis_manipulator_log.h
[0.530s] -- Symlinking: /root/RBE500_Manipulator_Project/workspace/install/robotis_manipulator/include//robotis_manipulator/robotis_manipulator_manager.h
[0.535s] -- Symlinking: /root/RBE500_Manipulator_Project/workspace/install/robotis_manipulator/include//robotis_manipulator/robotis_manipulator_math.h
[0.540s] -- Symlinking: /root/RBE500_Manipulator_Project/workspace/install/robotis_manipulator/include//robotis_manipulator/robotis_manipulator_trajectory_generator.h
[0.547s] -- Symlinking: /root/RBE500_Manipulator_Project/workspace/install/robotis_manipulator/share/robotis_manipulator/environment/library_path.sh
[0.555s] -- Symlinking: /root/RBE500_Manipulator_Project/workspace/install/robotis_manipulator/share/robotis_manipulator/environment/library_path.dsv
[0.561s] -- Symlinking: /root/RBE500_Manipulator_Project/workspace/install/robotis_manipulator/share/ament_index/resource_index/package_run_dependencies/robotis_manipulator
[0.567s] -- Symlinking: /root/RBE500_Manipulator_Project/workspace/install/robotis_manipulator/share/ament_index/resource_index/parent_prefix_path/robotis_manipulator
[0.572s] -- Symlinking: /root/RBE500_Manipulator_Project/workspace/install/robotis_manipulator/share/robotis_manipulator/environment/ament_prefix_path.sh
[0.577s] -- Symlinking: /root/RBE500_Manipulator_Project/workspace/install/robotis_manipulator/share/robotis_manipulator/environment/ament_prefix_path.dsv
[0.584s] -- Symlinking: /root/RBE500_Manipulator_Project/workspace/install/robotis_manipulator/share/robotis_manipulator/environment/path.sh
[0.589s] -- Symlinking: /root/RBE500_Manipulator_Project/workspace/install/robotis_manipulator/share/robotis_manipulator/environment/path.dsv
[0.597s] -- Symlinking: /root/RBE500_Manipulator_Project/workspace/install/robotis_manipulator/share/robotis_manipulator/local_setup.bash
[0.604s] -- Symlinking: /root/RBE500_Manipulator_Project/workspace/install/robotis_manipulator/share/robotis_manipulator/local_setup.sh
[0.614s] -- Symlinking: /root/RBE500_Manipulator_Project/workspace/install/robotis_manipulator/share/robotis_manipulator/local_setup.zsh
[0.622s] -- Symlinking: /root/RBE500_Manipulator_Project/workspace/install/robotis_manipulator/share/robotis_manipulator/local_setup.dsv
[0.631s] -- Symlinking: /root/RBE500_Manipulator_Project/workspace/install/robotis_manipulator/share/robotis_manipulator/package.dsv
[0.639s] -- Symlinking: /root/RBE500_Manipulator_Project/workspace/install/robotis_manipulator/share/ament_index/resource_index/packages/robotis_manipulator
[0.647s] -- Symlinking: /root/RBE500_Manipulator_Project/workspace/install/robotis_manipulator/share/robotis_manipulator/cmake/ament_cmake_export_include_directories-extras.cmake
[0.654s] -- Symlinking: /root/RBE500_Manipulator_Project/workspace/install/robotis_manipulator/share/robotis_manipulator/cmake/ament_cmake_export_dependencies-extras.cmake
[0.660s] -- Symlinking: /root/RBE500_Manipulator_Project/workspace/install/robotis_manipulator/share/robotis_manipulator/cmake/ament_cmake_export_libraries-extras.cmake
[0.667s] -- Symlinking: /root/RBE500_Manipulator_Project/workspace/install/robotis_manipulator/share/robotis_manipulator/cmake/robotis_manipulatorConfig.cmake
[0.673s] -- Symlinking: /root/RBE500_Manipulator_Project/workspace/install/robotis_manipulator/share/robotis_manipulator/cmake/robotis_manipulatorConfig-version.cmake
[0.681s] -- Symlinking: /root/RBE500_Manipulator_Project/workspace/install/robotis_manipulator/share/robotis_manipulator/package.xml
[0.691s] Invoked command in '/root/RBE500_Manipulator_Project/workspace/build/robotis_manipulator' returned '0': AMENT_PREFIX_PATH=/root/RBE500_Manipulator_Project/workspace/install/cmake_modules:${AMENT_PREFIX_PATH} CMAKE_PREFIX_PATH=/root/RBE500_Manipulator_Project/workspace/install/cmake_modules:/root/RBE500_Manipulator_Project/workspace/install/InverseKinematics:/root/RBE500_Manipulator_Project/workspace/install/ForwardKinematics:/opt/ros/humble /usr/bin/cmake --install /root/RBE500_Manipulator_Project/workspace/build/robotis_manipulator
