[0.645s] Invoking command in '/root/RBE500_Manipulator_Project/workspace/src/ForwardKinematics': PYTHONPATH=/root/RBE500_Manipulator_Project/workspace/build/ForwardKinematics/prefix_override:/usr/lib/python3/dist-packages/colcon_core/task/python/colcon_distutils_commands:/root/RBE500_Manipulator_Project/workspace/install/ForwardKinematics/lib/python3.10/site-packages:${PYTHONPATH} /usr/bin/python3 -W ignore:setup.py install is deprecated setup.py egg_info --egg-base ../../build/ForwardKinematics build --build-base /root/RBE500_Manipulator_Project/workspace/build/ForwardKinematics/build install --record /root/RBE500_Manipulator_Project/workspace/build/ForwardKinematics/install.log --single-version-externally-managed install_data
[0.824s] running egg_info
[0.825s] writing ../../build/ForwardKinematics/ForwardKinematics.egg-info/PKG-INFO
[0.825s] writing dependency_links to ../../build/ForwardKinematics/ForwardKinematics.egg-info/dependency_links.txt
[0.825s] writing entry points to ../../build/ForwardKinematics/ForwardKinematics.egg-info/entry_points.txt
[0.826s] writing requirements to ../../build/ForwardKinematics/ForwardKinematics.egg-info/requires.txt
[0.826s] writing top-level names to ../../build/ForwardKinematics/ForwardKinematics.egg-info/top_level.txt
[0.826s] reading manifest file '../../build/ForwardKinematics/ForwardKinematics.egg-info/SOURCES.txt'
[0.827s] writing manifest file '../../build/ForwardKinematics/ForwardKinematics.egg-info/SOURCES.txt'
[0.828s] running build
[0.828s] running build_py
[0.828s] running install
[0.829s] running install_lib
[0.829s] running install_data
[0.830s] running install_egg_info
[0.831s] removing '/root/RBE500_Manipulator_Project/workspace/install/ForwardKinematics/lib/python3.10/site-packages/ForwardKinematics-0.0.0-py3.10.egg-info' (and everything under it)
[0.831s] Copying ../../build/ForwardKinematics/ForwardKinematics.egg-info to /root/RBE500_Manipulator_Project/workspace/install/ForwardKinematics/lib/python3.10/site-packages/ForwardKinematics-0.0.0-py3.10.egg-info
[0.832s] running install_scripts
[0.850s] Installing ForwardKinematics script to /root/RBE500_Manipulator_Project/workspace/install/ForwardKinematics/lib/ForwardKinematics
[0.850s] writing list of installed files to '/root/RBE500_Manipulator_Project/workspace/build/ForwardKinematics/install.log'
[0.874s] Invoked command in '/root/RBE500_Manipulator_Project/workspace/src/ForwardKinematics' returned '0': PYTHONPATH=/root/RBE500_Manipulator_Project/workspace/build/ForwardKinematics/prefix_override:/usr/lib/python3/dist-packages/colcon_core/task/python/colcon_distutils_commands:/root/RBE500_Manipulator_Project/workspace/install/ForwardKinematics/lib/python3.10/site-packages:${PYTHONPATH} /usr/bin/python3 -W ignore:setup.py install is deprecated setup.py egg_info --egg-base ../../build/ForwardKinematics build --build-base /root/RBE500_Manipulator_Project/workspace/build/ForwardKinematics/build install --record /root/RBE500_Manipulator_Project/workspace/build/ForwardKinematics/install.log --single-version-externally-managed install_data
