[0.011s] Invoking command in '/home/harmeet/rbe500_ws/build/rbe500-example': CMAKE_PREFIX_PATH=/home/harmeet/rbe500_ws/install/open_manipulator_msgs:/home/harmeet/rbe500_ws/install/open_manipulator:/home/harmeet/rbe500_ws/install/open_manipulator_x_controller:/home/harmeet/rbe500_ws/install/open_manipulator_x_libs:/home/harmeet/rbe500_ws/install/robotis_manipulator:/home/harmeet/rbe500_ws/install/rbe500-example:/home/harmeet/rbe500_ws/install/open_manipulator_x_description:/home/harmeet/rbe500_ws/install/dynamixel_workbench:/home/harmeet/rbe500_ws/install/dynamixel_workbench_toolbox:/home/harmeet/rbe500_ws/install/dynamixel_sdk_examples:/home/harmeet/rbe500_ws/install/dynamixel_sdk_custom_interfaces:/home/harmeet/rbe500_ws/install/dynamixel_sdk:/home/harmeet/rbe500_ws/install/cmake_modules:/home/harmeet/rbe500_ws/install/rbe500_example_py:/opt/ros/humble LD_LIBRARY_PATH=/home/harmeet/rbe500_ws/install/open_manipulator_msgs/lib:/home/harmeet/rbe500_ws/install/open_manipulator_x_libs/lib:/home/harmeet/rbe500_ws/install/robotis_manipulator/lib:/home/harmeet/rbe500_ws/install/dynamixel_workbench_toolbox/lib:/home/harmeet/rbe500_ws/install/dynamixel_sdk_custom_interfaces/lib:/home/harmeet/rbe500_ws/install/dynamixel_sdk/lib:/opt/ros/humble/opt/rviz_ogre_vendor/lib:/opt/ros/humble/lib/x86_64-linux-gnu:/opt/ros/humble/lib /usr/bin/cmake /home/harmeet/rbe500_ws/src/rbe500-example -DCMAKE_INSTALL_PREFIX=/home/harmeet/rbe500_ws/install/rbe500-example
[0.021s] -- Found ament_cmake: 1.3.10 (/opt/ros/humble/share/ament_cmake/cmake)
[0.114s] -- Override CMake install command with custom implementation using symlinks instead of copying resources
[0.119s] -- Found rclcpp: 16.0.10 (/opt/ros/humble/share/rclcpp/cmake)
[0.140s] -- Found rosidl_generator_c: 3.1.5 (/opt/ros/humble/share/rosidl_generator_c/cmake)
[0.142s] -- Found rosidl_adapter: 3.1.5 (/opt/ros/humble/share/rosidl_adapter/cmake)
[0.146s] -- Found rosidl_generator_cpp: 3.1.5 (/opt/ros/humble/share/rosidl_generator_cpp/cmake)
[0.152s] -- Using all available rosidl_typesupport_c: rosidl_typesupport_fastrtps_c;rosidl_typesupport_introspection_c
[0.161s] -- Using all available rosidl_typesupport_cpp: rosidl_typesupport_fastrtps_cpp;rosidl_typesupport_introspection_cpp
[0.183s] -- Found rmw_implementation_cmake: 6.1.2 (/opt/ros/humble/share/rmw_implementation_cmake/cmake)
[0.185s] -- Found rmw_fastrtps_cpp: 6.2.7 (/opt/ros/humble/share/rmw_fastrtps_cpp/cmake)
[0.254s] -- Using RMW implementation 'rmw_fastrtps_cpp' as default
[0.288s] -- Found example_interfaces: 0.9.3 (/opt/ros/humble/share/example_interfaces/cmake)
[0.328s] -- Found open_manipulator_msgs: 2.2.0 (/home/harmeet/rbe500_ws/install/open_manipulator_msgs/share/open_manipulator_msgs/cmake)
[0.350s] -- Found ament_lint_auto: 0.12.11 (/opt/ros/humble/share/ament_lint_auto/cmake)
[0.396s] -- Added test 'cppcheck' to perform static code analysis on C / C++ code
[0.396s] -- Configured cppcheck include dirs: $<BUILD_INTERFACE:/home/harmeet/rbe500_ws/src/rbe500-example/include>;/home/harmeet/rbe500_ws/src/rbe500-example/open_manipulator_msgs/srv
[0.396s] -- Configured cppcheck exclude dirs and/or files: 
[0.396s] -- Added test 'lint_cmake' to check CMake code style
[0.397s] -- Added test 'uncrustify' to check C / C++ code style
[0.397s] -- Configured uncrustify additional arguments: 
[0.397s] -- Added test 'xmllint' to check XML markup files
[0.398s] -- Configuring done
[0.405s] -- Generating done
[0.406s] -- Build files have been written to: /home/harmeet/rbe500_ws/build/rbe500-example
[0.411s] Invoked command in '/home/harmeet/rbe500_ws/build/rbe500-example' returned '0': CMAKE_PREFIX_PATH=/home/harmeet/rbe500_ws/install/open_manipulator_msgs:/home/harmeet/rbe500_ws/install/open_manipulator:/home/harmeet/rbe500_ws/install/open_manipulator_x_controller:/home/harmeet/rbe500_ws/install/open_manipulator_x_libs:/home/harmeet/rbe500_ws/install/robotis_manipulator:/home/harmeet/rbe500_ws/install/rbe500-example:/home/harmeet/rbe500_ws/install/open_manipulator_x_description:/home/harmeet/rbe500_ws/install/dynamixel_workbench:/home/harmeet/rbe500_ws/install/dynamixel_workbench_toolbox:/home/harmeet/rbe500_ws/install/dynamixel_sdk_examples:/home/harmeet/rbe500_ws/install/dynamixel_sdk_custom_interfaces:/home/harmeet/rbe500_ws/install/dynamixel_sdk:/home/harmeet/rbe500_ws/install/cmake_modules:/home/harmeet/rbe500_ws/install/rbe500_example_py:/opt/ros/humble LD_LIBRARY_PATH=/home/harmeet/rbe500_ws/install/open_manipulator_msgs/lib:/home/harmeet/rbe500_ws/install/open_manipulator_x_libs/lib:/home/harmeet/rbe500_ws/install/robotis_manipulator/lib:/home/harmeet/rbe500_ws/install/dynamixel_workbench_toolbox/lib:/home/harmeet/rbe500_ws/install/dynamixel_sdk_custom_interfaces/lib:/home/harmeet/rbe500_ws/install/dynamixel_sdk/lib:/opt/ros/humble/opt/rviz_ogre_vendor/lib:/opt/ros/humble/lib/x86_64-linux-gnu:/opt/ros/humble/lib /usr/bin/cmake /home/harmeet/rbe500_ws/src/rbe500-example -DCMAKE_INSTALL_PREFIX=/home/harmeet/rbe500_ws/install/rbe500-example
[0.412s] Invoking command in '/home/harmeet/rbe500_ws/build/rbe500-example': CMAKE_PREFIX_PATH=/home/harmeet/rbe500_ws/install/open_manipulator_msgs:/home/harmeet/rbe500_ws/install/open_manipulator:/home/harmeet/rbe500_ws/install/open_manipulator_x_controller:/home/harmeet/rbe500_ws/install/open_manipulator_x_libs:/home/harmeet/rbe500_ws/install/robotis_manipulator:/home/harmeet/rbe500_ws/install/rbe500-example:/home/harmeet/rbe500_ws/install/open_manipulator_x_description:/home/harmeet/rbe500_ws/install/dynamixel_workbench:/home/harmeet/rbe500_ws/install/dynamixel_workbench_toolbox:/home/harmeet/rbe500_ws/install/dynamixel_sdk_examples:/home/harmeet/rbe500_ws/install/dynamixel_sdk_custom_interfaces:/home/harmeet/rbe500_ws/install/dynamixel_sdk:/home/harmeet/rbe500_ws/install/cmake_modules:/home/harmeet/rbe500_ws/install/rbe500_example_py:/opt/ros/humble LD_LIBRARY_PATH=/home/harmeet/rbe500_ws/install/open_manipulator_msgs/lib:/home/harmeet/rbe500_ws/install/open_manipulator_x_libs/lib:/home/harmeet/rbe500_ws/install/robotis_manipulator/lib:/home/harmeet/rbe500_ws/install/dynamixel_workbench_toolbox/lib:/home/harmeet/rbe500_ws/install/dynamixel_sdk_custom_interfaces/lib:/home/harmeet/rbe500_ws/install/dynamixel_sdk/lib:/opt/ros/humble/opt/rviz_ogre_vendor/lib:/opt/ros/humble/lib/x86_64-linux-gnu:/opt/ros/humble/lib /usr/bin/cmake --build /home/harmeet/rbe500_ws/build/rbe500-example -- -j16 -l16
[0.439s] [35m[1mConsolidate compiler generated dependencies of target basic_robot_control[0m
[0.449s] [100%] Built target basic_robot_control
[0.457s] Invoked command in '/home/harmeet/rbe500_ws/build/rbe500-example' returned '0': CMAKE_PREFIX_PATH=/home/harmeet/rbe500_ws/install/open_manipulator_msgs:/home/harmeet/rbe500_ws/install/open_manipulator:/home/harmeet/rbe500_ws/install/open_manipulator_x_controller:/home/harmeet/rbe500_ws/install/open_manipulator_x_libs:/home/harmeet/rbe500_ws/install/robotis_manipulator:/home/harmeet/rbe500_ws/install/rbe500-example:/home/harmeet/rbe500_ws/install/open_manipulator_x_description:/home/harmeet/rbe500_ws/install/dynamixel_workbench:/home/harmeet/rbe500_ws/install/dynamixel_workbench_toolbox:/home/harmeet/rbe500_ws/install/dynamixel_sdk_examples:/home/harmeet/rbe500_ws/install/dynamixel_sdk_custom_interfaces:/home/harmeet/rbe500_ws/install/dynamixel_sdk:/home/harmeet/rbe500_ws/install/cmake_modules:/home/harmeet/rbe500_ws/install/rbe500_example_py:/opt/ros/humble LD_LIBRARY_PATH=/home/harmeet/rbe500_ws/install/open_manipulator_msgs/lib:/home/harmeet/rbe500_ws/install/open_manipulator_x_libs/lib:/home/harmeet/rbe500_ws/install/robotis_manipulator/lib:/home/harmeet/rbe500_ws/install/dynamixel_workbench_toolbox/lib:/home/harmeet/rbe500_ws/install/dynamixel_sdk_custom_interfaces/lib:/home/harmeet/rbe500_ws/install/dynamixel_sdk/lib:/opt/ros/humble/opt/rviz_ogre_vendor/lib:/opt/ros/humble/lib/x86_64-linux-gnu:/opt/ros/humble/lib /usr/bin/cmake --build /home/harmeet/rbe500_ws/build/rbe500-example -- -j16 -l16
[0.475s] Invoking command in '/home/harmeet/rbe500_ws/build/rbe500-example': CMAKE_PREFIX_PATH=/home/harmeet/rbe500_ws/install/open_manipulator_msgs:/home/harmeet/rbe500_ws/install/open_manipulator:/home/harmeet/rbe500_ws/install/open_manipulator_x_controller:/home/harmeet/rbe500_ws/install/open_manipulator_x_libs:/home/harmeet/rbe500_ws/install/robotis_manipulator:/home/harmeet/rbe500_ws/install/rbe500-example:/home/harmeet/rbe500_ws/install/open_manipulator_x_description:/home/harmeet/rbe500_ws/install/dynamixel_workbench:/home/harmeet/rbe500_ws/install/dynamixel_workbench_toolbox:/home/harmeet/rbe500_ws/install/dynamixel_sdk_examples:/home/harmeet/rbe500_ws/install/dynamixel_sdk_custom_interfaces:/home/harmeet/rbe500_ws/install/dynamixel_sdk:/home/harmeet/rbe500_ws/install/cmake_modules:/home/harmeet/rbe500_ws/install/rbe500_example_py:/opt/ros/humble LD_LIBRARY_PATH=/home/harmeet/rbe500_ws/install/open_manipulator_msgs/lib:/home/harmeet/rbe500_ws/install/open_manipulator_x_libs/lib:/home/harmeet/rbe500_ws/install/robotis_manipulator/lib:/home/harmeet/rbe500_ws/install/dynamixel_workbench_toolbox/lib:/home/harmeet/rbe500_ws/install/dynamixel_sdk_custom_interfaces/lib:/home/harmeet/rbe500_ws/install/dynamixel_sdk/lib:/opt/ros/humble/opt/rviz_ogre_vendor/lib:/opt/ros/humble/lib/x86_64-linux-gnu:/opt/ros/humble/lib /usr/bin/cmake --install /home/harmeet/rbe500_ws/build/rbe500-example
[0.480s] -- Install configuration: ""
[0.480s] -- Execute custom install script
[0.480s] -- Up-to-date symlink: /home/harmeet/rbe500_ws/install/rbe500-example/lib/rbe500-example/basic_robot_control
[0.481s] -- Up-to-date symlink: /home/harmeet/rbe500_ws/install/rbe500-example/share/ament_index/resource_index/package_run_dependencies/rbe500-example
[0.481s] -- Up-to-date symlink: /home/harmeet/rbe500_ws/install/rbe500-example/share/ament_index/resource_index/parent_prefix_path/rbe500-example
[0.481s] -- Up-to-date symlink: /home/harmeet/rbe500_ws/install/rbe500-example/share/rbe500-example/environment/ament_prefix_path.sh
[0.481s] -- Up-to-date symlink: /home/harmeet/rbe500_ws/install/rbe500-example/share/rbe500-example/environment/ament_prefix_path.dsv
[0.482s] -- Up-to-date symlink: /home/harmeet/rbe500_ws/install/rbe500-example/share/rbe500-example/environment/path.sh
[0.482s] -- Up-to-date symlink: /home/harmeet/rbe500_ws/install/rbe500-example/share/rbe500-example/environment/path.dsv
[0.482s] -- Up-to-date symlink: /home/harmeet/rbe500_ws/install/rbe500-example/share/rbe500-example/local_setup.bash
[0.482s] -- Up-to-date symlink: /home/harmeet/rbe500_ws/install/rbe500-example/share/rbe500-example/local_setup.sh
[0.482s] -- Up-to-date symlink: /home/harmeet/rbe500_ws/install/rbe500-example/share/rbe500-example/local_setup.zsh
[0.482s] -- Up-to-date symlink: /home/harmeet/rbe500_ws/install/rbe500-example/share/rbe500-example/local_setup.dsv
[0.482s] -- Symlinking: /home/harmeet/rbe500_ws/install/rbe500-example/share/rbe500-example/package.dsv
[0.488s] -- Up-to-date symlink: /home/harmeet/rbe500_ws/install/rbe500-example/share/ament_index/resource_index/packages/rbe500-example
[0.488s] -- Up-to-date symlink: /home/harmeet/rbe500_ws/install/rbe500-example/share/rbe500-example/cmake/rbe500-exampleConfig.cmake
[0.488s] -- Up-to-date symlink: /home/harmeet/rbe500_ws/install/rbe500-example/share/rbe500-example/cmake/rbe500-exampleConfig-version.cmake
[0.488s] -- Up-to-date symlink: /home/harmeet/rbe500_ws/install/rbe500-example/share/rbe500-example/package.xml
[0.490s] Invoked command in '/home/harmeet/rbe500_ws/build/rbe500-example' returned '0': CMAKE_PREFIX_PATH=/home/harmeet/rbe500_ws/install/open_manipulator_msgs:/home/harmeet/rbe500_ws/install/open_manipulator:/home/harmeet/rbe500_ws/install/open_manipulator_x_controller:/home/harmeet/rbe500_ws/install/open_manipulator_x_libs:/home/harmeet/rbe500_ws/install/robotis_manipulator:/home/harmeet/rbe500_ws/install/rbe500-example:/home/harmeet/rbe500_ws/install/open_manipulator_x_description:/home/harmeet/rbe500_ws/install/dynamixel_workbench:/home/harmeet/rbe500_ws/install/dynamixel_workbench_toolbox:/home/harmeet/rbe500_ws/install/dynamixel_sdk_examples:/home/harmeet/rbe500_ws/install/dynamixel_sdk_custom_interfaces:/home/harmeet/rbe500_ws/install/dynamixel_sdk:/home/harmeet/rbe500_ws/install/cmake_modules:/home/harmeet/rbe500_ws/install/rbe500_example_py:/opt/ros/humble LD_LIBRARY_PATH=/home/harmeet/rbe500_ws/install/open_manipulator_msgs/lib:/home/harmeet/rbe500_ws/install/open_manipulator_x_libs/lib:/home/harmeet/rbe500_ws/install/robotis_manipulator/lib:/home/harmeet/rbe500_ws/install/dynamixel_workbench_toolbox/lib:/home/harmeet/rbe500_ws/install/dynamixel_sdk_custom_interfaces/lib:/home/harmeet/rbe500_ws/install/dynamixel_sdk/lib:/opt/ros/humble/opt/rviz_ogre_vendor/lib:/opt/ros/humble/lib/x86_64-linux-gnu:/opt/ros/humble/lib /usr/bin/cmake --install /home/harmeet/rbe500_ws/build/rbe500-example
