[0.015s] Invoking command in '/home/harmeet/rbe500_ws/build/open_manipulator_x_controller': CMAKE_PREFIX_PATH=/home/harmeet/rbe500_ws/install/open_manipulator_x_libs:/home/harmeet/rbe500_ws/install/robotis_manipulator:/home/harmeet/rbe500_ws/install/dynamixel_workbench_toolbox:/home/harmeet/rbe500_ws/install/open_manipulator_msgs:/home/harmeet/rbe500_ws/install/dynamixel_sdk:/home/harmeet/rbe500_ws/install/cmake_modules:/home/harmeet/rbe500_ws/install/open_manipulator:/home/harmeet/rbe500_ws/install/open_manipulator_x_controller:/home/harmeet/rbe500_ws/install/rbe500-example:/home/harmeet/rbe500_ws/install/open_manipulator_x_description:/home/harmeet/rbe500_ws/install/dynamixel_workbench:/home/harmeet/rbe500_ws/install/dynamixel_sdk_examples:/home/harmeet/rbe500_ws/install/dynamixel_sdk_custom_interfaces:/home/harmeet/rbe500_ws/install/rbe500_example_py:/opt/ros/humble LD_LIBRARY_PATH=/home/harmeet/rbe500_ws/install/open_manipulator_x_libs/lib:/home/harmeet/rbe500_ws/install/robotis_manipulator/lib:/home/harmeet/rbe500_ws/install/dynamixel_workbench_toolbox/lib:/home/harmeet/rbe500_ws/install/open_manipulator_msgs/lib:/home/harmeet/rbe500_ws/install/dynamixel_sdk/lib:/home/harmeet/rbe500_ws/install/dynamixel_sdk_custom_interfaces/lib:/opt/ros/humble/opt/rviz_ogre_vendor/lib:/opt/ros/humble/lib/x86_64-linux-gnu:/opt/ros/humble/lib /usr/bin/cmake /home/harmeet/rbe500_ws/src/open_manipulator/open_manipulator_x_controller -DCMAKE_INSTALL_PREFIX=/home/harmeet/rbe500_ws/install/open_manipulator_x_controller
[0.026s] -- Found ament_cmake: 1.3.10 (/opt/ros/humble/share/ament_cmake/cmake)
[0.114s] -- Override CMake install command with custom implementation using symlinks instead of copying resources
[0.118s] -- Found geometry_msgs: 4.2.4 (/opt/ros/humble/share/geometry_msgs/cmake)
[0.133s] -- Found rosidl_generator_c: 3.1.5 (/opt/ros/humble/share/rosidl_generator_c/cmake)
[0.135s] -- Found rosidl_adapter: 3.1.5 (/opt/ros/humble/share/rosidl_adapter/cmake)
[0.138s] -- Found rosidl_generator_cpp: 3.1.5 (/opt/ros/humble/share/rosidl_generator_cpp/cmake)
[0.144s] -- Using all available rosidl_typesupport_c: rosidl_typesupport_fastrtps_c;rosidl_typesupport_introspection_c
[0.152s] -- Using all available rosidl_typesupport_cpp: rosidl_typesupport_fastrtps_cpp;rosidl_typesupport_introspection_cpp
[0.175s] -- Found open_manipulator_msgs: 2.2.0 (/home/harmeet/rbe500_ws/install/open_manipulator_msgs/share/open_manipulator_msgs/cmake)
[0.187s] -- Found open_manipulator_x_libs: 2.3.0 (/home/harmeet/rbe500_ws/install/open_manipulator_x_libs/share/open_manipulator_x_libs/cmake)
[0.209s] -- Found rmw_implementation_cmake: 6.1.2 (/opt/ros/humble/share/rmw_implementation_cmake/cmake)
[0.210s] -- Found rmw_fastrtps_cpp: 6.2.7 (/opt/ros/humble/share/rmw_fastrtps_cpp/cmake)
[0.273s] -- Using RMW implementation 'rmw_fastrtps_cpp' as default
[0.298s] -- Found sensor_msgs: 4.2.4 (/opt/ros/humble/share/sensor_msgs/cmake)
[0.309s] -- Found trajectory_msgs: 4.2.4 (/opt/ros/humble/share/trajectory_msgs/cmake)
[0.367s] -- Configuring done
[0.378s] -- Generating done
[0.378s] -- Build files have been written to: /home/harmeet/rbe500_ws/build/open_manipulator_x_controller
[0.384s] Invoked command in '/home/harmeet/rbe500_ws/build/open_manipulator_x_controller' returned '0': CMAKE_PREFIX_PATH=/home/harmeet/rbe500_ws/install/open_manipulator_x_libs:/home/harmeet/rbe500_ws/install/robotis_manipulator:/home/harmeet/rbe500_ws/install/dynamixel_workbench_toolbox:/home/harmeet/rbe500_ws/install/open_manipulator_msgs:/home/harmeet/rbe500_ws/install/dynamixel_sdk:/home/harmeet/rbe500_ws/install/cmake_modules:/home/harmeet/rbe500_ws/install/open_manipulator:/home/harmeet/rbe500_ws/install/open_manipulator_x_controller:/home/harmeet/rbe500_ws/install/rbe500-example:/home/harmeet/rbe500_ws/install/open_manipulator_x_description:/home/harmeet/rbe500_ws/install/dynamixel_workbench:/home/harmeet/rbe500_ws/install/dynamixel_sdk_examples:/home/harmeet/rbe500_ws/install/dynamixel_sdk_custom_interfaces:/home/harmeet/rbe500_ws/install/rbe500_example_py:/opt/ros/humble LD_LIBRARY_PATH=/home/harmeet/rbe500_ws/install/open_manipulator_x_libs/lib:/home/harmeet/rbe500_ws/install/robotis_manipulator/lib:/home/harmeet/rbe500_ws/install/dynamixel_workbench_toolbox/lib:/home/harmeet/rbe500_ws/install/open_manipulator_msgs/lib:/home/harmeet/rbe500_ws/install/dynamixel_sdk/lib:/home/harmeet/rbe500_ws/install/dynamixel_sdk_custom_interfaces/lib:/opt/ros/humble/opt/rviz_ogre_vendor/lib:/opt/ros/humble/lib/x86_64-linux-gnu:/opt/ros/humble/lib /usr/bin/cmake /home/harmeet/rbe500_ws/src/open_manipulator/open_manipulator_x_controller -DCMAKE_INSTALL_PREFIX=/home/harmeet/rbe500_ws/install/open_manipulator_x_controller
[0.385s] Invoking command in '/home/harmeet/rbe500_ws/build/open_manipulator_x_controller': CMAKE_PREFIX_PATH=/home/harmeet/rbe500_ws/install/open_manipulator_x_libs:/home/harmeet/rbe500_ws/install/robotis_manipulator:/home/harmeet/rbe500_ws/install/dynamixel_workbench_toolbox:/home/harmeet/rbe500_ws/install/open_manipulator_msgs:/home/harmeet/rbe500_ws/install/dynamixel_sdk:/home/harmeet/rbe500_ws/install/cmake_modules:/home/harmeet/rbe500_ws/install/open_manipulator:/home/harmeet/rbe500_ws/install/open_manipulator_x_controller:/home/harmeet/rbe500_ws/install/rbe500-example:/home/harmeet/rbe500_ws/install/open_manipulator_x_description:/home/harmeet/rbe500_ws/install/dynamixel_workbench:/home/harmeet/rbe500_ws/install/dynamixel_sdk_examples:/home/harmeet/rbe500_ws/install/dynamixel_sdk_custom_interfaces:/home/harmeet/rbe500_ws/install/rbe500_example_py:/opt/ros/humble LD_LIBRARY_PATH=/home/harmeet/rbe500_ws/install/open_manipulator_x_libs/lib:/home/harmeet/rbe500_ws/install/robotis_manipulator/lib:/home/harmeet/rbe500_ws/install/dynamixel_workbench_toolbox/lib:/home/harmeet/rbe500_ws/install/open_manipulator_msgs/lib:/home/harmeet/rbe500_ws/install/dynamixel_sdk/lib:/home/harmeet/rbe500_ws/install/dynamixel_sdk_custom_interfaces/lib:/opt/ros/humble/opt/rviz_ogre_vendor/lib:/opt/ros/humble/lib/x86_64-linux-gnu:/opt/ros/humble/lib /usr/bin/cmake --build /home/harmeet/rbe500_ws/build/open_manipulator_x_controller -- -j16 -l16
[0.410s] [35m[1mConsolidate compiler generated dependencies of target open_manipulator_x_controller[0m
[0.424s] [100%] Built target open_manipulator_x_controller
[0.431s] Invoked command in '/home/harmeet/rbe500_ws/build/open_manipulator_x_controller' returned '0': CMAKE_PREFIX_PATH=/home/harmeet/rbe500_ws/install/open_manipulator_x_libs:/home/harmeet/rbe500_ws/install/robotis_manipulator:/home/harmeet/rbe500_ws/install/dynamixel_workbench_toolbox:/home/harmeet/rbe500_ws/install/open_manipulator_msgs:/home/harmeet/rbe500_ws/install/dynamixel_sdk:/home/harmeet/rbe500_ws/install/cmake_modules:/home/harmeet/rbe500_ws/install/open_manipulator:/home/harmeet/rbe500_ws/install/open_manipulator_x_controller:/home/harmeet/rbe500_ws/install/rbe500-example:/home/harmeet/rbe500_ws/install/open_manipulator_x_description:/home/harmeet/rbe500_ws/install/dynamixel_workbench:/home/harmeet/rbe500_ws/install/dynamixel_sdk_examples:/home/harmeet/rbe500_ws/install/dynamixel_sdk_custom_interfaces:/home/harmeet/rbe500_ws/install/rbe500_example_py:/opt/ros/humble LD_LIBRARY_PATH=/home/harmeet/rbe500_ws/install/open_manipulator_x_libs/lib:/home/harmeet/rbe500_ws/install/robotis_manipulator/lib:/home/harmeet/rbe500_ws/install/dynamixel_workbench_toolbox/lib:/home/harmeet/rbe500_ws/install/open_manipulator_msgs/lib:/home/harmeet/rbe500_ws/install/dynamixel_sdk/lib:/home/harmeet/rbe500_ws/install/dynamixel_sdk_custom_interfaces/lib:/opt/ros/humble/opt/rviz_ogre_vendor/lib:/opt/ros/humble/lib/x86_64-linux-gnu:/opt/ros/humble/lib /usr/bin/cmake --build /home/harmeet/rbe500_ws/build/open_manipulator_x_controller -- -j16 -l16
[0.447s] Invoking command in '/home/harmeet/rbe500_ws/build/open_manipulator_x_controller': CMAKE_PREFIX_PATH=/home/harmeet/rbe500_ws/install/open_manipulator_x_libs:/home/harmeet/rbe500_ws/install/robotis_manipulator:/home/harmeet/rbe500_ws/install/dynamixel_workbench_toolbox:/home/harmeet/rbe500_ws/install/open_manipulator_msgs:/home/harmeet/rbe500_ws/install/dynamixel_sdk:/home/harmeet/rbe500_ws/install/cmake_modules:/home/harmeet/rbe500_ws/install/open_manipulator:/home/harmeet/rbe500_ws/install/open_manipulator_x_controller:/home/harmeet/rbe500_ws/install/rbe500-example:/home/harmeet/rbe500_ws/install/open_manipulator_x_description:/home/harmeet/rbe500_ws/install/dynamixel_workbench:/home/harmeet/rbe500_ws/install/dynamixel_sdk_examples:/home/harmeet/rbe500_ws/install/dynamixel_sdk_custom_interfaces:/home/harmeet/rbe500_ws/install/rbe500_example_py:/opt/ros/humble LD_LIBRARY_PATH=/home/harmeet/rbe500_ws/install/open_manipulator_x_libs/lib:/home/harmeet/rbe500_ws/install/robotis_manipulator/lib:/home/harmeet/rbe500_ws/install/dynamixel_workbench_toolbox/lib:/home/harmeet/rbe500_ws/install/open_manipulator_msgs/lib:/home/harmeet/rbe500_ws/install/dynamixel_sdk/lib:/home/harmeet/rbe500_ws/install/dynamixel_sdk_custom_interfaces/lib:/opt/ros/humble/opt/rviz_ogre_vendor/lib:/opt/ros/humble/lib/x86_64-linux-gnu:/opt/ros/humble/lib /usr/bin/cmake --install /home/harmeet/rbe500_ws/build/open_manipulator_x_controller
[0.451s] -- Install configuration: ""
[0.451s] -- Execute custom install script
[0.451s] -- Up-to-date symlink: /home/harmeet/rbe500_ws/install/open_manipulator_x_controller/lib/open_manipulator_x_controller/open_manipulator_x_controller
[0.451s] -- Up-to-date symlink: /home/harmeet/rbe500_ws/install/open_manipulator_x_controller/share/open_manipulator_x_controller/99-open-manipulator-cdc.rules
[0.451s] -- Up-to-date symlink: /home/harmeet/rbe500_ws/install/open_manipulator_x_controller/share/open_manipulator_x_controller/launch/open_manipulator_x_controller.launch.py
[0.452s] -- Up-to-date symlink: /home/harmeet/rbe500_ws/install/open_manipulator_x_controller/share/open_manipulator_x_controller/param/open_manipulator_x_controller_params.yaml
[0.452s] -- Up-to-date symlink: /home/harmeet/rbe500_ws/install/open_manipulator_x_controller/lib/open_manipulator_x_controller/create_udev_rules
[0.452s] -- Up-to-date symlink: /home/harmeet/rbe500_ws/install/open_manipulator_x_controller/share/ament_index/resource_index/package_run_dependencies/open_manipulator_x_controller
[0.452s] -- Up-to-date symlink: /home/harmeet/rbe500_ws/install/open_manipulator_x_controller/share/ament_index/resource_index/parent_prefix_path/open_manipulator_x_controller
[0.452s] -- Up-to-date symlink: /home/harmeet/rbe500_ws/install/open_manipulator_x_controller/share/open_manipulator_x_controller/environment/ament_prefix_path.sh
[0.452s] -- Up-to-date symlink: /home/harmeet/rbe500_ws/install/open_manipulator_x_controller/share/open_manipulator_x_controller/environment/ament_prefix_path.dsv
[0.452s] -- Up-to-date symlink: /home/harmeet/rbe500_ws/install/open_manipulator_x_controller/share/open_manipulator_x_controller/environment/path.sh
[0.452s] -- Up-to-date symlink: /home/harmeet/rbe500_ws/install/open_manipulator_x_controller/share/open_manipulator_x_controller/environment/path.dsv
[0.453s] -- Up-to-date symlink: /home/harmeet/rbe500_ws/install/open_manipulator_x_controller/share/open_manipulator_x_controller/local_setup.bash
[0.453s] -- Up-to-date symlink: /home/harmeet/rbe500_ws/install/open_manipulator_x_controller/share/open_manipulator_x_controller/local_setup.sh
[0.453s] -- Up-to-date symlink: /home/harmeet/rbe500_ws/install/open_manipulator_x_controller/share/open_manipulator_x_controller/local_setup.zsh
[0.453s] -- Up-to-date symlink: /home/harmeet/rbe500_ws/install/open_manipulator_x_controller/share/open_manipulator_x_controller/local_setup.dsv
[0.453s] -- Symlinking: /home/harmeet/rbe500_ws/install/open_manipulator_x_controller/share/open_manipulator_x_controller/package.dsv
[0.458s] -- Up-to-date symlink: /home/harmeet/rbe500_ws/install/open_manipulator_x_controller/share/ament_index/resource_index/packages/open_manipulator_x_controller
[0.458s] -- Up-to-date symlink: /home/harmeet/rbe500_ws/install/open_manipulator_x_controller/share/open_manipulator_x_controller/cmake/ament_cmake_export_include_directories-extras.cmake
[0.458s] -- Up-to-date symlink: /home/harmeet/rbe500_ws/install/open_manipulator_x_controller/share/open_manipulator_x_controller/cmake/ament_cmake_export_dependencies-extras.cmake
[0.458s] -- Up-to-date symlink: /home/harmeet/rbe500_ws/install/open_manipulator_x_controller/share/open_manipulator_x_controller/cmake/open_manipulator_x_controllerConfig.cmake
[0.458s] -- Up-to-date symlink: /home/harmeet/rbe500_ws/install/open_manipulator_x_controller/share/open_manipulator_x_controller/cmake/open_manipulator_x_controllerConfig-version.cmake
[0.458s] -- Up-to-date symlink: /home/harmeet/rbe500_ws/install/open_manipulator_x_controller/share/open_manipulator_x_controller/package.xml
[0.460s] Invoked command in '/home/harmeet/rbe500_ws/build/open_manipulator_x_controller' returned '0': CMAKE_PREFIX_PATH=/home/harmeet/rbe500_ws/install/open_manipulator_x_libs:/home/harmeet/rbe500_ws/install/robotis_manipulator:/home/harmeet/rbe500_ws/install/dynamixel_workbench_toolbox:/home/harmeet/rbe500_ws/install/open_manipulator_msgs:/home/harmeet/rbe500_ws/install/dynamixel_sdk:/home/harmeet/rbe500_ws/install/cmake_modules:/home/harmeet/rbe500_ws/install/open_manipulator:/home/harmeet/rbe500_ws/install/open_manipulator_x_controller:/home/harmeet/rbe500_ws/install/rbe500-example:/home/harmeet/rbe500_ws/install/open_manipulator_x_description:/home/harmeet/rbe500_ws/install/dynamixel_workbench:/home/harmeet/rbe500_ws/install/dynamixel_sdk_examples:/home/harmeet/rbe500_ws/install/dynamixel_sdk_custom_interfaces:/home/harmeet/rbe500_ws/install/rbe500_example_py:/opt/ros/humble LD_LIBRARY_PATH=/home/harmeet/rbe500_ws/install/open_manipulator_x_libs/lib:/home/harmeet/rbe500_ws/install/robotis_manipulator/lib:/home/harmeet/rbe500_ws/install/dynamixel_workbench_toolbox/lib:/home/harmeet/rbe500_ws/install/open_manipulator_msgs/lib:/home/harmeet/rbe500_ws/install/dynamixel_sdk/lib:/home/harmeet/rbe500_ws/install/dynamixel_sdk_custom_interfaces/lib:/opt/ros/humble/opt/rviz_ogre_vendor/lib:/opt/ros/humble/lib/x86_64-linux-gnu:/opt/ros/humble/lib /usr/bin/cmake --install /home/harmeet/rbe500_ws/build/open_manipulator_x_controller
