[0.424s] Invoking command in '/home/harmeet/rbe500_ws/src/rbe500_example_py': PYTHONPATH=/home/harmeet/rbe500_ws/build/rbe500_example_py/prefix_override:/usr/lib/python3/dist-packages/colcon_core/task/python/colcon_distutils_commands:/home/harmeet/rbe500_ws/install/rbe500_example_py/lib/python3.10/site-packages:${PYTHONPATH} /usr/bin/python3 -W ignore:setup.py install is deprecated setup.py egg_info --egg-base ../../build/rbe500_example_py build --build-base /home/harmeet/rbe500_ws/build/rbe500_example_py/build install --record /home/harmeet/rbe500_ws/build/rbe500_example_py/install.log --single-version-externally-managed install_data
[0.600s] running egg_info
[0.601s] writing ../../build/rbe500_example_py/rbe500_example_py.egg-info/PKG-INFO
[0.601s] writing dependency_links to ../../build/rbe500_example_py/rbe500_example_py.egg-info/dependency_links.txt
[0.601s] writing entry points to ../../build/rbe500_example_py/rbe500_example_py.egg-info/entry_points.txt
[0.601s] writing requirements to ../../build/rbe500_example_py/rbe500_example_py.egg-info/requires.txt
[0.601s] writing top-level names to ../../build/rbe500_example_py/rbe500_example_py.egg-info/top_level.txt
[0.602s] reading manifest file '../../build/rbe500_example_py/rbe500_example_py.egg-info/SOURCES.txt'
[0.603s] writing manifest file '../../build/rbe500_example_py/rbe500_example_py.egg-info/SOURCES.txt'
[0.603s] running build
[0.603s] running build_py
[0.603s] copying rbe500_example_py/basic_robot_control.py -> /home/harmeet/rbe500_ws/build/rbe500_example_py/build/lib/rbe500_example_py
[0.603s] running install
[0.603s] running install_lib
[0.604s] copying /home/harmeet/rbe500_ws/build/rbe500_example_py/build/lib/rbe500_example_py/basic_robot_control.py -> /home/harmeet/rbe500_ws/install/rbe500_example_py/lib/python3.10/site-packages/rbe500_example_py
[0.604s] byte-compiling /home/harmeet/rbe500_ws/install/rbe500_example_py/lib/python3.10/site-packages/rbe500_example_py/basic_robot_control.py to basic_robot_control.cpython-310.pyc
[0.605s] running install_data
[0.605s] running install_egg_info
[0.606s] removing '/home/harmeet/rbe500_ws/install/rbe500_example_py/lib/python3.10/site-packages/rbe500_example_py-0.0.0-py3.10.egg-info' (and everything under it)
[0.606s] Copying ../../build/rbe500_example_py/rbe500_example_py.egg-info to /home/harmeet/rbe500_ws/install/rbe500_example_py/lib/python3.10/site-packages/rbe500_example_py-0.0.0-py3.10.egg-info
[0.607s] running install_scripts
[0.620s] Installing basic_robot_control = rbe500_example_py.basic_robot_control:mainexample script to /home/harmeet/rbe500_ws/install/rbe500_example_py/lib/rbe500_example_py
[0.620s] writing list of installed files to '/home/harmeet/rbe500_ws/build/rbe500_example_py/install.log'
[0.635s] Invoked command in '/home/harmeet/rbe500_ws/src/rbe500_example_py' returned '0': PYTHONPATH=/home/harmeet/rbe500_ws/build/rbe500_example_py/prefix_override:/usr/lib/python3/dist-packages/colcon_core/task/python/colcon_distutils_commands:/home/harmeet/rbe500_ws/install/rbe500_example_py/lib/python3.10/site-packages:${PYTHONPATH} /usr/bin/python3 -W ignore:setup.py install is deprecated setup.py egg_info --egg-base ../../build/rbe500_example_py build --build-base /home/harmeet/rbe500_ws/build/rbe500_example_py/build install --record /home/harmeet/rbe500_ws/build/rbe500_example_py/install.log --single-version-externally-managed install_data
