[1.030s] Invoking command in '/root/RBE500_Manipulator_Project/workspace/src/InverseKinematics': AMENT_PREFIX_PATH=/root/RBE500_Manipulator_Project/workspace/install/open_manipulator_msgs:${AMENT_PREFIX_PATH} CMAKE_PREFIX_PATH=/root/RBE500_Manipulator_Project/workspace/install/open_manipulator_msgs LD_LIBRARY_PATH=/root/RBE500_Manipulator_Project/workspace/install/open_manipulator_msgs/lib:${LD_LIBRARY_PATH} PYTHONPATH=/root/RBE500_Manipulator_Project/workspace/build/InverseKinematics/prefix_override:/usr/lib/python3/dist-packages/colcon_core/task/python/colcon_distutils_commands:/root/RBE500_Manipulator_Project/workspace/install/InverseKinematics/lib/python3.10/site-packages:/root/RBE500_Manipulator_Project/workspace/install/open_manipulator_msgs/local/lib/python3.10/dist-packages:${PYTHONPATH} /usr/bin/python3 -W ignore:setup.py install is deprecated setup.py egg_info --egg-base ../../build/InverseKinematics build --build-base /root/RBE500_Manipulator_Project/workspace/build/InverseKinematics/build install --record /root/RBE500_Manipulator_Project/workspace/build/InverseKinematics/install.log --single-version-externally-managed
[1.251s] running egg_info
[1.251s] writing ../../build/InverseKinematics/InverseKinematics.egg-info/PKG-INFO
[1.251s] writing dependency_links to ../../build/InverseKinematics/InverseKinematics.egg-info/dependency_links.txt
[1.252s] writing entry points to ../../build/InverseKinematics/InverseKinematics.egg-info/entry_points.txt
[1.252s] writing requirements to ../../build/InverseKinematics/InverseKinematics.egg-info/requires.txt
[1.252s] writing top-level names to ../../build/InverseKinematics/InverseKinematics.egg-info/top_level.txt
[1.254s] reading manifest file '../../build/InverseKinematics/InverseKinematics.egg-info/SOURCES.txt'
[1.255s] writing manifest file '../../build/InverseKinematics/InverseKinematics.egg-info/SOURCES.txt'
[1.255s] running build
[1.255s] running build_py
[1.256s] running install
[1.256s] running install_lib
[1.258s] running install_egg_info
[1.259s] removing '/root/RBE500_Manipulator_Project/workspace/install/InverseKinematics/lib/python3.10/site-packages/InverseKinematics-0.0.0-py3.10.egg-info' (and everything under it)
[1.260s] Copying ../../build/InverseKinematics/InverseKinematics.egg-info to /root/RBE500_Manipulator_Project/workspace/install/InverseKinematics/lib/python3.10/site-packages/InverseKinematics-0.0.0-py3.10.egg-info
[1.261s] running install_scripts
[1.281s] Installing InverseKinematics script to /root/RBE500_Manipulator_Project/workspace/install/InverseKinematics/lib/InverseKinematics
[1.282s] writing list of installed files to '/root/RBE500_Manipulator_Project/workspace/build/InverseKinematics/install.log'
[1.318s] Invoked command in '/root/RBE500_Manipulator_Project/workspace/src/InverseKinematics' returned '0': AMENT_PREFIX_PATH=/root/RBE500_Manipulator_Project/workspace/install/open_manipulator_msgs:${AMENT_PREFIX_PATH} CMAKE_PREFIX_PATH=/root/RBE500_Manipulator_Project/workspace/install/open_manipulator_msgs LD_LIBRARY_PATH=/root/RBE500_Manipulator_Project/workspace/install/open_manipulator_msgs/lib:${LD_LIBRARY_PATH} PYTHONPATH=/root/RBE500_Manipulator_Project/workspace/build/InverseKinematics/prefix_override:/usr/lib/python3/dist-packages/colcon_core/task/python/colcon_distutils_commands:/root/RBE500_Manipulator_Project/workspace/install/InverseKinematics/lib/python3.10/site-packages:/root/RBE500_Manipulator_Project/workspace/install/open_manipulator_msgs/local/lib/python3.10/dist-packages:${PYTHONPATH} /usr/bin/python3 -W ignore:setup.py install is deprecated setup.py egg_info --egg-base ../../build/InverseKinematics build --build-base /root/RBE500_Manipulator_Project/workspace/build/InverseKinematics/build install --record /root/RBE500_Manipulator_Project/workspace/build/InverseKinematics/install.log --single-version-externally-managed
