[0.014s] Invoking command in '/home/harmeet/rbe500_ws/build/inversekinematics_interfaces': CMAKE_PREFIX_PATH=/opt/ros/humble /usr/bin/cmake /home/harmeet/rbe500_ws/src/inversekinematics_interfaces -DCMAKE_INSTALL_PREFIX=/home/harmeet/rbe500_ws/install/inversekinematics_interfaces
[0.021s] -- Found ament_cmake: 1.3.10 (/opt/ros/humble/share/ament_cmake/cmake)
[0.126s] -- Found ament_lint_auto: 0.12.11 (/opt/ros/humble/share/ament_lint_auto/cmake)
[0.176s] -- Found rclcpp: 16.0.10 (/opt/ros/humble/share/rclcpp/cmake)
[0.197s] -- Found rosidl_generator_c: 3.1.5 (/opt/ros/humble/share/rosidl_generator_c/cmake)
[0.199s] -- Found rosidl_adapter: 3.1.5 (/opt/ros/humble/share/rosidl_adapter/cmake)
[0.203s] -- Found rosidl_generator_cpp: 3.1.5 (/opt/ros/humble/share/rosidl_generator_cpp/cmake)
[0.209s] -- Using all available rosidl_typesupport_c: rosidl_typesupport_fastrtps_c;rosidl_typesupport_introspection_c
[0.218s] -- Using all available rosidl_typesupport_cpp: rosidl_typesupport_fastrtps_cpp;rosidl_typesupport_introspection_cpp
[0.240s] -- Found rmw_implementation_cmake: 6.1.2 (/opt/ros/humble/share/rmw_implementation_cmake/cmake)
[0.240s] -- Found rmw_fastrtps_cpp: 6.2.7 (/opt/ros/humble/share/rmw_fastrtps_cpp/cmake)
[0.310s] -- Using RMW implementation 'rmw_fastrtps_cpp' as default
[0.346s] -- Found rosidl_default_generators: 1.2.0 (/opt/ros/humble/share/rosidl_default_generators/cmake)
[0.450s] [31mCMake Error at /opt/ros/humble/share/rosidl_cmake/cmake/rosidl_generate_interfaces.cmake:229 (message):
[0.450s]   Packages installing interfaces must include
[0.450s]   '<member_of_group>rosidl_interface_packages</member_of_group>' in their
[0.450s]   package.xml
[0.450s] Call Stack (most recent call first):
[0.450s]   CMakeLists.txt:30 (rosidl_generate_interfaces)
[0.450s] 
[0.450s] [0m
[0.450s] -- Configuring incomplete, errors occurred!
[0.450s] See also "/home/harmeet/rbe500_ws/build/inversekinematics_interfaces/CMakeFiles/CMakeOutput.log".
[0.471s] Invoked command in '/home/harmeet/rbe500_ws/build/inversekinematics_interfaces' returned '1': CMAKE_PREFIX_PATH=/opt/ros/humble /usr/bin/cmake /home/harmeet/rbe500_ws/src/inversekinematics_interfaces -DCMAKE_INSTALL_PREFIX=/home/harmeet/rbe500_ws/install/inversekinematics_interfaces
