running egg_info
creating ../../build/InverseKinematics/InverseKinematics.egg-info
writing ../../build/InverseKinematics/InverseKinematics.egg-info/PKG-INFO
writing dependency_links to ../../build/InverseKinematics/InverseKinematics.egg-info/dependency_links.txt
writing entry points to ../../build/InverseKinematics/InverseKinematics.egg-info/entry_points.txt
writing requirements to ../../build/InverseKinematics/InverseKinematics.egg-info/requires.txt
writing top-level names to ../../build/InverseKinematics/InverseKinematics.egg-info/top_level.txt
writing manifest file '../../build/InverseKinematics/InverseKinematics.egg-info/SOURCES.txt'
reading manifest file '../../build/InverseKinematics/InverseKinematics.egg-info/SOURCES.txt'
writing manifest file '../../build/InverseKinematics/InverseKinematics.egg-info/SOURCES.txt'
running build
running build_py
creating /root/RBE500_Manipulator_Project/workspace/build/InverseKinematics/build
creating /root/RBE500_Manipulator_Project/workspace/build/InverseKinematics/build/lib
creating /root/RBE500_Manipulator_Project/workspace/build/InverseKinematics/build/lib/InverseKinematics
copying InverseKinematics/__init__.py -> /root/RBE500_Manipulator_Project/workspace/build/InverseKinematics/build/lib/InverseKinematics
copying InverseKinematics/InverseKinematics.py -> /root/RBE500_Manipulator_Project/workspace/build/InverseKinematics/build/lib/InverseKinematics
running install
running install_lib
creating /root/RBE500_Manipulator_Project/workspace/install/InverseKinematics/lib/python3.10/site-packages/InverseKinematics
copying /root/RBE500_Manipulator_Project/workspace/build/InverseKinematics/build/lib/InverseKinematics/__init__.py -> /root/RBE500_Manipulator_Project/workspace/install/InverseKinematics/lib/python3.10/site-packages/InverseKinematics
copying /root/RBE500_Manipulator_Project/workspace/build/InverseKinematics/build/lib/InverseKinematics/InverseKinematics.py -> /root/RBE500_Manipulator_Project/workspace/install/InverseKinematics/lib/python3.10/site-packages/InverseKinematics
byte-compiling /root/RBE500_Manipulator_Project/workspace/install/InverseKinematics/lib/python3.10/site-packages/InverseKinematics/__init__.py to __init__.cpython-310.pyc
byte-compiling /root/RBE500_Manipulator_Project/workspace/install/InverseKinematics/lib/python3.10/site-packages/InverseKinematics/InverseKinematics.py to InverseKinematics.cpython-310.pyc
running install_data
creating /root/RBE500_Manipulator_Project/workspace/install/InverseKinematics/share/ament_index
creating /root/RBE500_Manipulator_Project/workspace/install/InverseKinematics/share/ament_index/resource_index
creating /root/RBE500_Manipulator_Project/workspace/install/InverseKinematics/share/ament_index/resource_index/packages
copying resource/InverseKinematics -> /root/RBE500_Manipulator_Project/workspace/install/InverseKinematics/share/ament_index/resource_index/packages
copying package.xml -> /root/RBE500_Manipulator_Project/workspace/install/InverseKinematics/share/InverseKinematics
running install_egg_info
Copying ../../build/InverseKinematics/InverseKinematics.egg-info to /root/RBE500_Manipulator_Project/workspace/install/InverseKinematics/lib/python3.10/site-packages/InverseKinematics-0.0.0-py3.10.egg-info
running install_scripts
writing list of installed files to '/root/RBE500_Manipulator_Project/workspace/build/InverseKinematics/install.log'
