[0.680s] Invoking command in '/root/RBE500_Manipulator_Project/workspace/src/InverseKinematics': PYTHONPATH=/root/RBE500_Manipulator_Project/workspace/build/InverseKinematics/prefix_override:/usr/lib/python3/dist-packages/colcon_core/task/python/colcon_distutils_commands:/root/RBE500_Manipulator_Project/workspace/install/InverseKinematics/lib/python3.10/site-packages:${PYTHONPATH} /usr/bin/python3 -W ignore:setup.py install is deprecated setup.py egg_info --egg-base ../../build/InverseKinematics build --build-base /root/RBE500_Manipulator_Project/workspace/build/InverseKinematics/build install --record /root/RBE500_Manipulator_Project/workspace/build/InverseKinematics/install.log --single-version-externally-managed install_data
[0.862s] running egg_info
[0.862s] creating ../../build/InverseKinematics/InverseKinematics.egg-info
[0.863s] writing ../../build/InverseKinematics/InverseKinematics.egg-info/PKG-INFO
[0.863s] writing dependency_links to ../../build/InverseKinematics/InverseKinematics.egg-info/dependency_links.txt
[0.863s] writing entry points to ../../build/InverseKinematics/InverseKinematics.egg-info/entry_points.txt
[0.863s] writing requirements to ../../build/InverseKinematics/InverseKinematics.egg-info/requires.txt
[0.863s] writing top-level names to ../../build/InverseKinematics/InverseKinematics.egg-info/top_level.txt
[0.863s] writing manifest file '../../build/InverseKinematics/InverseKinematics.egg-info/SOURCES.txt'
[0.864s] reading manifest file '../../build/InverseKinematics/InverseKinematics.egg-info/SOURCES.txt'
[0.866s] writing manifest file '../../build/InverseKinematics/InverseKinematics.egg-info/SOURCES.txt'
[0.866s] running build
[0.866s] running build_py
[0.866s] creating /root/RBE500_Manipulator_Project/workspace/build/InverseKinematics/build
[0.866s] creating /root/RBE500_Manipulator_Project/workspace/build/InverseKinematics/build/lib
[0.866s] creating /root/RBE500_Manipulator_Project/workspace/build/InverseKinematics/build/lib/InverseKinematics
[0.866s] copying InverseKinematics/__init__.py -> /root/RBE500_Manipulator_Project/workspace/build/InverseKinematics/build/lib/InverseKinematics
[0.866s] copying InverseKinematics/InverseKinematics.py -> /root/RBE500_Manipulator_Project/workspace/build/InverseKinematics/build/lib/InverseKinematics
[0.867s] running install
[0.867s] running install_lib
[0.868s] creating /root/RBE500_Manipulator_Project/workspace/install/InverseKinematics/lib/python3.10/site-packages/InverseKinematics
[0.868s] copying /root/RBE500_Manipulator_Project/workspace/build/InverseKinematics/build/lib/InverseKinematics/__init__.py -> /root/RBE500_Manipulator_Project/workspace/install/InverseKinematics/lib/python3.10/site-packages/InverseKinematics
[0.868s] copying /root/RBE500_Manipulator_Project/workspace/build/InverseKinematics/build/lib/InverseKinematics/InverseKinematics.py -> /root/RBE500_Manipulator_Project/workspace/install/InverseKinematics/lib/python3.10/site-packages/InverseKinematics
[0.868s] byte-compiling /root/RBE500_Manipulator_Project/workspace/install/InverseKinematics/lib/python3.10/site-packages/InverseKinematics/__init__.py to __init__.cpython-310.pyc
[0.868s] byte-compiling /root/RBE500_Manipulator_Project/workspace/install/InverseKinematics/lib/python3.10/site-packages/InverseKinematics/InverseKinematics.py to InverseKinematics.cpython-310.pyc
[0.869s] running install_data
[0.870s] creating /root/RBE500_Manipulator_Project/workspace/install/InverseKinematics/share/ament_index
[0.870s] creating /root/RBE500_Manipulator_Project/workspace/install/InverseKinematics/share/ament_index/resource_index
[0.870s] creating /root/RBE500_Manipulator_Project/workspace/install/InverseKinematics/share/ament_index/resource_index/packages
[0.870s] copying resource/InverseKinematics -> /root/RBE500_Manipulator_Project/workspace/install/InverseKinematics/share/ament_index/resource_index/packages
[0.870s] copying package.xml -> /root/RBE500_Manipulator_Project/workspace/install/InverseKinematics/share/InverseKinematics
[0.870s] running install_egg_info
[0.871s] Copying ../../build/InverseKinematics/InverseKinematics.egg-info to /root/RBE500_Manipulator_Project/workspace/install/InverseKinematics/lib/python3.10/site-packages/InverseKinematics-0.0.0-py3.10.egg-info
[0.872s] running install_scripts
[0.888s] writing list of installed files to '/root/RBE500_Manipulator_Project/workspace/build/InverseKinematics/install.log'
[0.912s] Invoked command in '/root/RBE500_Manipulator_Project/workspace/src/InverseKinematics' returned '0': PYTHONPATH=/root/RBE500_Manipulator_Project/workspace/build/InverseKinematics/prefix_override:/usr/lib/python3/dist-packages/colcon_core/task/python/colcon_distutils_commands:/root/RBE500_Manipulator_Project/workspace/install/InverseKinematics/lib/python3.10/site-packages:${PYTHONPATH} /usr/bin/python3 -W ignore:setup.py install is deprecated setup.py egg_info --egg-base ../../build/InverseKinematics build --build-base /root/RBE500_Manipulator_Project/workspace/build/InverseKinematics/build install --record /root/RBE500_Manipulator_Project/workspace/build/InverseKinematics/install.log --single-version-externally-managed install_data
