[0.033s] Invoking command in '/root/RBE500_Manipulator_Project/workspace/build/open_manipulator_msgs': CMAKE_PREFIX_PATH=/root/RBE500_Manipulator_Project/workspace/install/InverseKinematics:/root/RBE500_Manipulator_Project/workspace/install/ForwardKinematics:/opt/ros/humble /usr/bin/cmake /root/RBE500_Manipulator_Project/workspace/src/OpenManipulatorX_ROS2/open_manipulator_msgs -DCMAKE_INSTALL_PREFIX=/root/RBE500_Manipulator_Project/workspace/install/open_manipulator_msgs
[0.267s] -- The C compiler identification is GNU 11.4.0
[0.347s] -- The CXX compiler identification is GNU 11.4.0
[0.355s] -- Detecting C compiler ABI info
[0.428s] -- Detecting C compiler ABI info - done
[0.435s] -- Check for working C compiler: /usr/bin/cc - skipped
[0.435s] -- Detecting C compile features
[0.436s] -- Detecting C compile features - done
[0.440s] -- Detecting CXX compiler ABI info
[0.516s] -- Detecting CXX compiler ABI info - done
[0.522s] -- Check for working CXX compiler: /usr/bin/c++ - skipped
[0.523s] -- Detecting CXX compile features
[0.523s] -- Detecting CXX compile features - done
[0.525s] -- Found ament_cmake: 1.3.10 (/opt/ros/humble/share/ament_cmake/cmake)
[0.676s] -- Found Python3: /usr/bin/python3 (found version "3.10.12") found components: Interpreter 
[0.796s] -- Found geometry_msgs: 4.2.4 (/opt/ros/humble/share/geometry_msgs/cmake)
[0.843s] -- Found rosidl_generator_c: 3.1.5 (/opt/ros/humble/share/rosidl_generator_c/cmake)
[0.849s] -- Found rosidl_adapter: 3.1.5 (/opt/ros/humble/share/rosidl_adapter/cmake)
[0.862s] -- Found rosidl_generator_cpp: 3.1.5 (/opt/ros/humble/share/rosidl_generator_cpp/cmake)
[0.886s] -- Using all available rosidl_typesupport_c: rosidl_typesupport_fastrtps_c;rosidl_typesupport_introspection_c
[0.910s] -- Using all available rosidl_typesupport_cpp: rosidl_typesupport_fastrtps_cpp;rosidl_typesupport_introspection_cpp
[0.978s] -- Found rosidl_default_generators: 1.2.0 (/opt/ros/humble/share/rosidl_default_generators/cmake)
[1.473s] -- Found ament_cmake_cppcheck: 0.12.11 (/opt/ros/humble/share/ament_cmake_cppcheck/cmake)
[1.476s] -- Found ament_cmake_cpplint: 0.12.11 (/opt/ros/humble/share/ament_cmake_cpplint/cmake)
[1.479s] -- Found ament_cmake_uncrustify: 0.12.11 (/opt/ros/humble/share/ament_cmake_uncrustify/cmake)
[1.482s] -- Found ament_cmake_ros: 0.10.0 (/opt/ros/humble/share/ament_cmake_ros/cmake)
[1.869s] -- Using all available rosidl_typesupport_c: rosidl_typesupport_fastrtps_c;rosidl_typesupport_introspection_c
[2.031s] -- Using all available rosidl_typesupport_cpp: rosidl_typesupport_fastrtps_cpp;rosidl_typesupport_introspection_cpp
[2.054s] -- Found PythonInterp: /usr/bin/python3 (found suitable version "3.10.12", minimum required is "3.6") 
[2.056s] -- Found python_cmake_module: 0.10.0 (/opt/ros/humble/share/python_cmake_module/cmake)
[2.084s] -- Found PythonLibs: /usr/lib/x86_64-linux-gnu/libpython3.10.so (found suitable version "3.10.12", minimum required is "3.5") 
[2.084s] -- Using PYTHON_EXECUTABLE: /usr/bin/python3
[2.084s] -- Using PYTHON_INCLUDE_DIRS: /usr/include/python3.10
[2.084s] -- Using PYTHON_LIBRARIES: /usr/lib/x86_64-linux-gnu/libpython3.10.so
[2.103s] -- Found PythonExtra: .so  
[2.154s] -- Found ament_cmake_flake8: 0.12.11 (/opt/ros/humble/share/ament_cmake_flake8/cmake)
[2.156s] -- Found ament_cmake_pep257: 0.12.11 (/opt/ros/humble/share/ament_cmake_pep257/cmake)
[2.163s] -- Configuring done
[2.211s] -- Generating done
[2.214s] -- Build files have been written to: /root/RBE500_Manipulator_Project/workspace/build/open_manipulator_msgs
[2.224s] Invoked command in '/root/RBE500_Manipulator_Project/workspace/build/open_manipulator_msgs' returned '0': CMAKE_PREFIX_PATH=/root/RBE500_Manipulator_Project/workspace/install/InverseKinematics:/root/RBE500_Manipulator_Project/workspace/install/ForwardKinematics:/opt/ros/humble /usr/bin/cmake /root/RBE500_Manipulator_Project/workspace/src/OpenManipulatorX_ROS2/open_manipulator_msgs -DCMAKE_INSTALL_PREFIX=/root/RBE500_Manipulator_Project/workspace/install/open_manipulator_msgs
[2.225s] Invoking command in '/root/RBE500_Manipulator_Project/workspace/build/open_manipulator_msgs': CMAKE_PREFIX_PATH=/root/RBE500_Manipulator_Project/workspace/install/InverseKinematics:/root/RBE500_Manipulator_Project/workspace/install/ForwardKinematics:/opt/ros/humble /usr/bin/cmake --build /root/RBE500_Manipulator_Project/workspace/build/open_manipulator_msgs -- -j12 -l12
[2.255s] [  1%] [34m[1mGenerating C code for ROS interfaces[0m
[2.267s] [  2%] [34m[1mGenerating C++ code for ROS interfaces[0m
[2.275s] [  2%] Built target ament_cmake_python_copy_open_manipulator_msgs
[2.607s] running egg_info
[2.608s] creating open_manipulator_msgs.egg-info
[2.608s] writing open_manipulator_msgs.egg-info/PKG-INFO
[2.609s] writing dependency_links to open_manipulator_msgs.egg-info/dependency_links.txt
[2.609s] writing top-level names to open_manipulator_msgs.egg-info/top_level.txt
[2.609s] writing manifest file 'open_manipulator_msgs.egg-info/SOURCES.txt'
[2.611s] reading manifest file 'open_manipulator_msgs.egg-info/SOURCES.txt'
[2.612s] writing manifest file 'open_manipulator_msgs.egg-info/SOURCES.txt'
[2.691s] [  2%] Built target ament_cmake_python_build_open_manipulator_msgs_egg
[4.153s] [  3%] [32mBuilding C object CMakeFiles/open_manipulator_msgs__rosidl_generator_c.dir/rosidl_generator_c/open_manipulator_msgs/msg/detail/open_manipulator_state__functions.c.o[0m
[4.154s] [  4%] [32mBuilding C object CMakeFiles/open_manipulator_msgs__rosidl_generator_c.dir/rosidl_generator_c/open_manipulator_msgs/msg/detail/kinematics_pose__functions.c.o[0m
[4.158s] [  5%] [32mBuilding C object CMakeFiles/open_manipulator_msgs__rosidl_generator_c.dir/rosidl_generator_c/open_manipulator_msgs/msg/detail/joint_position__functions.c.o[0m
[4.159s] [  5%] Built target open_manipulator_msgs__cpp
[4.159s] [  6%] [32mBuilding C object CMakeFiles/open_manipulator_msgs__rosidl_generator_c.dir/rosidl_generator_c/open_manipulator_msgs/srv/detail/get_joint_position__functions.c.o[0m
[4.167s] [  7%] [32mBuilding C object CMakeFiles/open_manipulator_msgs__rosidl_generator_c.dir/rosidl_generator_c/open_manipulator_msgs/srv/detail/set_joint_position__functions.c.o[0m
[4.171s] [  8%] [32mBuilding C object CMakeFiles/open_manipulator_msgs__rosidl_generator_c.dir/rosidl_generator_c/open_manipulator_msgs/srv/detail/set_kinematics_pose__functions.c.o[0m
[4.172s] [  9%] [32mBuilding C object CMakeFiles/open_manipulator_msgs__rosidl_generator_c.dir/rosidl_generator_c/open_manipulator_msgs/srv/detail/get_kinematics_pose__functions.c.o[0m
[4.182s] [ 10%] [34m[1mGenerating C++ type support dispatch for ROS interfaces[0m
[4.225s] [ 11%] [34m[1mGenerating C++ introspection for ROS interfaces[0m
[4.228s] [ 12%] [34m[1mGenerating C++ type support for eProsima Fast-RTPS[0m
[4.248s] [ 13%] [32mBuilding C object CMakeFiles/open_manipulator_msgs__rosidl_generator_c.dir/rosidl_generator_c/open_manipulator_msgs/srv/detail/set_drawing_trajectory__functions.c.o[0m
[4.265s] [ 14%] [32mBuilding C object CMakeFiles/open_manipulator_msgs__rosidl_generator_c.dir/rosidl_generator_c/open_manipulator_msgs/srv/detail/set_actuator_state__functions.c.o[0m
[4.404s] [ 15%] [32m[1mLinking C shared library libopen_manipulator_msgs__rosidl_generator_c.so[0m
[4.505s] [ 15%] Built target open_manipulator_msgs__rosidl_generator_c
[4.520s] [ 16%] [34m[1mGenerating C type support for eProsima Fast-RTPS[0m
[4.524s] [ 17%] [34m[1mGenerating C introspection for ROS interfaces[0m
[4.530s] [ 18%] [34m[1mGenerating C type support dispatch for ROS interfaces[0m
[5.146s] [ 20%] [32mBuilding CXX object CMakeFiles/open_manipulator_msgs__rosidl_typesupport_cpp.dir/rosidl_typesupport_cpp/open_manipulator_msgs/msg/kinematics_pose__type_support.cpp.o[0m
[5.147s] [ 21%] [32mBuilding CXX object CMakeFiles/open_manipulator_msgs__rosidl_typesupport_cpp.dir/rosidl_typesupport_cpp/open_manipulator_msgs/msg/joint_position__type_support.cpp.o[0m
[5.156s] [ 22%] [32mBuilding CXX object CMakeFiles/open_manipulator_msgs__rosidl_typesupport_cpp.dir/rosidl_typesupport_cpp/open_manipulator_msgs/srv/get_joint_position__type_support.cpp.o[0m
[5.170s] [ 23%] [32mBuilding CXX object CMakeFiles/open_manipulator_msgs__rosidl_typesupport_cpp.dir/rosidl_typesupport_cpp/open_manipulator_msgs/msg/open_manipulator_state__type_support.cpp.o[0m
[5.258s] [ 24%] [32mBuilding CXX object CMakeFiles/open_manipulator_msgs__rosidl_typesupport_cpp.dir/rosidl_typesupport_cpp/open_manipulator_msgs/srv/get_kinematics_pose__type_support.cpp.o[0m
[5.294s] [ 25%] [32mBuilding CXX object CMakeFiles/open_manipulator_msgs__rosidl_typesupport_cpp.dir/rosidl_typesupport_cpp/open_manipulator_msgs/srv/set_joint_position__type_support.cpp.o[0m
[5.324s] [ 26%] [32mBuilding CXX object CMakeFiles/open_manipulator_msgs__rosidl_typesupport_cpp.dir/rosidl_typesupport_cpp/open_manipulator_msgs/srv/set_kinematics_pose__type_support.cpp.o[0m
[5.746s] [ 27%] [32mBuilding CXX object CMakeFiles/open_manipulator_msgs__rosidl_typesupport_cpp.dir/rosidl_typesupport_cpp/open_manipulator_msgs/srv/set_drawing_trajectory__type_support.cpp.o[0m
[5.755s] [ 28%] [32mBuilding CXX object CMakeFiles/open_manipulator_msgs__rosidl_typesupport_cpp.dir/rosidl_typesupport_cpp/open_manipulator_msgs/srv/set_actuator_state__type_support.cpp.o[0m
[5.807s] [ 29%] [32mBuilding CXX object CMakeFiles/open_manipulator_msgs__rosidl_typesupport_c.dir/rosidl_typesupport_c/open_manipulator_msgs/msg/joint_position__type_support.cpp.o[0m
[5.867s] [ 30%] [32mBuilding CXX object CMakeFiles/open_manipulator_msgs__rosidl_typesupport_c.dir/rosidl_typesupport_c/open_manipulator_msgs/msg/kinematics_pose__type_support.cpp.o[0m
[5.873s] [ 31%] [32mBuilding CXX object CMakeFiles/open_manipulator_msgs__rosidl_typesupport_c.dir/rosidl_typesupport_c/open_manipulator_msgs/msg/open_manipulator_state__type_support.cpp.o[0m
[5.933s] [ 32%] [32mBuilding CXX object CMakeFiles/open_manipulator_msgs__rosidl_typesupport_c.dir/rosidl_typesupport_c/open_manipulator_msgs/srv/get_joint_position__type_support.cpp.o[0m
[5.945s] [ 33%] [32mBuilding CXX object CMakeFiles/open_manipulator_msgs__rosidl_typesupport_c.dir/rosidl_typesupport_c/open_manipulator_msgs/srv/get_kinematics_pose__type_support.cpp.o[0m
[5.970s] [ 34%] [32mBuilding CXX object CMakeFiles/open_manipulator_msgs__rosidl_typesupport_c.dir/rosidl_typesupport_c/open_manipulator_msgs/srv/set_joint_position__type_support.cpp.o[0m
[5.997s] [ 35%] [32mBuilding CXX object CMakeFiles/open_manipulator_msgs__rosidl_typesupport_introspection_cpp.dir/rosidl_typesupport_introspection_cpp/open_manipulator_msgs/msg/detail/joint_position__type_support.cpp.o[0m
[6.004s] [ 36%] [32mBuilding CXX object CMakeFiles/open_manipulator_msgs__rosidl_typesupport_introspection_cpp.dir/rosidl_typesupport_introspection_cpp/open_manipulator_msgs/msg/detail/kinematics_pose__type_support.cpp.o[0m
[6.045s] [ 37%] [32mBuilding CXX object CMakeFiles/open_manipulator_msgs__rosidl_typesupport_fastrtps_cpp.dir/rosidl_typesupport_fastrtps_cpp/open_manipulator_msgs/msg/detail/dds_fastrtps/joint_position__type_support.cpp.o[0m
[6.063s] [ 38%] [32mBuilding CXX object CMakeFiles/open_manipulator_msgs__rosidl_typesupport_fastrtps_cpp.dir/rosidl_typesupport_fastrtps_cpp/open_manipulator_msgs/msg/detail/dds_fastrtps/kinematics_pose__type_support.cpp.o[0m
[6.065s] [ 40%] [32mBuilding CXX object CMakeFiles/open_manipulator_msgs__rosidl_typesupport_c.dir/rosidl_typesupport_c/open_manipulator_msgs/srv/set_kinematics_pose__type_support.cpp.o[0m
[6.094s] [ 41%] [32mBuilding CXX object CMakeFiles/open_manipulator_msgs__rosidl_typesupport_introspection_cpp.dir/rosidl_typesupport_introspection_cpp/open_manipulator_msgs/msg/detail/open_manipulator_state__type_support.cpp.o[0m
[6.099s] [ 42%] [32mBuilding CXX object CMakeFiles/open_manipulator_msgs__rosidl_typesupport_c.dir/rosidl_typesupport_c/open_manipulator_msgs/srv/set_drawing_trajectory__type_support.cpp.o[0m
[6.160s] [ 43%] [32mBuilding CXX object CMakeFiles/open_manipulator_msgs__rosidl_typesupport_c.dir/rosidl_typesupport_c/open_manipulator_msgs/srv/set_actuator_state__type_support.cpp.o[0m
[6.183s] [ 44%] [32mBuilding CXX object CMakeFiles/open_manipulator_msgs__rosidl_typesupport_introspection_cpp.dir/rosidl_typesupport_introspection_cpp/open_manipulator_msgs/srv/detail/get_joint_position__type_support.cpp.o[0m
[6.193s] [ 45%] [32mBuilding CXX object CMakeFiles/open_manipulator_msgs__rosidl_typesupport_introspection_cpp.dir/rosidl_typesupport_introspection_cpp/open_manipulator_msgs/srv/detail/get_kinematics_pose__type_support.cpp.o[0m
[6.230s] [ 46%] [32mBuilding CXX object CMakeFiles/open_manipulator_msgs__rosidl_typesupport_fastrtps_cpp.dir/rosidl_typesupport_fastrtps_cpp/open_manipulator_msgs/msg/detail/dds_fastrtps/open_manipulator_state__type_support.cpp.o[0m
[6.246s] [ 47%] [32m[1mLinking CXX shared library libopen_manipulator_msgs__rosidl_typesupport_cpp.so[0m
[6.260s] [ 48%] [32m[1mLinking CXX shared library libopen_manipulator_msgs__rosidl_typesupport_c.so[0m
[6.421s] [ 49%] [32mBuilding C object CMakeFiles/open_manipulator_msgs__rosidl_typesupport_introspection_c.dir/rosidl_typesupport_introspection_c/open_manipulator_msgs/msg/detail/joint_position__type_support.c.o[0m
[6.434s] [ 49%] Built target open_manipulator_msgs__rosidl_typesupport_cpp
[6.497s] [ 50%] [32mBuilding C object CMakeFiles/open_manipulator_msgs__rosidl_typesupport_introspection_c.dir/rosidl_typesupport_introspection_c/open_manipulator_msgs/msg/detail/kinematics_pose__type_support.c.o[0m
[6.558s] [ 50%] Built target open_manipulator_msgs__rosidl_typesupport_c
[6.581s] [ 51%] [32mBuilding CXX object CMakeFiles/open_manipulator_msgs__rosidl_typesupport_fastrtps_cpp.dir/rosidl_typesupport_fastrtps_cpp/open_manipulator_msgs/srv/detail/dds_fastrtps/get_joint_position__type_support.cpp.o[0m
[6.597s] [ 52%] [32mBuilding CXX object CMakeFiles/open_manipulator_msgs__rosidl_typesupport_introspection_cpp.dir/rosidl_typesupport_introspection_cpp/open_manipulator_msgs/srv/detail/set_joint_position__type_support.cpp.o[0m
[6.601s] [ 53%] [32mBuilding C object CMakeFiles/open_manipulator_msgs__rosidl_typesupport_introspection_c.dir/rosidl_typesupport_introspection_c/open_manipulator_msgs/msg/detail/open_manipulator_state__type_support.c.o[0m
[6.722s] [ 54%] [32mBuilding CXX object CMakeFiles/open_manipulator_msgs__rosidl_typesupport_introspection_cpp.dir/rosidl_typesupport_introspection_cpp/open_manipulator_msgs/srv/detail/set_kinematics_pose__type_support.cpp.o[0m
[6.788s] [ 55%] [32mBuilding CXX object CMakeFiles/open_manipulator_msgs__rosidl_typesupport_fastrtps_c.dir/rosidl_typesupport_fastrtps_c/open_manipulator_msgs/msg/detail/joint_position__type_support_c.cpp.o[0m
[6.832s] [ 56%] [32mBuilding C object CMakeFiles/open_manipulator_msgs__rosidl_typesupport_introspection_c.dir/rosidl_typesupport_introspection_c/open_manipulator_msgs/srv/detail/get_joint_position__type_support.c.o[0m
[6.862s] [ 57%] [32mBuilding CXX object CMakeFiles/open_manipulator_msgs__rosidl_typesupport_fastrtps_cpp.dir/rosidl_typesupport_fastrtps_cpp/open_manipulator_msgs/srv/detail/dds_fastrtps/get_kinematics_pose__type_support.cpp.o[0m
[6.886s] [ 58%] [32mBuilding CXX object CMakeFiles/open_manipulator_msgs__rosidl_typesupport_fastrtps_c.dir/rosidl_typesupport_fastrtps_c/open_manipulator_msgs/msg/detail/kinematics_pose__type_support_c.cpp.o[0m
[6.889s] [ 60%] [32mBuilding CXX object CMakeFiles/open_manipulator_msgs__rosidl_typesupport_introspection_cpp.dir/rosidl_typesupport_introspection_cpp/open_manipulator_msgs/srv/detail/set_drawing_trajectory__type_support.cpp.o[0m
[6.956s] [ 61%] [32mBuilding CXX object CMakeFiles/open_manipulator_msgs__rosidl_typesupport_introspection_cpp.dir/rosidl_typesupport_introspection_cpp/open_manipulator_msgs/srv/detail/set_actuator_state__type_support.cpp.o[0m
[6.975s] [ 62%] [32mBuilding C object CMakeFiles/open_manipulator_msgs__rosidl_typesupport_introspection_c.dir/rosidl_typesupport_introspection_c/open_manipulator_msgs/srv/detail/get_kinematics_pose__type_support.c.o[0m
[6.989s] [ 63%] [32mBuilding C object CMakeFiles/open_manipulator_msgs__rosidl_typesupport_introspection_c.dir/rosidl_typesupport_introspection_c/open_manipulator_msgs/srv/detail/set_joint_position__type_support.c.o[0m
[7.027s] [ 64%] [32mBuilding CXX object CMakeFiles/open_manipulator_msgs__rosidl_typesupport_fastrtps_cpp.dir/rosidl_typesupport_fastrtps_cpp/open_manipulator_msgs/srv/detail/dds_fastrtps/set_joint_position__type_support.cpp.o[0m
[7.031s] [ 65%] [32mBuilding CXX object CMakeFiles/open_manipulator_msgs__rosidl_typesupport_fastrtps_cpp.dir/rosidl_typesupport_fastrtps_cpp/open_manipulator_msgs/srv/detail/dds_fastrtps/set_kinematics_pose__type_support.cpp.o[0m
[7.180s] [ 66%] [32mBuilding CXX object CMakeFiles/open_manipulator_msgs__rosidl_typesupport_fastrtps_cpp.dir/rosidl_typesupport_fastrtps_cpp/open_manipulator_msgs/srv/detail/dds_fastrtps/set_drawing_trajectory__type_support.cpp.o[0m
[7.235s] [ 67%] [32mBuilding C object CMakeFiles/open_manipulator_msgs__rosidl_typesupport_introspection_c.dir/rosidl_typesupport_introspection_c/open_manipulator_msgs/srv/detail/set_kinematics_pose__type_support.c.o[0m
[7.340s] [ 68%] [32mBuilding CXX object CMakeFiles/open_manipulator_msgs__rosidl_typesupport_fastrtps_cpp.dir/rosidl_typesupport_fastrtps_cpp/open_manipulator_msgs/srv/detail/dds_fastrtps/set_actuator_state__type_support.cpp.o[0m
[7.382s] [ 69%] [32mBuilding CXX object CMakeFiles/open_manipulator_msgs__rosidl_typesupport_fastrtps_c.dir/rosidl_typesupport_fastrtps_c/open_manipulator_msgs/msg/detail/open_manipulator_state__type_support_c.cpp.o[0m
[7.392s] [ 70%] [32mBuilding C object CMakeFiles/open_manipulator_msgs__rosidl_typesupport_introspection_c.dir/rosidl_typesupport_introspection_c/open_manipulator_msgs/srv/detail/set_drawing_trajectory__type_support.c.o[0m
[7.511s] [ 71%] [32mBuilding CXX object CMakeFiles/open_manipulator_msgs__rosidl_typesupport_fastrtps_c.dir/rosidl_typesupport_fastrtps_c/open_manipulator_msgs/srv/detail/get_joint_position__type_support_c.cpp.o[0m
[7.514s] [ 72%] [32mBuilding CXX object CMakeFiles/open_manipulator_msgs__rosidl_typesupport_fastrtps_c.dir/rosidl_typesupport_fastrtps_c/open_manipulator_msgs/srv/detail/set_joint_position__type_support_c.cpp.o[0m
[7.525s] [ 73%] [32mBuilding CXX object CMakeFiles/open_manipulator_msgs__rosidl_typesupport_fastrtps_c.dir/rosidl_typesupport_fastrtps_c/open_manipulator_msgs/srv/detail/get_kinematics_pose__type_support_c.cpp.o[0m
[7.531s] [ 74%] [32mBuilding C object CMakeFiles/open_manipulator_msgs__rosidl_typesupport_introspection_c.dir/rosidl_typesupport_introspection_c/open_manipulator_msgs/srv/detail/set_actuator_state__type_support.c.o[0m
[7.578s] [ 75%] [32mBuilding CXX object CMakeFiles/open_manipulator_msgs__rosidl_typesupport_fastrtps_c.dir/rosidl_typesupport_fastrtps_c/open_manipulator_msgs/srv/detail/set_kinematics_pose__type_support_c.cpp.o[0m
[7.678s] [ 76%] [32m[1mLinking C shared library libopen_manipulator_msgs__rosidl_typesupport_introspection_c.so[0m
[7.706s] [ 77%] [32mBuilding CXX object CMakeFiles/open_manipulator_msgs__rosidl_typesupport_fastrtps_c.dir/rosidl_typesupport_fastrtps_c/open_manipulator_msgs/srv/detail/set_drawing_trajectory__type_support_c.cpp.o[0m
[7.753s] [ 78%] [32m[1mLinking CXX shared library libopen_manipulator_msgs__rosidl_typesupport_introspection_cpp.so[0m
[7.806s] [ 80%] [32mBuilding CXX object CMakeFiles/open_manipulator_msgs__rosidl_typesupport_fastrtps_c.dir/rosidl_typesupport_fastrtps_c/open_manipulator_msgs/srv/detail/set_actuator_state__type_support_c.cpp.o[0m
[7.867s] [ 80%] Built target open_manipulator_msgs__rosidl_typesupport_introspection_c
[8.026s] [ 81%] [32m[1mLinking CXX shared library libopen_manipulator_msgs__rosidl_typesupport_fastrtps_cpp.so[0m
[8.049s] [ 81%] Built target open_manipulator_msgs__rosidl_typesupport_introspection_cpp
[8.177s] [ 81%] Built target open_manipulator_msgs__rosidl_typesupport_fastrtps_cpp
[8.240s] [ 82%] [32m[1mLinking CXX shared library libopen_manipulator_msgs__rosidl_typesupport_fastrtps_c.so[0m
[8.311s] [ 82%] Built target open_manipulator_msgs__rosidl_typesupport_fastrtps_c
[8.325s] [ 82%] Built target open_manipulator_msgs
[8.340s] [ 83%] [34m[1mGenerating Python code for ROS interfaces[0m
[9.751s] [ 83%] Built target open_manipulator_msgs__py
[9.771s] [ 89%] [32mBuilding C object CMakeFiles/open_manipulator_msgs__rosidl_generator_py.dir/rosidl_generator_py/open_manipulator_msgs/msg/_open_manipulator_state_s.c.o[0m
[9.771s] [ 89%] [32mBuilding C object CMakeFiles/open_manipulator_msgs__rosidl_generator_py.dir/rosidl_generator_py/open_manipulator_msgs/srv/_set_drawing_trajectory_s.c.o[0m
[9.771s] [ 89%] [32mBuilding C object CMakeFiles/open_manipulator_msgs__rosidl_generator_py.dir/rosidl_generator_py/open_manipulator_msgs/srv/_get_kinematics_pose_s.c.o[0m
[9.771s] [ 89%] [32mBuilding C object CMakeFiles/open_manipulator_msgs__rosidl_generator_py.dir/rosidl_generator_py/open_manipulator_msgs/msg/_joint_position_s.c.o[0m
[9.771s] [ 89%] [32mBuilding C object CMakeFiles/open_manipulator_msgs__rosidl_generator_py.dir/rosidl_generator_py/open_manipulator_msgs/srv/_set_joint_position_s.c.o[0m
[9.771s] [ 89%] [32mBuilding C object CMakeFiles/open_manipulator_msgs__rosidl_generator_py.dir/rosidl_generator_py/open_manipulator_msgs/srv/_set_kinematics_pose_s.c.o[0m
[9.772s] [ 90%] [32mBuilding C object CMakeFiles/open_manipulator_msgs__rosidl_generator_py.dir/rosidl_generator_py/open_manipulator_msgs/srv/_get_joint_position_s.c.o[0m
[9.772s] [ 91%] [32mBuilding C object CMakeFiles/open_manipulator_msgs__rosidl_generator_py.dir/rosidl_generator_py/open_manipulator_msgs/srv/_set_actuator_state_s.c.o[0m
[9.772s] [ 92%] [32mBuilding C object CMakeFiles/open_manipulator_msgs__rosidl_generator_py.dir/rosidl_generator_py/open_manipulator_msgs/msg/_kinematics_pose_s.c.o[0m
[9.934s] [ 93%] [32m[1mLinking C shared library rosidl_generator_py/open_manipulator_msgs/libopen_manipulator_msgs__rosidl_generator_py.so[0m
[9.966s] [ 93%] Built target open_manipulator_msgs__rosidl_generator_py
[9.982s] [ 95%] [32mBuilding C object CMakeFiles/open_manipulator_msgs__rosidl_typesupport_introspection_c__pyext.dir/rosidl_generator_py/open_manipulator_msgs/_open_manipulator_msgs_s.ep.rosidl_typesupport_introspection_c.c.o[0m
[9.982s] [ 95%] [32mBuilding C object CMakeFiles/open_manipulator_msgs__rosidl_typesupport_fastrtps_c__pyext.dir/rosidl_generator_py/open_manipulator_msgs/_open_manipulator_msgs_s.ep.rosidl_typesupport_fastrtps_c.c.o[0m
[9.983s] [ 96%] [32mBuilding C object CMakeFiles/open_manipulator_msgs__rosidl_typesupport_c__pyext.dir/rosidl_generator_py/open_manipulator_msgs/_open_manipulator_msgs_s.ep.rosidl_typesupport_c.c.o[0m
[10.101s] [ 97%] [32m[1mLinking C shared library rosidl_generator_py/open_manipulator_msgs/open_manipulator_msgs_s__rosidl_typesupport_c.cpython-310-x86_64-linux-gnu.so[0m
[10.103s] [ 98%] [32m[1mLinking C shared library rosidl_generator_py/open_manipulator_msgs/open_manipulator_msgs_s__rosidl_typesupport_introspection_c.cpython-310-x86_64-linux-gnu.so[0m
[10.110s] [100%] [32m[1mLinking C shared library rosidl_generator_py/open_manipulator_msgs/open_manipulator_msgs_s__rosidl_typesupport_fastrtps_c.cpython-310-x86_64-linux-gnu.so[0m
[10.134s] [100%] Built target open_manipulator_msgs__rosidl_typesupport_introspection_c__pyext
[10.135s] [100%] Built target open_manipulator_msgs__rosidl_typesupport_c__pyext
[10.150s] [100%] Built target open_manipulator_msgs__rosidl_typesupport_fastrtps_c__pyext
[10.160s] Invoked command in '/root/RBE500_Manipulator_Project/workspace/build/open_manipulator_msgs' returned '0': CMAKE_PREFIX_PATH=/root/RBE500_Manipulator_Project/workspace/install/InverseKinematics:/root/RBE500_Manipulator_Project/workspace/install/ForwardKinematics:/opt/ros/humble /usr/bin/cmake --build /root/RBE500_Manipulator_Project/workspace/build/open_manipulator_msgs -- -j12 -l12
[10.274s] Invoking command in '/root/RBE500_Manipulator_Project/workspace/build/open_manipulator_msgs': CMAKE_PREFIX_PATH=/root/RBE500_Manipulator_Project/workspace/install/InverseKinematics:/root/RBE500_Manipulator_Project/workspace/install/ForwardKinematics:/opt/ros/humble /usr/bin/cmake --install /root/RBE500_Manipulator_Project/workspace/build/open_manipulator_msgs
[10.279s] -- Install configuration: ""
[10.280s] -- Installing: /root/RBE500_Manipulator_Project/workspace/install/open_manipulator_msgs/share/ament_index/resource_index/rosidl_interfaces/open_manipulator_msgs
[10.280s] -- Installing: /root/RBE500_Manipulator_Project/workspace/install/open_manipulator_msgs/include/open_manipulator_msgs/open_manipulator_msgs
[10.280s] -- Installing: /root/RBE500_Manipulator_Project/workspace/install/open_manipulator_msgs/include/open_manipulator_msgs/open_manipulator_msgs/msg
[10.280s] -- Installing: /root/RBE500_Manipulator_Project/workspace/install/open_manipulator_msgs/include/open_manipulator_msgs/open_manipulator_msgs/msg/rosidl_generator_c__visibility_control.h
[10.280s] -- Installing: /root/RBE500_Manipulator_Project/workspace/install/open_manipulator_msgs/include/open_manipulator_msgs/open_manipulator_msgs/msg/joint_position.h
[10.280s] -- Installing: /root/RBE500_Manipulator_Project/workspace/install/open_manipulator_msgs/include/open_manipulator_msgs/open_manipulator_msgs/msg/kinematics_pose.h
[10.280s] -- Installing: /root/RBE500_Manipulator_Project/workspace/install/open_manipulator_msgs/include/open_manipulator_msgs/open_manipulator_msgs/msg/open_manipulator_state.h
[10.280s] -- Installing: /root/RBE500_Manipulator_Project/workspace/install/open_manipulator_msgs/include/open_manipulator_msgs/open_manipulator_msgs/msg/detail
[10.280s] -- Installing: /root/RBE500_Manipulator_Project/workspace/install/open_manipulator_msgs/include/open_manipulator_msgs/open_manipulator_msgs/msg/detail/joint_position__functions.h
[10.280s] -- Installing: /root/RBE500_Manipulator_Project/workspace/install/open_manipulator_msgs/include/open_manipulator_msgs/open_manipulator_msgs/msg/detail/kinematics_pose__functions.h
[10.280s] -- Installing: /root/RBE500_Manipulator_Project/workspace/install/open_manipulator_msgs/include/open_manipulator_msgs/open_manipulator_msgs/msg/detail/joint_position__struct.h
[10.280s] -- Installing: /root/RBE500_Manipulator_Project/workspace/install/open_manipulator_msgs/include/open_manipulator_msgs/open_manipulator_msgs/msg/detail/open_manipulator_state__functions.h
[10.281s] -- Installing: /root/RBE500_Manipulator_Project/workspace/install/open_manipulator_msgs/include/open_manipulator_msgs/open_manipulator_msgs/msg/detail/open_manipulator_state__type_support.h
[10.281s] -- Installing: /root/RBE500_Manipulator_Project/workspace/install/open_manipulator_msgs/include/open_manipulator_msgs/open_manipulator_msgs/msg/detail/kinematics_pose__type_support.h
[10.281s] -- Installing: /root/RBE500_Manipulator_Project/workspace/install/open_manipulator_msgs/include/open_manipulator_msgs/open_manipulator_msgs/msg/detail/kinematics_pose__struct.h
[10.281s] -- Installing: /root/RBE500_Manipulator_Project/workspace/install/open_manipulator_msgs/include/open_manipulator_msgs/open_manipulator_msgs/msg/detail/open_manipulator_state__struct.h
[10.281s] -- Installing: /root/RBE500_Manipulator_Project/workspace/install/open_manipulator_msgs/include/open_manipulator_msgs/open_manipulator_msgs/msg/detail/open_manipulator_state__functions.c
[10.281s] -- Installing: /root/RBE500_Manipulator_Project/workspace/install/open_manipulator_msgs/include/open_manipulator_msgs/open_manipulator_msgs/msg/detail/kinematics_pose__functions.c
[10.281s] -- Installing: /root/RBE500_Manipulator_Project/workspace/install/open_manipulator_msgs/include/open_manipulator_msgs/open_manipulator_msgs/msg/detail/joint_position__functions.c
[10.282s] -- Installing: /root/RBE500_Manipulator_Project/workspace/install/open_manipulator_msgs/include/open_manipulator_msgs/open_manipulator_msgs/msg/detail/joint_position__type_support.h
[10.282s] -- Installing: /root/RBE500_Manipulator_Project/workspace/install/open_manipulator_msgs/include/open_manipulator_msgs/open_manipulator_msgs/srv
[10.282s] -- Installing: /root/RBE500_Manipulator_Project/workspace/install/open_manipulator_msgs/include/open_manipulator_msgs/open_manipulator_msgs/srv/get_kinematics_pose.h
[10.282s] -- Installing: /root/RBE500_Manipulator_Project/workspace/install/open_manipulator_msgs/include/open_manipulator_msgs/open_manipulator_msgs/srv/set_joint_position.h
[10.282s] -- Installing: /root/RBE500_Manipulator_Project/workspace/install/open_manipulator_msgs/include/open_manipulator_msgs/open_manipulator_msgs/srv/set_drawing_trajectory.h
[10.282s] -- Installing: /root/RBE500_Manipulator_Project/workspace/install/open_manipulator_msgs/include/open_manipulator_msgs/open_manipulator_msgs/srv/set_actuator_state.h
[10.282s] -- Installing: /root/RBE500_Manipulator_Project/workspace/install/open_manipulator_msgs/include/open_manipulator_msgs/open_manipulator_msgs/srv/detail
[10.282s] -- Installing: /root/RBE500_Manipulator_Project/workspace/install/open_manipulator_msgs/include/open_manipulator_msgs/open_manipulator_msgs/srv/detail/get_joint_position__functions.h
[10.282s] -- Installing: /root/RBE500_Manipulator_Project/workspace/install/open_manipulator_msgs/include/open_manipulator_msgs/open_manipulator_msgs/srv/detail/set_joint_position__type_support.h
[10.282s] -- Installing: /root/RBE500_Manipulator_Project/workspace/install/open_manipulator_msgs/include/open_manipulator_msgs/open_manipulator_msgs/srv/detail/set_drawing_trajectory__functions.h
[10.283s] -- Installing: /root/RBE500_Manipulator_Project/workspace/install/open_manipulator_msgs/include/open_manipulator_msgs/open_manipulator_msgs/srv/detail/get_joint_position__functions.c
[10.283s] -- Installing: /root/RBE500_Manipulator_Project/workspace/install/open_manipulator_msgs/include/open_manipulator_msgs/open_manipulator_msgs/srv/detail/set_drawing_trajectory__functions.c
[10.283s] -- Installing: /root/RBE500_Manipulator_Project/workspace/install/open_manipulator_msgs/include/open_manipulator_msgs/open_manipulator_msgs/srv/detail/set_kinematics_pose__functions.c
[10.283s] -- Installing: /root/RBE500_Manipulator_Project/workspace/install/open_manipulator_msgs/include/open_manipulator_msgs/open_manipulator_msgs/srv/detail/set_kinematics_pose__functions.h
[10.283s] -- Installing: /root/RBE500_Manipulator_Project/workspace/install/open_manipulator_msgs/include/open_manipulator_msgs/open_manipulator_msgs/srv/detail/get_joint_position__type_support.h
[10.283s] -- Installing: /root/RBE500_Manipulator_Project/workspace/install/open_manipulator_msgs/include/open_manipulator_msgs/open_manipulator_msgs/srv/detail/set_actuator_state__functions.h
[10.283s] -- Installing: /root/RBE500_Manipulator_Project/workspace/install/open_manipulator_msgs/include/open_manipulator_msgs/open_manipulator_msgs/srv/detail/set_drawing_trajectory__struct.h
[10.283s] -- Installing: /root/RBE500_Manipulator_Project/workspace/install/open_manipulator_msgs/include/open_manipulator_msgs/open_manipulator_msgs/srv/detail/set_joint_position__functions.c
[10.284s] -- Installing: /root/RBE500_Manipulator_Project/workspace/install/open_manipulator_msgs/include/open_manipulator_msgs/open_manipulator_msgs/srv/detail/set_kinematics_pose__struct.h
[10.284s] -- Installing: /root/RBE500_Manipulator_Project/workspace/install/open_manipulator_msgs/include/open_manipulator_msgs/open_manipulator_msgs/srv/detail/get_kinematics_pose__functions.h
[10.284s] -- Installing: /root/RBE500_Manipulator_Project/workspace/install/open_manipulator_msgs/include/open_manipulator_msgs/open_manipulator_msgs/srv/detail/set_kinematics_pose__type_support.h
[10.284s] -- Installing: /root/RBE500_Manipulator_Project/workspace/install/open_manipulator_msgs/include/open_manipulator_msgs/open_manipulator_msgs/srv/detail/set_actuator_state__struct.h
[10.284s] -- Installing: /root/RBE500_Manipulator_Project/workspace/install/open_manipulator_msgs/include/open_manipulator_msgs/open_manipulator_msgs/srv/detail/get_kinematics_pose__functions.c
[10.284s] -- Installing: /root/RBE500_Manipulator_Project/workspace/install/open_manipulator_msgs/include/open_manipulator_msgs/open_manipulator_msgs/srv/detail/get_joint_position__struct.h
[10.284s] -- Installing: /root/RBE500_Manipulator_Project/workspace/install/open_manipulator_msgs/include/open_manipulator_msgs/open_manipulator_msgs/srv/detail/set_joint_position__struct.h
[10.285s] -- Installing: /root/RBE500_Manipulator_Project/workspace/install/open_manipulator_msgs/include/open_manipulator_msgs/open_manipulator_msgs/srv/detail/set_actuator_state__type_support.h
[10.285s] -- Installing: /root/RBE500_Manipulator_Project/workspace/install/open_manipulator_msgs/include/open_manipulator_msgs/open_manipulator_msgs/srv/detail/set_actuator_state__functions.c
[10.285s] -- Installing: /root/RBE500_Manipulator_Project/workspace/install/open_manipulator_msgs/include/open_manipulator_msgs/open_manipulator_msgs/srv/detail/get_kinematics_pose__struct.h
[10.285s] -- Installing: /root/RBE500_Manipulator_Project/workspace/install/open_manipulator_msgs/include/open_manipulator_msgs/open_manipulator_msgs/srv/detail/get_kinematics_pose__type_support.h
[10.285s] -- Installing: /root/RBE500_Manipulator_Project/workspace/install/open_manipulator_msgs/include/open_manipulator_msgs/open_manipulator_msgs/srv/detail/set_joint_position__functions.h
[10.285s] -- Installing: /root/RBE500_Manipulator_Project/workspace/install/open_manipulator_msgs/include/open_manipulator_msgs/open_manipulator_msgs/srv/detail/set_drawing_trajectory__type_support.h
[10.285s] -- Installing: /root/RBE500_Manipulator_Project/workspace/install/open_manipulator_msgs/include/open_manipulator_msgs/open_manipulator_msgs/srv/get_joint_position.h
[10.285s] -- Installing: /root/RBE500_Manipulator_Project/workspace/install/open_manipulator_msgs/include/open_manipulator_msgs/open_manipulator_msgs/srv/set_kinematics_pose.h
[10.285s] -- Installing: /root/RBE500_Manipulator_Project/workspace/install/open_manipulator_msgs/share/open_manipulator_msgs/environment/library_path.sh
[10.285s] -- Installing: /root/RBE500_Manipulator_Project/workspace/install/open_manipulator_msgs/share/open_manipulator_msgs/environment/library_path.dsv
[10.286s] -- Installing: /root/RBE500_Manipulator_Project/workspace/install/open_manipulator_msgs/lib/libopen_manipulator_msgs__rosidl_generator_c.so
[10.286s] -- Set runtime path of "/root/RBE500_Manipulator_Project/workspace/install/open_manipulator_msgs/lib/libopen_manipulator_msgs__rosidl_generator_c.so" to ""
[10.286s] -- Up-to-date: /root/RBE500_Manipulator_Project/workspace/install/open_manipulator_msgs/include/open_manipulator_msgs/open_manipulator_msgs
[10.286s] -- Up-to-date: /root/RBE500_Manipulator_Project/workspace/install/open_manipulator_msgs/include/open_manipulator_msgs/open_manipulator_msgs/msg
[10.286s] -- Installing: /root/RBE500_Manipulator_Project/workspace/install/open_manipulator_msgs/include/open_manipulator_msgs/open_manipulator_msgs/msg/rosidl_typesupport_fastrtps_c__visibility_control.h
[10.286s] -- Up-to-date: /root/RBE500_Manipulator_Project/workspace/install/open_manipulator_msgs/include/open_manipulator_msgs/open_manipulator_msgs/msg/detail
[10.286s] -- Installing: /root/RBE500_Manipulator_Project/workspace/install/open_manipulator_msgs/include/open_manipulator_msgs/open_manipulator_msgs/msg/detail/joint_position__rosidl_typesupport_fastrtps_c.h
[10.286s] -- Installing: /root/RBE500_Manipulator_Project/workspace/install/open_manipulator_msgs/include/open_manipulator_msgs/open_manipulator_msgs/msg/detail/open_manipulator_state__rosidl_typesupport_fastrtps_c.h
[10.286s] -- Installing: /root/RBE500_Manipulator_Project/workspace/install/open_manipulator_msgs/include/open_manipulator_msgs/open_manipulator_msgs/msg/detail/kinematics_pose__rosidl_typesupport_fastrtps_c.h
[10.287s] -- Up-to-date: /root/RBE500_Manipulator_Project/workspace/install/open_manipulator_msgs/include/open_manipulator_msgs/open_manipulator_msgs/srv
[10.287s] -- Up-to-date: /root/RBE500_Manipulator_Project/workspace/install/open_manipulator_msgs/include/open_manipulator_msgs/open_manipulator_msgs/srv/detail
[10.287s] -- Installing: /root/RBE500_Manipulator_Project/workspace/install/open_manipulator_msgs/include/open_manipulator_msgs/open_manipulator_msgs/srv/detail/set_kinematics_pose__rosidl_typesupport_fastrtps_c.h
[10.287s] -- Installing: /root/RBE500_Manipulator_Project/workspace/install/open_manipulator_msgs/include/open_manipulator_msgs/open_manipulator_msgs/srv/detail/get_kinematics_pose__rosidl_typesupport_fastrtps_c.h
[10.287s] -- Installing: /root/RBE500_Manipulator_Project/workspace/install/open_manipulator_msgs/include/open_manipulator_msgs/open_manipulator_msgs/srv/detail/set_drawing_trajectory__rosidl_typesupport_fastrtps_c.h
[10.287s] -- Installing: /root/RBE500_Manipulator_Project/workspace/install/open_manipulator_msgs/include/open_manipulator_msgs/open_manipulator_msgs/srv/detail/set_actuator_state__rosidl_typesupport_fastrtps_c.h
[10.287s] -- Installing: /root/RBE500_Manipulator_Project/workspace/install/open_manipulator_msgs/include/open_manipulator_msgs/open_manipulator_msgs/srv/detail/get_joint_position__rosidl_typesupport_fastrtps_c.h
[10.287s] -- Installing: /root/RBE500_Manipulator_Project/workspace/install/open_manipulator_msgs/include/open_manipulator_msgs/open_manipulator_msgs/srv/detail/set_joint_position__rosidl_typesupport_fastrtps_c.h
[10.287s] -- Installing: /root/RBE500_Manipulator_Project/workspace/install/open_manipulator_msgs/lib/libopen_manipulator_msgs__rosidl_typesupport_fastrtps_c.so
[10.287s] -- Set runtime path of "/root/RBE500_Manipulator_Project/workspace/install/open_manipulator_msgs/lib/libopen_manipulator_msgs__rosidl_typesupport_fastrtps_c.so" to ""
[10.288s] -- Up-to-date: /root/RBE500_Manipulator_Project/workspace/install/open_manipulator_msgs/include/open_manipulator_msgs/open_manipulator_msgs
[10.288s] -- Up-to-date: /root/RBE500_Manipulator_Project/workspace/install/open_manipulator_msgs/include/open_manipulator_msgs/open_manipulator_msgs/msg
[10.288s] -- Installing: /root/RBE500_Manipulator_Project/workspace/install/open_manipulator_msgs/include/open_manipulator_msgs/open_manipulator_msgs/msg/kinematics_pose.hpp
[10.288s] -- Up-to-date: /root/RBE500_Manipulator_Project/workspace/install/open_manipulator_msgs/include/open_manipulator_msgs/open_manipulator_msgs/msg/detail
[10.288s] -- Installing: /root/RBE500_Manipulator_Project/workspace/install/open_manipulator_msgs/include/open_manipulator_msgs/open_manipulator_msgs/msg/detail/kinematics_pose__traits.hpp
[10.288s] -- Installing: /root/RBE500_Manipulator_Project/workspace/install/open_manipulator_msgs/include/open_manipulator_msgs/open_manipulator_msgs/msg/detail/kinematics_pose__struct.hpp
[10.288s] -- Installing: /root/RBE500_Manipulator_Project/workspace/install/open_manipulator_msgs/include/open_manipulator_msgs/open_manipulator_msgs/msg/detail/joint_position__traits.hpp
[10.288s] -- Installing: /root/RBE500_Manipulator_Project/workspace/install/open_manipulator_msgs/include/open_manipulator_msgs/open_manipulator_msgs/msg/detail/open_manipulator_state__builder.hpp
[10.289s] -- Installing: /root/RBE500_Manipulator_Project/workspace/install/open_manipulator_msgs/include/open_manipulator_msgs/open_manipulator_msgs/msg/detail/joint_position__struct.hpp
[10.289s] -- Installing: /root/RBE500_Manipulator_Project/workspace/install/open_manipulator_msgs/include/open_manipulator_msgs/open_manipulator_msgs/msg/detail/open_manipulator_state__struct.hpp
[10.289s] -- Installing: /root/RBE500_Manipulator_Project/workspace/install/open_manipulator_msgs/include/open_manipulator_msgs/open_manipulator_msgs/msg/detail/joint_position__builder.hpp
[10.289s] -- Installing: /root/RBE500_Manipulator_Project/workspace/install/open_manipulator_msgs/include/open_manipulator_msgs/open_manipulator_msgs/msg/detail/open_manipulator_state__traits.hpp
[10.289s] -- Installing: /root/RBE500_Manipulator_Project/workspace/install/open_manipulator_msgs/include/open_manipulator_msgs/open_manipulator_msgs/msg/detail/kinematics_pose__builder.hpp
[10.289s] -- Installing: /root/RBE500_Manipulator_Project/workspace/install/open_manipulator_msgs/include/open_manipulator_msgs/open_manipulator_msgs/msg/joint_position.hpp
[10.289s] -- Installing: /root/RBE500_Manipulator_Project/workspace/install/open_manipulator_msgs/include/open_manipulator_msgs/open_manipulator_msgs/msg/open_manipulator_state.hpp
[10.290s] -- Up-to-date: /root/RBE500_Manipulator_Project/workspace/install/open_manipulator_msgs/include/open_manipulator_msgs/open_manipulator_msgs/srv
[10.290s] -- Installing: /root/RBE500_Manipulator_Project/workspace/install/open_manipulator_msgs/include/open_manipulator_msgs/open_manipulator_msgs/srv/set_drawing_trajectory.hpp
[10.290s] -- Installing: /root/RBE500_Manipulator_Project/workspace/install/open_manipulator_msgs/include/open_manipulator_msgs/open_manipulator_msgs/srv/get_kinematics_pose.hpp
[10.290s] -- Installing: /root/RBE500_Manipulator_Project/workspace/install/open_manipulator_msgs/include/open_manipulator_msgs/open_manipulator_msgs/srv/get_joint_position.hpp
[10.290s] -- Installing: /root/RBE500_Manipulator_Project/workspace/install/open_manipulator_msgs/include/open_manipulator_msgs/open_manipulator_msgs/srv/set_actuator_state.hpp
[10.290s] -- Installing: /root/RBE500_Manipulator_Project/workspace/install/open_manipulator_msgs/include/open_manipulator_msgs/open_manipulator_msgs/srv/set_kinematics_pose.hpp
[10.290s] -- Installing: /root/RBE500_Manipulator_Project/workspace/install/open_manipulator_msgs/include/open_manipulator_msgs/open_manipulator_msgs/srv/set_joint_position.hpp
[10.290s] -- Up-to-date: /root/RBE500_Manipulator_Project/workspace/install/open_manipulator_msgs/include/open_manipulator_msgs/open_manipulator_msgs/srv/detail
[10.291s] -- Installing: /root/RBE500_Manipulator_Project/workspace/install/open_manipulator_msgs/include/open_manipulator_msgs/open_manipulator_msgs/srv/detail/set_joint_position__builder.hpp
[10.291s] -- Installing: /root/RBE500_Manipulator_Project/workspace/install/open_manipulator_msgs/include/open_manipulator_msgs/open_manipulator_msgs/srv/detail/set_kinematics_pose__struct.hpp
[10.291s] -- Installing: /root/RBE500_Manipulator_Project/workspace/install/open_manipulator_msgs/include/open_manipulator_msgs/open_manipulator_msgs/srv/detail/get_kinematics_pose__traits.hpp
[10.291s] -- Installing: /root/RBE500_Manipulator_Project/workspace/install/open_manipulator_msgs/include/open_manipulator_msgs/open_manipulator_msgs/srv/detail/set_joint_position__struct.hpp
[10.291s] -- Installing: /root/RBE500_Manipulator_Project/workspace/install/open_manipulator_msgs/include/open_manipulator_msgs/open_manipulator_msgs/srv/detail/get_kinematics_pose__struct.hpp
[10.291s] -- Installing: /root/RBE500_Manipulator_Project/workspace/install/open_manipulator_msgs/include/open_manipulator_msgs/open_manipulator_msgs/srv/detail/get_joint_position__builder.hpp
[10.291s] -- Installing: /root/RBE500_Manipulator_Project/workspace/install/open_manipulator_msgs/include/open_manipulator_msgs/open_manipulator_msgs/srv/detail/set_actuator_state__traits.hpp
[10.292s] -- Installing: /root/RBE500_Manipulator_Project/workspace/install/open_manipulator_msgs/include/open_manipulator_msgs/open_manipulator_msgs/srv/detail/set_actuator_state__struct.hpp
[10.292s] -- Installing: /root/RBE500_Manipulator_Project/workspace/install/open_manipulator_msgs/include/open_manipulator_msgs/open_manipulator_msgs/srv/detail/get_joint_position__struct.hpp
[10.292s] -- Installing: /root/RBE500_Manipulator_Project/workspace/install/open_manipulator_msgs/include/open_manipulator_msgs/open_manipulator_msgs/srv/detail/set_joint_position__traits.hpp
[10.292s] -- Installing: /root/RBE500_Manipulator_Project/workspace/install/open_manipulator_msgs/include/open_manipulator_msgs/open_manipulator_msgs/srv/detail/set_drawing_trajectory__traits.hpp
[10.292s] -- Installing: /root/RBE500_Manipulator_Project/workspace/install/open_manipulator_msgs/include/open_manipulator_msgs/open_manipulator_msgs/srv/detail/get_kinematics_pose__builder.hpp
[10.292s] -- Installing: /root/RBE500_Manipulator_Project/workspace/install/open_manipulator_msgs/include/open_manipulator_msgs/open_manipulator_msgs/srv/detail/set_actuator_state__builder.hpp
[10.292s] -- Installing: /root/RBE500_Manipulator_Project/workspace/install/open_manipulator_msgs/include/open_manipulator_msgs/open_manipulator_msgs/srv/detail/set_drawing_trajectory__struct.hpp
[10.292s] -- Installing: /root/RBE500_Manipulator_Project/workspace/install/open_manipulator_msgs/include/open_manipulator_msgs/open_manipulator_msgs/srv/detail/set_drawing_trajectory__builder.hpp
[10.293s] -- Installing: /root/RBE500_Manipulator_Project/workspace/install/open_manipulator_msgs/include/open_manipulator_msgs/open_manipulator_msgs/srv/detail/set_kinematics_pose__builder.hpp
[10.293s] -- Installing: /root/RBE500_Manipulator_Project/workspace/install/open_manipulator_msgs/include/open_manipulator_msgs/open_manipulator_msgs/srv/detail/get_joint_position__traits.hpp
[10.293s] -- Installing: /root/RBE500_Manipulator_Project/workspace/install/open_manipulator_msgs/include/open_manipulator_msgs/open_manipulator_msgs/srv/detail/set_kinematics_pose__traits.hpp
[10.293s] -- Up-to-date: /root/RBE500_Manipulator_Project/workspace/install/open_manipulator_msgs/include/open_manipulator_msgs/open_manipulator_msgs
[10.293s] -- Up-to-date: /root/RBE500_Manipulator_Project/workspace/install/open_manipulator_msgs/include/open_manipulator_msgs/open_manipulator_msgs/msg
[10.293s] -- Installing: /root/RBE500_Manipulator_Project/workspace/install/open_manipulator_msgs/include/open_manipulator_msgs/open_manipulator_msgs/msg/rosidl_typesupport_fastrtps_cpp__visibility_control.h
[10.293s] -- Up-to-date: /root/RBE500_Manipulator_Project/workspace/install/open_manipulator_msgs/include/open_manipulator_msgs/open_manipulator_msgs/msg/detail
[10.293s] -- Installing: /root/RBE500_Manipulator_Project/workspace/install/open_manipulator_msgs/include/open_manipulator_msgs/open_manipulator_msgs/msg/detail/open_manipulator_state__rosidl_typesupport_fastrtps_cpp.hpp
[10.293s] -- Installing: /root/RBE500_Manipulator_Project/workspace/install/open_manipulator_msgs/include/open_manipulator_msgs/open_manipulator_msgs/msg/detail/kinematics_pose__rosidl_typesupport_fastrtps_cpp.hpp
[10.294s] -- Installing: /root/RBE500_Manipulator_Project/workspace/install/open_manipulator_msgs/include/open_manipulator_msgs/open_manipulator_msgs/msg/detail/joint_position__rosidl_typesupport_fastrtps_cpp.hpp
[10.294s] -- Installing: /root/RBE500_Manipulator_Project/workspace/install/open_manipulator_msgs/include/open_manipulator_msgs/open_manipulator_msgs/msg/detail/dds_fastrtps
[10.294s] -- Up-to-date: /root/RBE500_Manipulator_Project/workspace/install/open_manipulator_msgs/include/open_manipulator_msgs/open_manipulator_msgs/srv
[10.294s] -- Up-to-date: /root/RBE500_Manipulator_Project/workspace/install/open_manipulator_msgs/include/open_manipulator_msgs/open_manipulator_msgs/srv/detail
[10.294s] -- Installing: /root/RBE500_Manipulator_Project/workspace/install/open_manipulator_msgs/include/open_manipulator_msgs/open_manipulator_msgs/srv/detail/set_joint_position__rosidl_typesupport_fastrtps_cpp.hpp
[10.294s] -- Installing: /root/RBE500_Manipulator_Project/workspace/install/open_manipulator_msgs/include/open_manipulator_msgs/open_manipulator_msgs/srv/detail/set_actuator_state__rosidl_typesupport_fastrtps_cpp.hpp
[10.294s] -- Installing: /root/RBE500_Manipulator_Project/workspace/install/open_manipulator_msgs/include/open_manipulator_msgs/open_manipulator_msgs/srv/detail/get_joint_position__rosidl_typesupport_fastrtps_cpp.hpp
[10.294s] -- Installing: /root/RBE500_Manipulator_Project/workspace/install/open_manipulator_msgs/include/open_manipulator_msgs/open_manipulator_msgs/srv/detail/set_drawing_trajectory__rosidl_typesupport_fastrtps_cpp.hpp
[10.294s] -- Installing: /root/RBE500_Manipulator_Project/workspace/install/open_manipulator_msgs/include/open_manipulator_msgs/open_manipulator_msgs/srv/detail/get_kinematics_pose__rosidl_typesupport_fastrtps_cpp.hpp
[10.294s] -- Installing: /root/RBE500_Manipulator_Project/workspace/install/open_manipulator_msgs/include/open_manipulator_msgs/open_manipulator_msgs/srv/detail/dds_fastrtps
[10.294s] -- Installing: /root/RBE500_Manipulator_Project/workspace/install/open_manipulator_msgs/include/open_manipulator_msgs/open_manipulator_msgs/srv/detail/set_kinematics_pose__rosidl_typesupport_fastrtps_cpp.hpp
[10.294s] -- Installing: /root/RBE500_Manipulator_Project/workspace/install/open_manipulator_msgs/lib/libopen_manipulator_msgs__rosidl_typesupport_fastrtps_cpp.so
[10.295s] -- Set runtime path of "/root/RBE500_Manipulator_Project/workspace/install/open_manipulator_msgs/lib/libopen_manipulator_msgs__rosidl_typesupport_fastrtps_cpp.so" to ""
[10.295s] -- Up-to-date: /root/RBE500_Manipulator_Project/workspace/install/open_manipulator_msgs/include/open_manipulator_msgs/open_manipulator_msgs
[10.295s] -- Up-to-date: /root/RBE500_Manipulator_Project/workspace/install/open_manipulator_msgs/include/open_manipulator_msgs/open_manipulator_msgs/msg
[10.295s] -- Installing: /root/RBE500_Manipulator_Project/workspace/install/open_manipulator_msgs/include/open_manipulator_msgs/open_manipulator_msgs/msg/rosidl_typesupport_introspection_c__visibility_control.h
[10.295s] -- Up-to-date: /root/RBE500_Manipulator_Project/workspace/install/open_manipulator_msgs/include/open_manipulator_msgs/open_manipulator_msgs/msg/detail
[10.295s] -- Installing: /root/RBE500_Manipulator_Project/workspace/install/open_manipulator_msgs/include/open_manipulator_msgs/open_manipulator_msgs/msg/detail/joint_position__rosidl_typesupport_introspection_c.h
[10.295s] -- Installing: /root/RBE500_Manipulator_Project/workspace/install/open_manipulator_msgs/include/open_manipulator_msgs/open_manipulator_msgs/msg/detail/open_manipulator_state__rosidl_typesupport_introspection_c.h
[10.295s] -- Installing: /root/RBE500_Manipulator_Project/workspace/install/open_manipulator_msgs/include/open_manipulator_msgs/open_manipulator_msgs/msg/detail/kinematics_pose__type_support.c
[10.295s] -- Installing: /root/RBE500_Manipulator_Project/workspace/install/open_manipulator_msgs/include/open_manipulator_msgs/open_manipulator_msgs/msg/detail/joint_position__type_support.c
[10.295s] -- Installing: /root/RBE500_Manipulator_Project/workspace/install/open_manipulator_msgs/include/open_manipulator_msgs/open_manipulator_msgs/msg/detail/kinematics_pose__rosidl_typesupport_introspection_c.h
[10.295s] -- Installing: /root/RBE500_Manipulator_Project/workspace/install/open_manipulator_msgs/include/open_manipulator_msgs/open_manipulator_msgs/msg/detail/open_manipulator_state__type_support.c
[10.296s] -- Up-to-date: /root/RBE500_Manipulator_Project/workspace/install/open_manipulator_msgs/include/open_manipulator_msgs/open_manipulator_msgs/srv
[10.296s] -- Up-to-date: /root/RBE500_Manipulator_Project/workspace/install/open_manipulator_msgs/include/open_manipulator_msgs/open_manipulator_msgs/srv/detail
[10.296s] -- Installing: /root/RBE500_Manipulator_Project/workspace/install/open_manipulator_msgs/include/open_manipulator_msgs/open_manipulator_msgs/srv/detail/set_drawing_trajectory__rosidl_typesupport_introspection_c.h
[10.296s] -- Installing: /root/RBE500_Manipulator_Project/workspace/install/open_manipulator_msgs/include/open_manipulator_msgs/open_manipulator_msgs/srv/detail/set_joint_position__type_support.c
[10.296s] -- Installing: /root/RBE500_Manipulator_Project/workspace/install/open_manipulator_msgs/include/open_manipulator_msgs/open_manipulator_msgs/srv/detail/get_kinematics_pose__rosidl_typesupport_introspection_c.h
[10.296s] -- Installing: /root/RBE500_Manipulator_Project/workspace/install/open_manipulator_msgs/include/open_manipulator_msgs/open_manipulator_msgs/srv/detail/set_kinematics_pose__type_support.c
[10.296s] -- Installing: /root/RBE500_Manipulator_Project/workspace/install/open_manipulator_msgs/include/open_manipulator_msgs/open_manipulator_msgs/srv/detail/set_joint_position__rosidl_typesupport_introspection_c.h
[10.296s] -- Installing: /root/RBE500_Manipulator_Project/workspace/install/open_manipulator_msgs/include/open_manipulator_msgs/open_manipulator_msgs/srv/detail/get_joint_position__rosidl_typesupport_introspection_c.h
[10.296s] -- Installing: /root/RBE500_Manipulator_Project/workspace/install/open_manipulator_msgs/include/open_manipulator_msgs/open_manipulator_msgs/srv/detail/set_drawing_trajectory__type_support.c
[10.296s] -- Installing: /root/RBE500_Manipulator_Project/workspace/install/open_manipulator_msgs/include/open_manipulator_msgs/open_manipulator_msgs/srv/detail/set_kinematics_pose__rosidl_typesupport_introspection_c.h
[10.296s] -- Installing: /root/RBE500_Manipulator_Project/workspace/install/open_manipulator_msgs/include/open_manipulator_msgs/open_manipulator_msgs/srv/detail/set_actuator_state__type_support.c
[10.296s] -- Installing: /root/RBE500_Manipulator_Project/workspace/install/open_manipulator_msgs/include/open_manipulator_msgs/open_manipulator_msgs/srv/detail/set_actuator_state__rosidl_typesupport_introspection_c.h
[10.297s] -- Installing: /root/RBE500_Manipulator_Project/workspace/install/open_manipulator_msgs/include/open_manipulator_msgs/open_manipulator_msgs/srv/detail/get_joint_position__type_support.c
[10.297s] -- Installing: /root/RBE500_Manipulator_Project/workspace/install/open_manipulator_msgs/include/open_manipulator_msgs/open_manipulator_msgs/srv/detail/get_kinematics_pose__type_support.c
[10.297s] -- Installing: /root/RBE500_Manipulator_Project/workspace/install/open_manipulator_msgs/lib/libopen_manipulator_msgs__rosidl_typesupport_introspection_c.so
[10.297s] -- Set runtime path of "/root/RBE500_Manipulator_Project/workspace/install/open_manipulator_msgs/lib/libopen_manipulator_msgs__rosidl_typesupport_introspection_c.so" to ""
[10.297s] -- Installing: /root/RBE500_Manipulator_Project/workspace/install/open_manipulator_msgs/lib/libopen_manipulator_msgs__rosidl_typesupport_c.so
[10.297s] -- Set runtime path of "/root/RBE500_Manipulator_Project/workspace/install/open_manipulator_msgs/lib/libopen_manipulator_msgs__rosidl_typesupport_c.so" to ""
[10.297s] -- Up-to-date: /root/RBE500_Manipulator_Project/workspace/install/open_manipulator_msgs/include/open_manipulator_msgs/open_manipulator_msgs
[10.298s] -- Up-to-date: /root/RBE500_Manipulator_Project/workspace/install/open_manipulator_msgs/include/open_manipulator_msgs/open_manipulator_msgs/msg
[10.298s] -- Up-to-date: /root/RBE500_Manipulator_Project/workspace/install/open_manipulator_msgs/include/open_manipulator_msgs/open_manipulator_msgs/msg/detail
[10.298s] -- Installing: /root/RBE500_Manipulator_Project/workspace/install/open_manipulator_msgs/include/open_manipulator_msgs/open_manipulator_msgs/msg/detail/open_manipulator_state__rosidl_typesupport_introspection_cpp.hpp
[10.298s] -- Installing: /root/RBE500_Manipulator_Project/workspace/install/open_manipulator_msgs/include/open_manipulator_msgs/open_manipulator_msgs/msg/detail/joint_position__type_support.cpp
[10.298s] -- Installing: /root/RBE500_Manipulator_Project/workspace/install/open_manipulator_msgs/include/open_manipulator_msgs/open_manipulator_msgs/msg/detail/open_manipulator_state__type_support.cpp
[10.298s] -- Installing: /root/RBE500_Manipulator_Project/workspace/install/open_manipulator_msgs/include/open_manipulator_msgs/open_manipulator_msgs/msg/detail/joint_position__rosidl_typesupport_introspection_cpp.hpp
[10.298s] -- Installing: /root/RBE500_Manipulator_Project/workspace/install/open_manipulator_msgs/include/open_manipulator_msgs/open_manipulator_msgs/msg/detail/kinematics_pose__rosidl_typesupport_introspection_cpp.hpp
[10.298s] -- Installing: /root/RBE500_Manipulator_Project/workspace/install/open_manipulator_msgs/include/open_manipulator_msgs/open_manipulator_msgs/msg/detail/kinematics_pose__type_support.cpp
[10.298s] -- Up-to-date: /root/RBE500_Manipulator_Project/workspace/install/open_manipulator_msgs/include/open_manipulator_msgs/open_manipulator_msgs/srv
[10.298s] -- Up-to-date: /root/RBE500_Manipulator_Project/workspace/install/open_manipulator_msgs/include/open_manipulator_msgs/open_manipulator_msgs/srv/detail
[10.298s] -- Installing: /root/RBE500_Manipulator_Project/workspace/install/open_manipulator_msgs/include/open_manipulator_msgs/open_manipulator_msgs/srv/detail/get_joint_position__rosidl_typesupport_introspection_cpp.hpp
[10.298s] -- Installing: /root/RBE500_Manipulator_Project/workspace/install/open_manipulator_msgs/include/open_manipulator_msgs/open_manipulator_msgs/srv/detail/set_actuator_state__type_support.cpp
[10.298s] -- Installing: /root/RBE500_Manipulator_Project/workspace/install/open_manipulator_msgs/include/open_manipulator_msgs/open_manipulator_msgs/srv/detail/set_kinematics_pose__rosidl_typesupport_introspection_cpp.hpp
[10.299s] -- Installing: /root/RBE500_Manipulator_Project/workspace/install/open_manipulator_msgs/include/open_manipulator_msgs/open_manipulator_msgs/srv/detail/set_drawing_trajectory__rosidl_typesupport_introspection_cpp.hpp
[10.299s] -- Installing: /root/RBE500_Manipulator_Project/workspace/install/open_manipulator_msgs/include/open_manipulator_msgs/open_manipulator_msgs/srv/detail/set_actuator_state__rosidl_typesupport_introspection_cpp.hpp
[10.299s] -- Installing: /root/RBE500_Manipulator_Project/workspace/install/open_manipulator_msgs/include/open_manipulator_msgs/open_manipulator_msgs/srv/detail/get_kinematics_pose__type_support.cpp
[10.299s] -- Installing: /root/RBE500_Manipulator_Project/workspace/install/open_manipulator_msgs/include/open_manipulator_msgs/open_manipulator_msgs/srv/detail/get_joint_position__type_support.cpp
[10.299s] -- Installing: /root/RBE500_Manipulator_Project/workspace/install/open_manipulator_msgs/include/open_manipulator_msgs/open_manipulator_msgs/srv/detail/set_joint_position__rosidl_typesupport_introspection_cpp.hpp
[10.299s] -- Installing: /root/RBE500_Manipulator_Project/workspace/install/open_manipulator_msgs/include/open_manipulator_msgs/open_manipulator_msgs/srv/detail/set_kinematics_pose__type_support.cpp
[10.299s] -- Installing: /root/RBE500_Manipulator_Project/workspace/install/open_manipulator_msgs/include/open_manipulator_msgs/open_manipulator_msgs/srv/detail/set_joint_position__type_support.cpp
[10.299s] -- Installing: /root/RBE500_Manipulator_Project/workspace/install/open_manipulator_msgs/include/open_manipulator_msgs/open_manipulator_msgs/srv/detail/set_drawing_trajectory__type_support.cpp
[10.299s] -- Installing: /root/RBE500_Manipulator_Project/workspace/install/open_manipulator_msgs/include/open_manipulator_msgs/open_manipulator_msgs/srv/detail/get_kinematics_pose__rosidl_typesupport_introspection_cpp.hpp
[10.299s] -- Installing: /root/RBE500_Manipulator_Project/workspace/install/open_manipulator_msgs/lib/libopen_manipulator_msgs__rosidl_typesupport_introspection_cpp.so
[10.300s] -- Set runtime path of "/root/RBE500_Manipulator_Project/workspace/install/open_manipulator_msgs/lib/libopen_manipulator_msgs__rosidl_typesupport_introspection_cpp.so" to ""
[10.300s] -- Installing: /root/RBE500_Manipulator_Project/workspace/install/open_manipulator_msgs/lib/libopen_manipulator_msgs__rosidl_typesupport_cpp.so
[10.300s] -- Set runtime path of "/root/RBE500_Manipulator_Project/workspace/install/open_manipulator_msgs/lib/libopen_manipulator_msgs__rosidl_typesupport_cpp.so" to ""
[10.300s] -- Installing: /root/RBE500_Manipulator_Project/workspace/install/open_manipulator_msgs/share/open_manipulator_msgs/environment/pythonpath.sh
[10.300s] -- Installing: /root/RBE500_Manipulator_Project/workspace/install/open_manipulator_msgs/share/open_manipulator_msgs/environment/pythonpath.dsv
[10.301s] -- Installing: /root/RBE500_Manipulator_Project/workspace/install/open_manipulator_msgs/local/lib/python3.10/dist-packages/open_manipulator_msgs-2.2.0-py3.10.egg-info
[10.301s] -- Installing: /root/RBE500_Manipulator_Project/workspace/install/open_manipulator_msgs/local/lib/python3.10/dist-packages/open_manipulator_msgs-2.2.0-py3.10.egg-info/dependency_links.txt
[10.301s] -- Installing: /root/RBE500_Manipulator_Project/workspace/install/open_manipulator_msgs/local/lib/python3.10/dist-packages/open_manipulator_msgs-2.2.0-py3.10.egg-info/top_level.txt
[10.301s] -- Installing: /root/RBE500_Manipulator_Project/workspace/install/open_manipulator_msgs/local/lib/python3.10/dist-packages/open_manipulator_msgs-2.2.0-py3.10.egg-info/PKG-INFO
[10.301s] -- Installing: /root/RBE500_Manipulator_Project/workspace/install/open_manipulator_msgs/local/lib/python3.10/dist-packages/open_manipulator_msgs-2.2.0-py3.10.egg-info/SOURCES.txt
[10.301s] -- Installing: /root/RBE500_Manipulator_Project/workspace/install/open_manipulator_msgs/local/lib/python3.10/dist-packages/open_manipulator_msgs
[10.301s] -- Installing: /root/RBE500_Manipulator_Project/workspace/install/open_manipulator_msgs/local/lib/python3.10/dist-packages/open_manipulator_msgs/_open_manipulator_msgs_s.ep.rosidl_typesupport_introspection_c.c
[10.302s] -- Installing: /root/RBE500_Manipulator_Project/workspace/install/open_manipulator_msgs/local/lib/python3.10/dist-packages/open_manipulator_msgs/msg
[10.302s] -- Installing: /root/RBE500_Manipulator_Project/workspace/install/open_manipulator_msgs/local/lib/python3.10/dist-packages/open_manipulator_msgs/msg/_kinematics_pose_s.c
[10.302s] -- Installing: /root/RBE500_Manipulator_Project/workspace/install/open_manipulator_msgs/local/lib/python3.10/dist-packages/open_manipulator_msgs/msg/__init__.py
[10.302s] -- Installing: /root/RBE500_Manipulator_Project/workspace/install/open_manipulator_msgs/local/lib/python3.10/dist-packages/open_manipulator_msgs/msg/_kinematics_pose.py
[10.302s] -- Installing: /root/RBE500_Manipulator_Project/workspace/install/open_manipulator_msgs/local/lib/python3.10/dist-packages/open_manipulator_msgs/msg/_open_manipulator_state_s.c
[10.302s] -- Installing: /root/RBE500_Manipulator_Project/workspace/install/open_manipulator_msgs/local/lib/python3.10/dist-packages/open_manipulator_msgs/msg/_open_manipulator_state.py
[10.302s] -- Installing: /root/RBE500_Manipulator_Project/workspace/install/open_manipulator_msgs/local/lib/python3.10/dist-packages/open_manipulator_msgs/msg/_joint_position_s.c
[10.302s] -- Installing: /root/RBE500_Manipulator_Project/workspace/install/open_manipulator_msgs/local/lib/python3.10/dist-packages/open_manipulator_msgs/msg/_joint_position.py
[10.302s] -- Installing: /root/RBE500_Manipulator_Project/workspace/install/open_manipulator_msgs/local/lib/python3.10/dist-packages/open_manipulator_msgs/__init__.py
[10.303s] -- Installing: /root/RBE500_Manipulator_Project/workspace/install/open_manipulator_msgs/local/lib/python3.10/dist-packages/open_manipulator_msgs/srv
[10.303s] -- Installing: /root/RBE500_Manipulator_Project/workspace/install/open_manipulator_msgs/local/lib/python3.10/dist-packages/open_manipulator_msgs/srv/_set_joint_position.py
[10.303s] -- Installing: /root/RBE500_Manipulator_Project/workspace/install/open_manipulator_msgs/local/lib/python3.10/dist-packages/open_manipulator_msgs/srv/_get_joint_position.py
[10.303s] -- Installing: /root/RBE500_Manipulator_Project/workspace/install/open_manipulator_msgs/local/lib/python3.10/dist-packages/open_manipulator_msgs/srv/__init__.py
[10.303s] -- Installing: /root/RBE500_Manipulator_Project/workspace/install/open_manipulator_msgs/local/lib/python3.10/dist-packages/open_manipulator_msgs/srv/_set_drawing_trajectory_s.c
[10.303s] -- Installing: /root/RBE500_Manipulator_Project/workspace/install/open_manipulator_msgs/local/lib/python3.10/dist-packages/open_manipulator_msgs/srv/_set_actuator_state_s.c
[10.303s] -- Installing: /root/RBE500_Manipulator_Project/workspace/install/open_manipulator_msgs/local/lib/python3.10/dist-packages/open_manipulator_msgs/srv/_set_joint_position_s.c
[10.303s] -- Installing: /root/RBE500_Manipulator_Project/workspace/install/open_manipulator_msgs/local/lib/python3.10/dist-packages/open_manipulator_msgs/srv/_set_kinematics_pose_s.c
[10.303s] -- Installing: /root/RBE500_Manipulator_Project/workspace/install/open_manipulator_msgs/local/lib/python3.10/dist-packages/open_manipulator_msgs/srv/_get_kinematics_pose.py
[10.303s] -- Installing: /root/RBE500_Manipulator_Project/workspace/install/open_manipulator_msgs/local/lib/python3.10/dist-packages/open_manipulator_msgs/srv/_get_joint_position_s.c
[10.303s] -- Installing: /root/RBE500_Manipulator_Project/workspace/install/open_manipulator_msgs/local/lib/python3.10/dist-packages/open_manipulator_msgs/srv/_get_kinematics_pose_s.c
[10.304s] -- Installing: /root/RBE500_Manipulator_Project/workspace/install/open_manipulator_msgs/local/lib/python3.10/dist-packages/open_manipulator_msgs/srv/_set_drawing_trajectory.py
[10.304s] -- Installing: /root/RBE500_Manipulator_Project/workspace/install/open_manipulator_msgs/local/lib/python3.10/dist-packages/open_manipulator_msgs/srv/_set_kinematics_pose.py
[10.304s] -- Installing: /root/RBE500_Manipulator_Project/workspace/install/open_manipulator_msgs/local/lib/python3.10/dist-packages/open_manipulator_msgs/srv/_set_actuator_state.py
[10.304s] -- Installing: /root/RBE500_Manipulator_Project/workspace/install/open_manipulator_msgs/local/lib/python3.10/dist-packages/open_manipulator_msgs/_open_manipulator_msgs_s.ep.rosidl_typesupport_c.c
[10.304s] -- Installing: /root/RBE500_Manipulator_Project/workspace/install/open_manipulator_msgs/local/lib/python3.10/dist-packages/open_manipulator_msgs/_open_manipulator_msgs_s.ep.rosidl_typesupport_fastrtps_c.c
[10.304s] -- Installing: /root/RBE500_Manipulator_Project/workspace/install/open_manipulator_msgs/local/lib/python3.10/dist-packages/open_manipulator_msgs/open_manipulator_msgs_s__rosidl_typesupport_c.cpython-310-x86_64-linux-gnu.so
[10.304s] -- Installing: /root/RBE500_Manipulator_Project/workspace/install/open_manipulator_msgs/local/lib/python3.10/dist-packages/open_manipulator_msgs/open_manipulator_msgs_s__rosidl_typesupport_introspection_c.cpython-310-x86_64-linux-gnu.so
[10.305s] -- Installing: /root/RBE500_Manipulator_Project/workspace/install/open_manipulator_msgs/local/lib/python3.10/dist-packages/open_manipulator_msgs/libopen_manipulator_msgs__rosidl_generator_py.so
[10.305s] -- Installing: /root/RBE500_Manipulator_Project/workspace/install/open_manipulator_msgs/local/lib/python3.10/dist-packages/open_manipulator_msgs/open_manipulator_msgs_s__rosidl_typesupport_fastrtps_c.cpython-310-x86_64-linux-gnu.so
[10.342s] Listing '/root/RBE500_Manipulator_Project/workspace/install/open_manipulator_msgs/local/lib/python3.10/dist-packages/open_manipulator_msgs'...
[10.342s] Compiling '/root/RBE500_Manipulator_Project/workspace/install/open_manipulator_msgs/local/lib/python3.10/dist-packages/open_manipulator_msgs/__init__.py'...
[10.342s] Listing '/root/RBE500_Manipulator_Project/workspace/install/open_manipulator_msgs/local/lib/python3.10/dist-packages/open_manipulator_msgs/msg'...
[10.342s] Compiling '/root/RBE500_Manipulator_Project/workspace/install/open_manipulator_msgs/local/lib/python3.10/dist-packages/open_manipulator_msgs/msg/__init__.py'...
[10.342s] Compiling '/root/RBE500_Manipulator_Project/workspace/install/open_manipulator_msgs/local/lib/python3.10/dist-packages/open_manipulator_msgs/msg/_joint_position.py'...
[10.342s] Compiling '/root/RBE500_Manipulator_Project/workspace/install/open_manipulator_msgs/local/lib/python3.10/dist-packages/open_manipulator_msgs/msg/_kinematics_pose.py'...
[10.342s] Compiling '/root/RBE500_Manipulator_Project/workspace/install/open_manipulator_msgs/local/lib/python3.10/dist-packages/open_manipulator_msgs/msg/_open_manipulator_state.py'...
[10.342s] Listing '/root/RBE500_Manipulator_Project/workspace/install/open_manipulator_msgs/local/lib/python3.10/dist-packages/open_manipulator_msgs/srv'...
[10.342s] Compiling '/root/RBE500_Manipulator_Project/workspace/install/open_manipulator_msgs/local/lib/python3.10/dist-packages/open_manipulator_msgs/srv/__init__.py'...
[10.342s] Compiling '/root/RBE500_Manipulator_Project/workspace/install/open_manipulator_msgs/local/lib/python3.10/dist-packages/open_manipulator_msgs/srv/_get_joint_position.py'...
[10.342s] Compiling '/root/RBE500_Manipulator_Project/workspace/install/open_manipulator_msgs/local/lib/python3.10/dist-packages/open_manipulator_msgs/srv/_get_kinematics_pose.py'...
[10.342s] Compiling '/root/RBE500_Manipulator_Project/workspace/install/open_manipulator_msgs/local/lib/python3.10/dist-packages/open_manipulator_msgs/srv/_set_actuator_state.py'...
[10.342s] Compiling '/root/RBE500_Manipulator_Project/workspace/install/open_manipulator_msgs/local/lib/python3.10/dist-packages/open_manipulator_msgs/srv/_set_drawing_trajectory.py'...
[10.342s] Compiling '/root/RBE500_Manipulator_Project/workspace/install/open_manipulator_msgs/local/lib/python3.10/dist-packages/open_manipulator_msgs/srv/_set_joint_position.py'...
[10.342s] Compiling '/root/RBE500_Manipulator_Project/workspace/install/open_manipulator_msgs/local/lib/python3.10/dist-packages/open_manipulator_msgs/srv/_set_kinematics_pose.py'...
[10.346s] -- Installing: /root/RBE500_Manipulator_Project/workspace/install/open_manipulator_msgs/local/lib/python3.10/dist-packages/open_manipulator_msgs/open_manipulator_msgs_s__rosidl_typesupport_fastrtps_c.cpython-310-x86_64-linux-gnu.so
[10.346s] -- Set runtime path of "/root/RBE500_Manipulator_Project/workspace/install/open_manipulator_msgs/local/lib/python3.10/dist-packages/open_manipulator_msgs/open_manipulator_msgs_s__rosidl_typesupport_fastrtps_c.cpython-310-x86_64-linux-gnu.so" to ""
[10.346s] -- Installing: /root/RBE500_Manipulator_Project/workspace/install/open_manipulator_msgs/local/lib/python3.10/dist-packages/open_manipulator_msgs/open_manipulator_msgs_s__rosidl_typesupport_introspection_c.cpython-310-x86_64-linux-gnu.so
[10.347s] -- Set runtime path of "/root/RBE500_Manipulator_Project/workspace/install/open_manipulator_msgs/local/lib/python3.10/dist-packages/open_manipulator_msgs/open_manipulator_msgs_s__rosidl_typesupport_introspection_c.cpython-310-x86_64-linux-gnu.so" to ""
[10.347s] -- Installing: /root/RBE500_Manipulator_Project/workspace/install/open_manipulator_msgs/local/lib/python3.10/dist-packages/open_manipulator_msgs/open_manipulator_msgs_s__rosidl_typesupport_c.cpython-310-x86_64-linux-gnu.so
[10.347s] -- Set runtime path of "/root/RBE500_Manipulator_Project/workspace/install/open_manipulator_msgs/local/lib/python3.10/dist-packages/open_manipulator_msgs/open_manipulator_msgs_s__rosidl_typesupport_c.cpython-310-x86_64-linux-gnu.so" to ""
[10.347s] -- Installing: /root/RBE500_Manipulator_Project/workspace/install/open_manipulator_msgs/lib/libopen_manipulator_msgs__rosidl_generator_py.so
[10.347s] -- Set runtime path of "/root/RBE500_Manipulator_Project/workspace/install/open_manipulator_msgs/lib/libopen_manipulator_msgs__rosidl_generator_py.so" to ""
[10.348s] -- Installing: /root/RBE500_Manipulator_Project/workspace/install/open_manipulator_msgs/share/open_manipulator_msgs/msg/JointPosition.idl
[10.348s] -- Installing: /root/RBE500_Manipulator_Project/workspace/install/open_manipulator_msgs/share/open_manipulator_msgs/msg/KinematicsPose.idl
[10.348s] -- Installing: /root/RBE500_Manipulator_Project/workspace/install/open_manipulator_msgs/share/open_manipulator_msgs/msg/OpenManipulatorState.idl
[10.348s] -- Installing: /root/RBE500_Manipulator_Project/workspace/install/open_manipulator_msgs/share/open_manipulator_msgs/srv/GetJointPosition.idl
[10.348s] -- Installing: /root/RBE500_Manipulator_Project/workspace/install/open_manipulator_msgs/share/open_manipulator_msgs/srv/GetKinematicsPose.idl
[10.348s] -- Installing: /root/RBE500_Manipulator_Project/workspace/install/open_manipulator_msgs/share/open_manipulator_msgs/srv/SetJointPosition.idl
[10.348s] -- Installing: /root/RBE500_Manipulator_Project/workspace/install/open_manipulator_msgs/share/open_manipulator_msgs/srv/SetKinematicsPose.idl
[10.348s] -- Installing: /root/RBE500_Manipulator_Project/workspace/install/open_manipulator_msgs/share/open_manipulator_msgs/srv/SetDrawingTrajectory.idl
[10.349s] -- Installing: /root/RBE500_Manipulator_Project/workspace/install/open_manipulator_msgs/share/open_manipulator_msgs/srv/SetActuatorState.idl
[10.349s] -- Installing: /root/RBE500_Manipulator_Project/workspace/install/open_manipulator_msgs/share/open_manipulator_msgs/msg/JointPosition.msg
[10.349s] -- Installing: /root/RBE500_Manipulator_Project/workspace/install/open_manipulator_msgs/share/open_manipulator_msgs/msg/KinematicsPose.msg
[10.349s] -- Installing: /root/RBE500_Manipulator_Project/workspace/install/open_manipulator_msgs/share/open_manipulator_msgs/msg/OpenManipulatorState.msg
[10.349s] -- Installing: /root/RBE500_Manipulator_Project/workspace/install/open_manipulator_msgs/share/open_manipulator_msgs/srv/GetJointPosition.srv
[10.350s] -- Installing: /root/RBE500_Manipulator_Project/workspace/install/open_manipulator_msgs/share/open_manipulator_msgs/srv/GetJointPosition_Request.msg
[10.350s] -- Installing: /root/RBE500_Manipulator_Project/workspace/install/open_manipulator_msgs/share/open_manipulator_msgs/srv/GetJointPosition_Response.msg
[10.350s] -- Installing: /root/RBE500_Manipulator_Project/workspace/install/open_manipulator_msgs/share/open_manipulator_msgs/srv/GetKinematicsPose.srv
[10.350s] -- Installing: /root/RBE500_Manipulator_Project/workspace/install/open_manipulator_msgs/share/open_manipulator_msgs/srv/GetKinematicsPose_Request.msg
[10.350s] -- Installing: /root/RBE500_Manipulator_Project/workspace/install/open_manipulator_msgs/share/open_manipulator_msgs/srv/GetKinematicsPose_Response.msg
[10.351s] -- Installing: /root/RBE500_Manipulator_Project/workspace/install/open_manipulator_msgs/share/open_manipulator_msgs/srv/SetJointPosition.srv
[10.351s] -- Installing: /root/RBE500_Manipulator_Project/workspace/install/open_manipulator_msgs/share/open_manipulator_msgs/srv/SetJointPosition_Request.msg
[10.351s] -- Installing: /root/RBE500_Manipulator_Project/workspace/install/open_manipulator_msgs/share/open_manipulator_msgs/srv/SetJointPosition_Response.msg
[10.351s] -- Installing: /root/RBE500_Manipulator_Project/workspace/install/open_manipulator_msgs/share/open_manipulator_msgs/srv/SetKinematicsPose.srv
[10.352s] -- Installing: /root/RBE500_Manipulator_Project/workspace/install/open_manipulator_msgs/share/open_manipulator_msgs/srv/SetKinematicsPose_Request.msg
[10.352s] -- Installing: /root/RBE500_Manipulator_Project/workspace/install/open_manipulator_msgs/share/open_manipulator_msgs/srv/SetKinematicsPose_Response.msg
[10.352s] -- Installing: /root/RBE500_Manipulator_Project/workspace/install/open_manipulator_msgs/share/open_manipulator_msgs/srv/SetDrawingTrajectory.srv
[10.352s] -- Installing: /root/RBE500_Manipulator_Project/workspace/install/open_manipulator_msgs/share/open_manipulator_msgs/srv/SetDrawingTrajectory_Request.msg
[10.353s] -- Installing: /root/RBE500_Manipulator_Project/workspace/install/open_manipulator_msgs/share/open_manipulator_msgs/srv/SetDrawingTrajectory_Response.msg
[10.353s] -- Installing: /root/RBE500_Manipulator_Project/workspace/install/open_manipulator_msgs/share/open_manipulator_msgs/srv/SetActuatorState.srv
[10.353s] -- Installing: /root/RBE500_Manipulator_Project/workspace/install/open_manipulator_msgs/share/open_manipulator_msgs/srv/SetActuatorState_Request.msg
[10.353s] -- Installing: /root/RBE500_Manipulator_Project/workspace/install/open_manipulator_msgs/share/open_manipulator_msgs/srv/SetActuatorState_Response.msg
[10.354s] -- Installing: /root/RBE500_Manipulator_Project/workspace/install/open_manipulator_msgs/share/ament_index/resource_index/package_run_dependencies/open_manipulator_msgs
[10.354s] -- Installing: /root/RBE500_Manipulator_Project/workspace/install/open_manipulator_msgs/share/ament_index/resource_index/parent_prefix_path/open_manipulator_msgs
[10.354s] -- Installing: /root/RBE500_Manipulator_Project/workspace/install/open_manipulator_msgs/share/open_manipulator_msgs/environment/ament_prefix_path.sh
[10.354s] -- Installing: /root/RBE500_Manipulator_Project/workspace/install/open_manipulator_msgs/share/open_manipulator_msgs/environment/ament_prefix_path.dsv
[10.354s] -- Installing: /root/RBE500_Manipulator_Project/workspace/install/open_manipulator_msgs/share/open_manipulator_msgs/environment/path.sh
[10.354s] -- Installing: /root/RBE500_Manipulator_Project/workspace/install/open_manipulator_msgs/share/open_manipulator_msgs/environment/path.dsv
[10.355s] -- Installing: /root/RBE500_Manipulator_Project/workspace/install/open_manipulator_msgs/share/open_manipulator_msgs/local_setup.bash
[10.355s] -- Installing: /root/RBE500_Manipulator_Project/workspace/install/open_manipulator_msgs/share/open_manipulator_msgs/local_setup.sh
[10.355s] -- Installing: /root/RBE500_Manipulator_Project/workspace/install/open_manipulator_msgs/share/open_manipulator_msgs/local_setup.zsh
[10.355s] -- Installing: /root/RBE500_Manipulator_Project/workspace/install/open_manipulator_msgs/share/open_manipulator_msgs/local_setup.dsv
[10.356s] -- Installing: /root/RBE500_Manipulator_Project/workspace/install/open_manipulator_msgs/share/open_manipulator_msgs/package.dsv
[10.356s] -- Installing: /root/RBE500_Manipulator_Project/workspace/install/open_manipulator_msgs/share/ament_index/resource_index/packages/open_manipulator_msgs
[10.356s] -- Installing: /root/RBE500_Manipulator_Project/workspace/install/open_manipulator_msgs/share/open_manipulator_msgs/cmake/export_open_manipulator_msgs__rosidl_generator_cExport.cmake
[10.356s] -- Installing: /root/RBE500_Manipulator_Project/workspace/install/open_manipulator_msgs/share/open_manipulator_msgs/cmake/export_open_manipulator_msgs__rosidl_generator_cExport-noconfig.cmake
[10.356s] -- Installing: /root/RBE500_Manipulator_Project/workspace/install/open_manipulator_msgs/share/open_manipulator_msgs/cmake/export_open_manipulator_msgs__rosidl_typesupport_fastrtps_cExport.cmake
[10.357s] -- Installing: /root/RBE500_Manipulator_Project/workspace/install/open_manipulator_msgs/share/open_manipulator_msgs/cmake/export_open_manipulator_msgs__rosidl_typesupport_fastrtps_cExport-noconfig.cmake
[10.357s] -- Installing: /root/RBE500_Manipulator_Project/workspace/install/open_manipulator_msgs/share/open_manipulator_msgs/cmake/export_open_manipulator_msgs__rosidl_generator_cppExport.cmake
[10.357s] -- Installing: /root/RBE500_Manipulator_Project/workspace/install/open_manipulator_msgs/share/open_manipulator_msgs/cmake/export_open_manipulator_msgs__rosidl_typesupport_fastrtps_cppExport.cmake
[10.357s] -- Installing: /root/RBE500_Manipulator_Project/workspace/install/open_manipulator_msgs/share/open_manipulator_msgs/cmake/export_open_manipulator_msgs__rosidl_typesupport_fastrtps_cppExport-noconfig.cmake
[10.358s] -- Installing: /root/RBE500_Manipulator_Project/workspace/install/open_manipulator_msgs/share/open_manipulator_msgs/cmake/open_manipulator_msgs__rosidl_typesupport_introspection_cExport.cmake
[10.358s] -- Installing: /root/RBE500_Manipulator_Project/workspace/install/open_manipulator_msgs/share/open_manipulator_msgs/cmake/open_manipulator_msgs__rosidl_typesupport_introspection_cExport-noconfig.cmake
[10.358s] -- Installing: /root/RBE500_Manipulator_Project/workspace/install/open_manipulator_msgs/share/open_manipulator_msgs/cmake/open_manipulator_msgs__rosidl_typesupport_cExport.cmake
[10.358s] -- Installing: /root/RBE500_Manipulator_Project/workspace/install/open_manipulator_msgs/share/open_manipulator_msgs/cmake/open_manipulator_msgs__rosidl_typesupport_cExport-noconfig.cmake
[10.359s] -- Installing: /root/RBE500_Manipulator_Project/workspace/install/open_manipulator_msgs/share/open_manipulator_msgs/cmake/open_manipulator_msgs__rosidl_typesupport_introspection_cppExport.cmake
[10.359s] -- Installing: /root/RBE500_Manipulator_Project/workspace/install/open_manipulator_msgs/share/open_manipulator_msgs/cmake/open_manipulator_msgs__rosidl_typesupport_introspection_cppExport-noconfig.cmake
[10.359s] -- Installing: /root/RBE500_Manipulator_Project/workspace/install/open_manipulator_msgs/share/open_manipulator_msgs/cmake/open_manipulator_msgs__rosidl_typesupport_cppExport.cmake
[10.359s] -- Installing: /root/RBE500_Manipulator_Project/workspace/install/open_manipulator_msgs/share/open_manipulator_msgs/cmake/open_manipulator_msgs__rosidl_typesupport_cppExport-noconfig.cmake
[10.360s] -- Installing: /root/RBE500_Manipulator_Project/workspace/install/open_manipulator_msgs/share/open_manipulator_msgs/cmake/export_open_manipulator_msgs__rosidl_generator_pyExport.cmake
[10.360s] -- Installing: /root/RBE500_Manipulator_Project/workspace/install/open_manipulator_msgs/share/open_manipulator_msgs/cmake/export_open_manipulator_msgs__rosidl_generator_pyExport-noconfig.cmake
[10.360s] -- Installing: /root/RBE500_Manipulator_Project/workspace/install/open_manipulator_msgs/share/open_manipulator_msgs/cmake/rosidl_cmake-extras.cmake
[10.360s] -- Installing: /root/RBE500_Manipulator_Project/workspace/install/open_manipulator_msgs/share/open_manipulator_msgs/cmake/ament_cmake_export_dependencies-extras.cmake
[10.361s] -- Installing: /root/RBE500_Manipulator_Project/workspace/install/open_manipulator_msgs/share/open_manipulator_msgs/cmake/ament_cmake_export_include_directories-extras.cmake
[10.361s] -- Installing: /root/RBE500_Manipulator_Project/workspace/install/open_manipulator_msgs/share/open_manipulator_msgs/cmake/ament_cmake_export_libraries-extras.cmake
[10.361s] -- Installing: /root/RBE500_Manipulator_Project/workspace/install/open_manipulator_msgs/share/open_manipulator_msgs/cmake/ament_cmake_export_targets-extras.cmake
[10.361s] -- Installing: /root/RBE500_Manipulator_Project/workspace/install/open_manipulator_msgs/share/open_manipulator_msgs/cmake/rosidl_cmake_export_typesupport_targets-extras.cmake
[10.361s] -- Installing: /root/RBE500_Manipulator_Project/workspace/install/open_manipulator_msgs/share/open_manipulator_msgs/cmake/rosidl_cmake_export_typesupport_libraries-extras.cmake
[10.362s] -- Installing: /root/RBE500_Manipulator_Project/workspace/install/open_manipulator_msgs/share/open_manipulator_msgs/cmake/open_manipulator_msgsConfig.cmake
[10.362s] -- Installing: /root/RBE500_Manipulator_Project/workspace/install/open_manipulator_msgs/share/open_manipulator_msgs/cmake/open_manipulator_msgsConfig-version.cmake
[10.362s] -- Installing: /root/RBE500_Manipulator_Project/workspace/install/open_manipulator_msgs/share/open_manipulator_msgs/package.xml
[10.365s] Invoked command in '/root/RBE500_Manipulator_Project/workspace/build/open_manipulator_msgs' returned '0': CMAKE_PREFIX_PATH=/root/RBE500_Manipulator_Project/workspace/install/InverseKinematics:/root/RBE500_Manipulator_Project/workspace/install/ForwardKinematics:/opt/ros/humble /usr/bin/cmake --install /root/RBE500_Manipulator_Project/workspace/build/open_manipulator_msgs
