[0.023s] Invoking command in '/root/RBE500_Manipulator_Project/workspace/build/dynamixel_sdk': CMAKE_PREFIX_PATH=/root/RBE500_Manipulator_Project/workspace/install/InverseKinematics:/root/RBE500_Manipulator_Project/workspace/install/ForwardKinematics:/opt/ros/humble /usr/bin/cmake /root/RBE500_Manipulator_Project/workspace/src/OpenManipulatorX_ROS2/DynamixelSDK/dynamixel_sdk -DCMAKE_INSTALL_PREFIX=/root/RBE500_Manipulator_Project/workspace/install/dynamixel_sdk
[0.271s] -- The C compiler identification is GNU 11.4.0
[0.338s] -- The CXX compiler identification is GNU 11.4.0
[0.350s] -- Detecting C compiler ABI info
[0.415s] -- Detecting C compiler ABI info - done
[0.421s] -- Check for working C compiler: /usr/bin/cc - skipped
[0.422s] -- Detecting C compile features
[0.422s] -- Detecting C compile features - done
[0.426s] -- Detecting CXX compiler ABI info
[0.502s] -- Detecting CXX compiler ABI info - done
[0.513s] -- Check for working CXX compiler: /usr/bin/c++ - skipped
[0.514s] -- Detecting CXX compile features
[0.514s] -- Detecting CXX compile features - done
[0.517s] -- Found ament_cmake: 1.3.10 (/opt/ros/humble/share/ament_cmake/cmake)
[0.681s] -- Found Python3: /usr/bin/python3 (found version "3.10.12") found components: Interpreter 
[0.880s] -- Configuring done
[0.886s] -- Generating done
[0.888s] -- Build files have been written to: /root/RBE500_Manipulator_Project/workspace/build/dynamixel_sdk
[0.892s] Invoked command in '/root/RBE500_Manipulator_Project/workspace/build/dynamixel_sdk' returned '0': CMAKE_PREFIX_PATH=/root/RBE500_Manipulator_Project/workspace/install/InverseKinematics:/root/RBE500_Manipulator_Project/workspace/install/ForwardKinematics:/opt/ros/humble /usr/bin/cmake /root/RBE500_Manipulator_Project/workspace/src/OpenManipulatorX_ROS2/DynamixelSDK/dynamixel_sdk -DCMAKE_INSTALL_PREFIX=/root/RBE500_Manipulator_Project/workspace/install/dynamixel_sdk
[0.893s] Invoking command in '/root/RBE500_Manipulator_Project/workspace/build/dynamixel_sdk': CMAKE_PREFIX_PATH=/root/RBE500_Manipulator_Project/workspace/install/InverseKinematics:/root/RBE500_Manipulator_Project/workspace/install/ForwardKinematics:/opt/ros/humble /usr/bin/cmake --build /root/RBE500_Manipulator_Project/workspace/build/dynamixel_sdk -- -j12 -l12
[0.941s] [ 40%] [32mBuilding CXX object CMakeFiles/dynamixel_sdk.dir/src/dynamixel_sdk/group_sync_read.cpp.o[0m
[0.941s] [ 40%] [32mBuilding CXX object CMakeFiles/dynamixel_sdk.dir/src/dynamixel_sdk/packet_handler.cpp.o[0m
[0.941s] [ 40%] [32mBuilding CXX object CMakeFiles/dynamixel_sdk.dir/src/dynamixel_sdk/protocol1_packet_handler.cpp.o[0m
[0.941s] [ 40%] [32mBuilding CXX object CMakeFiles/dynamixel_sdk.dir/src/dynamixel_sdk/protocol2_packet_handler.cpp.o[0m
[0.941s] [ 50%] [32mBuilding CXX object CMakeFiles/dynamixel_sdk.dir/src/dynamixel_sdk/group_sync_write.cpp.o[0m
[0.943s] [ 60%] [32mBuilding CXX object CMakeFiles/dynamixel_sdk.dir/src/dynamixel_sdk/group_bulk_read.cpp.o[0m
[0.949s] [ 70%] [32mBuilding CXX object CMakeFiles/dynamixel_sdk.dir/src/dynamixel_sdk/group_bulk_write.cpp.o[0m
[0.951s] [ 80%] [32mBuilding CXX object CMakeFiles/dynamixel_sdk.dir/src/dynamixel_sdk/port_handler.cpp.o[0m
[0.952s] [ 90%] [32mBuilding CXX object CMakeFiles/dynamixel_sdk.dir/src/dynamixel_sdk/port_handler_linux.cpp.o[0m
[1.468s] [100%] [32m[1mLinking CXX shared library libdynamixel_sdk.so[0m
[1.553s] [100%] Built target dynamixel_sdk
[1.562s] Invoked command in '/root/RBE500_Manipulator_Project/workspace/build/dynamixel_sdk' returned '0': CMAKE_PREFIX_PATH=/root/RBE500_Manipulator_Project/workspace/install/InverseKinematics:/root/RBE500_Manipulator_Project/workspace/install/ForwardKinematics:/opt/ros/humble /usr/bin/cmake --build /root/RBE500_Manipulator_Project/workspace/build/dynamixel_sdk -- -j12 -l12
[1.598s] Invoking command in '/root/RBE500_Manipulator_Project/workspace/build/dynamixel_sdk': CMAKE_PREFIX_PATH=/root/RBE500_Manipulator_Project/workspace/install/InverseKinematics:/root/RBE500_Manipulator_Project/workspace/install/ForwardKinematics:/opt/ros/humble /usr/bin/cmake --install /root/RBE500_Manipulator_Project/workspace/build/dynamixel_sdk
[1.604s] -- Install configuration: ""
[1.604s] -- Installing: /root/RBE500_Manipulator_Project/workspace/install/dynamixel_sdk/include/
[1.604s] -- Installing: /root/RBE500_Manipulator_Project/workspace/install/dynamixel_sdk/include//dynamixel_sdk
[1.604s] -- Installing: /root/RBE500_Manipulator_Project/workspace/install/dynamixel_sdk/include//dynamixel_sdk/group_sync_read.h
[1.605s] -- Installing: /root/RBE500_Manipulator_Project/workspace/install/dynamixel_sdk/include//dynamixel_sdk/group_bulk_read.h
[1.605s] -- Installing: /root/RBE500_Manipulator_Project/workspace/install/dynamixel_sdk/include//dynamixel_sdk/port_handler_windows.h
[1.605s] -- Installing: /root/RBE500_Manipulator_Project/workspace/install/dynamixel_sdk/include//dynamixel_sdk/port_handler_arduino.h
[1.605s] -- Installing: /root/RBE500_Manipulator_Project/workspace/install/dynamixel_sdk/include//dynamixel_sdk/port_handler_mac.h
[1.605s] -- Installing: /root/RBE500_Manipulator_Project/workspace/install/dynamixel_sdk/include//dynamixel_sdk/protocol2_packet_handler.h
[1.605s] -- Installing: /root/RBE500_Manipulator_Project/workspace/install/dynamixel_sdk/include//dynamixel_sdk/protocol1_packet_handler.h
[1.605s] -- Installing: /root/RBE500_Manipulator_Project/workspace/install/dynamixel_sdk/include//dynamixel_sdk/group_sync_write.h
[1.605s] -- Installing: /root/RBE500_Manipulator_Project/workspace/install/dynamixel_sdk/include//dynamixel_sdk/packet_handler.h
[1.605s] -- Installing: /root/RBE500_Manipulator_Project/workspace/install/dynamixel_sdk/include//dynamixel_sdk/group_bulk_write.h
[1.605s] -- Installing: /root/RBE500_Manipulator_Project/workspace/install/dynamixel_sdk/include//dynamixel_sdk/port_handler_linux.h
[1.606s] -- Installing: /root/RBE500_Manipulator_Project/workspace/install/dynamixel_sdk/include//dynamixel_sdk/port_handler.h
[1.606s] -- Installing: /root/RBE500_Manipulator_Project/workspace/install/dynamixel_sdk/include//dynamixel_sdk/dynamixel_sdk.h
[1.606s] -- Installing: /root/RBE500_Manipulator_Project/workspace/install/dynamixel_sdk/lib/libdynamixel_sdk.so
[1.606s] -- Installing: /root/RBE500_Manipulator_Project/workspace/install/dynamixel_sdk/share/dynamixel_sdk/environment/library_path.sh
[1.606s] -- Installing: /root/RBE500_Manipulator_Project/workspace/install/dynamixel_sdk/share/dynamixel_sdk/environment/library_path.dsv
[1.606s] -- Installing: /root/RBE500_Manipulator_Project/workspace/install/dynamixel_sdk/share/ament_index/resource_index/package_run_dependencies/dynamixel_sdk
[1.606s] -- Installing: /root/RBE500_Manipulator_Project/workspace/install/dynamixel_sdk/share/ament_index/resource_index/parent_prefix_path/dynamixel_sdk
[1.606s] -- Installing: /root/RBE500_Manipulator_Project/workspace/install/dynamixel_sdk/share/dynamixel_sdk/environment/ament_prefix_path.sh
[1.606s] -- Installing: /root/RBE500_Manipulator_Project/workspace/install/dynamixel_sdk/share/dynamixel_sdk/environment/ament_prefix_path.dsv
[1.607s] -- Installing: /root/RBE500_Manipulator_Project/workspace/install/dynamixel_sdk/share/dynamixel_sdk/environment/path.sh
[1.607s] -- Installing: /root/RBE500_Manipulator_Project/workspace/install/dynamixel_sdk/share/dynamixel_sdk/environment/path.dsv
[1.607s] -- Installing: /root/RBE500_Manipulator_Project/workspace/install/dynamixel_sdk/share/dynamixel_sdk/local_setup.bash
[1.607s] -- Installing: /root/RBE500_Manipulator_Project/workspace/install/dynamixel_sdk/share/dynamixel_sdk/local_setup.sh
[1.607s] -- Installing: /root/RBE500_Manipulator_Project/workspace/install/dynamixel_sdk/share/dynamixel_sdk/local_setup.zsh
[1.607s] -- Installing: /root/RBE500_Manipulator_Project/workspace/install/dynamixel_sdk/share/dynamixel_sdk/local_setup.dsv
[1.607s] -- Installing: /root/RBE500_Manipulator_Project/workspace/install/dynamixel_sdk/share/dynamixel_sdk/package.dsv
[1.607s] -- Installing: /root/RBE500_Manipulator_Project/workspace/install/dynamixel_sdk/share/ament_index/resource_index/packages/dynamixel_sdk
[1.607s] -- Installing: /root/RBE500_Manipulator_Project/workspace/install/dynamixel_sdk/share/dynamixel_sdk/cmake/ament_cmake_export_include_directories-extras.cmake
[1.608s] -- Installing: /root/RBE500_Manipulator_Project/workspace/install/dynamixel_sdk/share/dynamixel_sdk/cmake/ament_cmake_export_libraries-extras.cmake
[1.608s] -- Installing: /root/RBE500_Manipulator_Project/workspace/install/dynamixel_sdk/share/dynamixel_sdk/cmake/dynamixel_sdkConfig.cmake
[1.608s] -- Installing: /root/RBE500_Manipulator_Project/workspace/install/dynamixel_sdk/share/dynamixel_sdk/cmake/dynamixel_sdkConfig-version.cmake
[1.608s] -- Installing: /root/RBE500_Manipulator_Project/workspace/install/dynamixel_sdk/share/dynamixel_sdk/package.xml
[1.610s] Invoked command in '/root/RBE500_Manipulator_Project/workspace/build/dynamixel_sdk' returned '0': CMAKE_PREFIX_PATH=/root/RBE500_Manipulator_Project/workspace/install/InverseKinematics:/root/RBE500_Manipulator_Project/workspace/install/ForwardKinematics:/opt/ros/humble /usr/bin/cmake --install /root/RBE500_Manipulator_Project/workspace/build/dynamixel_sdk
