[0.005s] Invoking command in '/home/harmeet/rbe500_ws/build/rbe500-example': AMENT_PREFIX_PATH=/home/harmeet/rbe500_ws/install/open_manipulator_msgs:${AMENT_PREFIX_PATH} CMAKE_PREFIX_PATH=/home/harmeet/rbe500_ws/install/open_manipulator_msgs:/opt/ros/humble LD_LIBRARY_PATH=/home/harmeet/rbe500_ws/install/open_manipulator_msgs/lib:${LD_LIBRARY_PATH} PYTHONPATH=/home/harmeet/rbe500_ws/install/open_manipulator_msgs/local/lib/python3.10/dist-packages:${PYTHONPATH} /usr/bin/cmake /home/harmeet/rbe500_ws/src/rbe500-example -DAMENT_CMAKE_SYMLINK_INSTALL=1 -DCMAKE_INSTALL_PREFIX=/home/harmeet/rbe500_ws/install/rbe500-example
[0.038s] -- The C compiler identification is GNU 11.4.0
[0.073s] -- The CXX compiler identification is GNU 11.4.0
[0.078s] -- Detecting C compiler ABI info
[0.121s] -- Detecting C compiler ABI info - done
[0.126s] -- Check for working C compiler: /usr/bin/cc - skipped
[0.126s] -- Detecting C compile features
[0.126s] -- Detecting C compile features - done
[0.128s] -- Detecting CXX compiler ABI info
[0.178s] -- Detecting CXX compiler ABI info - done
[0.182s] -- Check for working CXX compiler: /usr/bin/c++ - skipped
[0.182s] -- Detecting CXX compile features
[0.183s] -- Detecting CXX compile features - done
[0.184s] -- Found ament_cmake: 1.3.10 (/opt/ros/humble/share/ament_cmake/cmake)
[0.280s] -- Found Python3: /usr/bin/python3 (found version "3.10.12") found components: Interpreter 
[0.320s] -- Override CMake install command with custom implementation using symlinks instead of copying resources
[0.333s] -- Found rclcpp: 16.0.10 (/opt/ros/humble/share/rclcpp/cmake)
[0.354s] -- Found rosidl_generator_c: 3.1.5 (/opt/ros/humble/share/rosidl_generator_c/cmake)
[0.357s] -- Found rosidl_adapter: 3.1.5 (/opt/ros/humble/share/rosidl_adapter/cmake)
[0.361s] -- Found rosidl_generator_cpp: 3.1.5 (/opt/ros/humble/share/rosidl_generator_cpp/cmake)
[0.368s] -- Using all available rosidl_typesupport_c: rosidl_typesupport_fastrtps_c;rosidl_typesupport_introspection_c
[0.378s] -- Using all available rosidl_typesupport_cpp: rosidl_typesupport_fastrtps_cpp;rosidl_typesupport_introspection_cpp
[0.403s] -- Found rmw_implementation_cmake: 6.1.2 (/opt/ros/humble/share/rmw_implementation_cmake/cmake)
[0.404s] -- Found rmw_fastrtps_cpp: 6.2.7 (/opt/ros/humble/share/rmw_fastrtps_cpp/cmake)
[0.453s] -- Found OpenSSL: /usr/lib/x86_64-linux-gnu/libcrypto.so (found version "3.0.2")  
[0.470s] -- Found FastRTPS: /opt/ros/humble/include  
[0.494s] -- Using RMW implementation 'rmw_fastrtps_cpp' as default
[0.499s] -- Looking for pthread.h
[0.545s] -- Looking for pthread.h - found
[0.545s] -- Performing Test CMAKE_HAVE_LIBC_PTHREAD
[0.593s] -- Performing Test CMAKE_HAVE_LIBC_PTHREAD - Success
[0.594s] -- Found Threads: TRUE  
[0.625s] -- Found example_interfaces: 0.9.3 (/opt/ros/humble/share/example_interfaces/cmake)
[0.655s] -- Found open_manipulator_msgs: 2.2.0 (/home/harmeet/rbe500_ws/install/open_manipulator_msgs/share/open_manipulator_msgs/cmake)
[0.674s] -- Found ament_lint_auto: 0.12.11 (/opt/ros/humble/share/ament_lint_auto/cmake)
[0.722s] -- Added test 'cppcheck' to perform static code analysis on C / C++ code
[0.722s] -- Configured cppcheck include dirs: $<BUILD_INTERFACE:/home/harmeet/rbe500_ws/src/rbe500-example/include>;/home/harmeet/rbe500_ws/src/rbe500-example/open_manipulator_msgs/srv
[0.723s] -- Configured cppcheck exclude dirs and/or files: 
[0.723s] -- Added test 'lint_cmake' to check CMake code style
[0.723s] -- Added test 'uncrustify' to check C / C++ code style
[0.724s] -- Configured uncrustify additional arguments: 
[0.724s] -- Added test 'xmllint' to check XML markup files
[0.725s] -- Configuring done
[0.730s] -- Generating done
[0.732s] -- Build files have been written to: /home/harmeet/rbe500_ws/build/rbe500-example
[0.739s] Invoked command in '/home/harmeet/rbe500_ws/build/rbe500-example' returned '0': AMENT_PREFIX_PATH=/home/harmeet/rbe500_ws/install/open_manipulator_msgs:${AMENT_PREFIX_PATH} CMAKE_PREFIX_PATH=/home/harmeet/rbe500_ws/install/open_manipulator_msgs:/opt/ros/humble LD_LIBRARY_PATH=/home/harmeet/rbe500_ws/install/open_manipulator_msgs/lib:${LD_LIBRARY_PATH} PYTHONPATH=/home/harmeet/rbe500_ws/install/open_manipulator_msgs/local/lib/python3.10/dist-packages:${PYTHONPATH} /usr/bin/cmake /home/harmeet/rbe500_ws/src/rbe500-example -DAMENT_CMAKE_SYMLINK_INSTALL=1 -DCMAKE_INSTALL_PREFIX=/home/harmeet/rbe500_ws/install/rbe500-example
[0.739s] Invoking command in '/home/harmeet/rbe500_ws/build/rbe500-example': AMENT_PREFIX_PATH=/home/harmeet/rbe500_ws/install/open_manipulator_msgs:${AMENT_PREFIX_PATH} CMAKE_PREFIX_PATH=/home/harmeet/rbe500_ws/install/open_manipulator_msgs:/opt/ros/humble LD_LIBRARY_PATH=/home/harmeet/rbe500_ws/install/open_manipulator_msgs/lib:${LD_LIBRARY_PATH} PYTHONPATH=/home/harmeet/rbe500_ws/install/open_manipulator_msgs/local/lib/python3.10/dist-packages:${PYTHONPATH} /usr/bin/cmake --build /home/harmeet/rbe500_ws/build/rbe500-example -- -j16 -l16
[0.768s] [ 50%] [32mBuilding CXX object CMakeFiles/basic_robot_control.dir/src/basic_robot_control.cpp.o[0m
[3.460s] [100%] [32m[1mLinking CXX executable basic_robot_control[0m
[3.569s] [100%] Built target basic_robot_control
[3.576s] Invoked command in '/home/harmeet/rbe500_ws/build/rbe500-example' returned '0': AMENT_PREFIX_PATH=/home/harmeet/rbe500_ws/install/open_manipulator_msgs:${AMENT_PREFIX_PATH} CMAKE_PREFIX_PATH=/home/harmeet/rbe500_ws/install/open_manipulator_msgs:/opt/ros/humble LD_LIBRARY_PATH=/home/harmeet/rbe500_ws/install/open_manipulator_msgs/lib:${LD_LIBRARY_PATH} PYTHONPATH=/home/harmeet/rbe500_ws/install/open_manipulator_msgs/local/lib/python3.10/dist-packages:${PYTHONPATH} /usr/bin/cmake --build /home/harmeet/rbe500_ws/build/rbe500-example -- -j16 -l16
[3.591s] Invoking command in '/home/harmeet/rbe500_ws/build/rbe500-example': AMENT_PREFIX_PATH=/home/harmeet/rbe500_ws/install/open_manipulator_msgs:${AMENT_PREFIX_PATH} CMAKE_PREFIX_PATH=/home/harmeet/rbe500_ws/install/open_manipulator_msgs:/opt/ros/humble LD_LIBRARY_PATH=/home/harmeet/rbe500_ws/install/open_manipulator_msgs/lib:${LD_LIBRARY_PATH} PYTHONPATH=/home/harmeet/rbe500_ws/install/open_manipulator_msgs/local/lib/python3.10/dist-packages:${PYTHONPATH} /usr/bin/cmake --install /home/harmeet/rbe500_ws/build/rbe500-example
[3.596s] -- Install configuration: ""
[3.596s] -- Execute custom install script
[3.596s] -- Symlinking: /home/harmeet/rbe500_ws/install/rbe500-example/lib/rbe500-example/basic_robot_control
[3.602s] -- Symlinking: /home/harmeet/rbe500_ws/install/rbe500-example/share/ament_index/resource_index/package_run_dependencies/rbe500-example
[3.608s] -- Symlinking: /home/harmeet/rbe500_ws/install/rbe500-example/share/ament_index/resource_index/parent_prefix_path/rbe500-example
[3.613s] -- Symlinking: /home/harmeet/rbe500_ws/install/rbe500-example/share/rbe500-example/environment/ament_prefix_path.sh
[3.618s] -- Symlinking: /home/harmeet/rbe500_ws/install/rbe500-example/share/rbe500-example/environment/ament_prefix_path.dsv
[3.623s] -- Symlinking: /home/harmeet/rbe500_ws/install/rbe500-example/share/rbe500-example/environment/path.sh
[3.628s] -- Symlinking: /home/harmeet/rbe500_ws/install/rbe500-example/share/rbe500-example/environment/path.dsv
[3.633s] -- Symlinking: /home/harmeet/rbe500_ws/install/rbe500-example/share/rbe500-example/local_setup.bash
[3.638s] -- Symlinking: /home/harmeet/rbe500_ws/install/rbe500-example/share/rbe500-example/local_setup.sh
[3.643s] -- Symlinking: /home/harmeet/rbe500_ws/install/rbe500-example/share/rbe500-example/local_setup.zsh
[3.648s] -- Symlinking: /home/harmeet/rbe500_ws/install/rbe500-example/share/rbe500-example/local_setup.dsv
[3.653s] -- Symlinking: /home/harmeet/rbe500_ws/install/rbe500-example/share/rbe500-example/package.dsv
[3.658s] -- Symlinking: /home/harmeet/rbe500_ws/install/rbe500-example/share/ament_index/resource_index/packages/rbe500-example
[3.663s] -- Symlinking: /home/harmeet/rbe500_ws/install/rbe500-example/share/rbe500-example/cmake/rbe500-exampleConfig.cmake
[3.669s] -- Symlinking: /home/harmeet/rbe500_ws/install/rbe500-example/share/rbe500-example/cmake/rbe500-exampleConfig-version.cmake
[3.674s] -- Symlinking: /home/harmeet/rbe500_ws/install/rbe500-example/share/rbe500-example/package.xml
[3.681s] Invoked command in '/home/harmeet/rbe500_ws/build/rbe500-example' returned '0': AMENT_PREFIX_PATH=/home/harmeet/rbe500_ws/install/open_manipulator_msgs:${AMENT_PREFIX_PATH} CMAKE_PREFIX_PATH=/home/harmeet/rbe500_ws/install/open_manipulator_msgs:/opt/ros/humble LD_LIBRARY_PATH=/home/harmeet/rbe500_ws/install/open_manipulator_msgs/lib:${LD_LIBRARY_PATH} PYTHONPATH=/home/harmeet/rbe500_ws/install/open_manipulator_msgs/local/lib/python3.10/dist-packages:${PYTHONPATH} /usr/bin/cmake --install /home/harmeet/rbe500_ws/build/rbe500-example
