[0.330s] DEBUG:colcon:Command line arguments: ['/usr/bin/colcon', 'build']
[0.330s] DEBUG:colcon:Parsed command line arguments: Namespace(log_base=None, log_level=None, verb_name='build', build_base='build', install_base='install', merge_install=False, symlink_install=False, test_result_base=None, continue_on_error=False, executor='parallel', parallel_workers=12, event_handlers=None, ignore_user_meta=False, metas=['./colcon.meta'], base_paths=['.'], packages_ignore=None, packages_ignore_regex=None, paths=None, packages_up_to=None, packages_up_to_regex=None, packages_above=None, packages_above_and_dependencies=None, packages_above_depth=None, packages_select_by_dep=None, packages_skip_by_dep=None, packages_skip_up_to=None, packages_select_build_failed=False, packages_skip_build_finished=False, packages_select_test_failures=False, packages_skip_test_passed=False, packages_select=None, packages_skip=None, packages_select_regex=None, packages_skip_regex=None, packages_start=None, packages_end=None, allow_overriding=[], cmake_args=None, cmake_target=None, cmake_target_skip_unavailable=False, cmake_clean_cache=False, cmake_clean_first=False, cmake_force_configure=False, ament_cmake_args=None, catkin_cmake_args=None, catkin_skip_building_tests=False, verb_parser=<colcon_defaults.argument_parser.defaults.DefaultArgumentsDecorator object at 0x7f7413d53010>, verb_extension=<colcon_core.verb.build.BuildVerb object at 0x7f7413d52710>, main=<bound method BuildVerb.main of <colcon_core.verb.build.BuildVerb object at 0x7f7413d52710>>)
[0.594s] Level 1:colcon.colcon_core.package_discovery:discover_packages(colcon_meta) check parameters
[0.594s] Level 1:colcon.colcon_core.package_discovery:discover_packages(recursive) check parameters
[0.594s] Level 1:colcon.colcon_core.package_discovery:discover_packages(ignore) check parameters
[0.594s] Level 1:colcon.colcon_core.package_discovery:discover_packages(path) check parameters
[0.594s] Level 1:colcon.colcon_core.package_discovery:discover_packages(colcon_meta) discover
[0.594s] Level 1:colcon.colcon_core.package_discovery:discover_packages(recursive) discover
[0.594s] INFO:colcon.colcon_core.package_discovery:Crawling recursively for packages in '/root/RBE500_Manipulator_Project/ws_2'
[0.594s] Level 1:colcon.colcon_core.package_identification:_identify(.) by extensions ['ignore', 'ignore_ament_install']
[0.594s] Level 1:colcon.colcon_core.package_identification:_identify(.) by extension 'ignore'
[0.595s] Level 1:colcon.colcon_core.package_identification:_identify(.) by extension 'ignore_ament_install'
[0.595s] Level 1:colcon.colcon_core.package_identification:_identify(.) by extensions ['colcon_pkg']
[0.595s] Level 1:colcon.colcon_core.package_identification:_identify(.) by extension 'colcon_pkg'
[0.595s] Level 1:colcon.colcon_core.package_identification:_identify(.) by extensions ['colcon_meta']
[0.595s] Level 1:colcon.colcon_core.package_identification:_identify(.) by extension 'colcon_meta'
[0.595s] Level 1:colcon.colcon_core.package_identification:_identify(.) by extensions ['ros']
[0.595s] Level 1:colcon.colcon_core.package_identification:_identify(.) by extension 'ros'
[0.608s] Level 1:colcon.colcon_core.package_identification:_identify(.) by extensions ['cmake', 'python']
[0.608s] Level 1:colcon.colcon_core.package_identification:_identify(.) by extension 'cmake'
[0.608s] Level 1:colcon.colcon_core.package_identification:_identify(.) by extension 'python'
[0.608s] Level 1:colcon.colcon_core.package_identification:_identify(.) by extensions ['python_setup_py']
[0.608s] Level 1:colcon.colcon_core.package_identification:_identify(.) by extension 'python_setup_py'
[0.608s] Level 1:colcon.colcon_core.package_identification:_identify(build) by extensions ['ignore', 'ignore_ament_install']
[0.608s] Level 1:colcon.colcon_core.package_identification:_identify(build) by extension 'ignore'
[0.608s] Level 1:colcon.colcon_core.package_identification:_identify(build) ignored
[0.608s] Level 1:colcon.colcon_core.package_identification:_identify(install) by extensions ['ignore', 'ignore_ament_install']
[0.609s] Level 1:colcon.colcon_core.package_identification:_identify(install) by extension 'ignore'
[0.609s] Level 1:colcon.colcon_core.package_identification:_identify(install) ignored
[0.609s] Level 1:colcon.colcon_core.package_identification:_identify(log) by extensions ['ignore', 'ignore_ament_install']
[0.609s] Level 1:colcon.colcon_core.package_identification:_identify(log) by extension 'ignore'
[0.609s] Level 1:colcon.colcon_core.package_identification:_identify(log) ignored
[0.609s] Level 1:colcon.colcon_core.package_identification:_identify(src) by extensions ['ignore', 'ignore_ament_install']
[0.609s] Level 1:colcon.colcon_core.package_identification:_identify(src) by extension 'ignore'
[0.609s] Level 1:colcon.colcon_core.package_identification:_identify(src) by extension 'ignore_ament_install'
[0.609s] Level 1:colcon.colcon_core.package_identification:_identify(src) by extensions ['colcon_pkg']
[0.609s] Level 1:colcon.colcon_core.package_identification:_identify(src) by extension 'colcon_pkg'
[0.609s] Level 1:colcon.colcon_core.package_identification:_identify(src) by extensions ['colcon_meta']
[0.609s] Level 1:colcon.colcon_core.package_identification:_identify(src) by extension 'colcon_meta'
[0.609s] Level 1:colcon.colcon_core.package_identification:_identify(src) by extensions ['ros']
[0.609s] Level 1:colcon.colcon_core.package_identification:_identify(src) by extension 'ros'
[0.609s] Level 1:colcon.colcon_core.package_identification:_identify(src) by extensions ['cmake', 'python']
[0.609s] Level 1:colcon.colcon_core.package_identification:_identify(src) by extension 'cmake'
[0.609s] Level 1:colcon.colcon_core.package_identification:_identify(src) by extension 'python'
[0.609s] Level 1:colcon.colcon_core.package_identification:_identify(src) by extensions ['python_setup_py']
[0.610s] Level 1:colcon.colcon_core.package_identification:_identify(src) by extension 'python_setup_py'
[0.610s] Level 1:colcon.colcon_core.package_identification:_identify(src/velocity_kinematics) by extensions ['ignore', 'ignore_ament_install']
[0.610s] Level 1:colcon.colcon_core.package_identification:_identify(src/velocity_kinematics) by extension 'ignore'
[0.610s] Level 1:colcon.colcon_core.package_identification:_identify(src/velocity_kinematics) by extension 'ignore_ament_install'
[0.610s] Level 1:colcon.colcon_core.package_identification:_identify(src/velocity_kinematics) by extensions ['colcon_pkg']
[0.610s] Level 1:colcon.colcon_core.package_identification:_identify(src/velocity_kinematics) by extension 'colcon_pkg'
[0.610s] Level 1:colcon.colcon_core.package_identification:_identify(src/velocity_kinematics) by extensions ['colcon_meta']
[0.610s] Level 1:colcon.colcon_core.package_identification:_identify(src/velocity_kinematics) by extension 'colcon_meta'
[0.610s] Level 1:colcon.colcon_core.package_identification:_identify(src/velocity_kinematics) by extensions ['ros']
[0.610s] Level 1:colcon.colcon_core.package_identification:_identify(src/velocity_kinematics) by extension 'ros'
[0.613s] DEBUG:colcon.colcon_core.package_identification:Package 'src/velocity_kinematics' with type 'ros.ament_python' and name 'velocity_kinematics'
[0.613s] Level 1:colcon.colcon_core.package_identification:_identify(src/velocity_kinematics_interfaces) by extensions ['ignore', 'ignore_ament_install']
[0.613s] Level 1:colcon.colcon_core.package_identification:_identify(src/velocity_kinematics_interfaces) by extension 'ignore'
[0.614s] Level 1:colcon.colcon_core.package_identification:_identify(src/velocity_kinematics_interfaces) by extension 'ignore_ament_install'
[0.614s] Level 1:colcon.colcon_core.package_identification:_identify(src/velocity_kinematics_interfaces) by extensions ['colcon_pkg']
[0.614s] Level 1:colcon.colcon_core.package_identification:_identify(src/velocity_kinematics_interfaces) by extension 'colcon_pkg'
[0.614s] Level 1:colcon.colcon_core.package_identification:_identify(src/velocity_kinematics_interfaces) by extensions ['colcon_meta']
[0.614s] Level 1:colcon.colcon_core.package_identification:_identify(src/velocity_kinematics_interfaces) by extension 'colcon_meta'
[0.614s] Level 1:colcon.colcon_core.package_identification:_identify(src/velocity_kinematics_interfaces) by extensions ['ros']
[0.614s] Level 1:colcon.colcon_core.package_identification:_identify(src/velocity_kinematics_interfaces) by extension 'ros'
[0.615s] DEBUG:colcon.colcon_core.package_identification:Package 'src/velocity_kinematics_interfaces' with type 'ros.ament_cmake' and name 'velocity_kinematics_interfaces'
[0.615s] Level 1:colcon.colcon_core.package_discovery:discover_packages(recursive) using defaults
[0.615s] Level 1:colcon.colcon_core.package_discovery:discover_packages(ignore) discover
[0.615s] Level 1:colcon.colcon_core.package_discovery:discover_packages(ignore) using defaults
[0.615s] Level 1:colcon.colcon_core.package_discovery:discover_packages(path) discover
[0.615s] Level 1:colcon.colcon_core.package_discovery:discover_packages(path) using defaults
[0.645s] Level 1:colcon.colcon_core.package_discovery:discover_packages(prefix_path) check parameters
[0.645s] Level 1:colcon.colcon_core.package_discovery:discover_packages(prefix_path) discover
[0.650s] DEBUG:colcon.colcon_installed_package_information.package_discovery:Found 314 installed packages in /opt/ros/humble
[0.652s] Level 1:colcon.colcon_core.package_discovery:discover_packages(prefix_path) using defaults
[0.758s] Level 5:colcon.colcon_core.verb:set package 'velocity_kinematics' build argument 'cmake_args' from command line to 'None'
[0.758s] Level 5:colcon.colcon_core.verb:set package 'velocity_kinematics' build argument 'cmake_target' from command line to 'None'
[0.758s] Level 5:colcon.colcon_core.verb:set package 'velocity_kinematics' build argument 'cmake_target_skip_unavailable' from command line to 'False'
[0.758s] Level 5:colcon.colcon_core.verb:set package 'velocity_kinematics' build argument 'cmake_clean_cache' from command line to 'False'
[0.758s] Level 5:colcon.colcon_core.verb:set package 'velocity_kinematics' build argument 'cmake_clean_first' from command line to 'False'
[0.758s] Level 5:colcon.colcon_core.verb:set package 'velocity_kinematics' build argument 'cmake_force_configure' from command line to 'False'
[0.758s] Level 5:colcon.colcon_core.verb:set package 'velocity_kinematics' build argument 'ament_cmake_args' from command line to 'None'
[0.758s] Level 5:colcon.colcon_core.verb:set package 'velocity_kinematics' build argument 'catkin_cmake_args' from command line to 'None'
[0.758s] Level 5:colcon.colcon_core.verb:set package 'velocity_kinematics' build argument 'catkin_skip_building_tests' from command line to 'False'
[0.758s] DEBUG:colcon.colcon_core.verb:Building package 'velocity_kinematics' with the following arguments: {'ament_cmake_args': None, 'build_base': '/root/RBE500_Manipulator_Project/ws_2/build/velocity_kinematics', 'catkin_cmake_args': None, 'catkin_skip_building_tests': False, 'cmake_args': None, 'cmake_clean_cache': False, 'cmake_clean_first': False, 'cmake_force_configure': False, 'cmake_target': None, 'cmake_target_skip_unavailable': False, 'install_base': '/root/RBE500_Manipulator_Project/ws_2/install/velocity_kinematics', 'merge_install': False, 'path': '/root/RBE500_Manipulator_Project/ws_2/src/velocity_kinematics', 'symlink_install': False, 'test_result_base': None}
[0.759s] Level 5:colcon.colcon_core.verb:set package 'velocity_kinematics_interfaces' build argument 'cmake_args' from command line to 'None'
[0.759s] Level 5:colcon.colcon_core.verb:set package 'velocity_kinematics_interfaces' build argument 'cmake_target' from command line to 'None'
[0.759s] Level 5:colcon.colcon_core.verb:set package 'velocity_kinematics_interfaces' build argument 'cmake_target_skip_unavailable' from command line to 'False'
[0.759s] Level 5:colcon.colcon_core.verb:set package 'velocity_kinematics_interfaces' build argument 'cmake_clean_cache' from command line to 'False'
[0.759s] Level 5:colcon.colcon_core.verb:set package 'velocity_kinematics_interfaces' build argument 'cmake_clean_first' from command line to 'False'
[0.759s] Level 5:colcon.colcon_core.verb:set package 'velocity_kinematics_interfaces' build argument 'cmake_force_configure' from command line to 'False'
[0.759s] Level 5:colcon.colcon_core.verb:set package 'velocity_kinematics_interfaces' build argument 'ament_cmake_args' from command line to 'None'
[0.759s] Level 5:colcon.colcon_core.verb:set package 'velocity_kinematics_interfaces' build argument 'catkin_cmake_args' from command line to 'None'
[0.759s] Level 5:colcon.colcon_core.verb:set package 'velocity_kinematics_interfaces' build argument 'catkin_skip_building_tests' from command line to 'False'
[0.759s] DEBUG:colcon.colcon_core.verb:Building package 'velocity_kinematics_interfaces' with the following arguments: {'ament_cmake_args': None, 'build_base': '/root/RBE500_Manipulator_Project/ws_2/build/velocity_kinematics_interfaces', 'catkin_cmake_args': None, 'catkin_skip_building_tests': False, 'cmake_args': None, 'cmake_clean_cache': False, 'cmake_clean_first': False, 'cmake_force_configure': False, 'cmake_target': None, 'cmake_target_skip_unavailable': False, 'install_base': '/root/RBE500_Manipulator_Project/ws_2/install/velocity_kinematics_interfaces', 'merge_install': False, 'path': '/root/RBE500_Manipulator_Project/ws_2/src/velocity_kinematics_interfaces', 'symlink_install': False, 'test_result_base': None}
[0.759s] INFO:colcon.colcon_core.executor:Executing jobs using 'parallel' executor
[0.761s] DEBUG:colcon.colcon_parallel_executor.executor.parallel:run_until_complete
[0.761s] INFO:colcon.colcon_ros.task.ament_python.build:Building ROS package in '/root/RBE500_Manipulator_Project/ws_2/src/velocity_kinematics' with build type 'ament_python'
[0.762s] Level 1:colcon.colcon_core.shell:create_environment_hook('velocity_kinematics', 'ament_prefix_path')
[0.767s] INFO:colcon.colcon_core.plugin_system:Skipping extension 'colcon_core.shell.bat': Not used on non-Windows systems
[0.768s] INFO:colcon.colcon_core.shell:Creating environment hook '/root/RBE500_Manipulator_Project/ws_2/install/velocity_kinematics/share/velocity_kinematics/hook/ament_prefix_path.ps1'
[0.769s] INFO:colcon.colcon_core.shell:Creating environment descriptor '/root/RBE500_Manipulator_Project/ws_2/install/velocity_kinematics/share/velocity_kinematics/hook/ament_prefix_path.dsv'
[0.769s] INFO:colcon.colcon_core.shell:Creating environment hook '/root/RBE500_Manipulator_Project/ws_2/install/velocity_kinematics/share/velocity_kinematics/hook/ament_prefix_path.sh'
[0.770s] INFO:colcon.colcon_core.shell:Skip shell extension 'powershell' for command environment: Not usable outside of PowerShell
[0.770s] DEBUG:colcon.colcon_core.shell:Skip shell extension 'dsv' for command environment
[0.775s] INFO:colcon.colcon_ros.task.ament_cmake.build:Building ROS package in '/root/RBE500_Manipulator_Project/ws_2/src/velocity_kinematics_interfaces' with build type 'ament_cmake'
[0.775s] INFO:colcon.colcon_cmake.task.cmake.build:Building CMake package in '/root/RBE500_Manipulator_Project/ws_2/src/velocity_kinematics_interfaces'
[0.775s] INFO:colcon.colcon_core.shell:Skip shell extension 'powershell' for command environment: Not usable outside of PowerShell
[0.775s] DEBUG:colcon.colcon_core.shell:Skip shell extension 'dsv' for command environment
[1.007s] INFO:colcon.colcon_core.task.python.build:Building Python package in '/root/RBE500_Manipulator_Project/ws_2/src/velocity_kinematics'
[1.008s] INFO:colcon.colcon_core.shell:Skip shell extension 'powershell' for command environment: Not usable outside of PowerShell
[1.008s] DEBUG:colcon.colcon_core.shell:Skip shell extension 'dsv' for command environment
[1.014s] DEBUG:colcon.colcon_core.event_handler.log_command:Invoking command in '/root/RBE500_Manipulator_Project/ws_2/build/velocity_kinematics_interfaces': CMAKE_PREFIX_PATH=/opt/ros/humble /usr/bin/cmake --build /root/RBE500_Manipulator_Project/ws_2/build/velocity_kinematics_interfaces -- -j12 -l12
[1.400s] DEBUG:colcon.colcon_core.event_handler.log_command:Invoking command in '/root/RBE500_Manipulator_Project/ws_2/src/velocity_kinematics': PYTHONPATH=/root/RBE500_Manipulator_Project/ws_2/build/velocity_kinematics/prefix_override:/usr/lib/python3/dist-packages/colcon_core/task/python/colcon_distutils_commands:/root/RBE500_Manipulator_Project/ws_2/install/velocity_kinematics/lib/python3.10/site-packages:${PYTHONPATH} /usr/bin/python3 -W ignore:setup.py install is deprecated setup.py egg_info --egg-base ../../build/velocity_kinematics build --build-base /root/RBE500_Manipulator_Project/ws_2/build/velocity_kinematics/build install --record /root/RBE500_Manipulator_Project/ws_2/build/velocity_kinematics/install.log --single-version-externally-managed install_data
[1.712s] DEBUG:colcon.colcon_core.event_handler.log_command:Invoked command in '/root/RBE500_Manipulator_Project/ws_2/src/velocity_kinematics' returned '0': PYTHONPATH=/root/RBE500_Manipulator_Project/ws_2/build/velocity_kinematics/prefix_override:/usr/lib/python3/dist-packages/colcon_core/task/python/colcon_distutils_commands:/root/RBE500_Manipulator_Project/ws_2/install/velocity_kinematics/lib/python3.10/site-packages:${PYTHONPATH} /usr/bin/python3 -W ignore:setup.py install is deprecated setup.py egg_info --egg-base ../../build/velocity_kinematics build --build-base /root/RBE500_Manipulator_Project/ws_2/build/velocity_kinematics/build install --record /root/RBE500_Manipulator_Project/ws_2/build/velocity_kinematics/install.log --single-version-externally-managed install_data
[1.719s] Level 1:colcon.colcon_core.environment:checking '/root/RBE500_Manipulator_Project/ws_2/install/velocity_kinematics' for CMake module files
[1.720s] Level 1:colcon.colcon_core.environment:checking '/root/RBE500_Manipulator_Project/ws_2/install/velocity_kinematics' for CMake config files
[1.720s] Level 1:colcon.colcon_core.shell:create_environment_hook('velocity_kinematics', 'cmake_prefix_path')
[1.720s] INFO:colcon.colcon_core.shell:Creating environment hook '/root/RBE500_Manipulator_Project/ws_2/install/velocity_kinematics/share/velocity_kinematics/hook/cmake_prefix_path.ps1'
[1.721s] INFO:colcon.colcon_core.shell:Creating environment descriptor '/root/RBE500_Manipulator_Project/ws_2/install/velocity_kinematics/share/velocity_kinematics/hook/cmake_prefix_path.dsv'
[1.721s] INFO:colcon.colcon_core.shell:Creating environment hook '/root/RBE500_Manipulator_Project/ws_2/install/velocity_kinematics/share/velocity_kinematics/hook/cmake_prefix_path.sh'
[1.722s] Level 1:colcon.colcon_core.environment:checking '/root/RBE500_Manipulator_Project/ws_2/install/velocity_kinematics/lib'
[1.722s] Level 1:colcon.colcon_core.environment:checking '/root/RBE500_Manipulator_Project/ws_2/install/velocity_kinematics/bin'
[1.722s] Level 1:colcon.colcon_core.environment:checking '/root/RBE500_Manipulator_Project/ws_2/install/velocity_kinematics/lib/pkgconfig/velocity_kinematics.pc'
[1.722s] Level 1:colcon.colcon_core.environment:checking '/root/RBE500_Manipulator_Project/ws_2/install/velocity_kinematics/lib/python3.10/site-packages'
[1.722s] Level 1:colcon.colcon_core.shell:create_environment_hook('velocity_kinematics', 'pythonpath')
[1.722s] INFO:colcon.colcon_core.shell:Creating environment hook '/root/RBE500_Manipulator_Project/ws_2/install/velocity_kinematics/share/velocity_kinematics/hook/pythonpath.ps1'
[1.723s] INFO:colcon.colcon_core.shell:Creating environment descriptor '/root/RBE500_Manipulator_Project/ws_2/install/velocity_kinematics/share/velocity_kinematics/hook/pythonpath.dsv'
[1.723s] INFO:colcon.colcon_core.shell:Creating environment hook '/root/RBE500_Manipulator_Project/ws_2/install/velocity_kinematics/share/velocity_kinematics/hook/pythonpath.sh'
[1.724s] Level 1:colcon.colcon_core.environment:checking '/root/RBE500_Manipulator_Project/ws_2/install/velocity_kinematics/bin'
[1.724s] Level 1:colcon.colcon_core.environment:create_environment_scripts_only(velocity_kinematics)
[1.724s] INFO:colcon.colcon_core.shell:Creating package script '/root/RBE500_Manipulator_Project/ws_2/install/velocity_kinematics/share/velocity_kinematics/package.ps1'
[1.725s] INFO:colcon.colcon_core.shell:Creating package descriptor '/root/RBE500_Manipulator_Project/ws_2/install/velocity_kinematics/share/velocity_kinematics/package.dsv'
[1.726s] INFO:colcon.colcon_core.shell:Creating package script '/root/RBE500_Manipulator_Project/ws_2/install/velocity_kinematics/share/velocity_kinematics/package.sh'
[1.727s] INFO:colcon.colcon_core.shell:Creating package script '/root/RBE500_Manipulator_Project/ws_2/install/velocity_kinematics/share/velocity_kinematics/package.bash'
[1.728s] INFO:colcon.colcon_core.shell:Creating package script '/root/RBE500_Manipulator_Project/ws_2/install/velocity_kinematics/share/velocity_kinematics/package.zsh'
[1.729s] Level 1:colcon.colcon_core.environment:create_file_with_runtime_dependencies(/root/RBE500_Manipulator_Project/ws_2/install/velocity_kinematics/share/colcon-core/packages/velocity_kinematics)
[5.624s] DEBUG:colcon.colcon_core.event_handler.log_command:Invoked command in '/root/RBE500_Manipulator_Project/ws_2/build/velocity_kinematics_interfaces' returned '0': CMAKE_PREFIX_PATH=/opt/ros/humble /usr/bin/cmake --build /root/RBE500_Manipulator_Project/ws_2/build/velocity_kinematics_interfaces -- -j12 -l12
[5.703s] DEBUG:colcon.colcon_core.event_handler.log_command:Invoking command in '/root/RBE500_Manipulator_Project/ws_2/build/velocity_kinematics_interfaces': CMAKE_PREFIX_PATH=/opt/ros/humble /usr/bin/cmake --install /root/RBE500_Manipulator_Project/ws_2/build/velocity_kinematics_interfaces
[5.804s] Level 1:colcon.colcon_core.environment:create_environment_scripts_only(velocity_kinematics_interfaces)
[5.804s] Level 1:colcon.colcon_core.environment:checking '/root/RBE500_Manipulator_Project/ws_2/install/velocity_kinematics_interfaces' for CMake module files
[5.805s] DEBUG:colcon.colcon_core.event_handler.log_command:Invoked command in '/root/RBE500_Manipulator_Project/ws_2/build/velocity_kinematics_interfaces' returned '0': CMAKE_PREFIX_PATH=/opt/ros/humble /usr/bin/cmake --install /root/RBE500_Manipulator_Project/ws_2/build/velocity_kinematics_interfaces
[5.806s] Level 1:colcon.colcon_core.environment:checking '/root/RBE500_Manipulator_Project/ws_2/install/velocity_kinematics_interfaces' for CMake config files
[5.806s] Level 1:colcon.colcon_core.shell:create_environment_hook('velocity_kinematics_interfaces', 'cmake_prefix_path')
[5.807s] INFO:colcon.colcon_core.shell:Creating environment hook '/root/RBE500_Manipulator_Project/ws_2/install/velocity_kinematics_interfaces/share/velocity_kinematics_interfaces/hook/cmake_prefix_path.ps1'
[5.807s] INFO:colcon.colcon_core.shell:Creating environment descriptor '/root/RBE500_Manipulator_Project/ws_2/install/velocity_kinematics_interfaces/share/velocity_kinematics_interfaces/hook/cmake_prefix_path.dsv'
[5.808s] INFO:colcon.colcon_core.shell:Creating environment hook '/root/RBE500_Manipulator_Project/ws_2/install/velocity_kinematics_interfaces/share/velocity_kinematics_interfaces/hook/cmake_prefix_path.sh'
[5.808s] Level 1:colcon.colcon_core.environment:checking '/root/RBE500_Manipulator_Project/ws_2/install/velocity_kinematics_interfaces/lib'
[5.808s] Level 1:colcon.colcon_core.shell:create_environment_hook('velocity_kinematics_interfaces', 'ld_library_path_lib')
[5.809s] INFO:colcon.colcon_core.shell:Creating environment hook '/root/RBE500_Manipulator_Project/ws_2/install/velocity_kinematics_interfaces/share/velocity_kinematics_interfaces/hook/ld_library_path_lib.ps1'
[5.809s] INFO:colcon.colcon_core.shell:Creating environment descriptor '/root/RBE500_Manipulator_Project/ws_2/install/velocity_kinematics_interfaces/share/velocity_kinematics_interfaces/hook/ld_library_path_lib.dsv'
[5.809s] INFO:colcon.colcon_core.shell:Creating environment hook '/root/RBE500_Manipulator_Project/ws_2/install/velocity_kinematics_interfaces/share/velocity_kinematics_interfaces/hook/ld_library_path_lib.sh'
[5.810s] Level 1:colcon.colcon_core.environment:checking '/root/RBE500_Manipulator_Project/ws_2/install/velocity_kinematics_interfaces/bin'
[5.810s] Level 1:colcon.colcon_core.environment:checking '/root/RBE500_Manipulator_Project/ws_2/install/velocity_kinematics_interfaces/lib/pkgconfig/velocity_kinematics_interfaces.pc'
[5.810s] Level 1:colcon.colcon_core.environment:checking '/root/RBE500_Manipulator_Project/ws_2/install/velocity_kinematics_interfaces/lib/python3.10/site-packages'
[5.811s] Level 1:colcon.colcon_core.environment:checking '/root/RBE500_Manipulator_Project/ws_2/install/velocity_kinematics_interfaces/bin'
[5.811s] INFO:colcon.colcon_core.shell:Creating package script '/root/RBE500_Manipulator_Project/ws_2/install/velocity_kinematics_interfaces/share/velocity_kinematics_interfaces/package.ps1'
[5.811s] INFO:colcon.colcon_core.shell:Creating package descriptor '/root/RBE500_Manipulator_Project/ws_2/install/velocity_kinematics_interfaces/share/velocity_kinematics_interfaces/package.dsv'
[5.812s] INFO:colcon.colcon_core.shell:Creating package script '/root/RBE500_Manipulator_Project/ws_2/install/velocity_kinematics_interfaces/share/velocity_kinematics_interfaces/package.sh'
[5.812s] INFO:colcon.colcon_core.shell:Creating package script '/root/RBE500_Manipulator_Project/ws_2/install/velocity_kinematics_interfaces/share/velocity_kinematics_interfaces/package.bash'
[5.812s] INFO:colcon.colcon_core.shell:Creating package script '/root/RBE500_Manipulator_Project/ws_2/install/velocity_kinematics_interfaces/share/velocity_kinematics_interfaces/package.zsh'
[5.813s] Level 1:colcon.colcon_core.environment:create_file_with_runtime_dependencies(/root/RBE500_Manipulator_Project/ws_2/install/velocity_kinematics_interfaces/share/colcon-core/packages/velocity_kinematics_interfaces)
[5.905s] Level 1:colcon.colcon_core.environment:create_environment_scripts_only(velocity_kinematics_interfaces)
[5.905s] Level 1:colcon.colcon_core.environment:checking '/root/RBE500_Manipulator_Project/ws_2/install/velocity_kinematics_interfaces' for CMake module files
[5.906s] Level 1:colcon.colcon_core.environment:checking '/root/RBE500_Manipulator_Project/ws_2/install/velocity_kinematics_interfaces' for CMake config files
[5.906s] Level 1:colcon.colcon_core.shell:create_environment_hook('velocity_kinematics_interfaces', 'cmake_prefix_path')
[5.906s] INFO:colcon.colcon_core.shell:Creating environment hook '/root/RBE500_Manipulator_Project/ws_2/install/velocity_kinematics_interfaces/share/velocity_kinematics_interfaces/hook/cmake_prefix_path.ps1'
[5.907s] INFO:colcon.colcon_core.shell:Creating environment descriptor '/root/RBE500_Manipulator_Project/ws_2/install/velocity_kinematics_interfaces/share/velocity_kinematics_interfaces/hook/cmake_prefix_path.dsv'
[5.907s] INFO:colcon.colcon_core.shell:Creating environment hook '/root/RBE500_Manipulator_Project/ws_2/install/velocity_kinematics_interfaces/share/velocity_kinematics_interfaces/hook/cmake_prefix_path.sh'
[5.908s] Level 1:colcon.colcon_core.environment:checking '/root/RBE500_Manipulator_Project/ws_2/install/velocity_kinematics_interfaces/lib'
[5.908s] Level 1:colcon.colcon_core.shell:create_environment_hook('velocity_kinematics_interfaces', 'ld_library_path_lib')
[5.908s] INFO:colcon.colcon_core.shell:Creating environment hook '/root/RBE500_Manipulator_Project/ws_2/install/velocity_kinematics_interfaces/share/velocity_kinematics_interfaces/hook/ld_library_path_lib.ps1'
[5.908s] INFO:colcon.colcon_core.shell:Creating environment descriptor '/root/RBE500_Manipulator_Project/ws_2/install/velocity_kinematics_interfaces/share/velocity_kinematics_interfaces/hook/ld_library_path_lib.dsv'
[5.909s] INFO:colcon.colcon_core.shell:Creating environment hook '/root/RBE500_Manipulator_Project/ws_2/install/velocity_kinematics_interfaces/share/velocity_kinematics_interfaces/hook/ld_library_path_lib.sh'
[5.909s] Level 1:colcon.colcon_core.environment:checking '/root/RBE500_Manipulator_Project/ws_2/install/velocity_kinematics_interfaces/bin'
[5.909s] Level 1:colcon.colcon_core.environment:checking '/root/RBE500_Manipulator_Project/ws_2/install/velocity_kinematics_interfaces/lib/pkgconfig/velocity_kinematics_interfaces.pc'
[5.909s] Level 1:colcon.colcon_core.environment:checking '/root/RBE500_Manipulator_Project/ws_2/install/velocity_kinematics_interfaces/lib/python3.10/site-packages'
[5.909s] Level 1:colcon.colcon_core.environment:checking '/root/RBE500_Manipulator_Project/ws_2/install/velocity_kinematics_interfaces/bin'
[5.910s] INFO:colcon.colcon_core.shell:Creating package script '/root/RBE500_Manipulator_Project/ws_2/install/velocity_kinematics_interfaces/share/velocity_kinematics_interfaces/package.ps1'
[5.910s] INFO:colcon.colcon_core.shell:Creating package descriptor '/root/RBE500_Manipulator_Project/ws_2/install/velocity_kinematics_interfaces/share/velocity_kinematics_interfaces/package.dsv'
[5.911s] INFO:colcon.colcon_core.shell:Creating package script '/root/RBE500_Manipulator_Project/ws_2/install/velocity_kinematics_interfaces/share/velocity_kinematics_interfaces/package.sh'
[5.911s] INFO:colcon.colcon_core.shell:Creating package script '/root/RBE500_Manipulator_Project/ws_2/install/velocity_kinematics_interfaces/share/velocity_kinematics_interfaces/package.bash'
[5.912s] INFO:colcon.colcon_core.shell:Creating package script '/root/RBE500_Manipulator_Project/ws_2/install/velocity_kinematics_interfaces/share/velocity_kinematics_interfaces/package.zsh'
[5.912s] Level 1:colcon.colcon_core.environment:create_file_with_runtime_dependencies(/root/RBE500_Manipulator_Project/ws_2/install/velocity_kinematics_interfaces/share/colcon-core/packages/velocity_kinematics_interfaces)
[5.912s] DEBUG:colcon.colcon_parallel_executor.executor.parallel:closing loop
[5.912s] DEBUG:colcon.colcon_parallel_executor.executor.parallel:loop closed
[5.912s] DEBUG:colcon.colcon_parallel_executor.executor.parallel:run_until_complete finished with '0'
[5.913s] DEBUG:colcon.colcon_core.event_reactor:joining thread
[5.930s] INFO:colcon.colcon_core.plugin_system:Skipping extension 'colcon_notification.desktop_notification.notify_send': Could not find 'notify-send'
[5.930s] INFO:colcon.colcon_core.plugin_system:Skipping extension 'colcon_notification.desktop_notification.terminal_notifier': Not used on non-Darwin systems
[5.930s] INFO:colcon.colcon_core.plugin_system:Skipping extension 'colcon_notification.desktop_notification.win32': Not used on non-Windows systems
[5.930s] INFO:colcon.colcon_notification.desktop_notification:Sending desktop notification using 'notify2'
[5.930s] DEBUG:colcon.colcon_notification.desktop_notification.notify2:Failed to initialize notify2: org.freedesktop.DBus.Error.NotSupported: Unable to autolaunch a dbus-daemon without a $DISPLAY for X11
[5.931s] DEBUG:colcon.colcon_core.event_reactor:joined thread
[5.931s] INFO:colcon.colcon_core.shell:Creating prefix script '/root/RBE500_Manipulator_Project/ws_2/install/local_setup.ps1'
[5.932s] INFO:colcon.colcon_core.shell:Creating prefix util module '/root/RBE500_Manipulator_Project/ws_2/install/_local_setup_util_ps1.py'
[5.933s] INFO:colcon.colcon_core.shell:Creating prefix chain script '/root/RBE500_Manipulator_Project/ws_2/install/setup.ps1'
[5.934s] INFO:colcon.colcon_core.shell:Creating prefix script '/root/RBE500_Manipulator_Project/ws_2/install/local_setup.sh'
[5.935s] INFO:colcon.colcon_core.shell:Creating prefix util module '/root/RBE500_Manipulator_Project/ws_2/install/_local_setup_util_sh.py'
[5.935s] INFO:colcon.colcon_core.shell:Creating prefix chain script '/root/RBE500_Manipulator_Project/ws_2/install/setup.sh'
[5.936s] INFO:colcon.colcon_core.shell:Creating prefix script '/root/RBE500_Manipulator_Project/ws_2/install/local_setup.bash'
[5.937s] INFO:colcon.colcon_core.shell:Creating prefix chain script '/root/RBE500_Manipulator_Project/ws_2/install/setup.bash'
[5.938s] INFO:colcon.colcon_core.shell:Creating prefix script '/root/RBE500_Manipulator_Project/ws_2/install/local_setup.zsh'
[5.939s] INFO:colcon.colcon_core.shell:Creating prefix chain script '/root/RBE500_Manipulator_Project/ws_2/install/setup.zsh'
