[0.167s] DEBUG:colcon:Command line arguments: ['/usr/bin/colcon', 'build']
[0.167s] DEBUG:colcon:Parsed command line arguments: Namespace(log_base=None, log_level=None, verb_name='build', build_base='build', install_base='install', merge_install=False, symlink_install=False, test_result_base=None, continue_on_error=False, executor='parallel', parallel_workers=12, event_handlers=None, ignore_user_meta=False, metas=['./colcon.meta'], base_paths=['.'], packages_ignore=None, packages_ignore_regex=None, paths=None, packages_up_to=None, packages_up_to_regex=None, packages_above=None, packages_above_and_dependencies=None, packages_above_depth=None, packages_select_by_dep=None, packages_skip_by_dep=None, packages_skip_up_to=None, packages_select_build_failed=False, packages_skip_build_finished=False, packages_select_test_failures=False, packages_skip_test_passed=False, packages_select=None, packages_skip=None, packages_select_regex=None, packages_skip_regex=None, packages_start=None, packages_end=None, allow_overriding=[], cmake_args=None, cmake_target=None, cmake_target_skip_unavailable=False, cmake_clean_cache=False, cmake_clean_first=False, cmake_force_configure=False, ament_cmake_args=None, catkin_cmake_args=None, catkin_skip_building_tests=False, verb_parser=<colcon_defaults.argument_parser.defaults.DefaultArgumentsDecorator object at 0x7f33ee183010>, verb_extension=<colcon_core.verb.build.BuildVerb object at 0x7f33ee182710>, main=<bound method BuildVerb.main of <colcon_core.verb.build.BuildVerb object at 0x7f33ee182710>>)
[0.288s] Level 1:colcon.colcon_core.package_discovery:discover_packages(colcon_meta) check parameters
[0.288s] Level 1:colcon.colcon_core.package_discovery:discover_packages(recursive) check parameters
[0.288s] Level 1:colcon.colcon_core.package_discovery:discover_packages(ignore) check parameters
[0.288s] Level 1:colcon.colcon_core.package_discovery:discover_packages(path) check parameters
[0.288s] Level 1:colcon.colcon_core.package_discovery:discover_packages(colcon_meta) discover
[0.288s] Level 1:colcon.colcon_core.package_discovery:discover_packages(recursive) discover
[0.288s] INFO:colcon.colcon_core.package_discovery:Crawling recursively for packages in '/root/RBE500_Manipulator_Project/workspace'
[0.288s] Level 1:colcon.colcon_core.package_identification:_identify(.) by extensions ['ignore', 'ignore_ament_install']
[0.288s] Level 1:colcon.colcon_core.package_identification:_identify(.) by extension 'ignore'
[0.288s] Level 1:colcon.colcon_core.package_identification:_identify(.) by extension 'ignore_ament_install'
[0.288s] Level 1:colcon.colcon_core.package_identification:_identify(.) by extensions ['colcon_pkg']
[0.288s] Level 1:colcon.colcon_core.package_identification:_identify(.) by extension 'colcon_pkg'
[0.288s] Level 1:colcon.colcon_core.package_identification:_identify(.) by extensions ['colcon_meta']
[0.288s] Level 1:colcon.colcon_core.package_identification:_identify(.) by extension 'colcon_meta'
[0.288s] Level 1:colcon.colcon_core.package_identification:_identify(.) by extensions ['ros']
[0.288s] Level 1:colcon.colcon_core.package_identification:_identify(.) by extension 'ros'
[0.317s] Level 1:colcon.colcon_core.package_identification:_identify(.) by extensions ['cmake', 'python']
[0.317s] Level 1:colcon.colcon_core.package_identification:_identify(.) by extension 'cmake'
[0.317s] Level 1:colcon.colcon_core.package_identification:_identify(.) by extension 'python'
[0.318s] Level 1:colcon.colcon_core.package_identification:_identify(.) by extensions ['python_setup_py']
[0.318s] Level 1:colcon.colcon_core.package_identification:_identify(.) by extension 'python_setup_py'
[0.318s] Level 1:colcon.colcon_core.package_identification:_identify(build) by extensions ['ignore', 'ignore_ament_install']
[0.318s] Level 1:colcon.colcon_core.package_identification:_identify(build) by extension 'ignore'
[0.318s] Level 1:colcon.colcon_core.package_identification:_identify(build) ignored
[0.318s] Level 1:colcon.colcon_core.package_identification:_identify(install) by extensions ['ignore', 'ignore_ament_install']
[0.318s] Level 1:colcon.colcon_core.package_identification:_identify(install) by extension 'ignore'
[0.318s] Level 1:colcon.colcon_core.package_identification:_identify(install) ignored
[0.319s] Level 1:colcon.colcon_core.package_identification:_identify(log) by extensions ['ignore', 'ignore_ament_install']
[0.319s] Level 1:colcon.colcon_core.package_identification:_identify(log) by extension 'ignore'
[0.319s] Level 1:colcon.colcon_core.package_identification:_identify(log) ignored
[0.319s] Level 1:colcon.colcon_core.package_identification:_identify(src) by extensions ['ignore', 'ignore_ament_install']
[0.319s] Level 1:colcon.colcon_core.package_identification:_identify(src) by extension 'ignore'
[0.319s] Level 1:colcon.colcon_core.package_identification:_identify(src) by extension 'ignore_ament_install'
[0.319s] Level 1:colcon.colcon_core.package_identification:_identify(src) by extensions ['colcon_pkg']
[0.319s] Level 1:colcon.colcon_core.package_identification:_identify(src) by extension 'colcon_pkg'
[0.319s] Level 1:colcon.colcon_core.package_identification:_identify(src) by extensions ['colcon_meta']
[0.319s] Level 1:colcon.colcon_core.package_identification:_identify(src) by extension 'colcon_meta'
[0.319s] Level 1:colcon.colcon_core.package_identification:_identify(src) by extensions ['ros']
[0.319s] Level 1:colcon.colcon_core.package_identification:_identify(src) by extension 'ros'
[0.320s] Level 1:colcon.colcon_core.package_identification:_identify(src) by extensions ['cmake', 'python']
[0.320s] Level 1:colcon.colcon_core.package_identification:_identify(src) by extension 'cmake'
[0.320s] Level 1:colcon.colcon_core.package_identification:_identify(src) by extension 'python'
[0.320s] Level 1:colcon.colcon_core.package_identification:_identify(src) by extensions ['python_setup_py']
[0.320s] Level 1:colcon.colcon_core.package_identification:_identify(src) by extension 'python_setup_py'
[0.320s] Level 1:colcon.colcon_core.package_identification:_identify(src/ForwardKinematics) by extensions ['ignore', 'ignore_ament_install']
[0.320s] Level 1:colcon.colcon_core.package_identification:_identify(src/ForwardKinematics) by extension 'ignore'
[0.320s] Level 1:colcon.colcon_core.package_identification:_identify(src/ForwardKinematics) by extension 'ignore_ament_install'
[0.320s] Level 1:colcon.colcon_core.package_identification:_identify(src/ForwardKinematics) by extensions ['colcon_pkg']
[0.320s] Level 1:colcon.colcon_core.package_identification:_identify(src/ForwardKinematics) by extension 'colcon_pkg'
[0.320s] Level 1:colcon.colcon_core.package_identification:_identify(src/ForwardKinematics) by extensions ['colcon_meta']
[0.320s] Level 1:colcon.colcon_core.package_identification:_identify(src/ForwardKinematics) by extension 'colcon_meta'
[0.320s] Level 1:colcon.colcon_core.package_identification:_identify(src/ForwardKinematics) by extensions ['ros']
[0.320s] Level 1:colcon.colcon_core.package_identification:_identify(src/ForwardKinematics) by extension 'ros'
[0.324s] DEBUG:colcon.colcon_core.package_identification:Package 'src/ForwardKinematics' with type 'ros.ament_python' and name 'ForwardKinematics'
[0.324s] Level 1:colcon.colcon_core.package_identification:_identify(src/InverseKinematics) by extensions ['ignore', 'ignore_ament_install']
[0.324s] Level 1:colcon.colcon_core.package_identification:_identify(src/InverseKinematics) by extension 'ignore'
[0.324s] Level 1:colcon.colcon_core.package_identification:_identify(src/InverseKinematics) by extension 'ignore_ament_install'
[0.324s] Level 1:colcon.colcon_core.package_identification:_identify(src/InverseKinematics) by extensions ['colcon_pkg']
[0.324s] Level 1:colcon.colcon_core.package_identification:_identify(src/InverseKinematics) by extension 'colcon_pkg'
[0.324s] Level 1:colcon.colcon_core.package_identification:_identify(src/InverseKinematics) by extensions ['colcon_meta']
[0.324s] Level 1:colcon.colcon_core.package_identification:_identify(src/InverseKinematics) by extension 'colcon_meta'
[0.325s] Level 1:colcon.colcon_core.package_identification:_identify(src/InverseKinematics) by extensions ['ros']
[0.325s] Level 1:colcon.colcon_core.package_identification:_identify(src/InverseKinematics) by extension 'ros'
[0.325s] DEBUG:colcon.colcon_core.package_identification:Package 'src/InverseKinematics' with type 'ros.ament_python' and name 'InverseKinematics'
[0.325s] Level 1:colcon.colcon_core.package_discovery:discover_packages(recursive) using defaults
[0.326s] Level 1:colcon.colcon_core.package_discovery:discover_packages(ignore) discover
[0.326s] Level 1:colcon.colcon_core.package_discovery:discover_packages(ignore) using defaults
[0.326s] Level 1:colcon.colcon_core.package_discovery:discover_packages(path) discover
[0.326s] Level 1:colcon.colcon_core.package_discovery:discover_packages(path) using defaults
[0.345s] Level 1:colcon.colcon_core.package_discovery:discover_packages(prefix_path) check parameters
[0.345s] Level 1:colcon.colcon_core.package_discovery:discover_packages(prefix_path) discover
[0.347s] DEBUG:colcon.colcon_installed_package_information.package_discovery:Found 314 installed packages in /opt/ros/humble
[0.349s] Level 1:colcon.colcon_core.package_discovery:discover_packages(prefix_path) using defaults
[0.394s] Level 5:colcon.colcon_core.verb:set package 'ForwardKinematics' build argument 'cmake_args' from command line to 'None'
[0.394s] Level 5:colcon.colcon_core.verb:set package 'ForwardKinematics' build argument 'cmake_target' from command line to 'None'
[0.394s] Level 5:colcon.colcon_core.verb:set package 'ForwardKinematics' build argument 'cmake_target_skip_unavailable' from command line to 'False'
[0.394s] Level 5:colcon.colcon_core.verb:set package 'ForwardKinematics' build argument 'cmake_clean_cache' from command line to 'False'
[0.394s] Level 5:colcon.colcon_core.verb:set package 'ForwardKinematics' build argument 'cmake_clean_first' from command line to 'False'
[0.394s] Level 5:colcon.colcon_core.verb:set package 'ForwardKinematics' build argument 'cmake_force_configure' from command line to 'False'
[0.394s] Level 5:colcon.colcon_core.verb:set package 'ForwardKinematics' build argument 'ament_cmake_args' from command line to 'None'
[0.394s] Level 5:colcon.colcon_core.verb:set package 'ForwardKinematics' build argument 'catkin_cmake_args' from command line to 'None'
[0.394s] Level 5:colcon.colcon_core.verb:set package 'ForwardKinematics' build argument 'catkin_skip_building_tests' from command line to 'False'
[0.394s] DEBUG:colcon.colcon_core.verb:Building package 'ForwardKinematics' with the following arguments: {'ament_cmake_args': None, 'build_base': '/root/RBE500_Manipulator_Project/workspace/build/ForwardKinematics', 'catkin_cmake_args': None, 'catkin_skip_building_tests': False, 'cmake_args': None, 'cmake_clean_cache': False, 'cmake_clean_first': False, 'cmake_force_configure': False, 'cmake_target': None, 'cmake_target_skip_unavailable': False, 'install_base': '/root/RBE500_Manipulator_Project/workspace/install/ForwardKinematics', 'merge_install': False, 'path': '/root/RBE500_Manipulator_Project/workspace/src/ForwardKinematics', 'symlink_install': False, 'test_result_base': None}
[0.395s] Level 5:colcon.colcon_core.verb:set package 'InverseKinematics' build argument 'cmake_args' from command line to 'None'
[0.395s] Level 5:colcon.colcon_core.verb:set package 'InverseKinematics' build argument 'cmake_target' from command line to 'None'
[0.395s] Level 5:colcon.colcon_core.verb:set package 'InverseKinematics' build argument 'cmake_target_skip_unavailable' from command line to 'False'
[0.395s] Level 5:colcon.colcon_core.verb:set package 'InverseKinematics' build argument 'cmake_clean_cache' from command line to 'False'
[0.395s] Level 5:colcon.colcon_core.verb:set package 'InverseKinematics' build argument 'cmake_clean_first' from command line to 'False'
[0.395s] Level 5:colcon.colcon_core.verb:set package 'InverseKinematics' build argument 'cmake_force_configure' from command line to 'False'
[0.395s] Level 5:colcon.colcon_core.verb:set package 'InverseKinematics' build argument 'ament_cmake_args' from command line to 'None'
[0.395s] Level 5:colcon.colcon_core.verb:set package 'InverseKinematics' build argument 'catkin_cmake_args' from command line to 'None'
[0.395s] Level 5:colcon.colcon_core.verb:set package 'InverseKinematics' build argument 'catkin_skip_building_tests' from command line to 'False'
[0.395s] DEBUG:colcon.colcon_core.verb:Building package 'InverseKinematics' with the following arguments: {'ament_cmake_args': None, 'build_base': '/root/RBE500_Manipulator_Project/workspace/build/InverseKinematics', 'catkin_cmake_args': None, 'catkin_skip_building_tests': False, 'cmake_args': None, 'cmake_clean_cache': False, 'cmake_clean_first': False, 'cmake_force_configure': False, 'cmake_target': None, 'cmake_target_skip_unavailable': False, 'install_base': '/root/RBE500_Manipulator_Project/workspace/install/InverseKinematics', 'merge_install': False, 'path': '/root/RBE500_Manipulator_Project/workspace/src/InverseKinematics', 'symlink_install': False, 'test_result_base': None}
[0.395s] INFO:colcon.colcon_core.executor:Executing jobs using 'parallel' executor
[0.396s] DEBUG:colcon.colcon_parallel_executor.executor.parallel:run_until_complete
[0.396s] INFO:colcon.colcon_ros.task.ament_python.build:Building ROS package in '/root/RBE500_Manipulator_Project/workspace/src/ForwardKinematics' with build type 'ament_python'
[0.396s] Level 1:colcon.colcon_core.shell:create_environment_hook('ForwardKinematics', 'ament_prefix_path')
[0.398s] INFO:colcon.colcon_core.plugin_system:Skipping extension 'colcon_core.shell.bat': Not used on non-Windows systems
[0.399s] INFO:colcon.colcon_core.shell:Creating environment hook '/root/RBE500_Manipulator_Project/workspace/install/ForwardKinematics/share/ForwardKinematics/hook/ament_prefix_path.ps1'
[0.399s] INFO:colcon.colcon_core.shell:Creating environment descriptor '/root/RBE500_Manipulator_Project/workspace/install/ForwardKinematics/share/ForwardKinematics/hook/ament_prefix_path.dsv'
[0.399s] INFO:colcon.colcon_core.shell:Creating environment hook '/root/RBE500_Manipulator_Project/workspace/install/ForwardKinematics/share/ForwardKinematics/hook/ament_prefix_path.sh'
[0.400s] INFO:colcon.colcon_core.shell:Skip shell extension 'powershell' for command environment: Not usable outside of PowerShell
[0.400s] DEBUG:colcon.colcon_core.shell:Skip shell extension 'dsv' for command environment
[0.402s] INFO:colcon.colcon_ros.task.ament_python.build:Building ROS package in '/root/RBE500_Manipulator_Project/workspace/src/InverseKinematics' with build type 'ament_python'
[0.403s] Level 1:colcon.colcon_core.shell:create_environment_hook('InverseKinematics', 'ament_prefix_path')
[0.403s] INFO:colcon.colcon_core.shell:Creating environment hook '/root/RBE500_Manipulator_Project/workspace/install/InverseKinematics/share/InverseKinematics/hook/ament_prefix_path.ps1'
[0.403s] INFO:colcon.colcon_core.shell:Creating environment descriptor '/root/RBE500_Manipulator_Project/workspace/install/InverseKinematics/share/InverseKinematics/hook/ament_prefix_path.dsv'
[0.404s] INFO:colcon.colcon_core.shell:Creating environment hook '/root/RBE500_Manipulator_Project/workspace/install/InverseKinematics/share/InverseKinematics/hook/ament_prefix_path.sh'
[0.404s] INFO:colcon.colcon_core.shell:Skip shell extension 'powershell' for command environment: Not usable outside of PowerShell
[0.404s] DEBUG:colcon.colcon_core.shell:Skip shell extension 'dsv' for command environment
[0.590s] INFO:colcon.colcon_core.task.python.build:Building Python package in '/root/RBE500_Manipulator_Project/workspace/src/ForwardKinematics'
[0.590s] INFO:colcon.colcon_core.shell:Skip shell extension 'powershell' for command environment: Not usable outside of PowerShell
[0.590s] DEBUG:colcon.colcon_core.shell:Skip shell extension 'dsv' for command environment
[0.779s] WARNING:colcon.colcon_ros.task.ament_python.build:Package 'InverseKinematics' doesn't explicitly install a marker in the package index (colcon-ros currently does it implicitly but that fallback will be removed in the future)
[0.779s] WARNING:colcon.colcon_ros.task.ament_python.build:Package 'InverseKinematics' doesn't explicitly install the 'package.xml' file (colcon-ros currently does it implicitly but that fallback will be removed in the future)
[0.780s] INFO:colcon.colcon_core.task.python.build:Building Python package in '/root/RBE500_Manipulator_Project/workspace/src/InverseKinematics'
[0.780s] INFO:colcon.colcon_core.shell:Skip shell extension 'powershell' for command environment: Not usable outside of PowerShell
[0.780s] DEBUG:colcon.colcon_core.shell:Skip shell extension 'dsv' for command environment
[1.039s] DEBUG:colcon.colcon_core.event_handler.log_command:Invoking command in '/root/RBE500_Manipulator_Project/workspace/src/InverseKinematics': PYTHONPATH=/root/RBE500_Manipulator_Project/workspace/build/InverseKinematics/prefix_override:/usr/lib/python3/dist-packages/colcon_core/task/python/colcon_distutils_commands:/root/RBE500_Manipulator_Project/workspace/install/InverseKinematics/lib/python3.10/site-packages:${PYTHONPATH} /usr/bin/python3 -W ignore:setup.py install is deprecated setup.py egg_info --egg-base ../../build/InverseKinematics build --build-base /root/RBE500_Manipulator_Project/workspace/build/InverseKinematics/build install --record /root/RBE500_Manipulator_Project/workspace/build/InverseKinematics/install.log --single-version-externally-managed
[1.042s] DEBUG:colcon.colcon_core.event_handler.log_command:Invoking command in '/root/RBE500_Manipulator_Project/workspace/src/ForwardKinematics': PYTHONPATH=/root/RBE500_Manipulator_Project/workspace/build/ForwardKinematics/prefix_override:/usr/lib/python3/dist-packages/colcon_core/task/python/colcon_distutils_commands:/root/RBE500_Manipulator_Project/workspace/install/ForwardKinematics/lib/python3.10/site-packages:${PYTHONPATH} /usr/bin/python3 -W ignore:setup.py install is deprecated setup.py egg_info --egg-base ../../build/ForwardKinematics build --build-base /root/RBE500_Manipulator_Project/workspace/build/ForwardKinematics/build install --record /root/RBE500_Manipulator_Project/workspace/build/ForwardKinematics/install.log --single-version-externally-managed install_data
[1.270s] DEBUG:colcon.colcon_core.event_handler.log_command:Invoked command in '/root/RBE500_Manipulator_Project/workspace/src/ForwardKinematics' returned '0': PYTHONPATH=/root/RBE500_Manipulator_Project/workspace/build/ForwardKinematics/prefix_override:/usr/lib/python3/dist-packages/colcon_core/task/python/colcon_distutils_commands:/root/RBE500_Manipulator_Project/workspace/install/ForwardKinematics/lib/python3.10/site-packages:${PYTHONPATH} /usr/bin/python3 -W ignore:setup.py install is deprecated setup.py egg_info --egg-base ../../build/ForwardKinematics build --build-base /root/RBE500_Manipulator_Project/workspace/build/ForwardKinematics/build install --record /root/RBE500_Manipulator_Project/workspace/build/ForwardKinematics/install.log --single-version-externally-managed install_data
[1.272s] Level 1:colcon.colcon_core.environment:checking '/root/RBE500_Manipulator_Project/workspace/install/ForwardKinematics' for CMake module files
[1.273s] Level 1:colcon.colcon_core.environment:checking '/root/RBE500_Manipulator_Project/workspace/install/ForwardKinematics' for CMake config files
[1.273s] Level 1:colcon.colcon_core.environment:checking '/root/RBE500_Manipulator_Project/workspace/install/ForwardKinematics/lib'
[1.273s] Level 1:colcon.colcon_core.environment:checking '/root/RBE500_Manipulator_Project/workspace/install/ForwardKinematics/bin'
[1.273s] Level 1:colcon.colcon_core.environment:checking '/root/RBE500_Manipulator_Project/workspace/install/ForwardKinematics/lib/pkgconfig/ForwardKinematics.pc'
[1.273s] Level 1:colcon.colcon_core.environment:checking '/root/RBE500_Manipulator_Project/workspace/install/ForwardKinematics/lib/python3.10/site-packages'
[1.274s] Level 1:colcon.colcon_core.shell:create_environment_hook('ForwardKinematics', 'pythonpath')
[1.274s] INFO:colcon.colcon_core.shell:Creating environment hook '/root/RBE500_Manipulator_Project/workspace/install/ForwardKinematics/share/ForwardKinematics/hook/pythonpath.ps1'
[1.274s] INFO:colcon.colcon_core.shell:Creating environment descriptor '/root/RBE500_Manipulator_Project/workspace/install/ForwardKinematics/share/ForwardKinematics/hook/pythonpath.dsv'
[1.274s] INFO:colcon.colcon_core.shell:Creating environment hook '/root/RBE500_Manipulator_Project/workspace/install/ForwardKinematics/share/ForwardKinematics/hook/pythonpath.sh'
[1.275s] Level 1:colcon.colcon_core.environment:checking '/root/RBE500_Manipulator_Project/workspace/install/ForwardKinematics/bin'
[1.275s] Level 1:colcon.colcon_core.environment:create_environment_scripts_only(ForwardKinematics)
[1.275s] INFO:colcon.colcon_core.shell:Creating package script '/root/RBE500_Manipulator_Project/workspace/install/ForwardKinematics/share/ForwardKinematics/package.ps1'
[1.276s] INFO:colcon.colcon_core.shell:Creating package descriptor '/root/RBE500_Manipulator_Project/workspace/install/ForwardKinematics/share/ForwardKinematics/package.dsv'
[1.276s] INFO:colcon.colcon_core.shell:Creating package script '/root/RBE500_Manipulator_Project/workspace/install/ForwardKinematics/share/ForwardKinematics/package.sh'
[1.277s] INFO:colcon.colcon_core.shell:Creating package script '/root/RBE500_Manipulator_Project/workspace/install/ForwardKinematics/share/ForwardKinematics/package.bash'
[1.277s] INFO:colcon.colcon_core.shell:Creating package script '/root/RBE500_Manipulator_Project/workspace/install/ForwardKinematics/share/ForwardKinematics/package.zsh'
[1.278s] Level 1:colcon.colcon_core.environment:create_file_with_runtime_dependencies(/root/RBE500_Manipulator_Project/workspace/install/ForwardKinematics/share/colcon-core/packages/ForwardKinematics)
[1.279s] Level 1:colcon.colcon_core.environment:checking '/root/RBE500_Manipulator_Project/workspace/install/InverseKinematics' for CMake module files
[1.279s] DEBUG:colcon.colcon_core.event_handler.log_command:Invoked command in '/root/RBE500_Manipulator_Project/workspace/src/InverseKinematics' returned '0': PYTHONPATH=/root/RBE500_Manipulator_Project/workspace/build/InverseKinematics/prefix_override:/usr/lib/python3/dist-packages/colcon_core/task/python/colcon_distutils_commands:/root/RBE500_Manipulator_Project/workspace/install/InverseKinematics/lib/python3.10/site-packages:${PYTHONPATH} /usr/bin/python3 -W ignore:setup.py install is deprecated setup.py egg_info --egg-base ../../build/InverseKinematics build --build-base /root/RBE500_Manipulator_Project/workspace/build/InverseKinematics/build install --record /root/RBE500_Manipulator_Project/workspace/build/InverseKinematics/install.log --single-version-externally-managed
[1.279s] Level 1:colcon.colcon_core.environment:checking '/root/RBE500_Manipulator_Project/workspace/install/InverseKinematics' for CMake config files
[1.280s] Level 1:colcon.colcon_core.environment:checking '/root/RBE500_Manipulator_Project/workspace/install/InverseKinematics/lib'
[1.280s] Level 1:colcon.colcon_core.environment:checking '/root/RBE500_Manipulator_Project/workspace/install/InverseKinematics/bin'
[1.280s] Level 1:colcon.colcon_core.environment:checking '/root/RBE500_Manipulator_Project/workspace/install/InverseKinematics/lib/pkgconfig/InverseKinematics.pc'
[1.280s] Level 1:colcon.colcon_core.environment:checking '/root/RBE500_Manipulator_Project/workspace/install/InverseKinematics/lib/python3.10/site-packages'
[1.280s] Level 1:colcon.colcon_core.shell:create_environment_hook('InverseKinematics', 'pythonpath')
[1.280s] INFO:colcon.colcon_core.shell:Creating environment hook '/root/RBE500_Manipulator_Project/workspace/install/InverseKinematics/share/InverseKinematics/hook/pythonpath.ps1'
[1.281s] INFO:colcon.colcon_core.shell:Creating environment descriptor '/root/RBE500_Manipulator_Project/workspace/install/InverseKinematics/share/InverseKinematics/hook/pythonpath.dsv'
[1.281s] INFO:colcon.colcon_core.shell:Creating environment hook '/root/RBE500_Manipulator_Project/workspace/install/InverseKinematics/share/InverseKinematics/hook/pythonpath.sh'
[1.281s] Level 1:colcon.colcon_core.environment:checking '/root/RBE500_Manipulator_Project/workspace/install/InverseKinematics/bin'
[1.281s] Level 1:colcon.colcon_core.environment:create_environment_scripts_only(InverseKinematics)
[1.281s] INFO:colcon.colcon_core.shell:Creating package script '/root/RBE500_Manipulator_Project/workspace/install/InverseKinematics/share/InverseKinematics/package.ps1'
[1.282s] INFO:colcon.colcon_core.shell:Creating package descriptor '/root/RBE500_Manipulator_Project/workspace/install/InverseKinematics/share/InverseKinematics/package.dsv'
[1.282s] INFO:colcon.colcon_core.shell:Creating package script '/root/RBE500_Manipulator_Project/workspace/install/InverseKinematics/share/InverseKinematics/package.sh'
[1.282s] INFO:colcon.colcon_core.shell:Creating package script '/root/RBE500_Manipulator_Project/workspace/install/InverseKinematics/share/InverseKinematics/package.bash'
[1.283s] INFO:colcon.colcon_core.shell:Creating package script '/root/RBE500_Manipulator_Project/workspace/install/InverseKinematics/share/InverseKinematics/package.zsh'
[1.283s] Level 1:colcon.colcon_core.environment:create_file_with_runtime_dependencies(/root/RBE500_Manipulator_Project/workspace/install/InverseKinematics/share/colcon-core/packages/InverseKinematics)
[1.283s] DEBUG:colcon.colcon_parallel_executor.executor.parallel:closing loop
[1.283s] DEBUG:colcon.colcon_parallel_executor.executor.parallel:loop closed
[1.283s] DEBUG:colcon.colcon_parallel_executor.executor.parallel:run_until_complete finished with '0'
[1.283s] DEBUG:colcon.colcon_core.event_reactor:joining thread
[1.288s] INFO:colcon.colcon_core.plugin_system:Skipping extension 'colcon_notification.desktop_notification.notify_send': Could not find 'notify-send'
[1.288s] INFO:colcon.colcon_core.plugin_system:Skipping extension 'colcon_notification.desktop_notification.terminal_notifier': Not used on non-Darwin systems
[1.288s] INFO:colcon.colcon_core.plugin_system:Skipping extension 'colcon_notification.desktop_notification.win32': Not used on non-Windows systems
[1.288s] INFO:colcon.colcon_notification.desktop_notification:Sending desktop notification using 'notify2'
[1.288s] DEBUG:colcon.colcon_notification.desktop_notification.notify2:Failed to initialize notify2: org.freedesktop.DBus.Error.NotSupported: Unable to autolaunch a dbus-daemon without a $DISPLAY for X11
[1.288s] DEBUG:colcon.colcon_core.event_reactor:joined thread
[1.288s] INFO:colcon.colcon_core.shell:Creating prefix script '/root/RBE500_Manipulator_Project/workspace/install/local_setup.ps1'
[1.289s] INFO:colcon.colcon_core.shell:Creating prefix util module '/root/RBE500_Manipulator_Project/workspace/install/_local_setup_util_ps1.py'
[1.290s] INFO:colcon.colcon_core.shell:Creating prefix chain script '/root/RBE500_Manipulator_Project/workspace/install/setup.ps1'
[1.290s] INFO:colcon.colcon_core.shell:Creating prefix script '/root/RBE500_Manipulator_Project/workspace/install/local_setup.sh'
[1.291s] INFO:colcon.colcon_core.shell:Creating prefix util module '/root/RBE500_Manipulator_Project/workspace/install/_local_setup_util_sh.py'
[1.291s] INFO:colcon.colcon_core.shell:Creating prefix chain script '/root/RBE500_Manipulator_Project/workspace/install/setup.sh'
[1.292s] INFO:colcon.colcon_core.shell:Creating prefix script '/root/RBE500_Manipulator_Project/workspace/install/local_setup.bash'
[1.292s] INFO:colcon.colcon_core.shell:Creating prefix chain script '/root/RBE500_Manipulator_Project/workspace/install/setup.bash'
[1.293s] INFO:colcon.colcon_core.shell:Creating prefix script '/root/RBE500_Manipulator_Project/workspace/install/local_setup.zsh'
[1.293s] INFO:colcon.colcon_core.shell:Creating prefix chain script '/root/RBE500_Manipulator_Project/workspace/install/setup.zsh'
