[0.009s] Invoking command in '/root/RBE500_Manipulator_Project/workspace/build/dynamixel_sdk_examples': AMENT_PREFIX_PATH=/root/RBE500_Manipulator_Project/workspace/install/dynamixel_sdk_custom_interfaces:/root/RBE500_Manipulator_Project/workspace/install/dynamixel_sdk:${AMENT_PREFIX_PATH} CMAKE_PREFIX_PATH=/root/RBE500_Manipulator_Project/workspace/install/dynamixel_sdk_custom_interfaces:/root/RBE500_Manipulator_Project/workspace/install/dynamixel_sdk:/root/RBE500_Manipulator_Project/workspace/install/InverseKinematics:/root/RBE500_Manipulator_Project/workspace/install/ForwardKinematics:/opt/ros/humble LD_LIBRARY_PATH=/root/RBE500_Manipulator_Project/workspace/install/dynamixel_sdk_custom_interfaces/lib:/root/RBE500_Manipulator_Project/workspace/install/dynamixel_sdk/lib:${LD_LIBRARY_PATH} PYTHONPATH=/root/RBE500_Manipulator_Project/workspace/install/dynamixel_sdk_custom_interfaces/local/lib/python3.10/dist-packages:${PYTHONPATH} /usr/bin/cmake /root/RBE500_Manipulator_Project/workspace/src/OpenManipulatorX_ROS2/DynamixelSDK/dynamixel_sdk_examples -DCMAKE_INSTALL_PREFIX=/root/RBE500_Manipulator_Project/workspace/install/dynamixel_sdk_examples
[0.052s] -- The C compiler identification is GNU 11.4.0
[0.097s] -- The CXX compiler identification is GNU 11.4.0
[0.103s] -- Detecting C compiler ABI info
[0.156s] -- Detecting C compiler ABI info - done
[0.162s] -- Check for working C compiler: /usr/bin/cc - skipped
[0.162s] -- Detecting C compile features
[0.162s] -- Detecting C compile features - done
[0.165s] -- Detecting CXX compiler ABI info
[0.235s] -- Detecting CXX compiler ABI info - done
[0.242s] -- Check for working CXX compiler: /usr/bin/c++ - skipped
[0.242s] -- Detecting CXX compile features
[0.242s] -- Detecting CXX compile features - done
[0.245s] -- Found ament_cmake: 1.3.10 (/opt/ros/humble/share/ament_cmake/cmake)
[0.369s] -- Found Python3: /usr/bin/python3 (found version "3.10.12") found components: Interpreter 
[0.445s] -- Found dynamixel_sdk: 3.7.60 (/root/RBE500_Manipulator_Project/workspace/install/dynamixel_sdk/share/dynamixel_sdk/cmake)
[0.447s] -- Found dynamixel_sdk_custom_interfaces: 3.7.60 (/root/RBE500_Manipulator_Project/workspace/install/dynamixel_sdk_custom_interfaces/share/dynamixel_sdk_custom_interfaces/cmake)
[0.481s] -- Found rosidl_generator_c: 3.1.5 (/opt/ros/humble/share/rosidl_generator_c/cmake)
[0.486s] -- Found rosidl_adapter: 3.1.5 (/opt/ros/humble/share/rosidl_adapter/cmake)
[0.494s] -- Found rosidl_generator_cpp: 3.1.5 (/opt/ros/humble/share/rosidl_generator_cpp/cmake)
[0.506s] -- Using all available rosidl_typesupport_c: rosidl_typesupport_fastrtps_c;rosidl_typesupport_introspection_c
[0.521s] -- Using all available rosidl_typesupport_cpp: rosidl_typesupport_fastrtps_cpp;rosidl_typesupport_introspection_cpp
[0.547s] -- Found rclcpp: 16.0.10 (/opt/ros/humble/share/rclcpp/cmake)
[0.583s] -- Found rmw_implementation_cmake: 6.1.2 (/opt/ros/humble/share/rmw_implementation_cmake/cmake)
[0.587s] -- Found rmw_fastrtps_cpp: 6.2.7 (/opt/ros/humble/share/rmw_fastrtps_cpp/cmake)
[0.661s] -- Found OpenSSL: /usr/lib/x86_64-linux-gnu/libcrypto.so (found version "3.0.2")  
[0.682s] -- Found FastRTPS: /opt/ros/humble/include  
[0.717s] -- Using RMW implementation 'rmw_fastrtps_cpp' as default
[0.724s] -- Looking for pthread.h
[0.777s] -- Looking for pthread.h - found
[0.777s] -- Performing Test CMAKE_HAVE_LIBC_PTHREAD
[0.828s] -- Performing Test CMAKE_HAVE_LIBC_PTHREAD - Success
[0.828s] -- Found Threads: TRUE  
[0.876s] -- Found ament_lint_auto: 0.12.11 (/opt/ros/humble/share/ament_lint_auto/cmake)
[0.954s] -- Added test 'copyright' to check source files copyright and LICENSE
[0.955s] -- Added test 'cppcheck' to perform static code analysis on C / C++ code
[0.955s] -- Configured cppcheck include dirs: /root/RBE500_Manipulator_Project/workspace/src/OpenManipulatorX_ROS2/DynamixelSDK/dynamixel_sdk_examples/include
[0.956s] -- Configured cppcheck exclude dirs and/or files: 
[0.956s] -- Added test 'cpplint' to check C / C++ code against the Google style
[0.957s] -- Configured cpplint exclude dirs and/or files: 
[0.957s] -- Added test 'lint_cmake' to check CMake code style
[0.959s] -- Added test 'uncrustify' to check C / C++ code style
[0.959s] -- Configured uncrustify additional arguments: 
[0.959s] -- Added test 'xmllint' to check XML markup files
[0.961s] -- Configuring done
[0.968s] -- Generating done
[0.970s] -- Build files have been written to: /root/RBE500_Manipulator_Project/workspace/build/dynamixel_sdk_examples
[0.978s] Invoked command in '/root/RBE500_Manipulator_Project/workspace/build/dynamixel_sdk_examples' returned '0': AMENT_PREFIX_PATH=/root/RBE500_Manipulator_Project/workspace/install/dynamixel_sdk_custom_interfaces:/root/RBE500_Manipulator_Project/workspace/install/dynamixel_sdk:${AMENT_PREFIX_PATH} CMAKE_PREFIX_PATH=/root/RBE500_Manipulator_Project/workspace/install/dynamixel_sdk_custom_interfaces:/root/RBE500_Manipulator_Project/workspace/install/dynamixel_sdk:/root/RBE500_Manipulator_Project/workspace/install/InverseKinematics:/root/RBE500_Manipulator_Project/workspace/install/ForwardKinematics:/opt/ros/humble LD_LIBRARY_PATH=/root/RBE500_Manipulator_Project/workspace/install/dynamixel_sdk_custom_interfaces/lib:/root/RBE500_Manipulator_Project/workspace/install/dynamixel_sdk/lib:${LD_LIBRARY_PATH} PYTHONPATH=/root/RBE500_Manipulator_Project/workspace/install/dynamixel_sdk_custom_interfaces/local/lib/python3.10/dist-packages:${PYTHONPATH} /usr/bin/cmake /root/RBE500_Manipulator_Project/workspace/src/OpenManipulatorX_ROS2/DynamixelSDK/dynamixel_sdk_examples -DCMAKE_INSTALL_PREFIX=/root/RBE500_Manipulator_Project/workspace/install/dynamixel_sdk_examples
[0.979s] Invoking command in '/root/RBE500_Manipulator_Project/workspace/build/dynamixel_sdk_examples': AMENT_PREFIX_PATH=/root/RBE500_Manipulator_Project/workspace/install/dynamixel_sdk_custom_interfaces:/root/RBE500_Manipulator_Project/workspace/install/dynamixel_sdk:${AMENT_PREFIX_PATH} CMAKE_PREFIX_PATH=/root/RBE500_Manipulator_Project/workspace/install/dynamixel_sdk_custom_interfaces:/root/RBE500_Manipulator_Project/workspace/install/dynamixel_sdk:/root/RBE500_Manipulator_Project/workspace/install/InverseKinematics:/root/RBE500_Manipulator_Project/workspace/install/ForwardKinematics:/opt/ros/humble LD_LIBRARY_PATH=/root/RBE500_Manipulator_Project/workspace/install/dynamixel_sdk_custom_interfaces/lib:/root/RBE500_Manipulator_Project/workspace/install/dynamixel_sdk/lib:${LD_LIBRARY_PATH} PYTHONPATH=/root/RBE500_Manipulator_Project/workspace/install/dynamixel_sdk_custom_interfaces/local/lib/python3.10/dist-packages:${PYTHONPATH} /usr/bin/cmake --build /root/RBE500_Manipulator_Project/workspace/build/dynamixel_sdk_examples -- -j12 -l12
[1.013s] [ 50%] [32mBuilding CXX object CMakeFiles/read_write_node.dir/src/read_write_node.cpp.o[0m
[9.715s] [100%] [32m[1mLinking CXX executable read_write_node[0m
[10.247s] [100%] Built target read_write_node
[10.262s] Invoked command in '/root/RBE500_Manipulator_Project/workspace/build/dynamixel_sdk_examples' returned '0': AMENT_PREFIX_PATH=/root/RBE500_Manipulator_Project/workspace/install/dynamixel_sdk_custom_interfaces:/root/RBE500_Manipulator_Project/workspace/install/dynamixel_sdk:${AMENT_PREFIX_PATH} CMAKE_PREFIX_PATH=/root/RBE500_Manipulator_Project/workspace/install/dynamixel_sdk_custom_interfaces:/root/RBE500_Manipulator_Project/workspace/install/dynamixel_sdk:/root/RBE500_Manipulator_Project/workspace/install/InverseKinematics:/root/RBE500_Manipulator_Project/workspace/install/ForwardKinematics:/opt/ros/humble LD_LIBRARY_PATH=/root/RBE500_Manipulator_Project/workspace/install/dynamixel_sdk_custom_interfaces/lib:/root/RBE500_Manipulator_Project/workspace/install/dynamixel_sdk/lib:${LD_LIBRARY_PATH} PYTHONPATH=/root/RBE500_Manipulator_Project/workspace/install/dynamixel_sdk_custom_interfaces/local/lib/python3.10/dist-packages:${PYTHONPATH} /usr/bin/cmake --build /root/RBE500_Manipulator_Project/workspace/build/dynamixel_sdk_examples -- -j12 -l12
[10.293s] Invoking command in '/root/RBE500_Manipulator_Project/workspace/build/dynamixel_sdk_examples': AMENT_PREFIX_PATH=/root/RBE500_Manipulator_Project/workspace/install/dynamixel_sdk_custom_interfaces:/root/RBE500_Manipulator_Project/workspace/install/dynamixel_sdk:${AMENT_PREFIX_PATH} CMAKE_PREFIX_PATH=/root/RBE500_Manipulator_Project/workspace/install/dynamixel_sdk_custom_interfaces:/root/RBE500_Manipulator_Project/workspace/install/dynamixel_sdk:/root/RBE500_Manipulator_Project/workspace/install/InverseKinematics:/root/RBE500_Manipulator_Project/workspace/install/ForwardKinematics:/opt/ros/humble LD_LIBRARY_PATH=/root/RBE500_Manipulator_Project/workspace/install/dynamixel_sdk_custom_interfaces/lib:/root/RBE500_Manipulator_Project/workspace/install/dynamixel_sdk/lib:${LD_LIBRARY_PATH} PYTHONPATH=/root/RBE500_Manipulator_Project/workspace/install/dynamixel_sdk_custom_interfaces/local/lib/python3.10/dist-packages:${PYTHONPATH} /usr/bin/cmake --install /root/RBE500_Manipulator_Project/workspace/build/dynamixel_sdk_examples
[10.300s] -- Install configuration: ""
[10.300s] -- Installing: /root/RBE500_Manipulator_Project/workspace/install/dynamixel_sdk_examples/lib/dynamixel_sdk_examples/read_write_node
[10.303s] -- Set runtime path of "/root/RBE500_Manipulator_Project/workspace/install/dynamixel_sdk_examples/lib/dynamixel_sdk_examples/read_write_node" to ""
[10.304s] -- Installing: /root/RBE500_Manipulator_Project/workspace/install/dynamixel_sdk_examples/share/ament_index/resource_index/package_run_dependencies/dynamixel_sdk_examples
[10.304s] -- Installing: /root/RBE500_Manipulator_Project/workspace/install/dynamixel_sdk_examples/share/ament_index/resource_index/parent_prefix_path/dynamixel_sdk_examples
[10.305s] -- Installing: /root/RBE500_Manipulator_Project/workspace/install/dynamixel_sdk_examples/share/dynamixel_sdk_examples/environment/ament_prefix_path.sh
[10.305s] -- Installing: /root/RBE500_Manipulator_Project/workspace/install/dynamixel_sdk_examples/share/dynamixel_sdk_examples/environment/ament_prefix_path.dsv
[10.305s] -- Installing: /root/RBE500_Manipulator_Project/workspace/install/dynamixel_sdk_examples/share/dynamixel_sdk_examples/environment/path.sh
[10.305s] -- Installing: /root/RBE500_Manipulator_Project/workspace/install/dynamixel_sdk_examples/share/dynamixel_sdk_examples/environment/path.dsv
[10.305s] -- Installing: /root/RBE500_Manipulator_Project/workspace/install/dynamixel_sdk_examples/share/dynamixel_sdk_examples/local_setup.bash
[10.305s] -- Installing: /root/RBE500_Manipulator_Project/workspace/install/dynamixel_sdk_examples/share/dynamixel_sdk_examples/local_setup.sh
[10.305s] -- Installing: /root/RBE500_Manipulator_Project/workspace/install/dynamixel_sdk_examples/share/dynamixel_sdk_examples/local_setup.zsh
[10.306s] -- Installing: /root/RBE500_Manipulator_Project/workspace/install/dynamixel_sdk_examples/share/dynamixel_sdk_examples/local_setup.dsv
[10.306s] -- Installing: /root/RBE500_Manipulator_Project/workspace/install/dynamixel_sdk_examples/share/dynamixel_sdk_examples/package.dsv
[10.306s] -- Installing: /root/RBE500_Manipulator_Project/workspace/install/dynamixel_sdk_examples/share/ament_index/resource_index/packages/dynamixel_sdk_examples
[10.307s] -- Installing: /root/RBE500_Manipulator_Project/workspace/install/dynamixel_sdk_examples/share/dynamixel_sdk_examples/cmake/dynamixel_sdk_examplesConfig.cmake
[10.307s] -- Installing: /root/RBE500_Manipulator_Project/workspace/install/dynamixel_sdk_examples/share/dynamixel_sdk_examples/cmake/dynamixel_sdk_examplesConfig-version.cmake
[10.308s] -- Installing: /root/RBE500_Manipulator_Project/workspace/install/dynamixel_sdk_examples/share/dynamixel_sdk_examples/package.xml
[10.311s] Invoked command in '/root/RBE500_Manipulator_Project/workspace/build/dynamixel_sdk_examples' returned '0': AMENT_PREFIX_PATH=/root/RBE500_Manipulator_Project/workspace/install/dynamixel_sdk_custom_interfaces:/root/RBE500_Manipulator_Project/workspace/install/dynamixel_sdk:${AMENT_PREFIX_PATH} CMAKE_PREFIX_PATH=/root/RBE500_Manipulator_Project/workspace/install/dynamixel_sdk_custom_interfaces:/root/RBE500_Manipulator_Project/workspace/install/dynamixel_sdk:/root/RBE500_Manipulator_Project/workspace/install/InverseKinematics:/root/RBE500_Manipulator_Project/workspace/install/ForwardKinematics:/opt/ros/humble LD_LIBRARY_PATH=/root/RBE500_Manipulator_Project/workspace/install/dynamixel_sdk_custom_interfaces/lib:/root/RBE500_Manipulator_Project/workspace/install/dynamixel_sdk/lib:${LD_LIBRARY_PATH} PYTHONPATH=/root/RBE500_Manipulator_Project/workspace/install/dynamixel_sdk_custom_interfaces/local/lib/python3.10/dist-packages:${PYTHONPATH} /usr/bin/cmake --install /root/RBE500_Manipulator_Project/workspace/build/dynamixel_sdk_examples
