[0.026s] Invoking command in '/root/RBE500_Manipulator_Project/workspace/build/dynamixel_sdk': CMAKE_PREFIX_PATH=/root/RBE500_Manipulator_Project/workspace/install/InverseKinematics:/root/RBE500_Manipulator_Project/workspace/install/ForwardKinematics:/opt/ros/humble /usr/bin/cmake /root/RBE500_Manipulator_Project/workspace/src/OpenManipulatorX_ROS2/DynamixelSDK/dynamixel_sdk -DCMAKE_INSTALL_PREFIX=/root/RBE500_Manipulator_Project/workspace/install/dynamixel_sdk
[0.283s] -- Found ament_cmake: 1.3.10 (/opt/ros/humble/share/ament_cmake/cmake)
[0.283s] -- Override CMake install command with custom implementation using symlinks instead of copying resources
[0.283s] -- Configuring done
[0.284s] -- Generating done
[0.284s] -- Build files have been written to: /root/RBE500_Manipulator_Project/workspace/build/dynamixel_sdk
[0.298s] Invoked command in '/root/RBE500_Manipulator_Project/workspace/build/dynamixel_sdk' returned '0': CMAKE_PREFIX_PATH=/root/RBE500_Manipulator_Project/workspace/install/InverseKinematics:/root/RBE500_Manipulator_Project/workspace/install/ForwardKinematics:/opt/ros/humble /usr/bin/cmake /root/RBE500_Manipulator_Project/workspace/src/OpenManipulatorX_ROS2/DynamixelSDK/dynamixel_sdk -DCMAKE_INSTALL_PREFIX=/root/RBE500_Manipulator_Project/workspace/install/dynamixel_sdk
[0.303s] Invoking command in '/root/RBE500_Manipulator_Project/workspace/build/dynamixel_sdk': CMAKE_PREFIX_PATH=/root/RBE500_Manipulator_Project/workspace/install/InverseKinematics:/root/RBE500_Manipulator_Project/workspace/install/ForwardKinematics:/opt/ros/humble /usr/bin/cmake --build /root/RBE500_Manipulator_Project/workspace/build/dynamixel_sdk -- -j12 -l12
[0.320s] [35m[1mConsolidate compiler generated dependencies of target dynamixel_sdk[0m
[0.333s] [100%] Built target dynamixel_sdk
[0.343s] Invoked command in '/root/RBE500_Manipulator_Project/workspace/build/dynamixel_sdk' returned '0': CMAKE_PREFIX_PATH=/root/RBE500_Manipulator_Project/workspace/install/InverseKinematics:/root/RBE500_Manipulator_Project/workspace/install/ForwardKinematics:/opt/ros/humble /usr/bin/cmake --build /root/RBE500_Manipulator_Project/workspace/build/dynamixel_sdk -- -j12 -l12
[0.373s] Invoking command in '/root/RBE500_Manipulator_Project/workspace/build/dynamixel_sdk': CMAKE_PREFIX_PATH=/root/RBE500_Manipulator_Project/workspace/install/InverseKinematics:/root/RBE500_Manipulator_Project/workspace/install/ForwardKinematics:/opt/ros/humble /usr/bin/cmake --install /root/RBE500_Manipulator_Project/workspace/build/dynamixel_sdk
[0.378s] -- Install configuration: ""
[0.379s] -- Execute custom install script
[0.379s] -- Up-to-date symlink: /root/RBE500_Manipulator_Project/workspace/install/dynamixel_sdk/include//dynamixel_sdk/dynamixel_sdk.h
[0.379s] -- Up-to-date symlink: /root/RBE500_Manipulator_Project/workspace/install/dynamixel_sdk/include//dynamixel_sdk/group_bulk_read.h
[0.379s] -- Up-to-date symlink: /root/RBE500_Manipulator_Project/workspace/install/dynamixel_sdk/include//dynamixel_sdk/group_bulk_write.h
[0.379s] -- Up-to-date symlink: /root/RBE500_Manipulator_Project/workspace/install/dynamixel_sdk/include//dynamixel_sdk/group_sync_read.h
[0.379s] -- Up-to-date symlink: /root/RBE500_Manipulator_Project/workspace/install/dynamixel_sdk/include//dynamixel_sdk/group_sync_write.h
[0.380s] -- Up-to-date symlink: /root/RBE500_Manipulator_Project/workspace/install/dynamixel_sdk/include//dynamixel_sdk/packet_handler.h
[0.380s] -- Up-to-date symlink: /root/RBE500_Manipulator_Project/workspace/install/dynamixel_sdk/include//dynamixel_sdk/port_handler.h
[0.380s] -- Up-to-date symlink: /root/RBE500_Manipulator_Project/workspace/install/dynamixel_sdk/include//dynamixel_sdk/port_handler_arduino.h
[0.380s] -- Up-to-date symlink: /root/RBE500_Manipulator_Project/workspace/install/dynamixel_sdk/include//dynamixel_sdk/port_handler_linux.h
[0.380s] -- Up-to-date symlink: /root/RBE500_Manipulator_Project/workspace/install/dynamixel_sdk/include//dynamixel_sdk/port_handler_mac.h
[0.380s] -- Up-to-date symlink: /root/RBE500_Manipulator_Project/workspace/install/dynamixel_sdk/include//dynamixel_sdk/port_handler_windows.h
[0.381s] -- Up-to-date symlink: /root/RBE500_Manipulator_Project/workspace/install/dynamixel_sdk/include//dynamixel_sdk/protocol1_packet_handler.h
[0.381s] -- Up-to-date symlink: /root/RBE500_Manipulator_Project/workspace/install/dynamixel_sdk/include//dynamixel_sdk/protocol2_packet_handler.h
[0.381s] -- Up-to-date symlink: /root/RBE500_Manipulator_Project/workspace/install/dynamixel_sdk/lib/libdynamixel_sdk.so
[0.381s] -- Up-to-date symlink: /root/RBE500_Manipulator_Project/workspace/install/dynamixel_sdk/share/dynamixel_sdk/environment/library_path.sh
[0.381s] -- Up-to-date symlink: /root/RBE500_Manipulator_Project/workspace/install/dynamixel_sdk/share/dynamixel_sdk/environment/library_path.dsv
[0.381s] -- Up-to-date symlink: /root/RBE500_Manipulator_Project/workspace/install/dynamixel_sdk/share/ament_index/resource_index/package_run_dependencies/dynamixel_sdk
[0.382s] -- Up-to-date symlink: /root/RBE500_Manipulator_Project/workspace/install/dynamixel_sdk/share/ament_index/resource_index/parent_prefix_path/dynamixel_sdk
[0.382s] -- Up-to-date symlink: /root/RBE500_Manipulator_Project/workspace/install/dynamixel_sdk/share/dynamixel_sdk/environment/ament_prefix_path.sh
[0.382s] -- Up-to-date symlink: /root/RBE500_Manipulator_Project/workspace/install/dynamixel_sdk/share/dynamixel_sdk/environment/ament_prefix_path.dsv
[0.382s] -- Up-to-date symlink: /root/RBE500_Manipulator_Project/workspace/install/dynamixel_sdk/share/dynamixel_sdk/environment/path.sh
[0.382s] -- Up-to-date symlink: /root/RBE500_Manipulator_Project/workspace/install/dynamixel_sdk/share/dynamixel_sdk/environment/path.dsv
[0.382s] -- Up-to-date symlink: /root/RBE500_Manipulator_Project/workspace/install/dynamixel_sdk/share/dynamixel_sdk/local_setup.bash
[0.383s] -- Up-to-date symlink: /root/RBE500_Manipulator_Project/workspace/install/dynamixel_sdk/share/dynamixel_sdk/local_setup.sh
[0.383s] -- Up-to-date symlink: /root/RBE500_Manipulator_Project/workspace/install/dynamixel_sdk/share/dynamixel_sdk/local_setup.zsh
[0.383s] -- Up-to-date symlink: /root/RBE500_Manipulator_Project/workspace/install/dynamixel_sdk/share/dynamixel_sdk/local_setup.dsv
[0.383s] -- Symlinking: /root/RBE500_Manipulator_Project/workspace/install/dynamixel_sdk/share/dynamixel_sdk/package.dsv
[0.387s] -- Up-to-date symlink: /root/RBE500_Manipulator_Project/workspace/install/dynamixel_sdk/share/ament_index/resource_index/packages/dynamixel_sdk
[0.388s] -- Up-to-date symlink: /root/RBE500_Manipulator_Project/workspace/install/dynamixel_sdk/share/dynamixel_sdk/cmake/ament_cmake_export_include_directories-extras.cmake
[0.388s] -- Up-to-date symlink: /root/RBE500_Manipulator_Project/workspace/install/dynamixel_sdk/share/dynamixel_sdk/cmake/ament_cmake_export_libraries-extras.cmake
[0.388s] -- Up-to-date symlink: /root/RBE500_Manipulator_Project/workspace/install/dynamixel_sdk/share/dynamixel_sdk/cmake/dynamixel_sdkConfig.cmake
[0.388s] -- Up-to-date symlink: /root/RBE500_Manipulator_Project/workspace/install/dynamixel_sdk/share/dynamixel_sdk/cmake/dynamixel_sdkConfig-version.cmake
[0.389s] -- Up-to-date symlink: /root/RBE500_Manipulator_Project/workspace/install/dynamixel_sdk/share/dynamixel_sdk/package.xml
[0.398s] Invoked command in '/root/RBE500_Manipulator_Project/workspace/build/dynamixel_sdk' returned '0': CMAKE_PREFIX_PATH=/root/RBE500_Manipulator_Project/workspace/install/InverseKinematics:/root/RBE500_Manipulator_Project/workspace/install/ForwardKinematics:/opt/ros/humble /usr/bin/cmake --install /root/RBE500_Manipulator_Project/workspace/build/dynamixel_sdk
