[0.126s] DEBUG:colcon:Command line arguments: ['/usr/bin/colcon', 'build']
[0.126s] DEBUG:colcon:Parsed command line arguments: Namespace(log_base=None, log_level=None, verb_name='build', build_base='build', install_base='install', merge_install=False, symlink_install=False, test_result_base=None, continue_on_error=False, executor='parallel', parallel_workers=12, event_handlers=None, ignore_user_meta=False, metas=['./colcon.meta'], base_paths=['.'], packages_ignore=None, packages_ignore_regex=None, paths=None, packages_up_to=None, packages_up_to_regex=None, packages_above=None, packages_above_and_dependencies=None, packages_above_depth=None, packages_select_by_dep=None, packages_skip_by_dep=None, packages_skip_up_to=None, packages_select_build_failed=False, packages_skip_build_finished=False, packages_select_test_failures=False, packages_skip_test_passed=False, packages_select=None, packages_skip=None, packages_select_regex=None, packages_skip_regex=None, packages_start=None, packages_end=None, allow_overriding=[], cmake_args=None, cmake_target=None, cmake_target_skip_unavailable=False, cmake_clean_cache=False, cmake_clean_first=False, cmake_force_configure=False, ament_cmake_args=None, catkin_cmake_args=None, catkin_skip_building_tests=False, verb_parser=<colcon_defaults.argument_parser.defaults.DefaultArgumentsDecorator object at 0x7f6f47fd3010>, verb_extension=<colcon_core.verb.build.BuildVerb object at 0x7f6f47fd2710>, main=<bound method BuildVerb.main of <colcon_core.verb.build.BuildVerb object at 0x7f6f47fd2710>>)
[0.248s] Level 1:colcon.colcon_core.package_discovery:discover_packages(colcon_meta) check parameters
[0.248s] Level 1:colcon.colcon_core.package_discovery:discover_packages(recursive) check parameters
[0.248s] Level 1:colcon.colcon_core.package_discovery:discover_packages(ignore) check parameters
[0.248s] Level 1:colcon.colcon_core.package_discovery:discover_packages(path) check parameters
[0.248s] Level 1:colcon.colcon_core.package_discovery:discover_packages(colcon_meta) discover
[0.248s] Level 1:colcon.colcon_core.package_discovery:discover_packages(recursive) discover
[0.248s] INFO:colcon.colcon_core.package_discovery:Crawling recursively for packages in '/root/RBE500_Manipulator_Project/workspace'
[0.248s] Level 1:colcon.colcon_core.package_identification:_identify(.) by extensions ['ignore', 'ignore_ament_install']
[0.248s] Level 1:colcon.colcon_core.package_identification:_identify(.) by extension 'ignore'
[0.248s] Level 1:colcon.colcon_core.package_identification:_identify(.) by extension 'ignore_ament_install'
[0.248s] Level 1:colcon.colcon_core.package_identification:_identify(.) by extensions ['colcon_pkg']
[0.248s] Level 1:colcon.colcon_core.package_identification:_identify(.) by extension 'colcon_pkg'
[0.248s] Level 1:colcon.colcon_core.package_identification:_identify(.) by extensions ['colcon_meta']
[0.248s] Level 1:colcon.colcon_core.package_identification:_identify(.) by extension 'colcon_meta'
[0.248s] Level 1:colcon.colcon_core.package_identification:_identify(.) by extensions ['ros']
[0.249s] Level 1:colcon.colcon_core.package_identification:_identify(.) by extension 'ros'
[0.257s] Level 1:colcon.colcon_core.package_identification:_identify(.) by extensions ['cmake', 'python']
[0.257s] Level 1:colcon.colcon_core.package_identification:_identify(.) by extension 'cmake'
[0.257s] Level 1:colcon.colcon_core.package_identification:_identify(.) by extension 'python'
[0.257s] Level 1:colcon.colcon_core.package_identification:_identify(.) by extensions ['python_setup_py']
[0.257s] Level 1:colcon.colcon_core.package_identification:_identify(.) by extension 'python_setup_py'
[0.257s] Level 1:colcon.colcon_core.package_identification:_identify(build) by extensions ['ignore', 'ignore_ament_install']
[0.257s] Level 1:colcon.colcon_core.package_identification:_identify(build) by extension 'ignore'
[0.257s] Level 1:colcon.colcon_core.package_identification:_identify(build) ignored
[0.257s] Level 1:colcon.colcon_core.package_identification:_identify(install) by extensions ['ignore', 'ignore_ament_install']
[0.257s] Level 1:colcon.colcon_core.package_identification:_identify(install) by extension 'ignore'
[0.257s] Level 1:colcon.colcon_core.package_identification:_identify(install) ignored
[0.258s] Level 1:colcon.colcon_core.package_identification:_identify(log) by extensions ['ignore', 'ignore_ament_install']
[0.258s] Level 1:colcon.colcon_core.package_identification:_identify(log) by extension 'ignore'
[0.258s] Level 1:colcon.colcon_core.package_identification:_identify(log) ignored
[0.258s] Level 1:colcon.colcon_core.package_identification:_identify(src) by extensions ['ignore', 'ignore_ament_install']
[0.258s] Level 1:colcon.colcon_core.package_identification:_identify(src) by extension 'ignore'
[0.258s] Level 1:colcon.colcon_core.package_identification:_identify(src) by extension 'ignore_ament_install'
[0.258s] Level 1:colcon.colcon_core.package_identification:_identify(src) by extensions ['colcon_pkg']
[0.258s] Level 1:colcon.colcon_core.package_identification:_identify(src) by extension 'colcon_pkg'
[0.258s] Level 1:colcon.colcon_core.package_identification:_identify(src) by extensions ['colcon_meta']
[0.258s] Level 1:colcon.colcon_core.package_identification:_identify(src) by extension 'colcon_meta'
[0.258s] Level 1:colcon.colcon_core.package_identification:_identify(src) by extensions ['ros']
[0.258s] Level 1:colcon.colcon_core.package_identification:_identify(src) by extension 'ros'
[0.258s] Level 1:colcon.colcon_core.package_identification:_identify(src) by extensions ['cmake', 'python']
[0.258s] Level 1:colcon.colcon_core.package_identification:_identify(src) by extension 'cmake'
[0.258s] Level 1:colcon.colcon_core.package_identification:_identify(src) by extension 'python'
[0.258s] Level 1:colcon.colcon_core.package_identification:_identify(src) by extensions ['python_setup_py']
[0.258s] Level 1:colcon.colcon_core.package_identification:_identify(src) by extension 'python_setup_py'
[0.258s] Level 1:colcon.colcon_core.package_identification:_identify(src/ForwardKinematics) by extensions ['ignore', 'ignore_ament_install']
[0.258s] Level 1:colcon.colcon_core.package_identification:_identify(src/ForwardKinematics) by extension 'ignore'
[0.259s] Level 1:colcon.colcon_core.package_identification:_identify(src/ForwardKinematics) by extension 'ignore_ament_install'
[0.259s] Level 1:colcon.colcon_core.package_identification:_identify(src/ForwardKinematics) by extensions ['colcon_pkg']
[0.259s] Level 1:colcon.colcon_core.package_identification:_identify(src/ForwardKinematics) by extension 'colcon_pkg'
[0.259s] Level 1:colcon.colcon_core.package_identification:_identify(src/ForwardKinematics) by extensions ['colcon_meta']
[0.259s] Level 1:colcon.colcon_core.package_identification:_identify(src/ForwardKinematics) by extension 'colcon_meta'
[0.259s] Level 1:colcon.colcon_core.package_identification:_identify(src/ForwardKinematics) by extensions ['ros']
[0.259s] Level 1:colcon.colcon_core.package_identification:_identify(src/ForwardKinematics) by extension 'ros'
[0.262s] DEBUG:colcon.colcon_core.package_identification:Package 'src/ForwardKinematics' with type 'ros.ament_python' and name 'ForwardKinematics'
[0.262s] Level 1:colcon.colcon_core.package_identification:_identify(src/InverseKinematics) by extensions ['ignore', 'ignore_ament_install']
[0.262s] Level 1:colcon.colcon_core.package_identification:_identify(src/InverseKinematics) by extension 'ignore'
[0.262s] Level 1:colcon.colcon_core.package_identification:_identify(src/InverseKinematics) by extension 'ignore_ament_install'
[0.263s] Level 1:colcon.colcon_core.package_identification:_identify(src/InverseKinematics) by extensions ['colcon_pkg']
[0.263s] Level 1:colcon.colcon_core.package_identification:_identify(src/InverseKinematics) by extension 'colcon_pkg'
[0.263s] Level 1:colcon.colcon_core.package_identification:_identify(src/InverseKinematics) by extensions ['colcon_meta']
[0.263s] Level 1:colcon.colcon_core.package_identification:_identify(src/InverseKinematics) by extension 'colcon_meta'
[0.263s] Level 1:colcon.colcon_core.package_identification:_identify(src/InverseKinematics) by extensions ['ros']
[0.263s] Level 1:colcon.colcon_core.package_identification:_identify(src/InverseKinematics) by extension 'ros'
[0.263s] DEBUG:colcon.colcon_core.package_identification:Package 'src/InverseKinematics' with type 'ros.ament_python' and name 'InverseKinematics'
[0.264s] Level 1:colcon.colcon_core.package_discovery:discover_packages(recursive) using defaults
[0.264s] Level 1:colcon.colcon_core.package_discovery:discover_packages(ignore) discover
[0.264s] Level 1:colcon.colcon_core.package_discovery:discover_packages(ignore) using defaults
[0.264s] Level 1:colcon.colcon_core.package_discovery:discover_packages(path) discover
[0.264s] Level 1:colcon.colcon_core.package_discovery:discover_packages(path) using defaults
[0.287s] Level 1:colcon.colcon_core.package_discovery:discover_packages(prefix_path) check parameters
[0.287s] Level 1:colcon.colcon_core.package_discovery:discover_packages(prefix_path) discover
[0.290s] DEBUG:colcon.colcon_installed_package_information.package_discovery:Found 314 installed packages in /opt/ros/humble
[0.292s] Level 1:colcon.colcon_core.package_discovery:discover_packages(prefix_path) using defaults
[0.426s] Level 5:colcon.colcon_core.verb:set package 'ForwardKinematics' build argument 'cmake_args' from command line to 'None'
[0.426s] Level 5:colcon.colcon_core.verb:set package 'ForwardKinematics' build argument 'cmake_target' from command line to 'None'
[0.426s] Level 5:colcon.colcon_core.verb:set package 'ForwardKinematics' build argument 'cmake_target_skip_unavailable' from command line to 'False'
[0.426s] Level 5:colcon.colcon_core.verb:set package 'ForwardKinematics' build argument 'cmake_clean_cache' from command line to 'False'
[0.426s] Level 5:colcon.colcon_core.verb:set package 'ForwardKinematics' build argument 'cmake_clean_first' from command line to 'False'
[0.426s] Level 5:colcon.colcon_core.verb:set package 'ForwardKinematics' build argument 'cmake_force_configure' from command line to 'False'
[0.426s] Level 5:colcon.colcon_core.verb:set package 'ForwardKinematics' build argument 'ament_cmake_args' from command line to 'None'
[0.426s] Level 5:colcon.colcon_core.verb:set package 'ForwardKinematics' build argument 'catkin_cmake_args' from command line to 'None'
[0.426s] Level 5:colcon.colcon_core.verb:set package 'ForwardKinematics' build argument 'catkin_skip_building_tests' from command line to 'False'
[0.426s] DEBUG:colcon.colcon_core.verb:Building package 'ForwardKinematics' with the following arguments: {'ament_cmake_args': None, 'build_base': '/root/RBE500_Manipulator_Project/workspace/build/ForwardKinematics', 'catkin_cmake_args': None, 'catkin_skip_building_tests': False, 'cmake_args': None, 'cmake_clean_cache': False, 'cmake_clean_first': False, 'cmake_force_configure': False, 'cmake_target': None, 'cmake_target_skip_unavailable': False, 'install_base': '/root/RBE500_Manipulator_Project/workspace/install/ForwardKinematics', 'merge_install': False, 'path': '/root/RBE500_Manipulator_Project/workspace/src/ForwardKinematics', 'symlink_install': False, 'test_result_base': None}
[0.427s] Level 5:colcon.colcon_core.verb:set package 'InverseKinematics' build argument 'cmake_args' from command line to 'None'
[0.427s] Level 5:colcon.colcon_core.verb:set package 'InverseKinematics' build argument 'cmake_target' from command line to 'None'
[0.427s] Level 5:colcon.colcon_core.verb:set package 'InverseKinematics' build argument 'cmake_target_skip_unavailable' from command line to 'False'
[0.427s] Level 5:colcon.colcon_core.verb:set package 'InverseKinematics' build argument 'cmake_clean_cache' from command line to 'False'
[0.427s] Level 5:colcon.colcon_core.verb:set package 'InverseKinematics' build argument 'cmake_clean_first' from command line to 'False'
[0.427s] Level 5:colcon.colcon_core.verb:set package 'InverseKinematics' build argument 'cmake_force_configure' from command line to 'False'
[0.427s] Level 5:colcon.colcon_core.verb:set package 'InverseKinematics' build argument 'ament_cmake_args' from command line to 'None'
[0.427s] Level 5:colcon.colcon_core.verb:set package 'InverseKinematics' build argument 'catkin_cmake_args' from command line to 'None'
[0.427s] Level 5:colcon.colcon_core.verb:set package 'InverseKinematics' build argument 'catkin_skip_building_tests' from command line to 'False'
[0.427s] DEBUG:colcon.colcon_core.verb:Building package 'InverseKinematics' with the following arguments: {'ament_cmake_args': None, 'build_base': '/root/RBE500_Manipulator_Project/workspace/build/InverseKinematics', 'catkin_cmake_args': None, 'catkin_skip_building_tests': False, 'cmake_args': None, 'cmake_clean_cache': False, 'cmake_clean_first': False, 'cmake_force_configure': False, 'cmake_target': None, 'cmake_target_skip_unavailable': False, 'install_base': '/root/RBE500_Manipulator_Project/workspace/install/InverseKinematics', 'merge_install': False, 'path': '/root/RBE500_Manipulator_Project/workspace/src/InverseKinematics', 'symlink_install': False, 'test_result_base': None}
[0.427s] INFO:colcon.colcon_core.executor:Executing jobs using 'parallel' executor
[0.428s] DEBUG:colcon.colcon_parallel_executor.executor.parallel:run_until_complete
[0.428s] INFO:colcon.colcon_ros.task.ament_python.build:Building ROS package in '/root/RBE500_Manipulator_Project/workspace/src/ForwardKinematics' with build type 'ament_python'
[0.428s] Level 1:colcon.colcon_core.shell:create_environment_hook('ForwardKinematics', 'ament_prefix_path')
[0.431s] INFO:colcon.colcon_core.plugin_system:Skipping extension 'colcon_core.shell.bat': Not used on non-Windows systems
[0.431s] INFO:colcon.colcon_core.shell:Creating environment hook '/root/RBE500_Manipulator_Project/workspace/install/ForwardKinematics/share/ForwardKinematics/hook/ament_prefix_path.ps1'
[0.432s] INFO:colcon.colcon_core.shell:Creating environment descriptor '/root/RBE500_Manipulator_Project/workspace/install/ForwardKinematics/share/ForwardKinematics/hook/ament_prefix_path.dsv'
[0.432s] INFO:colcon.colcon_core.shell:Creating environment hook '/root/RBE500_Manipulator_Project/workspace/install/ForwardKinematics/share/ForwardKinematics/hook/ament_prefix_path.sh'
[0.433s] INFO:colcon.colcon_core.shell:Skip shell extension 'powershell' for command environment: Not usable outside of PowerShell
[0.433s] DEBUG:colcon.colcon_core.shell:Skip shell extension 'dsv' for command environment
[0.435s] INFO:colcon.colcon_ros.task.ament_python.build:Building ROS package in '/root/RBE500_Manipulator_Project/workspace/src/InverseKinematics' with build type 'ament_python'
[0.435s] Level 1:colcon.colcon_core.shell:create_environment_hook('InverseKinematics', 'ament_prefix_path')
[0.436s] INFO:colcon.colcon_core.shell:Creating environment hook '/root/RBE500_Manipulator_Project/workspace/install/InverseKinematics/share/InverseKinematics/hook/ament_prefix_path.ps1'
[0.436s] INFO:colcon.colcon_core.shell:Creating environment descriptor '/root/RBE500_Manipulator_Project/workspace/install/InverseKinematics/share/InverseKinematics/hook/ament_prefix_path.dsv'
[0.437s] INFO:colcon.colcon_core.shell:Creating environment hook '/root/RBE500_Manipulator_Project/workspace/install/InverseKinematics/share/InverseKinematics/hook/ament_prefix_path.sh'
[0.437s] INFO:colcon.colcon_core.shell:Skip shell extension 'powershell' for command environment: Not usable outside of PowerShell
[0.437s] DEBUG:colcon.colcon_core.shell:Skip shell extension 'dsv' for command environment
[0.624s] INFO:colcon.colcon_core.task.python.build:Building Python package in '/root/RBE500_Manipulator_Project/workspace/src/ForwardKinematics'
[0.624s] INFO:colcon.colcon_core.shell:Skip shell extension 'powershell' for command environment: Not usable outside of PowerShell
[0.624s] DEBUG:colcon.colcon_core.shell:Skip shell extension 'dsv' for command environment
[0.813s] INFO:colcon.colcon_core.task.python.build:Building Python package in '/root/RBE500_Manipulator_Project/workspace/src/InverseKinematics'
[0.813s] INFO:colcon.colcon_core.shell:Skip shell extension 'powershell' for command environment: Not usable outside of PowerShell
[0.813s] DEBUG:colcon.colcon_core.shell:Skip shell extension 'dsv' for command environment
[1.116s] DEBUG:colcon.colcon_core.event_handler.log_command:Invoking command in '/root/RBE500_Manipulator_Project/workspace/src/InverseKinematics': PYTHONPATH=/root/RBE500_Manipulator_Project/workspace/build/InverseKinematics/prefix_override:/usr/lib/python3/dist-packages/colcon_core/task/python/colcon_distutils_commands:/root/RBE500_Manipulator_Project/workspace/install/InverseKinematics/lib/python3.10/site-packages:${PYTHONPATH} /usr/bin/python3 -W ignore:setup.py install is deprecated setup.py egg_info --egg-base ../../build/InverseKinematics build --build-base /root/RBE500_Manipulator_Project/workspace/build/InverseKinematics/build install --record /root/RBE500_Manipulator_Project/workspace/build/InverseKinematics/install.log --single-version-externally-managed install_data
[1.120s] DEBUG:colcon.colcon_core.event_handler.log_command:Invoking command in '/root/RBE500_Manipulator_Project/workspace/src/ForwardKinematics': PYTHONPATH=/root/RBE500_Manipulator_Project/workspace/build/ForwardKinematics/prefix_override:/usr/lib/python3/dist-packages/colcon_core/task/python/colcon_distutils_commands:/root/RBE500_Manipulator_Project/workspace/install/ForwardKinematics/lib/python3.10/site-packages:${PYTHONPATH} /usr/bin/python3 -W ignore:setup.py install is deprecated setup.py egg_info --egg-base ../../build/ForwardKinematics build --build-base /root/RBE500_Manipulator_Project/workspace/build/ForwardKinematics/build install --record /root/RBE500_Manipulator_Project/workspace/build/ForwardKinematics/install.log --single-version-externally-managed install_data
[1.348s] DEBUG:colcon.colcon_core.event_handler.log_command:Invoked command in '/root/RBE500_Manipulator_Project/workspace/src/InverseKinematics' returned '0': PYTHONPATH=/root/RBE500_Manipulator_Project/workspace/build/InverseKinematics/prefix_override:/usr/lib/python3/dist-packages/colcon_core/task/python/colcon_distutils_commands:/root/RBE500_Manipulator_Project/workspace/install/InverseKinematics/lib/python3.10/site-packages:${PYTHONPATH} /usr/bin/python3 -W ignore:setup.py install is deprecated setup.py egg_info --egg-base ../../build/InverseKinematics build --build-base /root/RBE500_Manipulator_Project/workspace/build/InverseKinematics/build install --record /root/RBE500_Manipulator_Project/workspace/build/InverseKinematics/install.log --single-version-externally-managed install_data
[1.351s] Level 1:colcon.colcon_core.environment:checking '/root/RBE500_Manipulator_Project/workspace/install/InverseKinematics' for CMake module files
[1.352s] Level 1:colcon.colcon_core.environment:checking '/root/RBE500_Manipulator_Project/workspace/install/InverseKinematics' for CMake config files
[1.352s] Level 1:colcon.colcon_core.environment:checking '/root/RBE500_Manipulator_Project/workspace/install/InverseKinematics/lib'
[1.352s] Level 1:colcon.colcon_core.environment:checking '/root/RBE500_Manipulator_Project/workspace/install/InverseKinematics/bin'
[1.352s] Level 1:colcon.colcon_core.environment:checking '/root/RBE500_Manipulator_Project/workspace/install/InverseKinematics/lib/pkgconfig/InverseKinematics.pc'
[1.353s] Level 1:colcon.colcon_core.environment:checking '/root/RBE500_Manipulator_Project/workspace/install/InverseKinematics/lib/python3.10/site-packages'
[1.353s] Level 1:colcon.colcon_core.shell:create_environment_hook('InverseKinematics', 'pythonpath')
[1.353s] INFO:colcon.colcon_core.shell:Creating environment hook '/root/RBE500_Manipulator_Project/workspace/install/InverseKinematics/share/InverseKinematics/hook/pythonpath.ps1'
[1.353s] INFO:colcon.colcon_core.shell:Creating environment descriptor '/root/RBE500_Manipulator_Project/workspace/install/InverseKinematics/share/InverseKinematics/hook/pythonpath.dsv'
[1.353s] INFO:colcon.colcon_core.shell:Creating environment hook '/root/RBE500_Manipulator_Project/workspace/install/InverseKinematics/share/InverseKinematics/hook/pythonpath.sh'
[1.354s] Level 1:colcon.colcon_core.environment:checking '/root/RBE500_Manipulator_Project/workspace/install/InverseKinematics/bin'
[1.354s] Level 1:colcon.colcon_core.environment:create_environment_scripts_only(InverseKinematics)
[1.354s] INFO:colcon.colcon_core.shell:Creating package script '/root/RBE500_Manipulator_Project/workspace/install/InverseKinematics/share/InverseKinematics/package.ps1'
[1.355s] INFO:colcon.colcon_core.shell:Creating package descriptor '/root/RBE500_Manipulator_Project/workspace/install/InverseKinematics/share/InverseKinematics/package.dsv'
[1.355s] INFO:colcon.colcon_core.shell:Creating package script '/root/RBE500_Manipulator_Project/workspace/install/InverseKinematics/share/InverseKinematics/package.sh'
[1.356s] INFO:colcon.colcon_core.shell:Creating package script '/root/RBE500_Manipulator_Project/workspace/install/InverseKinematics/share/InverseKinematics/package.bash'
[1.357s] INFO:colcon.colcon_core.shell:Creating package script '/root/RBE500_Manipulator_Project/workspace/install/InverseKinematics/share/InverseKinematics/package.zsh'
[1.358s] Level 1:colcon.colcon_core.environment:create_file_with_runtime_dependencies(/root/RBE500_Manipulator_Project/workspace/install/InverseKinematics/share/colcon-core/packages/InverseKinematics)
[1.359s] Level 1:colcon.colcon_core.environment:checking '/root/RBE500_Manipulator_Project/workspace/install/ForwardKinematics' for CMake module files
[1.359s] DEBUG:colcon.colcon_core.event_handler.log_command:Invoked command in '/root/RBE500_Manipulator_Project/workspace/src/ForwardKinematics' returned '0': PYTHONPATH=/root/RBE500_Manipulator_Project/workspace/build/ForwardKinematics/prefix_override:/usr/lib/python3/dist-packages/colcon_core/task/python/colcon_distutils_commands:/root/RBE500_Manipulator_Project/workspace/install/ForwardKinematics/lib/python3.10/site-packages:${PYTHONPATH} /usr/bin/python3 -W ignore:setup.py install is deprecated setup.py egg_info --egg-base ../../build/ForwardKinematics build --build-base /root/RBE500_Manipulator_Project/workspace/build/ForwardKinematics/build install --record /root/RBE500_Manipulator_Project/workspace/build/ForwardKinematics/install.log --single-version-externally-managed install_data
[1.360s] Level 1:colcon.colcon_core.environment:checking '/root/RBE500_Manipulator_Project/workspace/install/ForwardKinematics' for CMake config files
[1.360s] Level 1:colcon.colcon_core.environment:checking '/root/RBE500_Manipulator_Project/workspace/install/ForwardKinematics/lib'
[1.360s] Level 1:colcon.colcon_core.environment:checking '/root/RBE500_Manipulator_Project/workspace/install/ForwardKinematics/bin'
[1.360s] Level 1:colcon.colcon_core.environment:checking '/root/RBE500_Manipulator_Project/workspace/install/ForwardKinematics/lib/pkgconfig/ForwardKinematics.pc'
[1.360s] Level 1:colcon.colcon_core.environment:checking '/root/RBE500_Manipulator_Project/workspace/install/ForwardKinematics/lib/python3.10/site-packages'
[1.360s] Level 1:colcon.colcon_core.shell:create_environment_hook('ForwardKinematics', 'pythonpath')
[1.361s] INFO:colcon.colcon_core.shell:Creating environment hook '/root/RBE500_Manipulator_Project/workspace/install/ForwardKinematics/share/ForwardKinematics/hook/pythonpath.ps1'
[1.361s] INFO:colcon.colcon_core.shell:Creating environment descriptor '/root/RBE500_Manipulator_Project/workspace/install/ForwardKinematics/share/ForwardKinematics/hook/pythonpath.dsv'
[1.361s] INFO:colcon.colcon_core.shell:Creating environment hook '/root/RBE500_Manipulator_Project/workspace/install/ForwardKinematics/share/ForwardKinematics/hook/pythonpath.sh'
[1.361s] Level 1:colcon.colcon_core.environment:checking '/root/RBE500_Manipulator_Project/workspace/install/ForwardKinematics/bin'
[1.362s] Level 1:colcon.colcon_core.environment:create_environment_scripts_only(ForwardKinematics)
[1.362s] INFO:colcon.colcon_core.shell:Creating package script '/root/RBE500_Manipulator_Project/workspace/install/ForwardKinematics/share/ForwardKinematics/package.ps1'
[1.362s] INFO:colcon.colcon_core.shell:Creating package descriptor '/root/RBE500_Manipulator_Project/workspace/install/ForwardKinematics/share/ForwardKinematics/package.dsv'
[1.362s] INFO:colcon.colcon_core.shell:Creating package script '/root/RBE500_Manipulator_Project/workspace/install/ForwardKinematics/share/ForwardKinematics/package.sh'
[1.363s] INFO:colcon.colcon_core.shell:Creating package script '/root/RBE500_Manipulator_Project/workspace/install/ForwardKinematics/share/ForwardKinematics/package.bash'
[1.363s] INFO:colcon.colcon_core.shell:Creating package script '/root/RBE500_Manipulator_Project/workspace/install/ForwardKinematics/share/ForwardKinematics/package.zsh'
[1.363s] Level 1:colcon.colcon_core.environment:create_file_with_runtime_dependencies(/root/RBE500_Manipulator_Project/workspace/install/ForwardKinematics/share/colcon-core/packages/ForwardKinematics)
[1.364s] DEBUG:colcon.colcon_parallel_executor.executor.parallel:closing loop
[1.364s] DEBUG:colcon.colcon_parallel_executor.executor.parallel:loop closed
[1.364s] DEBUG:colcon.colcon_parallel_executor.executor.parallel:run_until_complete finished with '0'
[1.364s] DEBUG:colcon.colcon_core.event_reactor:joining thread
[1.378s] INFO:colcon.colcon_core.plugin_system:Skipping extension 'colcon_notification.desktop_notification.notify_send': Could not find 'notify-send'
[1.378s] INFO:colcon.colcon_core.plugin_system:Skipping extension 'colcon_notification.desktop_notification.terminal_notifier': Not used on non-Darwin systems
[1.379s] INFO:colcon.colcon_core.plugin_system:Skipping extension 'colcon_notification.desktop_notification.win32': Not used on non-Windows systems
[1.379s] INFO:colcon.colcon_notification.desktop_notification:Sending desktop notification using 'notify2'
[1.379s] DEBUG:colcon.colcon_notification.desktop_notification.notify2:Failed to initialize notify2: org.freedesktop.DBus.Error.NotSupported: Unable to autolaunch a dbus-daemon without a $DISPLAY for X11
[1.379s] DEBUG:colcon.colcon_core.event_reactor:joined thread
[1.379s] INFO:colcon.colcon_core.shell:Creating prefix script '/root/RBE500_Manipulator_Project/workspace/install/local_setup.ps1'
[1.380s] INFO:colcon.colcon_core.shell:Creating prefix util module '/root/RBE500_Manipulator_Project/workspace/install/_local_setup_util_ps1.py'
[1.381s] INFO:colcon.colcon_core.shell:Creating prefix chain script '/root/RBE500_Manipulator_Project/workspace/install/setup.ps1'
[1.382s] INFO:colcon.colcon_core.shell:Creating prefix script '/root/RBE500_Manipulator_Project/workspace/install/local_setup.sh'
[1.382s] INFO:colcon.colcon_core.shell:Creating prefix util module '/root/RBE500_Manipulator_Project/workspace/install/_local_setup_util_sh.py'
[1.382s] INFO:colcon.colcon_core.shell:Creating prefix chain script '/root/RBE500_Manipulator_Project/workspace/install/setup.sh'
[1.383s] INFO:colcon.colcon_core.shell:Creating prefix script '/root/RBE500_Manipulator_Project/workspace/install/local_setup.bash'
[1.384s] INFO:colcon.colcon_core.shell:Creating prefix chain script '/root/RBE500_Manipulator_Project/workspace/install/setup.bash'
[1.385s] INFO:colcon.colcon_core.shell:Creating prefix script '/root/RBE500_Manipulator_Project/workspace/install/local_setup.zsh'
[1.385s] INFO:colcon.colcon_core.shell:Creating prefix chain script '/root/RBE500_Manipulator_Project/workspace/install/setup.zsh'
