[0.199s] Invoking command in '/root/RBE500_Manipulator_Project/ws_2/build/velocity_kinematics_interfaces': CMAKE_PREFIX_PATH=${CMAKE_PREFIX_PATH}:/opt/ros/humble /usr/bin/cmake --build /root/RBE500_Manipulator_Project/ws_2/build/velocity_kinematics_interfaces -- -j12 -l12
[0.220s] -- Found ament_cmake: 1.3.10 (/opt/ros/humble/share/ament_cmake/cmake)
[0.350s] -- Found rclpy: 3.3.14 (/opt/ros/humble/share/rclpy/cmake)
[0.350s] -- Found std_msgs: 4.2.4 (/opt/ros/humble/share/std_msgs/cmake)
[0.380s] -- Found rosidl_generator_c: 3.1.5 (/opt/ros/humble/share/rosidl_generator_c/cmake)
[0.383s] -- Found rosidl_adapter: 3.1.5 (/opt/ros/humble/share/rosidl_adapter/cmake)
[0.391s] -- Found rosidl_generator_cpp: 3.1.5 (/opt/ros/humble/share/rosidl_generator_cpp/cmake)
[0.405s] -- Using all available rosidl_typesupport_c: rosidl_typesupport_fastrtps_c;rosidl_typesupport_introspection_c
[0.419s] -- Using all available rosidl_typesupport_cpp: rosidl_typesupport_fastrtps_cpp;rosidl_typesupport_introspection_cpp
[0.444s] -- Found rosidl_default_generators: 1.2.0 (/opt/ros/humble/share/rosidl_default_generators/cmake)
[0.452s] -- Found ament_lint_auto: 0.12.11 (/opt/ros/humble/share/ament_lint_auto/cmake)
[0.659s] -- Found ament_cmake_ros: 0.10.0 (/opt/ros/humble/share/ament_cmake_ros/cmake)
[0.886s] -- Using all available rosidl_typesupport_c: rosidl_typesupport_fastrtps_c;rosidl_typesupport_introspection_c
[0.970s] -- Using all available rosidl_typesupport_cpp: rosidl_typesupport_fastrtps_cpp;rosidl_typesupport_introspection_cpp
[0.988s] -- Found python_cmake_module: 0.10.0 (/opt/ros/humble/share/python_cmake_module/cmake)
[1.005s] -- Using PYTHON_EXECUTABLE: /usr/bin/python3
[1.005s] -- Using PYTHON_INCLUDE_DIRS: /usr/include/python3.10
[1.005s] -- Using PYTHON_LIBRARIES: /usr/lib/x86_64-linux-gnu/libpython3.10.so
[1.018s] -- Added test 'lint_cmake' to check CMake code style
[1.019s] -- Added test 'xmllint' to check XML markup files
[1.026s] -- Configuring done
[1.053s] -- Generating done
[1.055s] -- Build files have been written to: /root/RBE500_Manipulator_Project/ws_2/build/velocity_kinematics_interfaces
[1.070s] [  2%] [34m[1mGenerating C code for ROS interfaces[0m
[1.077s] [  5%] [34m[1mGenerating C++ code for ROS interfaces[0m
[1.083s] [  5%] Built target ament_cmake_python_copy_velocity_kinematics_interfaces
[1.273s] running egg_info
[1.274s] writing velocity_kinematics_interfaces.egg-info/PKG-INFO
[1.274s] writing dependency_links to velocity_kinematics_interfaces.egg-info/dependency_links.txt
[1.274s] writing top-level names to velocity_kinematics_interfaces.egg-info/top_level.txt
[1.276s] reading manifest file 'velocity_kinematics_interfaces.egg-info/SOURCES.txt'
[1.276s] writing manifest file 'velocity_kinematics_interfaces.egg-info/SOURCES.txt'
[1.295s] [  5%] Built target ament_cmake_python_build_velocity_kinematics_interfaces_egg
[1.402s] [  5%] Built target velocity_kinematics_interfaces__cpp
[1.409s] [  7%] [34m[1mGenerating C++ introspection for ROS interfaces[0m
[1.410s] [ 10%] [34m[1mGenerating C++ type support dispatch for ROS interfaces[0m
[1.411s] [ 12%] [34m[1mGenerating C++ type support for eProsima Fast-RTPS[0m
[1.415s] [ 17%] [32mBuilding C object CMakeFiles/velocity_kinematics_interfaces__rosidl_generator_c.dir/rosidl_generator_c/velocity_kinematics_interfaces/srv/detail/end_effector_to_joint__functions.c.o[0m
[1.415s] [ 17%] [32mBuilding C object CMakeFiles/velocity_kinematics_interfaces__rosidl_generator_c.dir/rosidl_generator_c/velocity_kinematics_interfaces/srv/detail/joint_to_end_effector__functions.c.o[0m
[1.533s] [ 20%] [32m[1mLinking C shared library libvelocity_kinematics_interfaces__rosidl_generator_c.so[0m
[1.565s] [ 20%] Built target velocity_kinematics_interfaces__rosidl_generator_c
[1.572s] [ 25%] [34m[1mGenerating C introspection for ROS interfaces[0m
[1.572s] [ 25%] [34m[1mGenerating C type support dispatch for ROS interfaces[0m
[1.573s] [ 28%] [34m[1mGenerating C type support for eProsima Fast-RTPS[0m
[1.705s] [ 30%] [32mBuilding CXX object CMakeFiles/velocity_kinematics_interfaces__rosidl_typesupport_cpp.dir/rosidl_typesupport_cpp/velocity_kinematics_interfaces/srv/joint_to_end_effector__type_support.cpp.o[0m
[1.706s] [ 33%] [32mBuilding CXX object CMakeFiles/velocity_kinematics_interfaces__rosidl_typesupport_cpp.dir/rosidl_typesupport_cpp/velocity_kinematics_interfaces/srv/end_effector_to_joint__type_support.cpp.o[0m
[1.738s] [ 35%] [32mBuilding CXX object CMakeFiles/velocity_kinematics_interfaces__rosidl_typesupport_introspection_cpp.dir/rosidl_typesupport_introspection_cpp/velocity_kinematics_interfaces/srv/detail/joint_to_end_effector__type_support.cpp.o[0m
[1.738s] [ 38%] [32mBuilding CXX object CMakeFiles/velocity_kinematics_interfaces__rosidl_typesupport_introspection_cpp.dir/rosidl_typesupport_introspection_cpp/velocity_kinematics_interfaces/srv/detail/end_effector_to_joint__type_support.cpp.o[0m
[1.767s] [ 41%] [32mBuilding CXX object CMakeFiles/velocity_kinematics_interfaces__rosidl_typesupport_fastrtps_cpp.dir/rosidl_typesupport_fastrtps_cpp/velocity_kinematics_interfaces/srv/detail/dds_fastrtps/end_effector_to_joint__type_support.cpp.o[0m
[1.769s] [ 43%] [32mBuilding CXX object CMakeFiles/velocity_kinematics_interfaces__rosidl_typesupport_fastrtps_cpp.dir/rosidl_typesupport_fastrtps_cpp/velocity_kinematics_interfaces/srv/detail/dds_fastrtps/joint_to_end_effector__type_support.cpp.o[0m
[1.884s] [ 46%] [32mBuilding CXX object CMakeFiles/velocity_kinematics_interfaces__rosidl_typesupport_c.dir/rosidl_typesupport_c/velocity_kinematics_interfaces/srv/joint_to_end_effector__type_support.cpp.o[0m
[1.884s] [ 48%] [32mBuilding CXX object CMakeFiles/velocity_kinematics_interfaces__rosidl_typesupport_c.dir/rosidl_typesupport_c/velocity_kinematics_interfaces/srv/end_effector_to_joint__type_support.cpp.o[0m
[1.943s] [ 51%] [32m[1mLinking CXX shared library libvelocity_kinematics_interfaces__rosidl_typesupport_c.so[0m
[2.003s] [ 51%] Built target velocity_kinematics_interfaces__rosidl_typesupport_c
[2.021s] [ 53%] [32mBuilding C object CMakeFiles/velocity_kinematics_interfaces__rosidl_typesupport_introspection_c.dir/rosidl_typesupport_introspection_c/velocity_kinematics_interfaces/srv/detail/joint_to_end_effector__type_support.c.o[0m
[2.023s] [ 56%] [32mBuilding C object CMakeFiles/velocity_kinematics_interfaces__rosidl_typesupport_introspection_c.dir/rosidl_typesupport_introspection_c/velocity_kinematics_interfaces/srv/detail/end_effector_to_joint__type_support.c.o[0m
[2.045s] [ 58%] [32mBuilding CXX object CMakeFiles/velocity_kinematics_interfaces__rosidl_typesupport_fastrtps_c.dir/rosidl_typesupport_fastrtps_c/velocity_kinematics_interfaces/srv/detail/joint_to_end_effector__type_support_c.cpp.o[0m
[2.046s] [ 61%] [32mBuilding CXX object CMakeFiles/velocity_kinematics_interfaces__rosidl_typesupport_fastrtps_c.dir/rosidl_typesupport_fastrtps_c/velocity_kinematics_interfaces/srv/detail/end_effector_to_joint__type_support_c.cpp.o[0m
[2.067s] [ 64%] [32m[1mLinking C shared library libvelocity_kinematics_interfaces__rosidl_typesupport_introspection_c.so[0m
[2.100s] [ 64%] Built target velocity_kinematics_interfaces__rosidl_typesupport_introspection_c
[2.130s] [ 66%] [32m[1mLinking CXX shared library libvelocity_kinematics_interfaces__rosidl_typesupport_cpp.so[0m
[2.182s] [ 66%] Built target velocity_kinematics_interfaces__rosidl_typesupport_cpp
[2.235s] [ 69%] [32m[1mLinking CXX shared library libvelocity_kinematics_interfaces__rosidl_typesupport_introspection_cpp.so[0m
[2.265s] [ 69%] Built target velocity_kinematics_interfaces__rosidl_typesupport_introspection_cpp
[2.301s] [ 71%] [32m[1mLinking CXX shared library libvelocity_kinematics_interfaces__rosidl_typesupport_fastrtps_cpp.so[0m
[2.367s] [ 71%] Built target velocity_kinematics_interfaces__rosidl_typesupport_fastrtps_cpp
[2.408s] [ 74%] [32m[1mLinking CXX shared library libvelocity_kinematics_interfaces__rosidl_typesupport_fastrtps_c.so[0m
[2.455s] [ 74%] Built target velocity_kinematics_interfaces__rosidl_typesupport_fastrtps_c
[2.466s] [ 74%] Built target velocity_kinematics_interfaces
[2.477s] [ 76%] [34m[1mGenerating Python code for ROS interfaces[0m
[2.970s] [ 76%] Built target velocity_kinematics_interfaces__py
[2.981s] [ 82%] [32mBuilding C object CMakeFiles/velocity_kinematics_interfaces__rosidl_generator_py.dir/rosidl_generator_py/velocity_kinematics_interfaces/srv/_joint_to_end_effector_s.c.o[0m
[2.981s] [ 82%] [32mBuilding C object CMakeFiles/velocity_kinematics_interfaces__rosidl_generator_py.dir/rosidl_generator_py/velocity_kinematics_interfaces/srv/_end_effector_to_joint_s.c.o[0m
[3.107s] [ 84%] [32m[1mLinking C shared library rosidl_generator_py/velocity_kinematics_interfaces/libvelocity_kinematics_interfaces__rosidl_generator_py.so[0m
[3.131s] [ 84%] Built target velocity_kinematics_interfaces__rosidl_generator_py
[3.137s] [35m[1mConsolidate compiler generated dependencies of target velocity_kinematics_interfaces__rosidl_typesupport_fastrtps_c__pyext[0m
[3.137s] [35m[1mConsolidate compiler generated dependencies of target velocity_kinematics_interfaces__rosidl_typesupport_c__pyext[0m
[3.137s] [35m[1mConsolidate compiler generated dependencies of target velocity_kinematics_interfaces__rosidl_typesupport_introspection_c__pyext[0m
[3.146s] [ 92%] [32mBuilding C object CMakeFiles/velocity_kinematics_interfaces__rosidl_typesupport_c__pyext.dir/rosidl_generator_py/velocity_kinematics_interfaces/_velocity_kinematics_interfaces_s.ep.rosidl_typesupport_c.c.o[0m
[3.146s] [ 92%] [32mBuilding C object CMakeFiles/velocity_kinematics_interfaces__rosidl_typesupport_introspection_c__pyext.dir/rosidl_generator_py/velocity_kinematics_interfaces/_velocity_kinematics_interfaces_s.ep.rosidl_typesupport_introspection_c.c.o[0m
[3.147s] [ 92%] [32mBuilding C object CMakeFiles/velocity_kinematics_interfaces__rosidl_typesupport_fastrtps_c__pyext.dir/rosidl_generator_py/velocity_kinematics_interfaces/_velocity_kinematics_interfaces_s.ep.rosidl_typesupport_fastrtps_c.c.o[0m
[3.219s] [ 94%] [32m[1mLinking C shared library rosidl_generator_py/velocity_kinematics_interfaces/velocity_kinematics_interfaces_s__rosidl_typesupport_c.cpython-310-x86_64-linux-gnu.so[0m
[3.220s] [ 97%] [32m[1mLinking C shared library rosidl_generator_py/velocity_kinematics_interfaces/velocity_kinematics_interfaces_s__rosidl_typesupport_introspection_c.cpython-310-x86_64-linux-gnu.so[0m
[3.222s] [100%] [32m[1mLinking C shared library rosidl_generator_py/velocity_kinematics_interfaces/velocity_kinematics_interfaces_s__rosidl_typesupport_fastrtps_c.cpython-310-x86_64-linux-gnu.so[0m
[3.242s] [100%] Built target velocity_kinematics_interfaces__rosidl_typesupport_introspection_c__pyext
[3.243s] [100%] Built target velocity_kinematics_interfaces__rosidl_typesupport_c__pyext
[3.245s] [100%] Built target velocity_kinematics_interfaces__rosidl_typesupport_fastrtps_c__pyext
[3.253s] Invoked command in '/root/RBE500_Manipulator_Project/ws_2/build/velocity_kinematics_interfaces' returned '0': CMAKE_PREFIX_PATH=${CMAKE_PREFIX_PATH}:/opt/ros/humble /usr/bin/cmake --build /root/RBE500_Manipulator_Project/ws_2/build/velocity_kinematics_interfaces -- -j12 -l12
[3.295s] Invoking command in '/root/RBE500_Manipulator_Project/ws_2/build/velocity_kinematics_interfaces': CMAKE_PREFIX_PATH=${CMAKE_PREFIX_PATH}:/opt/ros/humble /usr/bin/cmake --install /root/RBE500_Manipulator_Project/ws_2/build/velocity_kinematics_interfaces
[3.300s] -- Install configuration: ""
[3.300s] -- Installing: /root/RBE500_Manipulator_Project/ws_2/install/velocity_kinematics_interfaces/share/ament_index/resource_index/rosidl_interfaces/velocity_kinematics_interfaces
[3.301s] -- Up-to-date: /root/RBE500_Manipulator_Project/ws_2/install/velocity_kinematics_interfaces/include/velocity_kinematics_interfaces/velocity_kinematics_interfaces
[3.301s] -- Up-to-date: /root/RBE500_Manipulator_Project/ws_2/install/velocity_kinematics_interfaces/include/velocity_kinematics_interfaces/velocity_kinematics_interfaces/msg
[3.301s] -- Up-to-date: /root/RBE500_Manipulator_Project/ws_2/install/velocity_kinematics_interfaces/include/velocity_kinematics_interfaces/velocity_kinematics_interfaces/msg/rosidl_generator_c__visibility_control.h
[3.301s] -- Up-to-date: /root/RBE500_Manipulator_Project/ws_2/install/velocity_kinematics_interfaces/include/velocity_kinematics_interfaces/velocity_kinematics_interfaces/srv
[3.301s] -- Installing: /root/RBE500_Manipulator_Project/ws_2/install/velocity_kinematics_interfaces/include/velocity_kinematics_interfaces/velocity_kinematics_interfaces/srv/joint_to_end_effector.h
[3.301s] -- Installing: /root/RBE500_Manipulator_Project/ws_2/install/velocity_kinematics_interfaces/include/velocity_kinematics_interfaces/velocity_kinematics_interfaces/srv/end_effector_to_joint.h
[3.301s] -- Up-to-date: /root/RBE500_Manipulator_Project/ws_2/install/velocity_kinematics_interfaces/include/velocity_kinematics_interfaces/velocity_kinematics_interfaces/srv/effector_to_joint.h
[3.302s] -- Up-to-date: /root/RBE500_Manipulator_Project/ws_2/install/velocity_kinematics_interfaces/include/velocity_kinematics_interfaces/velocity_kinematics_interfaces/srv/joint_to_effector.h
[3.302s] -- Up-to-date: /root/RBE500_Manipulator_Project/ws_2/install/velocity_kinematics_interfaces/include/velocity_kinematics_interfaces/velocity_kinematics_interfaces/srv/detail
[3.302s] -- Up-to-date: /root/RBE500_Manipulator_Project/ws_2/install/velocity_kinematics_interfaces/include/velocity_kinematics_interfaces/velocity_kinematics_interfaces/srv/detail/joint_to_effector__struct.h
[3.302s] -- Up-to-date: /root/RBE500_Manipulator_Project/ws_2/install/velocity_kinematics_interfaces/include/velocity_kinematics_interfaces/velocity_kinematics_interfaces/srv/detail/effector_to_joint__type_support.h
[3.302s] -- Up-to-date: /root/RBE500_Manipulator_Project/ws_2/install/velocity_kinematics_interfaces/include/velocity_kinematics_interfaces/velocity_kinematics_interfaces/srv/detail/effector_to_joint__functions.c
[3.302s] -- Installing: /root/RBE500_Manipulator_Project/ws_2/install/velocity_kinematics_interfaces/include/velocity_kinematics_interfaces/velocity_kinematics_interfaces/srv/detail/end_effector_to_joint__functions.c
[3.302s] -- Up-to-date: /root/RBE500_Manipulator_Project/ws_2/install/velocity_kinematics_interfaces/include/velocity_kinematics_interfaces/velocity_kinematics_interfaces/srv/detail/joint_to_effector__type_support.h
[3.302s] -- Installing: /root/RBE500_Manipulator_Project/ws_2/install/velocity_kinematics_interfaces/include/velocity_kinematics_interfaces/velocity_kinematics_interfaces/srv/detail/joint_to_end_effector__struct.h
[3.302s] -- Up-to-date: /root/RBE500_Manipulator_Project/ws_2/install/velocity_kinematics_interfaces/include/velocity_kinematics_interfaces/velocity_kinematics_interfaces/srv/detail/joint_to_effector__functions.h
[3.302s] -- Installing: /root/RBE500_Manipulator_Project/ws_2/install/velocity_kinematics_interfaces/include/velocity_kinematics_interfaces/velocity_kinematics_interfaces/srv/detail/end_effector_to_joint__functions.h
[3.302s] -- Up-to-date: /root/RBE500_Manipulator_Project/ws_2/install/velocity_kinematics_interfaces/include/velocity_kinematics_interfaces/velocity_kinematics_interfaces/srv/detail/effector_to_joint__struct.h
[3.302s] -- Installing: /root/RBE500_Manipulator_Project/ws_2/install/velocity_kinematics_interfaces/include/velocity_kinematics_interfaces/velocity_kinematics_interfaces/srv/detail/end_effector_to_joint__type_support.h
[3.302s] -- Installing: /root/RBE500_Manipulator_Project/ws_2/install/velocity_kinematics_interfaces/include/velocity_kinematics_interfaces/velocity_kinematics_interfaces/srv/detail/joint_to_end_effector__functions.c
[3.303s] -- Installing: /root/RBE500_Manipulator_Project/ws_2/install/velocity_kinematics_interfaces/include/velocity_kinematics_interfaces/velocity_kinematics_interfaces/srv/detail/joint_to_end_effector__functions.h
[3.303s] -- Installing: /root/RBE500_Manipulator_Project/ws_2/install/velocity_kinematics_interfaces/include/velocity_kinematics_interfaces/velocity_kinematics_interfaces/srv/detail/joint_to_end_effector__type_support.h
[3.303s] -- Installing: /root/RBE500_Manipulator_Project/ws_2/install/velocity_kinematics_interfaces/include/velocity_kinematics_interfaces/velocity_kinematics_interfaces/srv/detail/end_effector_to_joint__struct.h
[3.303s] -- Up-to-date: /root/RBE500_Manipulator_Project/ws_2/install/velocity_kinematics_interfaces/include/velocity_kinematics_interfaces/velocity_kinematics_interfaces/srv/detail/joint_to_effector__functions.c
[3.303s] -- Up-to-date: /root/RBE500_Manipulator_Project/ws_2/install/velocity_kinematics_interfaces/include/velocity_kinematics_interfaces/velocity_kinematics_interfaces/srv/detail/effector_to_joint__functions.h
[3.303s] -- Up-to-date: /root/RBE500_Manipulator_Project/ws_2/install/velocity_kinematics_interfaces/share/velocity_kinematics_interfaces/environment/library_path.sh
[3.303s] -- Installing: /root/RBE500_Manipulator_Project/ws_2/install/velocity_kinematics_interfaces/share/velocity_kinematics_interfaces/environment/library_path.dsv
[3.303s] -- Installing: /root/RBE500_Manipulator_Project/ws_2/install/velocity_kinematics_interfaces/lib/libvelocity_kinematics_interfaces__rosidl_generator_c.so
[3.303s] -- Set runtime path of "/root/RBE500_Manipulator_Project/ws_2/install/velocity_kinematics_interfaces/lib/libvelocity_kinematics_interfaces__rosidl_generator_c.so" to ""
[3.303s] -- Up-to-date: /root/RBE500_Manipulator_Project/ws_2/install/velocity_kinematics_interfaces/include/velocity_kinematics_interfaces/velocity_kinematics_interfaces
[3.303s] -- Up-to-date: /root/RBE500_Manipulator_Project/ws_2/install/velocity_kinematics_interfaces/include/velocity_kinematics_interfaces/velocity_kinematics_interfaces/msg
[3.303s] -- Up-to-date: /root/RBE500_Manipulator_Project/ws_2/install/velocity_kinematics_interfaces/include/velocity_kinematics_interfaces/velocity_kinematics_interfaces/msg/rosidl_typesupport_fastrtps_c__visibility_control.h
[3.304s] -- Up-to-date: /root/RBE500_Manipulator_Project/ws_2/install/velocity_kinematics_interfaces/include/velocity_kinematics_interfaces/velocity_kinematics_interfaces/srv
[3.304s] -- Up-to-date: /root/RBE500_Manipulator_Project/ws_2/install/velocity_kinematics_interfaces/include/velocity_kinematics_interfaces/velocity_kinematics_interfaces/srv/detail
[3.304s] -- Installing: /root/RBE500_Manipulator_Project/ws_2/install/velocity_kinematics_interfaces/include/velocity_kinematics_interfaces/velocity_kinematics_interfaces/srv/detail/end_effector_to_joint__rosidl_typesupport_fastrtps_c.h
[3.304s] -- Installing: /root/RBE500_Manipulator_Project/ws_2/install/velocity_kinematics_interfaces/include/velocity_kinematics_interfaces/velocity_kinematics_interfaces/srv/detail/joint_to_end_effector__rosidl_typesupport_fastrtps_c.h
[3.304s] -- Up-to-date: /root/RBE500_Manipulator_Project/ws_2/install/velocity_kinematics_interfaces/include/velocity_kinematics_interfaces/velocity_kinematics_interfaces/srv/detail/joint_to_effector__rosidl_typesupport_fastrtps_c.h
[3.304s] -- Up-to-date: /root/RBE500_Manipulator_Project/ws_2/install/velocity_kinematics_interfaces/include/velocity_kinematics_interfaces/velocity_kinematics_interfaces/srv/detail/effector_to_joint__rosidl_typesupport_fastrtps_c.h
[3.304s] -- Installing: /root/RBE500_Manipulator_Project/ws_2/install/velocity_kinematics_interfaces/lib/libvelocity_kinematics_interfaces__rosidl_typesupport_fastrtps_c.so
[3.304s] -- Set runtime path of "/root/RBE500_Manipulator_Project/ws_2/install/velocity_kinematics_interfaces/lib/libvelocity_kinematics_interfaces__rosidl_typesupport_fastrtps_c.so" to ""
[3.304s] -- Up-to-date: /root/RBE500_Manipulator_Project/ws_2/install/velocity_kinematics_interfaces/include/velocity_kinematics_interfaces/velocity_kinematics_interfaces
[3.304s] -- Up-to-date: /root/RBE500_Manipulator_Project/ws_2/install/velocity_kinematics_interfaces/include/velocity_kinematics_interfaces/velocity_kinematics_interfaces/srv
[3.304s] -- Installing: /root/RBE500_Manipulator_Project/ws_2/install/velocity_kinematics_interfaces/include/velocity_kinematics_interfaces/velocity_kinematics_interfaces/srv/joint_to_end_effector.hpp
[3.304s] -- Installing: /root/RBE500_Manipulator_Project/ws_2/install/velocity_kinematics_interfaces/include/velocity_kinematics_interfaces/velocity_kinematics_interfaces/srv/end_effector_to_joint.hpp
[3.305s] -- Up-to-date: /root/RBE500_Manipulator_Project/ws_2/install/velocity_kinematics_interfaces/include/velocity_kinematics_interfaces/velocity_kinematics_interfaces/srv/effector_to_joint.hpp
[3.305s] -- Up-to-date: /root/RBE500_Manipulator_Project/ws_2/install/velocity_kinematics_interfaces/include/velocity_kinematics_interfaces/velocity_kinematics_interfaces/srv/joint_to_effector.hpp
[3.305s] -- Up-to-date: /root/RBE500_Manipulator_Project/ws_2/install/velocity_kinematics_interfaces/include/velocity_kinematics_interfaces/velocity_kinematics_interfaces/srv/detail
[3.305s] -- Up-to-date: /root/RBE500_Manipulator_Project/ws_2/install/velocity_kinematics_interfaces/include/velocity_kinematics_interfaces/velocity_kinematics_interfaces/srv/detail/effector_to_joint__builder.hpp
[3.305s] -- Installing: /root/RBE500_Manipulator_Project/ws_2/install/velocity_kinematics_interfaces/include/velocity_kinematics_interfaces/velocity_kinematics_interfaces/srv/detail/end_effector_to_joint__builder.hpp
[3.305s] -- Installing: /root/RBE500_Manipulator_Project/ws_2/install/velocity_kinematics_interfaces/include/velocity_kinematics_interfaces/velocity_kinematics_interfaces/srv/detail/joint_to_end_effector__builder.hpp
[3.305s] -- Up-to-date: /root/RBE500_Manipulator_Project/ws_2/install/velocity_kinematics_interfaces/include/velocity_kinematics_interfaces/velocity_kinematics_interfaces/srv/detail/joint_to_effector__struct.hpp
[3.305s] -- Up-to-date: /root/RBE500_Manipulator_Project/ws_2/install/velocity_kinematics_interfaces/include/velocity_kinematics_interfaces/velocity_kinematics_interfaces/srv/detail/joint_to_effector__traits.hpp
[3.305s] -- Up-to-date: /root/RBE500_Manipulator_Project/ws_2/install/velocity_kinematics_interfaces/include/velocity_kinematics_interfaces/velocity_kinematics_interfaces/srv/detail/effector_to_joint__struct.hpp
[3.305s] -- Installing: /root/RBE500_Manipulator_Project/ws_2/install/velocity_kinematics_interfaces/include/velocity_kinematics_interfaces/velocity_kinematics_interfaces/srv/detail/end_effector_to_joint__struct.hpp
[3.305s] -- Up-to-date: /root/RBE500_Manipulator_Project/ws_2/install/velocity_kinematics_interfaces/include/velocity_kinematics_interfaces/velocity_kinematics_interfaces/srv/detail/joint_to_effector__builder.hpp
[3.305s] -- Installing: /root/RBE500_Manipulator_Project/ws_2/install/velocity_kinematics_interfaces/include/velocity_kinematics_interfaces/velocity_kinematics_interfaces/srv/detail/end_effector_to_joint__traits.hpp
[3.305s] -- Installing: /root/RBE500_Manipulator_Project/ws_2/install/velocity_kinematics_interfaces/include/velocity_kinematics_interfaces/velocity_kinematics_interfaces/srv/detail/joint_to_end_effector__struct.hpp
[3.305s] -- Installing: /root/RBE500_Manipulator_Project/ws_2/install/velocity_kinematics_interfaces/include/velocity_kinematics_interfaces/velocity_kinematics_interfaces/srv/detail/joint_to_end_effector__traits.hpp
[3.306s] -- Up-to-date: /root/RBE500_Manipulator_Project/ws_2/install/velocity_kinematics_interfaces/include/velocity_kinematics_interfaces/velocity_kinematics_interfaces/srv/detail/effector_to_joint__traits.hpp
[3.306s] -- Up-to-date: /root/RBE500_Manipulator_Project/ws_2/install/velocity_kinematics_interfaces/include/velocity_kinematics_interfaces/velocity_kinematics_interfaces
[3.306s] -- Up-to-date: /root/RBE500_Manipulator_Project/ws_2/install/velocity_kinematics_interfaces/include/velocity_kinematics_interfaces/velocity_kinematics_interfaces/msg
[3.306s] -- Up-to-date: /root/RBE500_Manipulator_Project/ws_2/install/velocity_kinematics_interfaces/include/velocity_kinematics_interfaces/velocity_kinematics_interfaces/msg/rosidl_typesupport_fastrtps_cpp__visibility_control.h
[3.306s] -- Up-to-date: /root/RBE500_Manipulator_Project/ws_2/install/velocity_kinematics_interfaces/include/velocity_kinematics_interfaces/velocity_kinematics_interfaces/srv
[3.306s] -- Up-to-date: /root/RBE500_Manipulator_Project/ws_2/install/velocity_kinematics_interfaces/include/velocity_kinematics_interfaces/velocity_kinematics_interfaces/srv/detail
[3.306s] -- Up-to-date: /root/RBE500_Manipulator_Project/ws_2/install/velocity_kinematics_interfaces/include/velocity_kinematics_interfaces/velocity_kinematics_interfaces/srv/detail/joint_to_effector__rosidl_typesupport_fastrtps_cpp.hpp
[3.306s] -- Up-to-date: /root/RBE500_Manipulator_Project/ws_2/install/velocity_kinematics_interfaces/include/velocity_kinematics_interfaces/velocity_kinematics_interfaces/srv/detail/effector_to_joint__rosidl_typesupport_fastrtps_cpp.hpp
[3.306s] -- Up-to-date: /root/RBE500_Manipulator_Project/ws_2/install/velocity_kinematics_interfaces/include/velocity_kinematics_interfaces/velocity_kinematics_interfaces/srv/detail/dds_fastrtps
[3.306s] -- Installing: /root/RBE500_Manipulator_Project/ws_2/install/velocity_kinematics_interfaces/include/velocity_kinematics_interfaces/velocity_kinematics_interfaces/srv/detail/joint_to_end_effector__rosidl_typesupport_fastrtps_cpp.hpp
[3.306s] -- Installing: /root/RBE500_Manipulator_Project/ws_2/install/velocity_kinematics_interfaces/include/velocity_kinematics_interfaces/velocity_kinematics_interfaces/srv/detail/end_effector_to_joint__rosidl_typesupport_fastrtps_cpp.hpp
[3.306s] -- Installing: /root/RBE500_Manipulator_Project/ws_2/install/velocity_kinematics_interfaces/lib/libvelocity_kinematics_interfaces__rosidl_typesupport_fastrtps_cpp.so
[3.306s] -- Set runtime path of "/root/RBE500_Manipulator_Project/ws_2/install/velocity_kinematics_interfaces/lib/libvelocity_kinematics_interfaces__rosidl_typesupport_fastrtps_cpp.so" to ""
[3.306s] -- Up-to-date: /root/RBE500_Manipulator_Project/ws_2/install/velocity_kinematics_interfaces/include/velocity_kinematics_interfaces/velocity_kinematics_interfaces
[3.306s] -- Up-to-date: /root/RBE500_Manipulator_Project/ws_2/install/velocity_kinematics_interfaces/include/velocity_kinematics_interfaces/velocity_kinematics_interfaces/msg
[3.307s] -- Up-to-date: /root/RBE500_Manipulator_Project/ws_2/install/velocity_kinematics_interfaces/include/velocity_kinematics_interfaces/velocity_kinematics_interfaces/msg/rosidl_typesupport_introspection_c__visibility_control.h
[3.307s] -- Up-to-date: /root/RBE500_Manipulator_Project/ws_2/install/velocity_kinematics_interfaces/include/velocity_kinematics_interfaces/velocity_kinematics_interfaces/srv
[3.307s] -- Up-to-date: /root/RBE500_Manipulator_Project/ws_2/install/velocity_kinematics_interfaces/include/velocity_kinematics_interfaces/velocity_kinematics_interfaces/srv/detail
[3.307s] -- Up-to-date: /root/RBE500_Manipulator_Project/ws_2/install/velocity_kinematics_interfaces/include/velocity_kinematics_interfaces/velocity_kinematics_interfaces/srv/detail/effector_to_joint__type_support.c
[3.307s] -- Up-to-date: /root/RBE500_Manipulator_Project/ws_2/install/velocity_kinematics_interfaces/include/velocity_kinematics_interfaces/velocity_kinematics_interfaces/srv/detail/joint_to_effector__type_support.c
[3.307s] -- Installing: /root/RBE500_Manipulator_Project/ws_2/install/velocity_kinematics_interfaces/include/velocity_kinematics_interfaces/velocity_kinematics_interfaces/srv/detail/end_effector_to_joint__rosidl_typesupport_introspection_c.h
[3.307s] -- Up-to-date: /root/RBE500_Manipulator_Project/ws_2/install/velocity_kinematics_interfaces/include/velocity_kinematics_interfaces/velocity_kinematics_interfaces/srv/detail/joint_to_effector__rosidl_typesupport_introspection_c.h
[3.307s] -- Installing: /root/RBE500_Manipulator_Project/ws_2/install/velocity_kinematics_interfaces/include/velocity_kinematics_interfaces/velocity_kinematics_interfaces/srv/detail/joint_to_end_effector__type_support.c
[3.307s] -- Installing: /root/RBE500_Manipulator_Project/ws_2/install/velocity_kinematics_interfaces/include/velocity_kinematics_interfaces/velocity_kinematics_interfaces/srv/detail/end_effector_to_joint__type_support.c
[3.307s] -- Up-to-date: /root/RBE500_Manipulator_Project/ws_2/install/velocity_kinematics_interfaces/include/velocity_kinematics_interfaces/velocity_kinematics_interfaces/srv/detail/effector_to_joint__rosidl_typesupport_introspection_c.h
[3.307s] -- Installing: /root/RBE500_Manipulator_Project/ws_2/install/velocity_kinematics_interfaces/include/velocity_kinematics_interfaces/velocity_kinematics_interfaces/srv/detail/joint_to_end_effector__rosidl_typesupport_introspection_c.h
[3.307s] -- Installing: /root/RBE500_Manipulator_Project/ws_2/install/velocity_kinematics_interfaces/lib/libvelocity_kinematics_interfaces__rosidl_typesupport_introspection_c.so
[3.307s] -- Set runtime path of "/root/RBE500_Manipulator_Project/ws_2/install/velocity_kinematics_interfaces/lib/libvelocity_kinematics_interfaces__rosidl_typesupport_introspection_c.so" to ""
[3.308s] -- Installing: /root/RBE500_Manipulator_Project/ws_2/install/velocity_kinematics_interfaces/lib/libvelocity_kinematics_interfaces__rosidl_typesupport_c.so
[3.308s] -- Set runtime path of "/root/RBE500_Manipulator_Project/ws_2/install/velocity_kinematics_interfaces/lib/libvelocity_kinematics_interfaces__rosidl_typesupport_c.so" to ""
[3.308s] -- Up-to-date: /root/RBE500_Manipulator_Project/ws_2/install/velocity_kinematics_interfaces/include/velocity_kinematics_interfaces/velocity_kinematics_interfaces
[3.308s] -- Up-to-date: /root/RBE500_Manipulator_Project/ws_2/install/velocity_kinematics_interfaces/include/velocity_kinematics_interfaces/velocity_kinematics_interfaces/srv
[3.308s] -- Up-to-date: /root/RBE500_Manipulator_Project/ws_2/install/velocity_kinematics_interfaces/include/velocity_kinematics_interfaces/velocity_kinematics_interfaces/srv/detail
[3.308s] -- Installing: /root/RBE500_Manipulator_Project/ws_2/install/velocity_kinematics_interfaces/include/velocity_kinematics_interfaces/velocity_kinematics_interfaces/srv/detail/joint_to_end_effector__type_support.cpp
[3.308s] -- Up-to-date: /root/RBE500_Manipulator_Project/ws_2/install/velocity_kinematics_interfaces/include/velocity_kinematics_interfaces/velocity_kinematics_interfaces/srv/detail/joint_to_effector__type_support.cpp
[3.308s] -- Up-to-date: /root/RBE500_Manipulator_Project/ws_2/install/velocity_kinematics_interfaces/include/velocity_kinematics_interfaces/velocity_kinematics_interfaces/srv/detail/joint_to_effector__rosidl_typesupport_introspection_cpp.hpp
[3.308s] -- Installing: /root/RBE500_Manipulator_Project/ws_2/install/velocity_kinematics_interfaces/include/velocity_kinematics_interfaces/velocity_kinematics_interfaces/srv/detail/joint_to_end_effector__rosidl_typesupport_introspection_cpp.hpp
[3.308s] -- Up-to-date: /root/RBE500_Manipulator_Project/ws_2/install/velocity_kinematics_interfaces/include/velocity_kinematics_interfaces/velocity_kinematics_interfaces/srv/detail/effector_to_joint__type_support.cpp
[3.308s] -- Installing: /root/RBE500_Manipulator_Project/ws_2/install/velocity_kinematics_interfaces/include/velocity_kinematics_interfaces/velocity_kinematics_interfaces/srv/detail/end_effector_to_joint__type_support.cpp
[3.308s] -- Up-to-date: /root/RBE500_Manipulator_Project/ws_2/install/velocity_kinematics_interfaces/include/velocity_kinematics_interfaces/velocity_kinematics_interfaces/srv/detail/effector_to_joint__rosidl_typesupport_introspection_cpp.hpp
[3.309s] -- Installing: /root/RBE500_Manipulator_Project/ws_2/install/velocity_kinematics_interfaces/include/velocity_kinematics_interfaces/velocity_kinematics_interfaces/srv/detail/end_effector_to_joint__rosidl_typesupport_introspection_cpp.hpp
[3.309s] -- Installing: /root/RBE500_Manipulator_Project/ws_2/install/velocity_kinematics_interfaces/lib/libvelocity_kinematics_interfaces__rosidl_typesupport_introspection_cpp.so
[3.309s] -- Set runtime path of "/root/RBE500_Manipulator_Project/ws_2/install/velocity_kinematics_interfaces/lib/libvelocity_kinematics_interfaces__rosidl_typesupport_introspection_cpp.so" to ""
[3.309s] -- Installing: /root/RBE500_Manipulator_Project/ws_2/install/velocity_kinematics_interfaces/lib/libvelocity_kinematics_interfaces__rosidl_typesupport_cpp.so
[3.309s] -- Set runtime path of "/root/RBE500_Manipulator_Project/ws_2/install/velocity_kinematics_interfaces/lib/libvelocity_kinematics_interfaces__rosidl_typesupport_cpp.so" to ""
[3.309s] -- Up-to-date: /root/RBE500_Manipulator_Project/ws_2/install/velocity_kinematics_interfaces/share/velocity_kinematics_interfaces/environment/pythonpath.sh
[3.309s] -- Installing: /root/RBE500_Manipulator_Project/ws_2/install/velocity_kinematics_interfaces/share/velocity_kinematics_interfaces/environment/pythonpath.dsv
[3.309s] -- Up-to-date: /root/RBE500_Manipulator_Project/ws_2/install/velocity_kinematics_interfaces/local/lib/python3.10/dist-packages/velocity_kinematics_interfaces-0.0.0-py3.10.egg-info
[3.309s] -- Installing: /root/RBE500_Manipulator_Project/ws_2/install/velocity_kinematics_interfaces/local/lib/python3.10/dist-packages/velocity_kinematics_interfaces-0.0.0-py3.10.egg-info/dependency_links.txt
[3.309s] -- Installing: /root/RBE500_Manipulator_Project/ws_2/install/velocity_kinematics_interfaces/local/lib/python3.10/dist-packages/velocity_kinematics_interfaces-0.0.0-py3.10.egg-info/top_level.txt
[3.309s] -- Installing: /root/RBE500_Manipulator_Project/ws_2/install/velocity_kinematics_interfaces/local/lib/python3.10/dist-packages/velocity_kinematics_interfaces-0.0.0-py3.10.egg-info/PKG-INFO
[3.309s] -- Installing: /root/RBE500_Manipulator_Project/ws_2/install/velocity_kinematics_interfaces/local/lib/python3.10/dist-packages/velocity_kinematics_interfaces-0.0.0-py3.10.egg-info/SOURCES.txt
[3.309s] -- Up-to-date: /root/RBE500_Manipulator_Project/ws_2/install/velocity_kinematics_interfaces/local/lib/python3.10/dist-packages/velocity_kinematics_interfaces
[3.310s] -- Installing: /root/RBE500_Manipulator_Project/ws_2/install/velocity_kinematics_interfaces/local/lib/python3.10/dist-packages/velocity_kinematics_interfaces/libvelocity_kinematics_interfaces__rosidl_generator_py.so
[3.310s] -- Installing: /root/RBE500_Manipulator_Project/ws_2/install/velocity_kinematics_interfaces/local/lib/python3.10/dist-packages/velocity_kinematics_interfaces/_velocity_kinematics_interfaces_s.ep.rosidl_typesupport_c.c
[3.310s] -- Installing: /root/RBE500_Manipulator_Project/ws_2/install/velocity_kinematics_interfaces/local/lib/python3.10/dist-packages/velocity_kinematics_interfaces/_velocity_kinematics_interfaces_s.ep.rosidl_typesupport_fastrtps_c.c
[3.310s] -- Installing: /root/RBE500_Manipulator_Project/ws_2/install/velocity_kinematics_interfaces/local/lib/python3.10/dist-packages/velocity_kinematics_interfaces/_velocity_kinematics_interfaces_s.ep.rosidl_typesupport_introspection_c.c
[3.310s] -- Installing: /root/RBE500_Manipulator_Project/ws_2/install/velocity_kinematics_interfaces/local/lib/python3.10/dist-packages/velocity_kinematics_interfaces/__init__.py
[3.310s] -- Installing: /root/RBE500_Manipulator_Project/ws_2/install/velocity_kinematics_interfaces/local/lib/python3.10/dist-packages/velocity_kinematics_interfaces/velocity_kinematics_interfaces_s__rosidl_typesupport_fastrtps_c.cpython-310-x86_64-linux-gnu.so
[3.310s] -- Up-to-date: /root/RBE500_Manipulator_Project/ws_2/install/velocity_kinematics_interfaces/local/lib/python3.10/dist-packages/velocity_kinematics_interfaces/srv
[3.310s] -- Up-to-date: /root/RBE500_Manipulator_Project/ws_2/install/velocity_kinematics_interfaces/local/lib/python3.10/dist-packages/velocity_kinematics_interfaces/srv/_effector_to_joint_s.c
[3.310s] -- Installing: /root/RBE500_Manipulator_Project/ws_2/install/velocity_kinematics_interfaces/local/lib/python3.10/dist-packages/velocity_kinematics_interfaces/srv/_end_effector_to_joint.py
[3.310s] -- Installing: /root/RBE500_Manipulator_Project/ws_2/install/velocity_kinematics_interfaces/local/lib/python3.10/dist-packages/velocity_kinematics_interfaces/srv/__init__.py
[3.310s] -- Up-to-date: /root/RBE500_Manipulator_Project/ws_2/install/velocity_kinematics_interfaces/local/lib/python3.10/dist-packages/velocity_kinematics_interfaces/srv/_joint_to_effector_s.c
[3.310s] -- Installing: /root/RBE500_Manipulator_Project/ws_2/install/velocity_kinematics_interfaces/local/lib/python3.10/dist-packages/velocity_kinematics_interfaces/srv/_joint_to_end_effector_s.c
[3.310s] -- Installing: /root/RBE500_Manipulator_Project/ws_2/install/velocity_kinematics_interfaces/local/lib/python3.10/dist-packages/velocity_kinematics_interfaces/srv/_joint_to_end_effector.py
[3.311s] -- Up-to-date: /root/RBE500_Manipulator_Project/ws_2/install/velocity_kinematics_interfaces/local/lib/python3.10/dist-packages/velocity_kinematics_interfaces/srv/_joint_to_effector.py
[3.311s] -- Up-to-date: /root/RBE500_Manipulator_Project/ws_2/install/velocity_kinematics_interfaces/local/lib/python3.10/dist-packages/velocity_kinematics_interfaces/srv/_effector_to_joint.py
[3.311s] -- Installing: /root/RBE500_Manipulator_Project/ws_2/install/velocity_kinematics_interfaces/local/lib/python3.10/dist-packages/velocity_kinematics_interfaces/srv/_end_effector_to_joint_s.c
[3.311s] -- Installing: /root/RBE500_Manipulator_Project/ws_2/install/velocity_kinematics_interfaces/local/lib/python3.10/dist-packages/velocity_kinematics_interfaces/velocity_kinematics_interfaces_s__rosidl_typesupport_introspection_c.cpython-310-x86_64-linux-gnu.so
[3.311s] -- Installing: /root/RBE500_Manipulator_Project/ws_2/install/velocity_kinematics_interfaces/local/lib/python3.10/dist-packages/velocity_kinematics_interfaces/velocity_kinematics_interfaces_s__rosidl_typesupport_c.cpython-310-x86_64-linux-gnu.so
[3.339s] Listing '/root/RBE500_Manipulator_Project/ws_2/install/velocity_kinematics_interfaces/local/lib/python3.10/dist-packages/velocity_kinematics_interfaces'...
[3.339s] Compiling '/root/RBE500_Manipulator_Project/ws_2/install/velocity_kinematics_interfaces/local/lib/python3.10/dist-packages/velocity_kinematics_interfaces/__init__.py'...
[3.339s] Listing '/root/RBE500_Manipulator_Project/ws_2/install/velocity_kinematics_interfaces/local/lib/python3.10/dist-packages/velocity_kinematics_interfaces/srv'...
[3.339s] Compiling '/root/RBE500_Manipulator_Project/ws_2/install/velocity_kinematics_interfaces/local/lib/python3.10/dist-packages/velocity_kinematics_interfaces/srv/__init__.py'...
[3.339s] Compiling '/root/RBE500_Manipulator_Project/ws_2/install/velocity_kinematics_interfaces/local/lib/python3.10/dist-packages/velocity_kinematics_interfaces/srv/_end_effector_to_joint.py'...
[3.339s] Compiling '/root/RBE500_Manipulator_Project/ws_2/install/velocity_kinematics_interfaces/local/lib/python3.10/dist-packages/velocity_kinematics_interfaces/srv/_joint_to_end_effector.py'...
[3.342s] -- Installing: /root/RBE500_Manipulator_Project/ws_2/install/velocity_kinematics_interfaces/local/lib/python3.10/dist-packages/velocity_kinematics_interfaces/velocity_kinematics_interfaces_s__rosidl_typesupport_fastrtps_c.cpython-310-x86_64-linux-gnu.so
[3.342s] -- Set runtime path of "/root/RBE500_Manipulator_Project/ws_2/install/velocity_kinematics_interfaces/local/lib/python3.10/dist-packages/velocity_kinematics_interfaces/velocity_kinematics_interfaces_s__rosidl_typesupport_fastrtps_c.cpython-310-x86_64-linux-gnu.so" to ""
[3.342s] -- Installing: /root/RBE500_Manipulator_Project/ws_2/install/velocity_kinematics_interfaces/local/lib/python3.10/dist-packages/velocity_kinematics_interfaces/velocity_kinematics_interfaces_s__rosidl_typesupport_introspection_c.cpython-310-x86_64-linux-gnu.so
[3.343s] -- Set runtime path of "/root/RBE500_Manipulator_Project/ws_2/install/velocity_kinematics_interfaces/local/lib/python3.10/dist-packages/velocity_kinematics_interfaces/velocity_kinematics_interfaces_s__rosidl_typesupport_introspection_c.cpython-310-x86_64-linux-gnu.so" to ""
[3.343s] -- Installing: /root/RBE500_Manipulator_Project/ws_2/install/velocity_kinematics_interfaces/local/lib/python3.10/dist-packages/velocity_kinematics_interfaces/velocity_kinematics_interfaces_s__rosidl_typesupport_c.cpython-310-x86_64-linux-gnu.so
[3.343s] -- Set runtime path of "/root/RBE500_Manipulator_Project/ws_2/install/velocity_kinematics_interfaces/local/lib/python3.10/dist-packages/velocity_kinematics_interfaces/velocity_kinematics_interfaces_s__rosidl_typesupport_c.cpython-310-x86_64-linux-gnu.so" to ""
[3.343s] -- Installing: /root/RBE500_Manipulator_Project/ws_2/install/velocity_kinematics_interfaces/lib/libvelocity_kinematics_interfaces__rosidl_generator_py.so
[3.344s] -- Set runtime path of "/root/RBE500_Manipulator_Project/ws_2/install/velocity_kinematics_interfaces/lib/libvelocity_kinematics_interfaces__rosidl_generator_py.so" to ""
[3.344s] -- Installing: /root/RBE500_Manipulator_Project/ws_2/install/velocity_kinematics_interfaces/share/velocity_kinematics_interfaces/srv/JointToEndEffector.idl
[3.344s] -- Installing: /root/RBE500_Manipulator_Project/ws_2/install/velocity_kinematics_interfaces/share/velocity_kinematics_interfaces/srv/EndEffectorToJoint.idl
[3.344s] -- Installing: /root/RBE500_Manipulator_Project/ws_2/install/velocity_kinematics_interfaces/share/velocity_kinematics_interfaces/srv/JointToEndEffector.srv
[3.344s] -- Installing: /root/RBE500_Manipulator_Project/ws_2/install/velocity_kinematics_interfaces/share/velocity_kinematics_interfaces/srv/JointToEndEffector_Request.msg
[3.344s] -- Installing: /root/RBE500_Manipulator_Project/ws_2/install/velocity_kinematics_interfaces/share/velocity_kinematics_interfaces/srv/JointToEndEffector_Response.msg
[3.344s] -- Installing: /root/RBE500_Manipulator_Project/ws_2/install/velocity_kinematics_interfaces/share/velocity_kinematics_interfaces/srv/EndEffectorToJoint.srv
[3.344s] -- Installing: /root/RBE500_Manipulator_Project/ws_2/install/velocity_kinematics_interfaces/share/velocity_kinematics_interfaces/srv/EndEffectorToJoint_Request.msg
[3.344s] -- Installing: /root/RBE500_Manipulator_Project/ws_2/install/velocity_kinematics_interfaces/share/velocity_kinematics_interfaces/srv/EndEffectorToJoint_Response.msg
[3.345s] -- Up-to-date: /root/RBE500_Manipulator_Project/ws_2/install/velocity_kinematics_interfaces/share/ament_index/resource_index/package_run_dependencies/velocity_kinematics_interfaces
[3.345s] -- Installing: /root/RBE500_Manipulator_Project/ws_2/install/velocity_kinematics_interfaces/share/ament_index/resource_index/parent_prefix_path/velocity_kinematics_interfaces
[3.345s] -- Up-to-date: /root/RBE500_Manipulator_Project/ws_2/install/velocity_kinematics_interfaces/share/velocity_kinematics_interfaces/environment/ament_prefix_path.sh
[3.345s] -- Installing: /root/RBE500_Manipulator_Project/ws_2/install/velocity_kinematics_interfaces/share/velocity_kinematics_interfaces/environment/ament_prefix_path.dsv
[3.345s] -- Up-to-date: /root/RBE500_Manipulator_Project/ws_2/install/velocity_kinematics_interfaces/share/velocity_kinematics_interfaces/environment/path.sh
[3.345s] -- Installing: /root/RBE500_Manipulator_Project/ws_2/install/velocity_kinematics_interfaces/share/velocity_kinematics_interfaces/environment/path.dsv
[3.345s] -- Up-to-date: /root/RBE500_Manipulator_Project/ws_2/install/velocity_kinematics_interfaces/share/velocity_kinematics_interfaces/local_setup.bash
[3.345s] -- Up-to-date: /root/RBE500_Manipulator_Project/ws_2/install/velocity_kinematics_interfaces/share/velocity_kinematics_interfaces/local_setup.sh
[3.345s] -- Up-to-date: /root/RBE500_Manipulator_Project/ws_2/install/velocity_kinematics_interfaces/share/velocity_kinematics_interfaces/local_setup.zsh
[3.346s] -- Installing: /root/RBE500_Manipulator_Project/ws_2/install/velocity_kinematics_interfaces/share/velocity_kinematics_interfaces/local_setup.dsv
[3.346s] -- Installing: /root/RBE500_Manipulator_Project/ws_2/install/velocity_kinematics_interfaces/share/velocity_kinematics_interfaces/package.dsv
[3.346s] -- Up-to-date: /root/RBE500_Manipulator_Project/ws_2/install/velocity_kinematics_interfaces/share/ament_index/resource_index/packages/velocity_kinematics_interfaces
[3.346s] -- Up-to-date: /root/RBE500_Manipulator_Project/ws_2/install/velocity_kinematics_interfaces/share/velocity_kinematics_interfaces/cmake/export_velocity_kinematics_interfaces__rosidl_generator_cExport.cmake
[3.346s] -- Up-to-date: /root/RBE500_Manipulator_Project/ws_2/install/velocity_kinematics_interfaces/share/velocity_kinematics_interfaces/cmake/export_velocity_kinematics_interfaces__rosidl_generator_cExport-noconfig.cmake
[3.346s] -- Up-to-date: /root/RBE500_Manipulator_Project/ws_2/install/velocity_kinematics_interfaces/share/velocity_kinematics_interfaces/cmake/export_velocity_kinematics_interfaces__rosidl_typesupport_fastrtps_cExport.cmake
[3.346s] -- Up-to-date: /root/RBE500_Manipulator_Project/ws_2/install/velocity_kinematics_interfaces/share/velocity_kinematics_interfaces/cmake/export_velocity_kinematics_interfaces__rosidl_typesupport_fastrtps_cExport-noconfig.cmake
[3.346s] -- Up-to-date: /root/RBE500_Manipulator_Project/ws_2/install/velocity_kinematics_interfaces/share/velocity_kinematics_interfaces/cmake/export_velocity_kinematics_interfaces__rosidl_generator_cppExport.cmake
[3.346s] -- Up-to-date: /root/RBE500_Manipulator_Project/ws_2/install/velocity_kinematics_interfaces/share/velocity_kinematics_interfaces/cmake/export_velocity_kinematics_interfaces__rosidl_typesupport_fastrtps_cppExport.cmake
[3.346s] -- Up-to-date: /root/RBE500_Manipulator_Project/ws_2/install/velocity_kinematics_interfaces/share/velocity_kinematics_interfaces/cmake/export_velocity_kinematics_interfaces__rosidl_typesupport_fastrtps_cppExport-noconfig.cmake
[3.346s] -- Up-to-date: /root/RBE500_Manipulator_Project/ws_2/install/velocity_kinematics_interfaces/share/velocity_kinematics_interfaces/cmake/velocity_kinematics_interfaces__rosidl_typesupport_introspection_cExport.cmake
[3.346s] -- Up-to-date: /root/RBE500_Manipulator_Project/ws_2/install/velocity_kinematics_interfaces/share/velocity_kinematics_interfaces/cmake/velocity_kinematics_interfaces__rosidl_typesupport_introspection_cExport-noconfig.cmake
[3.346s] -- Up-to-date: /root/RBE500_Manipulator_Project/ws_2/install/velocity_kinematics_interfaces/share/velocity_kinematics_interfaces/cmake/velocity_kinematics_interfaces__rosidl_typesupport_cExport.cmake
[3.347s] -- Up-to-date: /root/RBE500_Manipulator_Project/ws_2/install/velocity_kinematics_interfaces/share/velocity_kinematics_interfaces/cmake/velocity_kinematics_interfaces__rosidl_typesupport_cExport-noconfig.cmake
[3.347s] -- Up-to-date: /root/RBE500_Manipulator_Project/ws_2/install/velocity_kinematics_interfaces/share/velocity_kinematics_interfaces/cmake/velocity_kinematics_interfaces__rosidl_typesupport_introspection_cppExport.cmake
[3.347s] -- Up-to-date: /root/RBE500_Manipulator_Project/ws_2/install/velocity_kinematics_interfaces/share/velocity_kinematics_interfaces/cmake/velocity_kinematics_interfaces__rosidl_typesupport_introspection_cppExport-noconfig.cmake
[3.347s] -- Up-to-date: /root/RBE500_Manipulator_Project/ws_2/install/velocity_kinematics_interfaces/share/velocity_kinematics_interfaces/cmake/velocity_kinematics_interfaces__rosidl_typesupport_cppExport.cmake
[3.347s] -- Up-to-date: /root/RBE500_Manipulator_Project/ws_2/install/velocity_kinematics_interfaces/share/velocity_kinematics_interfaces/cmake/velocity_kinematics_interfaces__rosidl_typesupport_cppExport-noconfig.cmake
[3.347s] -- Up-to-date: /root/RBE500_Manipulator_Project/ws_2/install/velocity_kinematics_interfaces/share/velocity_kinematics_interfaces/cmake/export_velocity_kinematics_interfaces__rosidl_generator_pyExport.cmake
[3.347s] -- Up-to-date: /root/RBE500_Manipulator_Project/ws_2/install/velocity_kinematics_interfaces/share/velocity_kinematics_interfaces/cmake/export_velocity_kinematics_interfaces__rosidl_generator_pyExport-noconfig.cmake
[3.347s] -- Installing: /root/RBE500_Manipulator_Project/ws_2/install/velocity_kinematics_interfaces/share/velocity_kinematics_interfaces/cmake/rosidl_cmake-extras.cmake
[3.347s] -- Up-to-date: /root/RBE500_Manipulator_Project/ws_2/install/velocity_kinematics_interfaces/share/velocity_kinematics_interfaces/cmake/ament_cmake_export_include_directories-extras.cmake
[3.347s] -- Up-to-date: /root/RBE500_Manipulator_Project/ws_2/install/velocity_kinematics_interfaces/share/velocity_kinematics_interfaces/cmake/ament_cmake_export_libraries-extras.cmake
[3.347s] -- Up-to-date: /root/RBE500_Manipulator_Project/ws_2/install/velocity_kinematics_interfaces/share/velocity_kinematics_interfaces/cmake/ament_cmake_export_targets-extras.cmake
[3.347s] -- Up-to-date: /root/RBE500_Manipulator_Project/ws_2/install/velocity_kinematics_interfaces/share/velocity_kinematics_interfaces/cmake/rosidl_cmake_export_typesupport_targets-extras.cmake
[3.347s] -- Up-to-date: /root/RBE500_Manipulator_Project/ws_2/install/velocity_kinematics_interfaces/share/velocity_kinematics_interfaces/cmake/ament_cmake_export_dependencies-extras.cmake
[3.348s] -- Up-to-date: /root/RBE500_Manipulator_Project/ws_2/install/velocity_kinematics_interfaces/share/velocity_kinematics_interfaces/cmake/rosidl_cmake_export_typesupport_libraries-extras.cmake
[3.348s] -- Up-to-date: /root/RBE500_Manipulator_Project/ws_2/install/velocity_kinematics_interfaces/share/velocity_kinematics_interfaces/cmake/velocity_kinematics_interfacesConfig.cmake
[3.348s] -- Up-to-date: /root/RBE500_Manipulator_Project/ws_2/install/velocity_kinematics_interfaces/share/velocity_kinematics_interfaces/cmake/velocity_kinematics_interfacesConfig-version.cmake
[3.348s] -- Up-to-date: /root/RBE500_Manipulator_Project/ws_2/install/velocity_kinematics_interfaces/share/velocity_kinematics_interfaces/package.xml
[3.349s] Invoked command in '/root/RBE500_Manipulator_Project/ws_2/build/velocity_kinematics_interfaces' returned '0': CMAKE_PREFIX_PATH=${CMAKE_PREFIX_PATH}:/opt/ros/humble /usr/bin/cmake --install /root/RBE500_Manipulator_Project/ws_2/build/velocity_kinematics_interfaces
