[0.198s] Invoking command in '/root/RBE500_Manipulator_Project/ws_2/build/velocity_kinematics_interfaces': CMAKE_PREFIX_PATH=${CMAKE_PREFIX_PATH}:/opt/ros/humble /usr/bin/cmake --build /root/RBE500_Manipulator_Project/ws_2/build/velocity_kinematics_interfaces -- -j12 -l12
[0.218s] -- Found ament_cmake: 1.3.10 (/opt/ros/humble/share/ament_cmake/cmake)
[0.320s] -- Found rclpy: 3.3.14 (/opt/ros/humble/share/rclpy/cmake)
[0.320s] -- Found std_msgs: 4.2.4 (/opt/ros/humble/share/std_msgs/cmake)
[0.340s] -- Found rosidl_generator_c: 3.1.5 (/opt/ros/humble/share/rosidl_generator_c/cmake)
[0.342s] -- Found rosidl_adapter: 3.1.5 (/opt/ros/humble/share/rosidl_adapter/cmake)
[0.347s] -- Found rosidl_generator_cpp: 3.1.5 (/opt/ros/humble/share/rosidl_generator_cpp/cmake)
[0.356s] -- Using all available rosidl_typesupport_c: rosidl_typesupport_fastrtps_c;rosidl_typesupport_introspection_c
[0.367s] -- Using all available rosidl_typesupport_cpp: rosidl_typesupport_fastrtps_cpp;rosidl_typesupport_introspection_cpp
[0.386s] -- Found rosidl_default_generators: 1.2.0 (/opt/ros/humble/share/rosidl_default_generators/cmake)
[0.392s] -- Found ament_lint_auto: 0.12.11 (/opt/ros/humble/share/ament_lint_auto/cmake)
[0.594s] -- Found ament_cmake_ros: 0.10.0 (/opt/ros/humble/share/ament_cmake_ros/cmake)
[0.821s] -- Using all available rosidl_typesupport_c: rosidl_typesupport_fastrtps_c;rosidl_typesupport_introspection_c
[0.907s] -- Using all available rosidl_typesupport_cpp: rosidl_typesupport_fastrtps_cpp;rosidl_typesupport_introspection_cpp
[0.924s] -- Found python_cmake_module: 0.10.0 (/opt/ros/humble/share/python_cmake_module/cmake)
[0.942s] -- Using PYTHON_EXECUTABLE: /usr/bin/python3
[0.942s] -- Using PYTHON_INCLUDE_DIRS: /usr/include/python3.10
[0.942s] -- Using PYTHON_LIBRARIES: /usr/lib/x86_64-linux-gnu/libpython3.10.so
[0.954s] -- Added test 'lint_cmake' to check CMake code style
[0.954s] -- Added test 'xmllint' to check XML markup files
[0.958s] -- Configuring done
[1.008s] -- Generating done
[1.011s] -- Build files have been written to: /root/RBE500_Manipulator_Project/ws_2/build/velocity_kinematics_interfaces
[1.027s] [  2%] [34m[1mGenerating C code for ROS interfaces[0m
[1.034s] [  5%] [34m[1mGenerating C++ code for ROS interfaces[0m
[1.041s] [  5%] Built target ament_cmake_python_copy_velocity_kinematics_interfaces
[1.233s] running egg_info
[1.233s] writing velocity_kinematics_interfaces.egg-info/PKG-INFO
[1.233s] writing dependency_links to velocity_kinematics_interfaces.egg-info/dependency_links.txt
[1.234s] writing top-level names to velocity_kinematics_interfaces.egg-info/top_level.txt
[1.235s] reading manifest file 'velocity_kinematics_interfaces.egg-info/SOURCES.txt'
[1.236s] writing manifest file 'velocity_kinematics_interfaces.egg-info/SOURCES.txt'
[1.255s] [  5%] Built target ament_cmake_python_build_velocity_kinematics_interfaces_egg
[1.356s] [  5%] Built target velocity_kinematics_interfaces__cpp
[1.363s] [ 12%] [34m[1mGenerating C++ type support for eProsima Fast-RTPS[0m
[1.363s] [ 12%] [34m[1mGenerating C++ type support dispatch for ROS interfaces[0m
[1.363s] [ 12%] [34m[1mGenerating C++ introspection for ROS interfaces[0m
[1.370s] [ 17%] [32mBuilding C object CMakeFiles/velocity_kinematics_interfaces__rosidl_generator_c.dir/rosidl_generator_c/velocity_kinematics_interfaces/srv/detail/end_effector_joint__functions.c.o[0m
[1.370s] [ 17%] [32mBuilding C object CMakeFiles/velocity_kinematics_interfaces__rosidl_generator_c.dir/rosidl_generator_c/velocity_kinematics_interfaces/srv/detail/joint_end_effector__functions.c.o[0m
[1.427s] [ 20%] [32m[1mLinking C shared library libvelocity_kinematics_interfaces__rosidl_generator_c.so[0m
[1.455s] [ 20%] Built target velocity_kinematics_interfaces__rosidl_generator_c
[1.463s] [ 28%] [34m[1mGenerating C type support for eProsima Fast-RTPS[0m
[1.463s] [ 28%] [34m[1mGenerating C introspection for ROS interfaces[0m
[1.463s] [ 28%] [34m[1mGenerating C type support dispatch for ROS interfaces[0m
[1.649s] [ 30%] [32mBuilding CXX object CMakeFiles/velocity_kinematics_interfaces__rosidl_typesupport_cpp.dir/rosidl_typesupport_cpp/velocity_kinematics_interfaces/srv/joint_end_effector__type_support.cpp.o[0m
[1.650s] [ 33%] [32mBuilding CXX object CMakeFiles/velocity_kinematics_interfaces__rosidl_typesupport_cpp.dir/rosidl_typesupport_cpp/velocity_kinematics_interfaces/srv/end_effector_joint__type_support.cpp.o[0m
[1.706s] [ 38%] [32mBuilding CXX object CMakeFiles/velocity_kinematics_interfaces__rosidl_typesupport_introspection_cpp.dir/rosidl_typesupport_introspection_cpp/velocity_kinematics_interfaces/srv/detail/end_effector_joint__type_support.cpp.o[0m
[1.706s] [ 38%] [32mBuilding CXX object CMakeFiles/velocity_kinematics_interfaces__rosidl_typesupport_introspection_cpp.dir/rosidl_typesupport_introspection_cpp/velocity_kinematics_interfaces/srv/detail/joint_end_effector__type_support.cpp.o[0m
[1.748s] [ 43%] [32mBuilding CXX object CMakeFiles/velocity_kinematics_interfaces__rosidl_typesupport_c.dir/rosidl_typesupport_c/velocity_kinematics_interfaces/srv/end_effector_joint__type_support.cpp.o[0m
[1.748s] [ 43%] [32mBuilding CXX object CMakeFiles/velocity_kinematics_interfaces__rosidl_typesupport_c.dir/rosidl_typesupport_c/velocity_kinematics_interfaces/srv/joint_end_effector__type_support.cpp.o[0m
[1.779s] [ 46%] [32m[1mLinking CXX shared library libvelocity_kinematics_interfaces__rosidl_typesupport_c.so[0m
[1.782s] [ 48%] [32mBuilding CXX object CMakeFiles/velocity_kinematics_interfaces__rosidl_typesupport_fastrtps_cpp.dir/rosidl_typesupport_fastrtps_cpp/velocity_kinematics_interfaces/srv/detail/dds_fastrtps/joint_end_effector__type_support.cpp.o[0m
[1.786s] [ 51%] [32mBuilding CXX object CMakeFiles/velocity_kinematics_interfaces__rosidl_typesupport_fastrtps_cpp.dir/rosidl_typesupport_fastrtps_cpp/velocity_kinematics_interfaces/srv/detail/dds_fastrtps/end_effector_joint__type_support.cpp.o[0m
[1.821s] [ 51%] Built target velocity_kinematics_interfaces__rosidl_typesupport_c
[1.886s] [ 56%] [32mBuilding C object CMakeFiles/velocity_kinematics_interfaces__rosidl_typesupport_introspection_c.dir/rosidl_typesupport_introspection_c/velocity_kinematics_interfaces/srv/detail/end_effector_joint__type_support.c.o[0m
[1.887s] [ 56%] [32mBuilding C object CMakeFiles/velocity_kinematics_interfaces__rosidl_typesupport_introspection_c.dir/rosidl_typesupport_introspection_c/velocity_kinematics_interfaces/srv/detail/joint_end_effector__type_support.c.o[0m
[1.922s] [ 61%] [32mBuilding CXX object CMakeFiles/velocity_kinematics_interfaces__rosidl_typesupport_fastrtps_c.dir/rosidl_typesupport_fastrtps_c/velocity_kinematics_interfaces/srv/detail/end_effector_joint__type_support_c.cpp.o[0m
[1.922s] [ 61%] [32mBuilding CXX object CMakeFiles/velocity_kinematics_interfaces__rosidl_typesupport_fastrtps_c.dir/rosidl_typesupport_fastrtps_c/velocity_kinematics_interfaces/srv/detail/joint_end_effector__type_support_c.cpp.o[0m
[1.930s] [ 64%] [32m[1mLinking C shared library libvelocity_kinematics_interfaces__rosidl_typesupport_introspection_c.so[0m
[1.963s] [ 64%] Built target velocity_kinematics_interfaces__rosidl_typesupport_introspection_c
[2.011s] [ 66%] [32m[1mLinking CXX shared library libvelocity_kinematics_interfaces__rosidl_typesupport_cpp.so[0m
[2.055s] [ 66%] Built target velocity_kinematics_interfaces__rosidl_typesupport_cpp
[2.097s] [ 69%] [32m[1mLinking CXX shared library libvelocity_kinematics_interfaces__rosidl_typesupport_introspection_cpp.so[0m
[2.136s] [ 69%] Built target velocity_kinematics_interfaces__rosidl_typesupport_introspection_cpp
[2.192s] [ 71%] [32m[1mLinking CXX shared library libvelocity_kinematics_interfaces__rosidl_typesupport_fastrtps_cpp.so[0m
[2.253s] [ 71%] Built target velocity_kinematics_interfaces__rosidl_typesupport_fastrtps_cpp
[2.270s] [ 74%] [32m[1mLinking CXX shared library libvelocity_kinematics_interfaces__rosidl_typesupport_fastrtps_c.so[0m
[2.318s] [ 74%] Built target velocity_kinematics_interfaces__rosidl_typesupport_fastrtps_c
[2.329s] [ 74%] Built target velocity_kinematics_interfaces
[2.339s] [ 76%] [34m[1mGenerating Python code for ROS interfaces[0m
[2.831s] [ 76%] Built target velocity_kinematics_interfaces__py
[2.843s] [ 79%] [32mBuilding C object CMakeFiles/velocity_kinematics_interfaces__rosidl_generator_py.dir/rosidl_generator_py/velocity_kinematics_interfaces/srv/_joint_end_effector_s.c.o[0m
[2.843s] [ 82%] [32mBuilding C object CMakeFiles/velocity_kinematics_interfaces__rosidl_generator_py.dir/rosidl_generator_py/velocity_kinematics_interfaces/srv/_end_effector_joint_s.c.o[0m
[2.920s] [ 84%] [32m[1mLinking C shared library rosidl_generator_py/velocity_kinematics_interfaces/libvelocity_kinematics_interfaces__rosidl_generator_py.so[0m
[2.943s] [ 84%] Built target velocity_kinematics_interfaces__rosidl_generator_py
[2.949s] [35m[1mConsolidate compiler generated dependencies of target velocity_kinematics_interfaces__rosidl_typesupport_introspection_c__pyext[0m
[2.949s] [35m[1mConsolidate compiler generated dependencies of target velocity_kinematics_interfaces__rosidl_typesupport_c__pyext[0m
[2.949s] [35m[1mConsolidate compiler generated dependencies of target velocity_kinematics_interfaces__rosidl_typesupport_fastrtps_c__pyext[0m
[2.958s] [ 87%] [32mBuilding C object CMakeFiles/velocity_kinematics_interfaces__rosidl_typesupport_introspection_c__pyext.dir/rosidl_generator_py/velocity_kinematics_interfaces/_velocity_kinematics_interfaces_s.ep.rosidl_typesupport_introspection_c.c.o[0m
[2.959s] [ 89%] [32mBuilding C object CMakeFiles/velocity_kinematics_interfaces__rosidl_typesupport_fastrtps_c__pyext.dir/rosidl_generator_py/velocity_kinematics_interfaces/_velocity_kinematics_interfaces_s.ep.rosidl_typesupport_fastrtps_c.c.o[0m
[2.960s] [ 92%] [32mBuilding C object CMakeFiles/velocity_kinematics_interfaces__rosidl_typesupport_c__pyext.dir/rosidl_generator_py/velocity_kinematics_interfaces/_velocity_kinematics_interfaces_s.ep.rosidl_typesupport_c.c.o[0m
[3.032s] [ 94%] [32m[1mLinking C shared library rosidl_generator_py/velocity_kinematics_interfaces/velocity_kinematics_interfaces_s__rosidl_typesupport_c.cpython-310-x86_64-linux-gnu.so[0m
[3.048s] [ 97%] [32m[1mLinking C shared library rosidl_generator_py/velocity_kinematics_interfaces/velocity_kinematics_interfaces_s__rosidl_typesupport_introspection_c.cpython-310-x86_64-linux-gnu.so[0m
[3.051s] [100%] [32m[1mLinking C shared library rosidl_generator_py/velocity_kinematics_interfaces/velocity_kinematics_interfaces_s__rosidl_typesupport_fastrtps_c.cpython-310-x86_64-linux-gnu.so[0m
[3.055s] [100%] Built target velocity_kinematics_interfaces__rosidl_typesupport_c__pyext
[3.070s] [100%] Built target velocity_kinematics_interfaces__rosidl_typesupport_introspection_c__pyext
[3.072s] [100%] Built target velocity_kinematics_interfaces__rosidl_typesupport_fastrtps_c__pyext
[3.079s] Invoked command in '/root/RBE500_Manipulator_Project/ws_2/build/velocity_kinematics_interfaces' returned '0': CMAKE_PREFIX_PATH=${CMAKE_PREFIX_PATH}:/opt/ros/humble /usr/bin/cmake --build /root/RBE500_Manipulator_Project/ws_2/build/velocity_kinematics_interfaces -- -j12 -l12
[3.122s] Invoking command in '/root/RBE500_Manipulator_Project/ws_2/build/velocity_kinematics_interfaces': CMAKE_PREFIX_PATH=${CMAKE_PREFIX_PATH}:/opt/ros/humble /usr/bin/cmake --install /root/RBE500_Manipulator_Project/ws_2/build/velocity_kinematics_interfaces
[3.128s] -- Install configuration: ""
[3.128s] -- Installing: /root/RBE500_Manipulator_Project/ws_2/install/velocity_kinematics_interfaces/share/ament_index/resource_index/rosidl_interfaces/velocity_kinematics_interfaces
[3.128s] -- Up-to-date: /root/RBE500_Manipulator_Project/ws_2/install/velocity_kinematics_interfaces/include/velocity_kinematics_interfaces/velocity_kinematics_interfaces
[3.128s] -- Up-to-date: /root/RBE500_Manipulator_Project/ws_2/install/velocity_kinematics_interfaces/include/velocity_kinematics_interfaces/velocity_kinematics_interfaces/msg
[3.128s] -- Up-to-date: /root/RBE500_Manipulator_Project/ws_2/install/velocity_kinematics_interfaces/include/velocity_kinematics_interfaces/velocity_kinematics_interfaces/msg/rosidl_generator_c__visibility_control.h
[3.128s] -- Up-to-date: /root/RBE500_Manipulator_Project/ws_2/install/velocity_kinematics_interfaces/include/velocity_kinematics_interfaces/velocity_kinematics_interfaces/srv
[3.128s] -- Up-to-date: /root/RBE500_Manipulator_Project/ws_2/install/velocity_kinematics_interfaces/include/velocity_kinematics_interfaces/velocity_kinematics_interfaces/srv/joint_to_end_effector.h
[3.128s] -- Up-to-date: /root/RBE500_Manipulator_Project/ws_2/install/velocity_kinematics_interfaces/include/velocity_kinematics_interfaces/velocity_kinematics_interfaces/srv/end_effector_to_joint.h
[3.128s] -- Installing: /root/RBE500_Manipulator_Project/ws_2/install/velocity_kinematics_interfaces/include/velocity_kinematics_interfaces/velocity_kinematics_interfaces/srv/end_effector_joint.h
[3.129s] -- Up-to-date: /root/RBE500_Manipulator_Project/ws_2/install/velocity_kinematics_interfaces/include/velocity_kinematics_interfaces/velocity_kinematics_interfaces/srv/effector_to_joint.h
[3.129s] -- Up-to-date: /root/RBE500_Manipulator_Project/ws_2/install/velocity_kinematics_interfaces/include/velocity_kinematics_interfaces/velocity_kinematics_interfaces/srv/joint_to_effector.h
[3.129s] -- Up-to-date: /root/RBE500_Manipulator_Project/ws_2/install/velocity_kinematics_interfaces/include/velocity_kinematics_interfaces/velocity_kinematics_interfaces/srv/detail
[3.129s] -- Up-to-date: /root/RBE500_Manipulator_Project/ws_2/install/velocity_kinematics_interfaces/include/velocity_kinematics_interfaces/velocity_kinematics_interfaces/srv/detail/joint_to_effector__struct.h
[3.129s] -- Installing: /root/RBE500_Manipulator_Project/ws_2/install/velocity_kinematics_interfaces/include/velocity_kinematics_interfaces/velocity_kinematics_interfaces/srv/detail/joint_end_effector__struct.h
[3.129s] -- Up-to-date: /root/RBE500_Manipulator_Project/ws_2/install/velocity_kinematics_interfaces/include/velocity_kinematics_interfaces/velocity_kinematics_interfaces/srv/detail/effector_to_joint__type_support.h
[3.129s] -- Installing: /root/RBE500_Manipulator_Project/ws_2/install/velocity_kinematics_interfaces/include/velocity_kinematics_interfaces/velocity_kinematics_interfaces/srv/detail/end_effector_joint__struct.h
[3.129s] -- Up-to-date: /root/RBE500_Manipulator_Project/ws_2/install/velocity_kinematics_interfaces/include/velocity_kinematics_interfaces/velocity_kinematics_interfaces/srv/detail/effector_to_joint__functions.c
[3.129s] -- Up-to-date: /root/RBE500_Manipulator_Project/ws_2/install/velocity_kinematics_interfaces/include/velocity_kinematics_interfaces/velocity_kinematics_interfaces/srv/detail/end_effector_to_joint__functions.c
[3.129s] -- Installing: /root/RBE500_Manipulator_Project/ws_2/install/velocity_kinematics_interfaces/include/velocity_kinematics_interfaces/velocity_kinematics_interfaces/srv/detail/joint_end_effector__type_support.h
[3.129s] -- Installing: /root/RBE500_Manipulator_Project/ws_2/install/velocity_kinematics_interfaces/include/velocity_kinematics_interfaces/velocity_kinematics_interfaces/srv/detail/end_effector_joint__type_support.h
[3.129s] -- Up-to-date: /root/RBE500_Manipulator_Project/ws_2/install/velocity_kinematics_interfaces/include/velocity_kinematics_interfaces/velocity_kinematics_interfaces/srv/detail/joint_to_effector__type_support.h
[3.129s] -- Up-to-date: /root/RBE500_Manipulator_Project/ws_2/install/velocity_kinematics_interfaces/include/velocity_kinematics_interfaces/velocity_kinematics_interfaces/srv/detail/joint_to_end_effector__struct.h
[3.129s] -- Up-to-date: /root/RBE500_Manipulator_Project/ws_2/install/velocity_kinematics_interfaces/include/velocity_kinematics_interfaces/velocity_kinematics_interfaces/srv/detail/joint_to_effector__functions.h
[3.129s] -- Up-to-date: /root/RBE500_Manipulator_Project/ws_2/install/velocity_kinematics_interfaces/include/velocity_kinematics_interfaces/velocity_kinematics_interfaces/srv/detail/end_effector_to_joint__functions.h
[3.130s] -- Installing: /root/RBE500_Manipulator_Project/ws_2/install/velocity_kinematics_interfaces/include/velocity_kinematics_interfaces/velocity_kinematics_interfaces/srv/detail/joint_end_effector__functions.h
[3.130s] -- Up-to-date: /root/RBE500_Manipulator_Project/ws_2/install/velocity_kinematics_interfaces/include/velocity_kinematics_interfaces/velocity_kinematics_interfaces/srv/detail/effector_to_joint__struct.h
[3.130s] -- Installing: /root/RBE500_Manipulator_Project/ws_2/install/velocity_kinematics_interfaces/include/velocity_kinematics_interfaces/velocity_kinematics_interfaces/srv/detail/end_effector_joint__functions.h
[3.130s] -- Up-to-date: /root/RBE500_Manipulator_Project/ws_2/install/velocity_kinematics_interfaces/include/velocity_kinematics_interfaces/velocity_kinematics_interfaces/srv/detail/end_effector_to_joint__type_support.h
[3.130s] -- Installing: /root/RBE500_Manipulator_Project/ws_2/install/velocity_kinematics_interfaces/include/velocity_kinematics_interfaces/velocity_kinematics_interfaces/srv/detail/end_effector_joint__functions.c
[3.130s] -- Up-to-date: /root/RBE500_Manipulator_Project/ws_2/install/velocity_kinematics_interfaces/include/velocity_kinematics_interfaces/velocity_kinematics_interfaces/srv/detail/joint_to_end_effector__functions.c
[3.130s] -- Up-to-date: /root/RBE500_Manipulator_Project/ws_2/install/velocity_kinematics_interfaces/include/velocity_kinematics_interfaces/velocity_kinematics_interfaces/srv/detail/joint_to_end_effector__functions.h
[3.130s] -- Up-to-date: /root/RBE500_Manipulator_Project/ws_2/install/velocity_kinematics_interfaces/include/velocity_kinematics_interfaces/velocity_kinematics_interfaces/srv/detail/joint_to_end_effector__type_support.h
[3.130s] -- Up-to-date: /root/RBE500_Manipulator_Project/ws_2/install/velocity_kinematics_interfaces/include/velocity_kinematics_interfaces/velocity_kinematics_interfaces/srv/detail/end_effector_to_joint__struct.h
[3.130s] -- Installing: /root/RBE500_Manipulator_Project/ws_2/install/velocity_kinematics_interfaces/include/velocity_kinematics_interfaces/velocity_kinematics_interfaces/srv/detail/joint_end_effector__functions.c
[3.130s] -- Up-to-date: /root/RBE500_Manipulator_Project/ws_2/install/velocity_kinematics_interfaces/include/velocity_kinematics_interfaces/velocity_kinematics_interfaces/srv/detail/joint_to_effector__functions.c
[3.130s] -- Up-to-date: /root/RBE500_Manipulator_Project/ws_2/install/velocity_kinematics_interfaces/include/velocity_kinematics_interfaces/velocity_kinematics_interfaces/srv/detail/effector_to_joint__functions.h
[3.130s] -- Installing: /root/RBE500_Manipulator_Project/ws_2/install/velocity_kinematics_interfaces/include/velocity_kinematics_interfaces/velocity_kinematics_interfaces/srv/joint_end_effector.h
[3.130s] -- Up-to-date: /root/RBE500_Manipulator_Project/ws_2/install/velocity_kinematics_interfaces/share/velocity_kinematics_interfaces/environment/library_path.sh
[3.130s] -- Installing: /root/RBE500_Manipulator_Project/ws_2/install/velocity_kinematics_interfaces/share/velocity_kinematics_interfaces/environment/library_path.dsv
[3.130s] -- Installing: /root/RBE500_Manipulator_Project/ws_2/install/velocity_kinematics_interfaces/lib/libvelocity_kinematics_interfaces__rosidl_generator_c.so
[3.131s] -- Set runtime path of "/root/RBE500_Manipulator_Project/ws_2/install/velocity_kinematics_interfaces/lib/libvelocity_kinematics_interfaces__rosidl_generator_c.so" to ""
[3.131s] -- Up-to-date: /root/RBE500_Manipulator_Project/ws_2/install/velocity_kinematics_interfaces/include/velocity_kinematics_interfaces/velocity_kinematics_interfaces
[3.131s] -- Up-to-date: /root/RBE500_Manipulator_Project/ws_2/install/velocity_kinematics_interfaces/include/velocity_kinematics_interfaces/velocity_kinematics_interfaces/msg
[3.131s] -- Up-to-date: /root/RBE500_Manipulator_Project/ws_2/install/velocity_kinematics_interfaces/include/velocity_kinematics_interfaces/velocity_kinematics_interfaces/msg/rosidl_typesupport_fastrtps_c__visibility_control.h
[3.131s] -- Up-to-date: /root/RBE500_Manipulator_Project/ws_2/install/velocity_kinematics_interfaces/include/velocity_kinematics_interfaces/velocity_kinematics_interfaces/srv
[3.131s] -- Up-to-date: /root/RBE500_Manipulator_Project/ws_2/install/velocity_kinematics_interfaces/include/velocity_kinematics_interfaces/velocity_kinematics_interfaces/srv/detail
[3.131s] -- Up-to-date: /root/RBE500_Manipulator_Project/ws_2/install/velocity_kinematics_interfaces/include/velocity_kinematics_interfaces/velocity_kinematics_interfaces/srv/detail/end_effector_to_joint__rosidl_typesupport_fastrtps_c.h
[3.131s] -- Installing: /root/RBE500_Manipulator_Project/ws_2/install/velocity_kinematics_interfaces/include/velocity_kinematics_interfaces/velocity_kinematics_interfaces/srv/detail/joint_end_effector__rosidl_typesupport_fastrtps_c.h
[3.131s] -- Installing: /root/RBE500_Manipulator_Project/ws_2/install/velocity_kinematics_interfaces/include/velocity_kinematics_interfaces/velocity_kinematics_interfaces/srv/detail/end_effector_joint__rosidl_typesupport_fastrtps_c.h
[3.131s] -- Up-to-date: /root/RBE500_Manipulator_Project/ws_2/install/velocity_kinematics_interfaces/include/velocity_kinematics_interfaces/velocity_kinematics_interfaces/srv/detail/joint_to_end_effector__rosidl_typesupport_fastrtps_c.h
[3.131s] -- Up-to-date: /root/RBE500_Manipulator_Project/ws_2/install/velocity_kinematics_interfaces/include/velocity_kinematics_interfaces/velocity_kinematics_interfaces/srv/detail/joint_to_effector__rosidl_typesupport_fastrtps_c.h
[3.131s] -- Up-to-date: /root/RBE500_Manipulator_Project/ws_2/install/velocity_kinematics_interfaces/include/velocity_kinematics_interfaces/velocity_kinematics_interfaces/srv/detail/effector_to_joint__rosidl_typesupport_fastrtps_c.h
[3.131s] -- Installing: /root/RBE500_Manipulator_Project/ws_2/install/velocity_kinematics_interfaces/lib/libvelocity_kinematics_interfaces__rosidl_typesupport_fastrtps_c.so
[3.131s] -- Set runtime path of "/root/RBE500_Manipulator_Project/ws_2/install/velocity_kinematics_interfaces/lib/libvelocity_kinematics_interfaces__rosidl_typesupport_fastrtps_c.so" to ""
[3.132s] -- Up-to-date: /root/RBE500_Manipulator_Project/ws_2/install/velocity_kinematics_interfaces/include/velocity_kinematics_interfaces/velocity_kinematics_interfaces
[3.132s] -- Up-to-date: /root/RBE500_Manipulator_Project/ws_2/install/velocity_kinematics_interfaces/include/velocity_kinematics_interfaces/velocity_kinematics_interfaces/srv
[3.132s] -- Up-to-date: /root/RBE500_Manipulator_Project/ws_2/install/velocity_kinematics_interfaces/include/velocity_kinematics_interfaces/velocity_kinematics_interfaces/srv/joint_to_end_effector.hpp
[3.132s] -- Installing: /root/RBE500_Manipulator_Project/ws_2/install/velocity_kinematics_interfaces/include/velocity_kinematics_interfaces/velocity_kinematics_interfaces/srv/joint_end_effector.hpp
[3.132s] -- Up-to-date: /root/RBE500_Manipulator_Project/ws_2/install/velocity_kinematics_interfaces/include/velocity_kinematics_interfaces/velocity_kinematics_interfaces/srv/end_effector_to_joint.hpp
[3.132s] -- Up-to-date: /root/RBE500_Manipulator_Project/ws_2/install/velocity_kinematics_interfaces/include/velocity_kinematics_interfaces/velocity_kinematics_interfaces/srv/effector_to_joint.hpp
[3.132s] -- Up-to-date: /root/RBE500_Manipulator_Project/ws_2/install/velocity_kinematics_interfaces/include/velocity_kinematics_interfaces/velocity_kinematics_interfaces/srv/joint_to_effector.hpp
[3.132s] -- Up-to-date: /root/RBE500_Manipulator_Project/ws_2/install/velocity_kinematics_interfaces/include/velocity_kinematics_interfaces/velocity_kinematics_interfaces/srv/detail
[3.132s] -- Up-to-date: /root/RBE500_Manipulator_Project/ws_2/install/velocity_kinematics_interfaces/include/velocity_kinematics_interfaces/velocity_kinematics_interfaces/srv/detail/effector_to_joint__builder.hpp
[3.132s] -- Up-to-date: /root/RBE500_Manipulator_Project/ws_2/install/velocity_kinematics_interfaces/include/velocity_kinematics_interfaces/velocity_kinematics_interfaces/srv/detail/end_effector_to_joint__builder.hpp
[3.132s] -- Up-to-date: /root/RBE500_Manipulator_Project/ws_2/install/velocity_kinematics_interfaces/include/velocity_kinematics_interfaces/velocity_kinematics_interfaces/srv/detail/joint_to_end_effector__builder.hpp
[3.132s] -- Installing: /root/RBE500_Manipulator_Project/ws_2/install/velocity_kinematics_interfaces/include/velocity_kinematics_interfaces/velocity_kinematics_interfaces/srv/detail/joint_end_effector__traits.hpp
[3.132s] -- Up-to-date: /root/RBE500_Manipulator_Project/ws_2/install/velocity_kinematics_interfaces/include/velocity_kinematics_interfaces/velocity_kinematics_interfaces/srv/detail/joint_to_effector__struct.hpp
[3.132s] -- Up-to-date: /root/RBE500_Manipulator_Project/ws_2/install/velocity_kinematics_interfaces/include/velocity_kinematics_interfaces/velocity_kinematics_interfaces/srv/detail/joint_to_effector__traits.hpp
[3.132s] -- Installing: /root/RBE500_Manipulator_Project/ws_2/install/velocity_kinematics_interfaces/include/velocity_kinematics_interfaces/velocity_kinematics_interfaces/srv/detail/joint_end_effector__struct.hpp
[3.133s] -- Up-to-date: /root/RBE500_Manipulator_Project/ws_2/install/velocity_kinematics_interfaces/include/velocity_kinematics_interfaces/velocity_kinematics_interfaces/srv/detail/effector_to_joint__struct.hpp
[3.133s] -- Up-to-date: /root/RBE500_Manipulator_Project/ws_2/install/velocity_kinematics_interfaces/include/velocity_kinematics_interfaces/velocity_kinematics_interfaces/srv/detail/end_effector_to_joint__struct.hpp
[3.133s] -- Up-to-date: /root/RBE500_Manipulator_Project/ws_2/install/velocity_kinematics_interfaces/include/velocity_kinematics_interfaces/velocity_kinematics_interfaces/srv/detail/joint_to_effector__builder.hpp
[3.133s] -- Up-to-date: /root/RBE500_Manipulator_Project/ws_2/install/velocity_kinematics_interfaces/include/velocity_kinematics_interfaces/velocity_kinematics_interfaces/srv/detail/end_effector_to_joint__traits.hpp
[3.133s] -- Up-to-date: /root/RBE500_Manipulator_Project/ws_2/install/velocity_kinematics_interfaces/include/velocity_kinematics_interfaces/velocity_kinematics_interfaces/srv/detail/joint_to_end_effector__struct.hpp
[3.133s] -- Installing: /root/RBE500_Manipulator_Project/ws_2/install/velocity_kinematics_interfaces/include/velocity_kinematics_interfaces/velocity_kinematics_interfaces/srv/detail/end_effector_joint__builder.hpp
[3.133s] -- Installing: /root/RBE500_Manipulator_Project/ws_2/install/velocity_kinematics_interfaces/include/velocity_kinematics_interfaces/velocity_kinematics_interfaces/srv/detail/end_effector_joint__struct.hpp
[3.133s] -- Up-to-date: /root/RBE500_Manipulator_Project/ws_2/install/velocity_kinematics_interfaces/include/velocity_kinematics_interfaces/velocity_kinematics_interfaces/srv/detail/joint_to_end_effector__traits.hpp
[3.133s] -- Installing: /root/RBE500_Manipulator_Project/ws_2/install/velocity_kinematics_interfaces/include/velocity_kinematics_interfaces/velocity_kinematics_interfaces/srv/detail/end_effector_joint__traits.hpp
[3.133s] -- Up-to-date: /root/RBE500_Manipulator_Project/ws_2/install/velocity_kinematics_interfaces/include/velocity_kinematics_interfaces/velocity_kinematics_interfaces/srv/detail/effector_to_joint__traits.hpp
[3.133s] -- Installing: /root/RBE500_Manipulator_Project/ws_2/install/velocity_kinematics_interfaces/include/velocity_kinematics_interfaces/velocity_kinematics_interfaces/srv/detail/joint_end_effector__builder.hpp
[3.133s] -- Installing: /root/RBE500_Manipulator_Project/ws_2/install/velocity_kinematics_interfaces/include/velocity_kinematics_interfaces/velocity_kinematics_interfaces/srv/end_effector_joint.hpp
[3.133s] -- Up-to-date: /root/RBE500_Manipulator_Project/ws_2/install/velocity_kinematics_interfaces/include/velocity_kinematics_interfaces/velocity_kinematics_interfaces
[3.133s] -- Up-to-date: /root/RBE500_Manipulator_Project/ws_2/install/velocity_kinematics_interfaces/include/velocity_kinematics_interfaces/velocity_kinematics_interfaces/msg
[3.133s] -- Up-to-date: /root/RBE500_Manipulator_Project/ws_2/install/velocity_kinematics_interfaces/include/velocity_kinematics_interfaces/velocity_kinematics_interfaces/msg/rosidl_typesupport_fastrtps_cpp__visibility_control.h
[3.133s] -- Up-to-date: /root/RBE500_Manipulator_Project/ws_2/install/velocity_kinematics_interfaces/include/velocity_kinematics_interfaces/velocity_kinematics_interfaces/srv
[3.134s] -- Up-to-date: /root/RBE500_Manipulator_Project/ws_2/install/velocity_kinematics_interfaces/include/velocity_kinematics_interfaces/velocity_kinematics_interfaces/srv/detail
[3.134s] -- Up-to-date: /root/RBE500_Manipulator_Project/ws_2/install/velocity_kinematics_interfaces/include/velocity_kinematics_interfaces/velocity_kinematics_interfaces/srv/detail/joint_to_effector__rosidl_typesupport_fastrtps_cpp.hpp
[3.134s] -- Installing: /root/RBE500_Manipulator_Project/ws_2/install/velocity_kinematics_interfaces/include/velocity_kinematics_interfaces/velocity_kinematics_interfaces/srv/detail/joint_end_effector__rosidl_typesupport_fastrtps_cpp.hpp
[3.134s] -- Up-to-date: /root/RBE500_Manipulator_Project/ws_2/install/velocity_kinematics_interfaces/include/velocity_kinematics_interfaces/velocity_kinematics_interfaces/srv/detail/effector_to_joint__rosidl_typesupport_fastrtps_cpp.hpp
[3.134s] -- Installing: /root/RBE500_Manipulator_Project/ws_2/install/velocity_kinematics_interfaces/include/velocity_kinematics_interfaces/velocity_kinematics_interfaces/srv/detail/end_effector_joint__rosidl_typesupport_fastrtps_cpp.hpp
[3.134s] -- Up-to-date: /root/RBE500_Manipulator_Project/ws_2/install/velocity_kinematics_interfaces/include/velocity_kinematics_interfaces/velocity_kinematics_interfaces/srv/detail/dds_fastrtps
[3.134s] -- Up-to-date: /root/RBE500_Manipulator_Project/ws_2/install/velocity_kinematics_interfaces/include/velocity_kinematics_interfaces/velocity_kinematics_interfaces/srv/detail/joint_to_end_effector__rosidl_typesupport_fastrtps_cpp.hpp
[3.134s] -- Up-to-date: /root/RBE500_Manipulator_Project/ws_2/install/velocity_kinematics_interfaces/include/velocity_kinematics_interfaces/velocity_kinematics_interfaces/srv/detail/end_effector_to_joint__rosidl_typesupport_fastrtps_cpp.hpp
[3.134s] -- Installing: /root/RBE500_Manipulator_Project/ws_2/install/velocity_kinematics_interfaces/lib/libvelocity_kinematics_interfaces__rosidl_typesupport_fastrtps_cpp.so
[3.134s] -- Set runtime path of "/root/RBE500_Manipulator_Project/ws_2/install/velocity_kinematics_interfaces/lib/libvelocity_kinematics_interfaces__rosidl_typesupport_fastrtps_cpp.so" to ""
[3.134s] -- Up-to-date: /root/RBE500_Manipulator_Project/ws_2/install/velocity_kinematics_interfaces/include/velocity_kinematics_interfaces/velocity_kinematics_interfaces
[3.134s] -- Up-to-date: /root/RBE500_Manipulator_Project/ws_2/install/velocity_kinematics_interfaces/include/velocity_kinematics_interfaces/velocity_kinematics_interfaces/msg
[3.134s] -- Up-to-date: /root/RBE500_Manipulator_Project/ws_2/install/velocity_kinematics_interfaces/include/velocity_kinematics_interfaces/velocity_kinematics_interfaces/msg/rosidl_typesupport_introspection_c__visibility_control.h
[3.134s] -- Up-to-date: /root/RBE500_Manipulator_Project/ws_2/install/velocity_kinematics_interfaces/include/velocity_kinematics_interfaces/velocity_kinematics_interfaces/srv
[3.135s] -- Up-to-date: /root/RBE500_Manipulator_Project/ws_2/install/velocity_kinematics_interfaces/include/velocity_kinematics_interfaces/velocity_kinematics_interfaces/srv/detail
[3.135s] -- Up-to-date: /root/RBE500_Manipulator_Project/ws_2/install/velocity_kinematics_interfaces/include/velocity_kinematics_interfaces/velocity_kinematics_interfaces/srv/detail/effector_to_joint__type_support.c
[3.135s] -- Up-to-date: /root/RBE500_Manipulator_Project/ws_2/install/velocity_kinematics_interfaces/include/velocity_kinematics_interfaces/velocity_kinematics_interfaces/srv/detail/joint_to_effector__type_support.c
[3.135s] -- Up-to-date: /root/RBE500_Manipulator_Project/ws_2/install/velocity_kinematics_interfaces/include/velocity_kinematics_interfaces/velocity_kinematics_interfaces/srv/detail/end_effector_to_joint__rosidl_typesupport_introspection_c.h
[3.135s] -- Up-to-date: /root/RBE500_Manipulator_Project/ws_2/install/velocity_kinematics_interfaces/include/velocity_kinematics_interfaces/velocity_kinematics_interfaces/srv/detail/joint_to_effector__rosidl_typesupport_introspection_c.h
[3.135s] -- Installing: /root/RBE500_Manipulator_Project/ws_2/install/velocity_kinematics_interfaces/include/velocity_kinematics_interfaces/velocity_kinematics_interfaces/srv/detail/end_effector_joint__type_support.c
[3.135s] -- Up-to-date: /root/RBE500_Manipulator_Project/ws_2/install/velocity_kinematics_interfaces/include/velocity_kinematics_interfaces/velocity_kinematics_interfaces/srv/detail/joint_to_end_effector__type_support.c
[3.135s] -- Up-to-date: /root/RBE500_Manipulator_Project/ws_2/install/velocity_kinematics_interfaces/include/velocity_kinematics_interfaces/velocity_kinematics_interfaces/srv/detail/end_effector_to_joint__type_support.c
[3.135s] -- Installing: /root/RBE500_Manipulator_Project/ws_2/install/velocity_kinematics_interfaces/include/velocity_kinematics_interfaces/velocity_kinematics_interfaces/srv/detail/joint_end_effector__type_support.c
[3.135s] -- Installing: /root/RBE500_Manipulator_Project/ws_2/install/velocity_kinematics_interfaces/include/velocity_kinematics_interfaces/velocity_kinematics_interfaces/srv/detail/end_effector_joint__rosidl_typesupport_introspection_c.h
[3.135s] -- Up-to-date: /root/RBE500_Manipulator_Project/ws_2/install/velocity_kinematics_interfaces/include/velocity_kinematics_interfaces/velocity_kinematics_interfaces/srv/detail/effector_to_joint__rosidl_typesupport_introspection_c.h
[3.135s] -- Installing: /root/RBE500_Manipulator_Project/ws_2/install/velocity_kinematics_interfaces/include/velocity_kinematics_interfaces/velocity_kinematics_interfaces/srv/detail/joint_end_effector__rosidl_typesupport_introspection_c.h
[3.135s] -- Up-to-date: /root/RBE500_Manipulator_Project/ws_2/install/velocity_kinematics_interfaces/include/velocity_kinematics_interfaces/velocity_kinematics_interfaces/srv/detail/joint_to_end_effector__rosidl_typesupport_introspection_c.h
[3.135s] -- Installing: /root/RBE500_Manipulator_Project/ws_2/install/velocity_kinematics_interfaces/lib/libvelocity_kinematics_interfaces__rosidl_typesupport_introspection_c.so
[3.135s] -- Set runtime path of "/root/RBE500_Manipulator_Project/ws_2/install/velocity_kinematics_interfaces/lib/libvelocity_kinematics_interfaces__rosidl_typesupport_introspection_c.so" to ""
[3.135s] -- Installing: /root/RBE500_Manipulator_Project/ws_2/install/velocity_kinematics_interfaces/lib/libvelocity_kinematics_interfaces__rosidl_typesupport_c.so
[3.135s] -- Set runtime path of "/root/RBE500_Manipulator_Project/ws_2/install/velocity_kinematics_interfaces/lib/libvelocity_kinematics_interfaces__rosidl_typesupport_c.so" to ""
[3.136s] -- Up-to-date: /root/RBE500_Manipulator_Project/ws_2/install/velocity_kinematics_interfaces/include/velocity_kinematics_interfaces/velocity_kinematics_interfaces
[3.136s] -- Up-to-date: /root/RBE500_Manipulator_Project/ws_2/install/velocity_kinematics_interfaces/include/velocity_kinematics_interfaces/velocity_kinematics_interfaces/srv
[3.136s] -- Up-to-date: /root/RBE500_Manipulator_Project/ws_2/install/velocity_kinematics_interfaces/include/velocity_kinematics_interfaces/velocity_kinematics_interfaces/srv/detail
[3.136s] -- Up-to-date: /root/RBE500_Manipulator_Project/ws_2/install/velocity_kinematics_interfaces/include/velocity_kinematics_interfaces/velocity_kinematics_interfaces/srv/detail/joint_to_end_effector__type_support.cpp
[3.136s] -- Installing: /root/RBE500_Manipulator_Project/ws_2/install/velocity_kinematics_interfaces/include/velocity_kinematics_interfaces/velocity_kinematics_interfaces/srv/detail/joint_end_effector__type_support.cpp
[3.136s] -- Up-to-date: /root/RBE500_Manipulator_Project/ws_2/install/velocity_kinematics_interfaces/include/velocity_kinematics_interfaces/velocity_kinematics_interfaces/srv/detail/joint_to_effector__type_support.cpp
[3.136s] -- Up-to-date: /root/RBE500_Manipulator_Project/ws_2/install/velocity_kinematics_interfaces/include/velocity_kinematics_interfaces/velocity_kinematics_interfaces/srv/detail/joint_to_effector__rosidl_typesupport_introspection_cpp.hpp
[3.136s] -- Up-to-date: /root/RBE500_Manipulator_Project/ws_2/install/velocity_kinematics_interfaces/include/velocity_kinematics_interfaces/velocity_kinematics_interfaces/srv/detail/joint_to_end_effector__rosidl_typesupport_introspection_cpp.hpp
[3.136s] -- Up-to-date: /root/RBE500_Manipulator_Project/ws_2/install/velocity_kinematics_interfaces/include/velocity_kinematics_interfaces/velocity_kinematics_interfaces/srv/detail/effector_to_joint__type_support.cpp
[3.136s] -- Installing: /root/RBE500_Manipulator_Project/ws_2/install/velocity_kinematics_interfaces/include/velocity_kinematics_interfaces/velocity_kinematics_interfaces/srv/detail/joint_end_effector__rosidl_typesupport_introspection_cpp.hpp
[3.136s] -- Up-to-date: /root/RBE500_Manipulator_Project/ws_2/install/velocity_kinematics_interfaces/include/velocity_kinematics_interfaces/velocity_kinematics_interfaces/srv/detail/end_effector_to_joint__type_support.cpp
[3.136s] -- Installing: /root/RBE500_Manipulator_Project/ws_2/install/velocity_kinematics_interfaces/include/velocity_kinematics_interfaces/velocity_kinematics_interfaces/srv/detail/end_effector_joint__rosidl_typesupport_introspection_cpp.hpp
[3.136s] -- Up-to-date: /root/RBE500_Manipulator_Project/ws_2/install/velocity_kinematics_interfaces/include/velocity_kinematics_interfaces/velocity_kinematics_interfaces/srv/detail/effector_to_joint__rosidl_typesupport_introspection_cpp.hpp
[3.136s] -- Up-to-date: /root/RBE500_Manipulator_Project/ws_2/install/velocity_kinematics_interfaces/include/velocity_kinematics_interfaces/velocity_kinematics_interfaces/srv/detail/end_effector_to_joint__rosidl_typesupport_introspection_cpp.hpp
[3.136s] -- Installing: /root/RBE500_Manipulator_Project/ws_2/install/velocity_kinematics_interfaces/include/velocity_kinematics_interfaces/velocity_kinematics_interfaces/srv/detail/end_effector_joint__type_support.cpp
[3.136s] -- Installing: /root/RBE500_Manipulator_Project/ws_2/install/velocity_kinematics_interfaces/lib/libvelocity_kinematics_interfaces__rosidl_typesupport_introspection_cpp.so
[3.136s] -- Set runtime path of "/root/RBE500_Manipulator_Project/ws_2/install/velocity_kinematics_interfaces/lib/libvelocity_kinematics_interfaces__rosidl_typesupport_introspection_cpp.so" to ""
[3.137s] -- Installing: /root/RBE500_Manipulator_Project/ws_2/install/velocity_kinematics_interfaces/lib/libvelocity_kinematics_interfaces__rosidl_typesupport_cpp.so
[3.137s] -- Set runtime path of "/root/RBE500_Manipulator_Project/ws_2/install/velocity_kinematics_interfaces/lib/libvelocity_kinematics_interfaces__rosidl_typesupport_cpp.so" to ""
[3.137s] -- Up-to-date: /root/RBE500_Manipulator_Project/ws_2/install/velocity_kinematics_interfaces/share/velocity_kinematics_interfaces/environment/pythonpath.sh
[3.137s] -- Installing: /root/RBE500_Manipulator_Project/ws_2/install/velocity_kinematics_interfaces/share/velocity_kinematics_interfaces/environment/pythonpath.dsv
[3.137s] -- Up-to-date: /root/RBE500_Manipulator_Project/ws_2/install/velocity_kinematics_interfaces/local/lib/python3.10/dist-packages/velocity_kinematics_interfaces-0.0.0-py3.10.egg-info
[3.137s] -- Installing: /root/RBE500_Manipulator_Project/ws_2/install/velocity_kinematics_interfaces/local/lib/python3.10/dist-packages/velocity_kinematics_interfaces-0.0.0-py3.10.egg-info/dependency_links.txt
[3.137s] -- Installing: /root/RBE500_Manipulator_Project/ws_2/install/velocity_kinematics_interfaces/local/lib/python3.10/dist-packages/velocity_kinematics_interfaces-0.0.0-py3.10.egg-info/top_level.txt
[3.137s] -- Installing: /root/RBE500_Manipulator_Project/ws_2/install/velocity_kinematics_interfaces/local/lib/python3.10/dist-packages/velocity_kinematics_interfaces-0.0.0-py3.10.egg-info/PKG-INFO
[3.137s] -- Installing: /root/RBE500_Manipulator_Project/ws_2/install/velocity_kinematics_interfaces/local/lib/python3.10/dist-packages/velocity_kinematics_interfaces-0.0.0-py3.10.egg-info/SOURCES.txt
[3.137s] -- Up-to-date: /root/RBE500_Manipulator_Project/ws_2/install/velocity_kinematics_interfaces/local/lib/python3.10/dist-packages/velocity_kinematics_interfaces
[3.137s] -- Installing: /root/RBE500_Manipulator_Project/ws_2/install/velocity_kinematics_interfaces/local/lib/python3.10/dist-packages/velocity_kinematics_interfaces/libvelocity_kinematics_interfaces__rosidl_generator_py.so
[3.137s] -- Installing: /root/RBE500_Manipulator_Project/ws_2/install/velocity_kinematics_interfaces/local/lib/python3.10/dist-packages/velocity_kinematics_interfaces/_velocity_kinematics_interfaces_s.ep.rosidl_typesupport_c.c
[3.137s] -- Installing: /root/RBE500_Manipulator_Project/ws_2/install/velocity_kinematics_interfaces/local/lib/python3.10/dist-packages/velocity_kinematics_interfaces/_velocity_kinematics_interfaces_s.ep.rosidl_typesupport_fastrtps_c.c
[3.137s] -- Installing: /root/RBE500_Manipulator_Project/ws_2/install/velocity_kinematics_interfaces/local/lib/python3.10/dist-packages/velocity_kinematics_interfaces/_velocity_kinematics_interfaces_s.ep.rosidl_typesupport_introspection_c.c
[3.137s] -- Installing: /root/RBE500_Manipulator_Project/ws_2/install/velocity_kinematics_interfaces/local/lib/python3.10/dist-packages/velocity_kinematics_interfaces/__init__.py
[3.137s] -- Installing: /root/RBE500_Manipulator_Project/ws_2/install/velocity_kinematics_interfaces/local/lib/python3.10/dist-packages/velocity_kinematics_interfaces/velocity_kinematics_interfaces_s__rosidl_typesupport_fastrtps_c.cpython-310-x86_64-linux-gnu.so
[3.137s] -- Up-to-date: /root/RBE500_Manipulator_Project/ws_2/install/velocity_kinematics_interfaces/local/lib/python3.10/dist-packages/velocity_kinematics_interfaces/srv
[3.138s] -- Installing: /root/RBE500_Manipulator_Project/ws_2/install/velocity_kinematics_interfaces/local/lib/python3.10/dist-packages/velocity_kinematics_interfaces/srv/_end_effector_joint.py
[3.138s] -- Up-to-date: /root/RBE500_Manipulator_Project/ws_2/install/velocity_kinematics_interfaces/local/lib/python3.10/dist-packages/velocity_kinematics_interfaces/srv/_effector_to_joint_s.c
[3.138s] -- Up-to-date: /root/RBE500_Manipulator_Project/ws_2/install/velocity_kinematics_interfaces/local/lib/python3.10/dist-packages/velocity_kinematics_interfaces/srv/_end_effector_to_joint.py
[3.138s] -- Installing: /root/RBE500_Manipulator_Project/ws_2/install/velocity_kinematics_interfaces/local/lib/python3.10/dist-packages/velocity_kinematics_interfaces/srv/__init__.py
[3.138s] -- Up-to-date: /root/RBE500_Manipulator_Project/ws_2/install/velocity_kinematics_interfaces/local/lib/python3.10/dist-packages/velocity_kinematics_interfaces/srv/_joint_to_effector_s.c
[3.138s] -- Installing: /root/RBE500_Manipulator_Project/ws_2/install/velocity_kinematics_interfaces/local/lib/python3.10/dist-packages/velocity_kinematics_interfaces/srv/_joint_end_effector_s.c
[3.138s] -- Installing: /root/RBE500_Manipulator_Project/ws_2/install/velocity_kinematics_interfaces/local/lib/python3.10/dist-packages/velocity_kinematics_interfaces/srv/_joint_end_effector.py
[3.138s] -- Up-to-date: /root/RBE500_Manipulator_Project/ws_2/install/velocity_kinematics_interfaces/local/lib/python3.10/dist-packages/velocity_kinematics_interfaces/srv/_joint_to_end_effector_s.c
[3.138s] -- Up-to-date: /root/RBE500_Manipulator_Project/ws_2/install/velocity_kinematics_interfaces/local/lib/python3.10/dist-packages/velocity_kinematics_interfaces/srv/_joint_to_end_effector.py
[3.138s] -- Up-to-date: /root/RBE500_Manipulator_Project/ws_2/install/velocity_kinematics_interfaces/local/lib/python3.10/dist-packages/velocity_kinematics_interfaces/srv/_joint_to_effector.py
[3.138s] -- Up-to-date: /root/RBE500_Manipulator_Project/ws_2/install/velocity_kinematics_interfaces/local/lib/python3.10/dist-packages/velocity_kinematics_interfaces/srv/_effector_to_joint.py
[3.138s] -- Up-to-date: /root/RBE500_Manipulator_Project/ws_2/install/velocity_kinematics_interfaces/local/lib/python3.10/dist-packages/velocity_kinematics_interfaces/srv/_end_effector_to_joint_s.c
[3.138s] -- Installing: /root/RBE500_Manipulator_Project/ws_2/install/velocity_kinematics_interfaces/local/lib/python3.10/dist-packages/velocity_kinematics_interfaces/srv/_end_effector_joint_s.c
[3.138s] -- Installing: /root/RBE500_Manipulator_Project/ws_2/install/velocity_kinematics_interfaces/local/lib/python3.10/dist-packages/velocity_kinematics_interfaces/velocity_kinematics_interfaces_s__rosidl_typesupport_introspection_c.cpython-310-x86_64-linux-gnu.so
[3.138s] -- Installing: /root/RBE500_Manipulator_Project/ws_2/install/velocity_kinematics_interfaces/local/lib/python3.10/dist-packages/velocity_kinematics_interfaces/velocity_kinematics_interfaces_s__rosidl_typesupport_c.cpython-310-x86_64-linux-gnu.so
[3.166s] Listing '/root/RBE500_Manipulator_Project/ws_2/install/velocity_kinematics_interfaces/local/lib/python3.10/dist-packages/velocity_kinematics_interfaces'...
[3.166s] Compiling '/root/RBE500_Manipulator_Project/ws_2/install/velocity_kinematics_interfaces/local/lib/python3.10/dist-packages/velocity_kinematics_interfaces/__init__.py'...
[3.166s] Listing '/root/RBE500_Manipulator_Project/ws_2/install/velocity_kinematics_interfaces/local/lib/python3.10/dist-packages/velocity_kinematics_interfaces/srv'...
[3.166s] Compiling '/root/RBE500_Manipulator_Project/ws_2/install/velocity_kinematics_interfaces/local/lib/python3.10/dist-packages/velocity_kinematics_interfaces/srv/__init__.py'...
[3.166s] Compiling '/root/RBE500_Manipulator_Project/ws_2/install/velocity_kinematics_interfaces/local/lib/python3.10/dist-packages/velocity_kinematics_interfaces/srv/_end_effector_joint.py'...
[3.166s] Compiling '/root/RBE500_Manipulator_Project/ws_2/install/velocity_kinematics_interfaces/local/lib/python3.10/dist-packages/velocity_kinematics_interfaces/srv/_joint_end_effector.py'...
[3.169s] -- Installing: /root/RBE500_Manipulator_Project/ws_2/install/velocity_kinematics_interfaces/local/lib/python3.10/dist-packages/velocity_kinematics_interfaces/velocity_kinematics_interfaces_s__rosidl_typesupport_fastrtps_c.cpython-310-x86_64-linux-gnu.so
[3.169s] -- Set runtime path of "/root/RBE500_Manipulator_Project/ws_2/install/velocity_kinematics_interfaces/local/lib/python3.10/dist-packages/velocity_kinematics_interfaces/velocity_kinematics_interfaces_s__rosidl_typesupport_fastrtps_c.cpython-310-x86_64-linux-gnu.so" to ""
[3.170s] -- Installing: /root/RBE500_Manipulator_Project/ws_2/install/velocity_kinematics_interfaces/local/lib/python3.10/dist-packages/velocity_kinematics_interfaces/velocity_kinematics_interfaces_s__rosidl_typesupport_introspection_c.cpython-310-x86_64-linux-gnu.so
[3.170s] -- Set runtime path of "/root/RBE500_Manipulator_Project/ws_2/install/velocity_kinematics_interfaces/local/lib/python3.10/dist-packages/velocity_kinematics_interfaces/velocity_kinematics_interfaces_s__rosidl_typesupport_introspection_c.cpython-310-x86_64-linux-gnu.so" to ""
[3.170s] -- Installing: /root/RBE500_Manipulator_Project/ws_2/install/velocity_kinematics_interfaces/local/lib/python3.10/dist-packages/velocity_kinematics_interfaces/velocity_kinematics_interfaces_s__rosidl_typesupport_c.cpython-310-x86_64-linux-gnu.so
[3.171s] -- Set runtime path of "/root/RBE500_Manipulator_Project/ws_2/install/velocity_kinematics_interfaces/local/lib/python3.10/dist-packages/velocity_kinematics_interfaces/velocity_kinematics_interfaces_s__rosidl_typesupport_c.cpython-310-x86_64-linux-gnu.so" to ""
[3.171s] -- Installing: /root/RBE500_Manipulator_Project/ws_2/install/velocity_kinematics_interfaces/lib/libvelocity_kinematics_interfaces__rosidl_generator_py.so
[3.171s] -- Set runtime path of "/root/RBE500_Manipulator_Project/ws_2/install/velocity_kinematics_interfaces/lib/libvelocity_kinematics_interfaces__rosidl_generator_py.so" to ""
[3.172s] -- Installing: /root/RBE500_Manipulator_Project/ws_2/install/velocity_kinematics_interfaces/share/velocity_kinematics_interfaces/srv/JointEndEffector.idl
[3.172s] -- Installing: /root/RBE500_Manipulator_Project/ws_2/install/velocity_kinematics_interfaces/share/velocity_kinematics_interfaces/srv/EndEffectorJoint.idl
[3.172s] -- Installing: /root/RBE500_Manipulator_Project/ws_2/install/velocity_kinematics_interfaces/share/velocity_kinematics_interfaces/srv/JointEndEffector.srv
[3.172s] -- Installing: /root/RBE500_Manipulator_Project/ws_2/install/velocity_kinematics_interfaces/share/velocity_kinematics_interfaces/srv/JointEndEffector_Request.msg
[3.172s] -- Installing: /root/RBE500_Manipulator_Project/ws_2/install/velocity_kinematics_interfaces/share/velocity_kinematics_interfaces/srv/JointEndEffector_Response.msg
[3.172s] -- Installing: /root/RBE500_Manipulator_Project/ws_2/install/velocity_kinematics_interfaces/share/velocity_kinematics_interfaces/srv/EndEffectorJoint.srv
[3.172s] -- Installing: /root/RBE500_Manipulator_Project/ws_2/install/velocity_kinematics_interfaces/share/velocity_kinematics_interfaces/srv/EndEffectorJoint_Request.msg
[3.172s] -- Installing: /root/RBE500_Manipulator_Project/ws_2/install/velocity_kinematics_interfaces/share/velocity_kinematics_interfaces/srv/EndEffectorJoint_Response.msg
[3.172s] -- Up-to-date: /root/RBE500_Manipulator_Project/ws_2/install/velocity_kinematics_interfaces/share/ament_index/resource_index/package_run_dependencies/velocity_kinematics_interfaces
[3.172s] -- Up-to-date: /root/RBE500_Manipulator_Project/ws_2/install/velocity_kinematics_interfaces/share/ament_index/resource_index/parent_prefix_path/velocity_kinematics_interfaces
[3.172s] -- Up-to-date: /root/RBE500_Manipulator_Project/ws_2/install/velocity_kinematics_interfaces/share/velocity_kinematics_interfaces/environment/ament_prefix_path.sh
[3.172s] -- Installing: /root/RBE500_Manipulator_Project/ws_2/install/velocity_kinematics_interfaces/share/velocity_kinematics_interfaces/environment/ament_prefix_path.dsv
[3.172s] -- Up-to-date: /root/RBE500_Manipulator_Project/ws_2/install/velocity_kinematics_interfaces/share/velocity_kinematics_interfaces/environment/path.sh
[3.173s] -- Installing: /root/RBE500_Manipulator_Project/ws_2/install/velocity_kinematics_interfaces/share/velocity_kinematics_interfaces/environment/path.dsv
[3.173s] -- Up-to-date: /root/RBE500_Manipulator_Project/ws_2/install/velocity_kinematics_interfaces/share/velocity_kinematics_interfaces/local_setup.bash
[3.173s] -- Up-to-date: /root/RBE500_Manipulator_Project/ws_2/install/velocity_kinematics_interfaces/share/velocity_kinematics_interfaces/local_setup.sh
[3.173s] -- Up-to-date: /root/RBE500_Manipulator_Project/ws_2/install/velocity_kinematics_interfaces/share/velocity_kinematics_interfaces/local_setup.zsh
[3.173s] -- Installing: /root/RBE500_Manipulator_Project/ws_2/install/velocity_kinematics_interfaces/share/velocity_kinematics_interfaces/local_setup.dsv
[3.173s] -- Installing: /root/RBE500_Manipulator_Project/ws_2/install/velocity_kinematics_interfaces/share/velocity_kinematics_interfaces/package.dsv
[3.173s] -- Up-to-date: /root/RBE500_Manipulator_Project/ws_2/install/velocity_kinematics_interfaces/share/ament_index/resource_index/packages/velocity_kinematics_interfaces
[3.173s] -- Up-to-date: /root/RBE500_Manipulator_Project/ws_2/install/velocity_kinematics_interfaces/share/velocity_kinematics_interfaces/cmake/export_velocity_kinematics_interfaces__rosidl_generator_cExport.cmake
[3.173s] -- Up-to-date: /root/RBE500_Manipulator_Project/ws_2/install/velocity_kinematics_interfaces/share/velocity_kinematics_interfaces/cmake/export_velocity_kinematics_interfaces__rosidl_generator_cExport-noconfig.cmake
[3.173s] -- Up-to-date: /root/RBE500_Manipulator_Project/ws_2/install/velocity_kinematics_interfaces/share/velocity_kinematics_interfaces/cmake/export_velocity_kinematics_interfaces__rosidl_typesupport_fastrtps_cExport.cmake
[3.173s] -- Up-to-date: /root/RBE500_Manipulator_Project/ws_2/install/velocity_kinematics_interfaces/share/velocity_kinematics_interfaces/cmake/export_velocity_kinematics_interfaces__rosidl_typesupport_fastrtps_cExport-noconfig.cmake
[3.173s] -- Up-to-date: /root/RBE500_Manipulator_Project/ws_2/install/velocity_kinematics_interfaces/share/velocity_kinematics_interfaces/cmake/export_velocity_kinematics_interfaces__rosidl_generator_cppExport.cmake
[3.173s] -- Up-to-date: /root/RBE500_Manipulator_Project/ws_2/install/velocity_kinematics_interfaces/share/velocity_kinematics_interfaces/cmake/export_velocity_kinematics_interfaces__rosidl_typesupport_fastrtps_cppExport.cmake
[3.173s] -- Up-to-date: /root/RBE500_Manipulator_Project/ws_2/install/velocity_kinematics_interfaces/share/velocity_kinematics_interfaces/cmake/export_velocity_kinematics_interfaces__rosidl_typesupport_fastrtps_cppExport-noconfig.cmake
[3.173s] -- Up-to-date: /root/RBE500_Manipulator_Project/ws_2/install/velocity_kinematics_interfaces/share/velocity_kinematics_interfaces/cmake/velocity_kinematics_interfaces__rosidl_typesupport_introspection_cExport.cmake
[3.173s] -- Up-to-date: /root/RBE500_Manipulator_Project/ws_2/install/velocity_kinematics_interfaces/share/velocity_kinematics_interfaces/cmake/velocity_kinematics_interfaces__rosidl_typesupport_introspection_cExport-noconfig.cmake
[3.174s] -- Up-to-date: /root/RBE500_Manipulator_Project/ws_2/install/velocity_kinematics_interfaces/share/velocity_kinematics_interfaces/cmake/velocity_kinematics_interfaces__rosidl_typesupport_cExport.cmake
[3.174s] -- Up-to-date: /root/RBE500_Manipulator_Project/ws_2/install/velocity_kinematics_interfaces/share/velocity_kinematics_interfaces/cmake/velocity_kinematics_interfaces__rosidl_typesupport_cExport-noconfig.cmake
[3.174s] -- Up-to-date: /root/RBE500_Manipulator_Project/ws_2/install/velocity_kinematics_interfaces/share/velocity_kinematics_interfaces/cmake/velocity_kinematics_interfaces__rosidl_typesupport_introspection_cppExport.cmake
[3.174s] -- Up-to-date: /root/RBE500_Manipulator_Project/ws_2/install/velocity_kinematics_interfaces/share/velocity_kinematics_interfaces/cmake/velocity_kinematics_interfaces__rosidl_typesupport_introspection_cppExport-noconfig.cmake
[3.174s] -- Up-to-date: /root/RBE500_Manipulator_Project/ws_2/install/velocity_kinematics_interfaces/share/velocity_kinematics_interfaces/cmake/velocity_kinematics_interfaces__rosidl_typesupport_cppExport.cmake
[3.174s] -- Up-to-date: /root/RBE500_Manipulator_Project/ws_2/install/velocity_kinematics_interfaces/share/velocity_kinematics_interfaces/cmake/velocity_kinematics_interfaces__rosidl_typesupport_cppExport-noconfig.cmake
[3.174s] -- Up-to-date: /root/RBE500_Manipulator_Project/ws_2/install/velocity_kinematics_interfaces/share/velocity_kinematics_interfaces/cmake/export_velocity_kinematics_interfaces__rosidl_generator_pyExport.cmake
[3.174s] -- Up-to-date: /root/RBE500_Manipulator_Project/ws_2/install/velocity_kinematics_interfaces/share/velocity_kinematics_interfaces/cmake/export_velocity_kinematics_interfaces__rosidl_generator_pyExport-noconfig.cmake
[3.174s] -- Installing: /root/RBE500_Manipulator_Project/ws_2/install/velocity_kinematics_interfaces/share/velocity_kinematics_interfaces/cmake/rosidl_cmake-extras.cmake
[3.174s] -- Up-to-date: /root/RBE500_Manipulator_Project/ws_2/install/velocity_kinematics_interfaces/share/velocity_kinematics_interfaces/cmake/ament_cmake_export_include_directories-extras.cmake
[3.174s] -- Up-to-date: /root/RBE500_Manipulator_Project/ws_2/install/velocity_kinematics_interfaces/share/velocity_kinematics_interfaces/cmake/ament_cmake_export_libraries-extras.cmake
[3.174s] -- Up-to-date: /root/RBE500_Manipulator_Project/ws_2/install/velocity_kinematics_interfaces/share/velocity_kinematics_interfaces/cmake/ament_cmake_export_targets-extras.cmake
[3.174s] -- Up-to-date: /root/RBE500_Manipulator_Project/ws_2/install/velocity_kinematics_interfaces/share/velocity_kinematics_interfaces/cmake/rosidl_cmake_export_typesupport_targets-extras.cmake
[3.174s] -- Up-to-date: /root/RBE500_Manipulator_Project/ws_2/install/velocity_kinematics_interfaces/share/velocity_kinematics_interfaces/cmake/ament_cmake_export_dependencies-extras.cmake
[3.174s] -- Up-to-date: /root/RBE500_Manipulator_Project/ws_2/install/velocity_kinematics_interfaces/share/velocity_kinematics_interfaces/cmake/rosidl_cmake_export_typesupport_libraries-extras.cmake
[3.175s] -- Up-to-date: /root/RBE500_Manipulator_Project/ws_2/install/velocity_kinematics_interfaces/share/velocity_kinematics_interfaces/cmake/velocity_kinematics_interfacesConfig.cmake
[3.175s] -- Up-to-date: /root/RBE500_Manipulator_Project/ws_2/install/velocity_kinematics_interfaces/share/velocity_kinematics_interfaces/cmake/velocity_kinematics_interfacesConfig-version.cmake
[3.175s] -- Up-to-date: /root/RBE500_Manipulator_Project/ws_2/install/velocity_kinematics_interfaces/share/velocity_kinematics_interfaces/package.xml
[3.176s] Invoked command in '/root/RBE500_Manipulator_Project/ws_2/build/velocity_kinematics_interfaces' returned '0': CMAKE_PREFIX_PATH=${CMAKE_PREFIX_PATH}:/opt/ros/humble /usr/bin/cmake --install /root/RBE500_Manipulator_Project/ws_2/build/velocity_kinematics_interfaces
