[0.403s] Invoking command in '/home/harmeet/rbe500_ws/src/rbe500_example_py': PYTHONPATH=/home/harmeet/rbe500_ws/build/rbe500_example_py/prefix_override:/usr/lib/python3/dist-packages/colcon_core/task/python/colcon_distutils_commands:/home/harmeet/rbe500_ws/install/rbe500_example_py/lib/python3.10/site-packages:${PYTHONPATH} /usr/bin/python3 -W ignore:setup.py install is deprecated setup.py egg_info --egg-base ../../build/rbe500_example_py build --build-base /home/harmeet/rbe500_ws/build/rbe500_example_py/build install --record /home/harmeet/rbe500_ws/build/rbe500_example_py/install.log --single-version-externally-managed install_data
[0.550s] running egg_info
[0.550s] writing ../../build/rbe500_example_py/rbe500_example_py.egg-info/PKG-INFO
[0.550s] writing dependency_links to ../../build/rbe500_example_py/rbe500_example_py.egg-info/dependency_links.txt
[0.550s] writing entry points to ../../build/rbe500_example_py/rbe500_example_py.egg-info/entry_points.txt
[0.550s] writing requirements to ../../build/rbe500_example_py/rbe500_example_py.egg-info/requires.txt
[0.550s] writing top-level names to ../../build/rbe500_example_py/rbe500_example_py.egg-info/top_level.txt
[0.551s] reading manifest file '../../build/rbe500_example_py/rbe500_example_py.egg-info/SOURCES.txt'
[0.552s] writing manifest file '../../build/rbe500_example_py/rbe500_example_py.egg-info/SOURCES.txt'
[0.552s] running build
[0.552s] running build_py
[0.552s] copying rbe500_example_py/basic_robot_inverse.py -> /home/harmeet/rbe500_ws/build/rbe500_example_py/build/lib/rbe500_example_py
[0.552s] running install
[0.552s] running install_lib
[0.553s] copying /home/harmeet/rbe500_ws/build/rbe500_example_py/build/lib/rbe500_example_py/basic_robot_inverse.py -> /home/harmeet/rbe500_ws/install/rbe500_example_py/lib/python3.10/site-packages/rbe500_example_py
[0.553s] byte-compiling /home/harmeet/rbe500_ws/install/rbe500_example_py/lib/python3.10/site-packages/rbe500_example_py/basic_robot_inverse.py to basic_robot_inverse.cpython-310.pyc
[0.554s] running install_data
[0.554s] running install_egg_info
[0.555s] removing '/home/harmeet/rbe500_ws/install/rbe500_example_py/lib/python3.10/site-packages/rbe500_example_py-0.0.0-py3.10.egg-info' (and everything under it)
[0.555s] Copying ../../build/rbe500_example_py/rbe500_example_py.egg-info to /home/harmeet/rbe500_ws/install/rbe500_example_py/lib/python3.10/site-packages/rbe500_example_py-0.0.0-py3.10.egg-info
[0.555s] running install_scripts
[0.567s] Installing basic_robot_control = rbe500_example_py.basic_robot_control:mainbasic_robot_inverse script to /home/harmeet/rbe500_ws/install/rbe500_example_py/lib/rbe500_example_py
[0.567s] writing list of installed files to '/home/harmeet/rbe500_ws/build/rbe500_example_py/install.log'
[0.580s] Invoked command in '/home/harmeet/rbe500_ws/src/rbe500_example_py' returned '0': PYTHONPATH=/home/harmeet/rbe500_ws/build/rbe500_example_py/prefix_override:/usr/lib/python3/dist-packages/colcon_core/task/python/colcon_distutils_commands:/home/harmeet/rbe500_ws/install/rbe500_example_py/lib/python3.10/site-packages:${PYTHONPATH} /usr/bin/python3 -W ignore:setup.py install is deprecated setup.py egg_info --egg-base ../../build/rbe500_example_py build --build-base /home/harmeet/rbe500_ws/build/rbe500_example_py/build install --record /home/harmeet/rbe500_ws/build/rbe500_example_py/install.log --single-version-externally-managed install_data
