[0.020s] Invoking command in '/root/RBE500_Manipulator_Project/workspace/build/dynamixel_sdk_custom_interfaces': CMAKE_PREFIX_PATH=/root/RBE500_Manipulator_Project/workspace/install/InverseKinematics:/root/RBE500_Manipulator_Project/workspace/install/ForwardKinematics:/opt/ros/humble /usr/bin/cmake /root/RBE500_Manipulator_Project/workspace/src/OpenManipulatorX_ROS2/DynamixelSDK/dynamixel_sdk_custom_interfaces -DCMAKE_INSTALL_PREFIX=/root/RBE500_Manipulator_Project/workspace/install/dynamixel_sdk_custom_interfaces
[0.277s] -- Found ament_cmake: 1.3.10 (/opt/ros/humble/share/ament_cmake/cmake)
[0.283s] -- Override CMake install command with custom implementation using symlinks instead of copying resources
[0.283s] -- Found builtin_interfaces: 1.2.1 (/opt/ros/humble/share/builtin_interfaces/cmake)
[0.283s] -- Found rosidl_generator_c: 3.1.5 (/opt/ros/humble/share/rosidl_generator_c/cmake)
[0.283s] -- Found rosidl_adapter: 3.1.5 (/opt/ros/humble/share/rosidl_adapter/cmake)
[0.284s] -- Found rosidl_generator_cpp: 3.1.5 (/opt/ros/humble/share/rosidl_generator_cpp/cmake)
[0.284s] -- Using all available rosidl_typesupport_c: rosidl_typesupport_fastrtps_c;rosidl_typesupport_introspection_c
[0.284s] -- Using all available rosidl_typesupport_cpp: rosidl_typesupport_fastrtps_cpp;rosidl_typesupport_introspection_cpp
[0.285s] -- Found rosidl_default_generators: 1.2.0 (/opt/ros/humble/share/rosidl_default_generators/cmake)
[0.473s] -- Found ament_cmake_ros: 0.10.0 (/opt/ros/humble/share/ament_cmake_ros/cmake)
[0.756s] -- Using all available rosidl_typesupport_c: rosidl_typesupport_fastrtps_c;rosidl_typesupport_introspection_c
[0.878s] -- Using all available rosidl_typesupport_cpp: rosidl_typesupport_fastrtps_cpp;rosidl_typesupport_introspection_cpp
[0.903s] -- Found python_cmake_module: 0.10.0 (/opt/ros/humble/share/python_cmake_module/cmake)
[0.924s] -- Using PYTHON_EXECUTABLE: /usr/bin/python3
[0.924s] -- Using PYTHON_INCLUDE_DIRS: /usr/include/python3.10
[0.924s] -- Using PYTHON_LIBRARIES: /usr/lib/x86_64-linux-gnu/libpython3.10.so
[0.944s] -- Configuring done
[0.975s] -- Generating done
[0.977s] -- Build files have been written to: /root/RBE500_Manipulator_Project/workspace/build/dynamixel_sdk_custom_interfaces
[0.983s] Invoked command in '/root/RBE500_Manipulator_Project/workspace/build/dynamixel_sdk_custom_interfaces' returned '0': CMAKE_PREFIX_PATH=/root/RBE500_Manipulator_Project/workspace/install/InverseKinematics:/root/RBE500_Manipulator_Project/workspace/install/ForwardKinematics:/opt/ros/humble /usr/bin/cmake /root/RBE500_Manipulator_Project/workspace/src/OpenManipulatorX_ROS2/DynamixelSDK/dynamixel_sdk_custom_interfaces -DCMAKE_INSTALL_PREFIX=/root/RBE500_Manipulator_Project/workspace/install/dynamixel_sdk_custom_interfaces
[0.985s] Invoking command in '/root/RBE500_Manipulator_Project/workspace/build/dynamixel_sdk_custom_interfaces': CMAKE_PREFIX_PATH=/root/RBE500_Manipulator_Project/workspace/install/InverseKinematics:/root/RBE500_Manipulator_Project/workspace/install/ForwardKinematics:/opt/ros/humble /usr/bin/cmake --build /root/RBE500_Manipulator_Project/workspace/build/dynamixel_sdk_custom_interfaces -- -j12 -l12
[1.014s] [35m[1mConsolidate compiler generated dependencies of target dynamixel_sdk_custom_interfaces__rosidl_generator_c[0m
[1.023s] [ 10%] Built target dynamixel_sdk_custom_interfaces__rosidl_generator_c
[1.023s] [ 12%] Built target dynamixel_sdk_custom_interfaces__cpp
[1.025s] failed to create symbolic link '/root/RBE500_Manipulator_Project/workspace/build/dynamixel_sdk_custom_interfaces/ament_cmake_python/dynamixel_sdk_custom_interfaces/dynamixel_sdk_custom_interfaces' because existing path cannot be removed: Is a directory
[1.025s] gmake[2]: *** [CMakeFiles/ament_cmake_python_symlink_dynamixel_sdk_custom_interfaces.dir/build.make:70: CMakeFiles/ament_cmake_python_symlink_dynamixel_sdk_custom_interfaces] Error 1
[1.025s] gmake[1]: *** [CMakeFiles/Makefile2:421: CMakeFiles/ament_cmake_python_symlink_dynamixel_sdk_custom_interfaces.dir/all] Error 2
[1.026s] gmake[1]: *** Waiting for unfinished jobs....
[1.034s] [35m[1mConsolidate compiler generated dependencies of target dynamixel_sdk_custom_interfaces__rosidl_typesupport_c[0m
[1.034s] [35m[1mConsolidate compiler generated dependencies of target dynamixel_sdk_custom_interfaces__rosidl_typesupport_introspection_c[0m
[1.035s] [35m[1mConsolidate compiler generated dependencies of target dynamixel_sdk_custom_interfaces__rosidl_typesupport_fastrtps_c[0m
[1.035s] [35m[1mConsolidate compiler generated dependencies of target dynamixel_sdk_custom_interfaces__rosidl_typesupport_introspection_cpp[0m
[1.046s] [ 23%] Built target dynamixel_sdk_custom_interfaces__rosidl_typesupport_introspection_c
[1.046s] [ 33%] Built target dynamixel_sdk_custom_interfaces__rosidl_typesupport_c
[1.049s] [ 43%] Built target dynamixel_sdk_custom_interfaces__rosidl_typesupport_introspection_cpp
[1.051s] [ 53%] Built target dynamixel_sdk_custom_interfaces__rosidl_typesupport_fastrtps_c
[1.051s] gmake: *** [Makefile:146: all] Error 2
[1.053s] Invoked command in '/root/RBE500_Manipulator_Project/workspace/build/dynamixel_sdk_custom_interfaces' returned '2': CMAKE_PREFIX_PATH=/root/RBE500_Manipulator_Project/workspace/install/InverseKinematics:/root/RBE500_Manipulator_Project/workspace/install/ForwardKinematics:/opt/ros/humble /usr/bin/cmake --build /root/RBE500_Manipulator_Project/workspace/build/dynamixel_sdk_custom_interfaces -- -j12 -l12
