-- Found ament_cmake: 1.3.10 (/opt/ros/humble/share/ament_cmake/cmake)
-- Override CMake install command with custom implementation using symlinks instead of copying resources
-- Configuring done
-- Generating done
-- Build files have been written to: /root/RBE500_Manipulator_Project/workspace/build/dynamixel_sdk
[35m[1mConsolidate compiler generated dependencies of target dynamixel_sdk[0m
[100%] Built target dynamixel_sdk
-- Install configuration: ""
-- Execute custom install script
-- Symlinking: /root/RBE500_Manipulator_Project/workspace/install/dynamixel_sdk/include//dynamixel_sdk/dynamixel_sdk.h
-- Symlinking: /root/RBE500_Manipulator_Project/workspace/install/dynamixel_sdk/include//dynamixel_sdk/group_bulk_read.h
-- Symlinking: /root/RBE500_Manipulator_Project/workspace/install/dynamixel_sdk/include//dynamixel_sdk/group_bulk_write.h
-- Symlinking: /root/RBE500_Manipulator_Project/workspace/install/dynamixel_sdk/include//dynamixel_sdk/group_sync_read.h
-- Symlinking: /root/RBE500_Manipulator_Project/workspace/install/dynamixel_sdk/include//dynamixel_sdk/group_sync_write.h
-- Symlinking: /root/RBE500_Manipulator_Project/workspace/install/dynamixel_sdk/include//dynamixel_sdk/packet_handler.h
-- Symlinking: /root/RBE500_Manipulator_Project/workspace/install/dynamixel_sdk/include//dynamixel_sdk/port_handler.h
-- Symlinking: /root/RBE500_Manipulator_Project/workspace/install/dynamixel_sdk/include//dynamixel_sdk/port_handler_arduino.h
-- Symlinking: /root/RBE500_Manipulator_Project/workspace/install/dynamixel_sdk/include//dynamixel_sdk/port_handler_linux.h
-- Symlinking: /root/RBE500_Manipulator_Project/workspace/install/dynamixel_sdk/include//dynamixel_sdk/port_handler_mac.h
-- Symlinking: /root/RBE500_Manipulator_Project/workspace/install/dynamixel_sdk/include//dynamixel_sdk/port_handler_windows.h
-- Symlinking: /root/RBE500_Manipulator_Project/workspace/install/dynamixel_sdk/include//dynamixel_sdk/protocol1_packet_handler.h
-- Symlinking: /root/RBE500_Manipulator_Project/workspace/install/dynamixel_sdk/include//dynamixel_sdk/protocol2_packet_handler.h
-- Symlinking: /root/RBE500_Manipulator_Project/workspace/install/dynamixel_sdk/lib/libdynamixel_sdk.so
-- Symlinking: /root/RBE500_Manipulator_Project/workspace/install/dynamixel_sdk/share/dynamixel_sdk/environment/library_path.sh
-- Symlinking: /root/RBE500_Manipulator_Project/workspace/install/dynamixel_sdk/share/dynamixel_sdk/environment/library_path.dsv
-- Symlinking: /root/RBE500_Manipulator_Project/workspace/install/dynamixel_sdk/share/ament_index/resource_index/package_run_dependencies/dynamixel_sdk
-- Symlinking: /root/RBE500_Manipulator_Project/workspace/install/dynamixel_sdk/share/ament_index/resource_index/parent_prefix_path/dynamixel_sdk
-- Symlinking: /root/RBE500_Manipulator_Project/workspace/install/dynamixel_sdk/share/dynamixel_sdk/environment/ament_prefix_path.sh
-- Symlinking: /root/RBE500_Manipulator_Project/workspace/install/dynamixel_sdk/share/dynamixel_sdk/environment/ament_prefix_path.dsv
-- Symlinking: /root/RBE500_Manipulator_Project/workspace/install/dynamixel_sdk/share/dynamixel_sdk/environment/path.sh
-- Symlinking: /root/RBE500_Manipulator_Project/workspace/install/dynamixel_sdk/share/dynamixel_sdk/environment/path.dsv
-- Symlinking: /root/RBE500_Manipulator_Project/workspace/install/dynamixel_sdk/share/dynamixel_sdk/local_setup.bash
-- Symlinking: /root/RBE500_Manipulator_Project/workspace/install/dynamixel_sdk/share/dynamixel_sdk/local_setup.sh
-- Symlinking: /root/RBE500_Manipulator_Project/workspace/install/dynamixel_sdk/share/dynamixel_sdk/local_setup.zsh
-- Symlinking: /root/RBE500_Manipulator_Project/workspace/install/dynamixel_sdk/share/dynamixel_sdk/local_setup.dsv
-- Symlinking: /root/RBE500_Manipulator_Project/workspace/install/dynamixel_sdk/share/dynamixel_sdk/package.dsv
-- Symlinking: /root/RBE500_Manipulator_Project/workspace/install/dynamixel_sdk/share/ament_index/resource_index/packages/dynamixel_sdk
-- Symlinking: /root/RBE500_Manipulator_Project/workspace/install/dynamixel_sdk/share/dynamixel_sdk/cmake/ament_cmake_export_include_directories-extras.cmake
-- Symlinking: /root/RBE500_Manipulator_Project/workspace/install/dynamixel_sdk/share/dynamixel_sdk/cmake/ament_cmake_export_libraries-extras.cmake
-- Symlinking: /root/RBE500_Manipulator_Project/workspace/install/dynamixel_sdk/share/dynamixel_sdk/cmake/dynamixel_sdkConfig.cmake
-- Symlinking: /root/RBE500_Manipulator_Project/workspace/install/dynamixel_sdk/share/dynamixel_sdk/cmake/dynamixel_sdkConfig-version.cmake
-- Symlinking: /root/RBE500_Manipulator_Project/workspace/install/dynamixel_sdk/share/dynamixel_sdk/package.xml
