[0.027s] Invoking command in '/root/RBE500_Manipulator_Project/workspace/build/dynamixel_sdk': CMAKE_PREFIX_PATH=/root/RBE500_Manipulator_Project/workspace/install/InverseKinematics:/root/RBE500_Manipulator_Project/workspace/install/ForwardKinematics:/opt/ros/humble /usr/bin/cmake /root/RBE500_Manipulator_Project/workspace/src/OpenManipulatorX_ROS2/DynamixelSDK/dynamixel_sdk -DAMENT_CMAKE_SYMLINK_INSTALL=1 -DCMAKE_INSTALL_PREFIX=/root/RBE500_Manipulator_Project/workspace/install/dynamixel_sdk
[0.282s] -- Found ament_cmake: 1.3.10 (/opt/ros/humble/share/ament_cmake/cmake)
[0.283s] -- Override CMake install command with custom implementation using symlinks instead of copying resources
[0.284s] -- Configuring done
[0.285s] -- Generating done
[0.285s] -- Build files have been written to: /root/RBE500_Manipulator_Project/workspace/build/dynamixel_sdk
[0.295s] Invoked command in '/root/RBE500_Manipulator_Project/workspace/build/dynamixel_sdk' returned '0': CMAKE_PREFIX_PATH=/root/RBE500_Manipulator_Project/workspace/install/InverseKinematics:/root/RBE500_Manipulator_Project/workspace/install/ForwardKinematics:/opt/ros/humble /usr/bin/cmake /root/RBE500_Manipulator_Project/workspace/src/OpenManipulatorX_ROS2/DynamixelSDK/dynamixel_sdk -DAMENT_CMAKE_SYMLINK_INSTALL=1 -DCMAKE_INSTALL_PREFIX=/root/RBE500_Manipulator_Project/workspace/install/dynamixel_sdk
[0.295s] Invoking command in '/root/RBE500_Manipulator_Project/workspace/build/dynamixel_sdk': CMAKE_PREFIX_PATH=/root/RBE500_Manipulator_Project/workspace/install/InverseKinematics:/root/RBE500_Manipulator_Project/workspace/install/ForwardKinematics:/opt/ros/humble /usr/bin/cmake --build /root/RBE500_Manipulator_Project/workspace/build/dynamixel_sdk -- -j12 -l12
[0.318s] [35m[1mConsolidate compiler generated dependencies of target dynamixel_sdk[0m
[0.336s] [100%] Built target dynamixel_sdk
[0.346s] Invoked command in '/root/RBE500_Manipulator_Project/workspace/build/dynamixel_sdk' returned '0': CMAKE_PREFIX_PATH=/root/RBE500_Manipulator_Project/workspace/install/InverseKinematics:/root/RBE500_Manipulator_Project/workspace/install/ForwardKinematics:/opt/ros/humble /usr/bin/cmake --build /root/RBE500_Manipulator_Project/workspace/build/dynamixel_sdk -- -j12 -l12
[0.386s] Invoking command in '/root/RBE500_Manipulator_Project/workspace/build/dynamixel_sdk': CMAKE_PREFIX_PATH=/root/RBE500_Manipulator_Project/workspace/install/InverseKinematics:/root/RBE500_Manipulator_Project/workspace/install/ForwardKinematics:/opt/ros/humble /usr/bin/cmake --install /root/RBE500_Manipulator_Project/workspace/build/dynamixel_sdk
[0.391s] -- Install configuration: ""
[0.392s] -- Execute custom install script
[0.392s] -- Symlinking: /root/RBE500_Manipulator_Project/workspace/install/dynamixel_sdk/include//dynamixel_sdk/dynamixel_sdk.h
[0.398s] -- Symlinking: /root/RBE500_Manipulator_Project/workspace/install/dynamixel_sdk/include//dynamixel_sdk/group_bulk_read.h
[0.404s] -- Symlinking: /root/RBE500_Manipulator_Project/workspace/install/dynamixel_sdk/include//dynamixel_sdk/group_bulk_write.h
[0.410s] -- Symlinking: /root/RBE500_Manipulator_Project/workspace/install/dynamixel_sdk/include//dynamixel_sdk/group_sync_read.h
[0.416s] -- Symlinking: /root/RBE500_Manipulator_Project/workspace/install/dynamixel_sdk/include//dynamixel_sdk/group_sync_write.h
[0.423s] -- Symlinking: /root/RBE500_Manipulator_Project/workspace/install/dynamixel_sdk/include//dynamixel_sdk/packet_handler.h
[0.431s] -- Symlinking: /root/RBE500_Manipulator_Project/workspace/install/dynamixel_sdk/include//dynamixel_sdk/port_handler.h
[0.437s] -- Symlinking: /root/RBE500_Manipulator_Project/workspace/install/dynamixel_sdk/include//dynamixel_sdk/port_handler_arduino.h
[0.443s] -- Symlinking: /root/RBE500_Manipulator_Project/workspace/install/dynamixel_sdk/include//dynamixel_sdk/port_handler_linux.h
[0.451s] -- Symlinking: /root/RBE500_Manipulator_Project/workspace/install/dynamixel_sdk/include//dynamixel_sdk/port_handler_mac.h
[0.459s] -- Symlinking: /root/RBE500_Manipulator_Project/workspace/install/dynamixel_sdk/include//dynamixel_sdk/port_handler_windows.h
[0.467s] -- Symlinking: /root/RBE500_Manipulator_Project/workspace/install/dynamixel_sdk/include//dynamixel_sdk/protocol1_packet_handler.h
[0.473s] -- Symlinking: /root/RBE500_Manipulator_Project/workspace/install/dynamixel_sdk/include//dynamixel_sdk/protocol2_packet_handler.h
[0.480s] -- Symlinking: /root/RBE500_Manipulator_Project/workspace/install/dynamixel_sdk/lib/libdynamixel_sdk.so
[0.486s] -- Symlinking: /root/RBE500_Manipulator_Project/workspace/install/dynamixel_sdk/share/dynamixel_sdk/environment/library_path.sh
[0.492s] -- Symlinking: /root/RBE500_Manipulator_Project/workspace/install/dynamixel_sdk/share/dynamixel_sdk/environment/library_path.dsv
[0.498s] -- Symlinking: /root/RBE500_Manipulator_Project/workspace/install/dynamixel_sdk/share/ament_index/resource_index/package_run_dependencies/dynamixel_sdk
[0.505s] -- Symlinking: /root/RBE500_Manipulator_Project/workspace/install/dynamixel_sdk/share/ament_index/resource_index/parent_prefix_path/dynamixel_sdk
[0.511s] -- Symlinking: /root/RBE500_Manipulator_Project/workspace/install/dynamixel_sdk/share/dynamixel_sdk/environment/ament_prefix_path.sh
[0.519s] -- Symlinking: /root/RBE500_Manipulator_Project/workspace/install/dynamixel_sdk/share/dynamixel_sdk/environment/ament_prefix_path.dsv
[0.526s] -- Symlinking: /root/RBE500_Manipulator_Project/workspace/install/dynamixel_sdk/share/dynamixel_sdk/environment/path.sh
[0.533s] -- Symlinking: /root/RBE500_Manipulator_Project/workspace/install/dynamixel_sdk/share/dynamixel_sdk/environment/path.dsv
[0.541s] -- Symlinking: /root/RBE500_Manipulator_Project/workspace/install/dynamixel_sdk/share/dynamixel_sdk/local_setup.bash
[0.549s] -- Symlinking: /root/RBE500_Manipulator_Project/workspace/install/dynamixel_sdk/share/dynamixel_sdk/local_setup.sh
[0.554s] -- Symlinking: /root/RBE500_Manipulator_Project/workspace/install/dynamixel_sdk/share/dynamixel_sdk/local_setup.zsh
[0.564s] -- Symlinking: /root/RBE500_Manipulator_Project/workspace/install/dynamixel_sdk/share/dynamixel_sdk/local_setup.dsv
[0.571s] -- Symlinking: /root/RBE500_Manipulator_Project/workspace/install/dynamixel_sdk/share/dynamixel_sdk/package.dsv
[0.578s] -- Symlinking: /root/RBE500_Manipulator_Project/workspace/install/dynamixel_sdk/share/ament_index/resource_index/packages/dynamixel_sdk
[0.586s] -- Symlinking: /root/RBE500_Manipulator_Project/workspace/install/dynamixel_sdk/share/dynamixel_sdk/cmake/ament_cmake_export_include_directories-extras.cmake
[0.591s] -- Symlinking: /root/RBE500_Manipulator_Project/workspace/install/dynamixel_sdk/share/dynamixel_sdk/cmake/ament_cmake_export_libraries-extras.cmake
[0.599s] -- Symlinking: /root/RBE500_Manipulator_Project/workspace/install/dynamixel_sdk/share/dynamixel_sdk/cmake/dynamixel_sdkConfig.cmake
[0.605s] -- Symlinking: /root/RBE500_Manipulator_Project/workspace/install/dynamixel_sdk/share/dynamixel_sdk/cmake/dynamixel_sdkConfig-version.cmake
[0.614s] -- Symlinking: /root/RBE500_Manipulator_Project/workspace/install/dynamixel_sdk/share/dynamixel_sdk/package.xml
[0.623s] Invoked command in '/root/RBE500_Manipulator_Project/workspace/build/dynamixel_sdk' returned '0': CMAKE_PREFIX_PATH=/root/RBE500_Manipulator_Project/workspace/install/InverseKinematics:/root/RBE500_Manipulator_Project/workspace/install/ForwardKinematics:/opt/ros/humble /usr/bin/cmake --install /root/RBE500_Manipulator_Project/workspace/build/dynamixel_sdk
