[0.433s] Invoking command in '/home/harmeet/rbe500_ws/src/InverseKinematics': CMAKE_PREFIX_PATH=/home/harmeet/rbe500_ws/install/open_manipulator_msgs:/home/harmeet/rbe500_ws/install/open_manipulator:/home/harmeet/rbe500_ws/install/open_manipulator_x_controller:/home/harmeet/rbe500_ws/install/open_manipulator_x_libs:/home/harmeet/rbe500_ws/install/robotis_manipulator:/home/harmeet/rbe500_ws/install/rbe500-example:/home/harmeet/rbe500_ws/install/open_manipulator_x_description:/home/harmeet/rbe500_ws/install/inversekinematics_interfaces:/home/harmeet/rbe500_ws/install/dynamixel_workbench:/home/harmeet/rbe500_ws/install/dynamixel_workbench_toolbox:/home/harmeet/rbe500_ws/install/dynamixel_sdk_examples:/home/harmeet/rbe500_ws/install/dynamixel_sdk_custom_interfaces:/home/harmeet/rbe500_ws/install/dynamixel_sdk:/home/harmeet/rbe500_ws/install/cmake_modules LD_LIBRARY_PATH=/home/harmeet/rbe500_ws/install/open_manipulator_msgs/lib:/home/harmeet/rbe500_ws/install/open_manipulator_x_libs/lib:/home/harmeet/rbe500_ws/install/robotis_manipulator/lib:/home/harmeet/rbe500_ws/install/inversekinematics_interfaces/lib:/home/harmeet/rbe500_ws/install/dynamixel_workbench_toolbox/lib:/home/harmeet/rbe500_ws/install/dynamixel_sdk_custom_interfaces/lib:/home/harmeet/rbe500_ws/install/dynamixel_sdk/lib:/opt/ros/humble/opt/rviz_ogre_vendor/lib:/opt/ros/humble/lib/x86_64-linux-gnu:/opt/ros/humble/lib PYTHONPATH=/home/harmeet/rbe500_ws/build/InverseKinematics/prefix_override:/usr/lib/python3/dist-packages/colcon_core/task/python/colcon_distutils_commands:/home/harmeet/rbe500_ws/install/InverseKinematics/lib/python3.10/site-packages:${PYTHONPATH} /usr/bin/python3 -W ignore:setup.py install is deprecated setup.py egg_info --egg-base ../../build/InverseKinematics build --build-base /home/harmeet/rbe500_ws/build/InverseKinematics/build install --record /home/harmeet/rbe500_ws/build/InverseKinematics/install.log --single-version-externally-managed
[0.581s] running egg_info
[0.581s] writing ../../build/InverseKinematics/InverseKinematics.egg-info/PKG-INFO
[0.581s] writing dependency_links to ../../build/InverseKinematics/InverseKinematics.egg-info/dependency_links.txt
[0.581s] writing entry points to ../../build/InverseKinematics/InverseKinematics.egg-info/entry_points.txt
[0.581s] writing requirements to ../../build/InverseKinematics/InverseKinematics.egg-info/requires.txt
[0.581s] writing top-level names to ../../build/InverseKinematics/InverseKinematics.egg-info/top_level.txt
[0.582s] reading manifest file '../../build/InverseKinematics/InverseKinematics.egg-info/SOURCES.txt'
[0.583s] writing manifest file '../../build/InverseKinematics/InverseKinematics.egg-info/SOURCES.txt'
[0.583s] running build
[0.583s] running build_py
[0.583s] copying InverseKinematics/InverseKinematics.py -> /home/harmeet/rbe500_ws/build/InverseKinematics/build/lib/InverseKinematics
[0.583s] running install
[0.583s] running install_lib
[0.584s] copying /home/harmeet/rbe500_ws/build/InverseKinematics/build/lib/InverseKinematics/InverseKinematics.py -> /home/harmeet/rbe500_ws/install/InverseKinematics/lib/python3.10/site-packages/InverseKinematics
[0.584s] byte-compiling /home/harmeet/rbe500_ws/install/InverseKinematics/lib/python3.10/site-packages/InverseKinematics/InverseKinematics.py to InverseKinematics.cpython-310.pyc
[0.585s] running install_egg_info
[0.586s] removing '/home/harmeet/rbe500_ws/install/InverseKinematics/lib/python3.10/site-packages/InverseKinematics-0.0.0-py3.10.egg-info' (and everything under it)
[0.586s] Copying ../../build/InverseKinematics/InverseKinematics.egg-info to /home/harmeet/rbe500_ws/install/InverseKinematics/lib/python3.10/site-packages/InverseKinematics-0.0.0-py3.10.egg-info
[0.586s] running install_scripts
[0.598s] Installing InverseKinematics script to /home/harmeet/rbe500_ws/install/InverseKinematics/lib/InverseKinematics
[0.598s] writing list of installed files to '/home/harmeet/rbe500_ws/build/InverseKinematics/install.log'
[0.611s] Invoked command in '/home/harmeet/rbe500_ws/src/InverseKinematics' returned '0': CMAKE_PREFIX_PATH=/home/harmeet/rbe500_ws/install/open_manipulator_msgs:/home/harmeet/rbe500_ws/install/open_manipulator:/home/harmeet/rbe500_ws/install/open_manipulator_x_controller:/home/harmeet/rbe500_ws/install/open_manipulator_x_libs:/home/harmeet/rbe500_ws/install/robotis_manipulator:/home/harmeet/rbe500_ws/install/rbe500-example:/home/harmeet/rbe500_ws/install/open_manipulator_x_description:/home/harmeet/rbe500_ws/install/inversekinematics_interfaces:/home/harmeet/rbe500_ws/install/dynamixel_workbench:/home/harmeet/rbe500_ws/install/dynamixel_workbench_toolbox:/home/harmeet/rbe500_ws/install/dynamixel_sdk_examples:/home/harmeet/rbe500_ws/install/dynamixel_sdk_custom_interfaces:/home/harmeet/rbe500_ws/install/dynamixel_sdk:/home/harmeet/rbe500_ws/install/cmake_modules LD_LIBRARY_PATH=/home/harmeet/rbe500_ws/install/open_manipulator_msgs/lib:/home/harmeet/rbe500_ws/install/open_manipulator_x_libs/lib:/home/harmeet/rbe500_ws/install/robotis_manipulator/lib:/home/harmeet/rbe500_ws/install/inversekinematics_interfaces/lib:/home/harmeet/rbe500_ws/install/dynamixel_workbench_toolbox/lib:/home/harmeet/rbe500_ws/install/dynamixel_sdk_custom_interfaces/lib:/home/harmeet/rbe500_ws/install/dynamixel_sdk/lib:/opt/ros/humble/opt/rviz_ogre_vendor/lib:/opt/ros/humble/lib/x86_64-linux-gnu:/opt/ros/humble/lib PYTHONPATH=/home/harmeet/rbe500_ws/build/InverseKinematics/prefix_override:/usr/lib/python3/dist-packages/colcon_core/task/python/colcon_distutils_commands:/home/harmeet/rbe500_ws/install/InverseKinematics/lib/python3.10/site-packages:${PYTHONPATH} /usr/bin/python3 -W ignore:setup.py install is deprecated setup.py egg_info --egg-base ../../build/InverseKinematics build --build-base /home/harmeet/rbe500_ws/build/InverseKinematics/build install --record /home/harmeet/rbe500_ws/build/InverseKinematics/install.log --single-version-externally-managed
