[0.012s] Invoking command in '/home/harmeet/rbe500_ws/build/dynamixel_sdk_examples': CMAKE_PREFIX_PATH=/home/harmeet/rbe500_ws/install/dynamixel_sdk_custom_interfaces:/home/harmeet/rbe500_ws/install/dynamixel_sdk:/home/harmeet/rbe500_ws/install/open_manipulator:/home/harmeet/rbe500_ws/install/open_manipulator_x_controller:/home/harmeet/rbe500_ws/install/open_manipulator_x_libs:/home/harmeet/rbe500_ws/install/robotis_manipulator:/home/harmeet/rbe500_ws/install/rbe500-example:/home/harmeet/rbe500_ws/install/open_manipulator_x_description:/home/harmeet/rbe500_ws/install/open_manipulator_msgs:/home/harmeet/rbe500_ws/install/dynamixel_workbench:/home/harmeet/rbe500_ws/install/dynamixel_workbench_toolbox:/home/harmeet/rbe500_ws/install/dynamixel_sdk_examples:/home/harmeet/rbe500_ws/install/cmake_modules:/home/harmeet/rbe500_ws/install/rbe500_example_py:/opt/ros/humble LD_LIBRARY_PATH=/home/harmeet/rbe500_ws/install/dynamixel_sdk_custom_interfaces/lib:/home/harmeet/rbe500_ws/install/dynamixel_sdk/lib:/home/harmeet/rbe500_ws/install/open_manipulator_x_libs/lib:/home/harmeet/rbe500_ws/install/robotis_manipulator/lib:/home/harmeet/rbe500_ws/install/open_manipulator_msgs/lib:/home/harmeet/rbe500_ws/install/dynamixel_workbench_toolbox/lib:/opt/ros/humble/opt/rviz_ogre_vendor/lib:/opt/ros/humble/lib/x86_64-linux-gnu:/opt/ros/humble/lib /usr/bin/cmake /home/harmeet/rbe500_ws/src/DynamixelSDK/dynamixel_sdk_examples -DCMAKE_INSTALL_PREFIX=/home/harmeet/rbe500_ws/install/dynamixel_sdk_examples
[0.023s] -- Found ament_cmake: 1.3.10 (/opt/ros/humble/share/ament_cmake/cmake)
[0.130s] -- Override CMake install command with custom implementation using symlinks instead of copying resources
[0.136s] -- Found dynamixel_sdk: 3.7.60 (/home/harmeet/rbe500_ws/install/dynamixel_sdk/share/dynamixel_sdk/cmake)
[0.137s] -- Found dynamixel_sdk_custom_interfaces: 3.7.60 (/home/harmeet/rbe500_ws/install/dynamixel_sdk_custom_interfaces/share/dynamixel_sdk_custom_interfaces/cmake)
[0.158s] -- Found rosidl_generator_c: 3.1.5 (/opt/ros/humble/share/rosidl_generator_c/cmake)
[0.160s] -- Found rosidl_adapter: 3.1.5 (/opt/ros/humble/share/rosidl_adapter/cmake)
[0.165s] -- Found rosidl_generator_cpp: 3.1.5 (/opt/ros/humble/share/rosidl_generator_cpp/cmake)
[0.173s] -- Using all available rosidl_typesupport_c: rosidl_typesupport_fastrtps_c;rosidl_typesupport_introspection_c
[0.183s] -- Using all available rosidl_typesupport_cpp: rosidl_typesupport_fastrtps_cpp;rosidl_typesupport_introspection_cpp
[0.203s] -- Found rclcpp: 16.0.10 (/opt/ros/humble/share/rclcpp/cmake)
[0.224s] -- Found rmw_implementation_cmake: 6.1.2 (/opt/ros/humble/share/rmw_implementation_cmake/cmake)
[0.226s] -- Found rmw_fastrtps_cpp: 6.2.7 (/opt/ros/humble/share/rmw_fastrtps_cpp/cmake)
[0.311s] -- Using RMW implementation 'rmw_fastrtps_cpp' as default
[0.347s] -- Found ament_lint_auto: 0.12.11 (/opt/ros/humble/share/ament_lint_auto/cmake)
[0.403s] -- Added test 'copyright' to check source files copyright and LICENSE
[0.404s] -- Added test 'cppcheck' to perform static code analysis on C / C++ code
[0.404s] -- Configured cppcheck include dirs: /home/harmeet/rbe500_ws/src/DynamixelSDK/dynamixel_sdk_examples/include
[0.404s] -- Configured cppcheck exclude dirs and/or files: 
[0.404s] -- Added test 'cpplint' to check C / C++ code against the Google style
[0.404s] -- Configured cpplint exclude dirs and/or files: 
[0.405s] -- Added test 'lint_cmake' to check CMake code style
[0.406s] -- Added test 'uncrustify' to check C / C++ code style
[0.406s] -- Configured uncrustify additional arguments: 
[0.406s] -- Added test 'xmllint' to check XML markup files
[0.407s] -- Configuring done
[0.414s] -- Generating done
[0.415s] -- Build files have been written to: /home/harmeet/rbe500_ws/build/dynamixel_sdk_examples
[0.420s] Invoked command in '/home/harmeet/rbe500_ws/build/dynamixel_sdk_examples' returned '0': CMAKE_PREFIX_PATH=/home/harmeet/rbe500_ws/install/dynamixel_sdk_custom_interfaces:/home/harmeet/rbe500_ws/install/dynamixel_sdk:/home/harmeet/rbe500_ws/install/open_manipulator:/home/harmeet/rbe500_ws/install/open_manipulator_x_controller:/home/harmeet/rbe500_ws/install/open_manipulator_x_libs:/home/harmeet/rbe500_ws/install/robotis_manipulator:/home/harmeet/rbe500_ws/install/rbe500-example:/home/harmeet/rbe500_ws/install/open_manipulator_x_description:/home/harmeet/rbe500_ws/install/open_manipulator_msgs:/home/harmeet/rbe500_ws/install/dynamixel_workbench:/home/harmeet/rbe500_ws/install/dynamixel_workbench_toolbox:/home/harmeet/rbe500_ws/install/dynamixel_sdk_examples:/home/harmeet/rbe500_ws/install/cmake_modules:/home/harmeet/rbe500_ws/install/rbe500_example_py:/opt/ros/humble LD_LIBRARY_PATH=/home/harmeet/rbe500_ws/install/dynamixel_sdk_custom_interfaces/lib:/home/harmeet/rbe500_ws/install/dynamixel_sdk/lib:/home/harmeet/rbe500_ws/install/open_manipulator_x_libs/lib:/home/harmeet/rbe500_ws/install/robotis_manipulator/lib:/home/harmeet/rbe500_ws/install/open_manipulator_msgs/lib:/home/harmeet/rbe500_ws/install/dynamixel_workbench_toolbox/lib:/opt/ros/humble/opt/rviz_ogre_vendor/lib:/opt/ros/humble/lib/x86_64-linux-gnu:/opt/ros/humble/lib /usr/bin/cmake /home/harmeet/rbe500_ws/src/DynamixelSDK/dynamixel_sdk_examples -DCMAKE_INSTALL_PREFIX=/home/harmeet/rbe500_ws/install/dynamixel_sdk_examples
[0.421s] Invoking command in '/home/harmeet/rbe500_ws/build/dynamixel_sdk_examples': CMAKE_PREFIX_PATH=/home/harmeet/rbe500_ws/install/dynamixel_sdk_custom_interfaces:/home/harmeet/rbe500_ws/install/dynamixel_sdk:/home/harmeet/rbe500_ws/install/open_manipulator:/home/harmeet/rbe500_ws/install/open_manipulator_x_controller:/home/harmeet/rbe500_ws/install/open_manipulator_x_libs:/home/harmeet/rbe500_ws/install/robotis_manipulator:/home/harmeet/rbe500_ws/install/rbe500-example:/home/harmeet/rbe500_ws/install/open_manipulator_x_description:/home/harmeet/rbe500_ws/install/open_manipulator_msgs:/home/harmeet/rbe500_ws/install/dynamixel_workbench:/home/harmeet/rbe500_ws/install/dynamixel_workbench_toolbox:/home/harmeet/rbe500_ws/install/dynamixel_sdk_examples:/home/harmeet/rbe500_ws/install/cmake_modules:/home/harmeet/rbe500_ws/install/rbe500_example_py:/opt/ros/humble LD_LIBRARY_PATH=/home/harmeet/rbe500_ws/install/dynamixel_sdk_custom_interfaces/lib:/home/harmeet/rbe500_ws/install/dynamixel_sdk/lib:/home/harmeet/rbe500_ws/install/open_manipulator_x_libs/lib:/home/harmeet/rbe500_ws/install/robotis_manipulator/lib:/home/harmeet/rbe500_ws/install/open_manipulator_msgs/lib:/home/harmeet/rbe500_ws/install/dynamixel_workbench_toolbox/lib:/opt/ros/humble/opt/rviz_ogre_vendor/lib:/opt/ros/humble/lib/x86_64-linux-gnu:/opt/ros/humble/lib /usr/bin/cmake --build /home/harmeet/rbe500_ws/build/dynamixel_sdk_examples -- -j16 -l16
[0.446s] [35m[1mConsolidate compiler generated dependencies of target read_write_node[0m
[0.460s] [100%] Built target read_write_node
[0.469s] Invoked command in '/home/harmeet/rbe500_ws/build/dynamixel_sdk_examples' returned '0': CMAKE_PREFIX_PATH=/home/harmeet/rbe500_ws/install/dynamixel_sdk_custom_interfaces:/home/harmeet/rbe500_ws/install/dynamixel_sdk:/home/harmeet/rbe500_ws/install/open_manipulator:/home/harmeet/rbe500_ws/install/open_manipulator_x_controller:/home/harmeet/rbe500_ws/install/open_manipulator_x_libs:/home/harmeet/rbe500_ws/install/robotis_manipulator:/home/harmeet/rbe500_ws/install/rbe500-example:/home/harmeet/rbe500_ws/install/open_manipulator_x_description:/home/harmeet/rbe500_ws/install/open_manipulator_msgs:/home/harmeet/rbe500_ws/install/dynamixel_workbench:/home/harmeet/rbe500_ws/install/dynamixel_workbench_toolbox:/home/harmeet/rbe500_ws/install/dynamixel_sdk_examples:/home/harmeet/rbe500_ws/install/cmake_modules:/home/harmeet/rbe500_ws/install/rbe500_example_py:/opt/ros/humble LD_LIBRARY_PATH=/home/harmeet/rbe500_ws/install/dynamixel_sdk_custom_interfaces/lib:/home/harmeet/rbe500_ws/install/dynamixel_sdk/lib:/home/harmeet/rbe500_ws/install/open_manipulator_x_libs/lib:/home/harmeet/rbe500_ws/install/robotis_manipulator/lib:/home/harmeet/rbe500_ws/install/open_manipulator_msgs/lib:/home/harmeet/rbe500_ws/install/dynamixel_workbench_toolbox/lib:/opt/ros/humble/opt/rviz_ogre_vendor/lib:/opt/ros/humble/lib/x86_64-linux-gnu:/opt/ros/humble/lib /usr/bin/cmake --build /home/harmeet/rbe500_ws/build/dynamixel_sdk_examples -- -j16 -l16
[0.490s] Invoking command in '/home/harmeet/rbe500_ws/build/dynamixel_sdk_examples': CMAKE_PREFIX_PATH=/home/harmeet/rbe500_ws/install/dynamixel_sdk_custom_interfaces:/home/harmeet/rbe500_ws/install/dynamixel_sdk:/home/harmeet/rbe500_ws/install/open_manipulator:/home/harmeet/rbe500_ws/install/open_manipulator_x_controller:/home/harmeet/rbe500_ws/install/open_manipulator_x_libs:/home/harmeet/rbe500_ws/install/robotis_manipulator:/home/harmeet/rbe500_ws/install/rbe500-example:/home/harmeet/rbe500_ws/install/open_manipulator_x_description:/home/harmeet/rbe500_ws/install/open_manipulator_msgs:/home/harmeet/rbe500_ws/install/dynamixel_workbench:/home/harmeet/rbe500_ws/install/dynamixel_workbench_toolbox:/home/harmeet/rbe500_ws/install/dynamixel_sdk_examples:/home/harmeet/rbe500_ws/install/cmake_modules:/home/harmeet/rbe500_ws/install/rbe500_example_py:/opt/ros/humble LD_LIBRARY_PATH=/home/harmeet/rbe500_ws/install/dynamixel_sdk_custom_interfaces/lib:/home/harmeet/rbe500_ws/install/dynamixel_sdk/lib:/home/harmeet/rbe500_ws/install/open_manipulator_x_libs/lib:/home/harmeet/rbe500_ws/install/robotis_manipulator/lib:/home/harmeet/rbe500_ws/install/open_manipulator_msgs/lib:/home/harmeet/rbe500_ws/install/dynamixel_workbench_toolbox/lib:/opt/ros/humble/opt/rviz_ogre_vendor/lib:/opt/ros/humble/lib/x86_64-linux-gnu:/opt/ros/humble/lib /usr/bin/cmake --install /home/harmeet/rbe500_ws/build/dynamixel_sdk_examples
[0.494s] -- Install configuration: ""
[0.495s] -- Execute custom install script
[0.495s] -- Up-to-date symlink: /home/harmeet/rbe500_ws/install/dynamixel_sdk_examples/lib/dynamixel_sdk_examples/read_write_node
[0.495s] -- Up-to-date symlink: /home/harmeet/rbe500_ws/install/dynamixel_sdk_examples/share/ament_index/resource_index/package_run_dependencies/dynamixel_sdk_examples
[0.495s] -- Up-to-date symlink: /home/harmeet/rbe500_ws/install/dynamixel_sdk_examples/share/ament_index/resource_index/parent_prefix_path/dynamixel_sdk_examples
[0.495s] -- Up-to-date symlink: /home/harmeet/rbe500_ws/install/dynamixel_sdk_examples/share/dynamixel_sdk_examples/environment/ament_prefix_path.sh
[0.495s] -- Up-to-date symlink: /home/harmeet/rbe500_ws/install/dynamixel_sdk_examples/share/dynamixel_sdk_examples/environment/ament_prefix_path.dsv
[0.495s] -- Up-to-date symlink: /home/harmeet/rbe500_ws/install/dynamixel_sdk_examples/share/dynamixel_sdk_examples/environment/path.sh
[0.496s] -- Up-to-date symlink: /home/harmeet/rbe500_ws/install/dynamixel_sdk_examples/share/dynamixel_sdk_examples/environment/path.dsv
[0.496s] -- Up-to-date symlink: /home/harmeet/rbe500_ws/install/dynamixel_sdk_examples/share/dynamixel_sdk_examples/local_setup.bash
[0.496s] -- Up-to-date symlink: /home/harmeet/rbe500_ws/install/dynamixel_sdk_examples/share/dynamixel_sdk_examples/local_setup.sh
[0.496s] -- Up-to-date symlink: /home/harmeet/rbe500_ws/install/dynamixel_sdk_examples/share/dynamixel_sdk_examples/local_setup.zsh
[0.496s] -- Up-to-date symlink: /home/harmeet/rbe500_ws/install/dynamixel_sdk_examples/share/dynamixel_sdk_examples/local_setup.dsv
[0.496s] -- Symlinking: /home/harmeet/rbe500_ws/install/dynamixel_sdk_examples/share/dynamixel_sdk_examples/package.dsv
[0.502s] -- Up-to-date symlink: /home/harmeet/rbe500_ws/install/dynamixel_sdk_examples/share/ament_index/resource_index/packages/dynamixel_sdk_examples
[0.502s] -- Up-to-date symlink: /home/harmeet/rbe500_ws/install/dynamixel_sdk_examples/share/dynamixel_sdk_examples/cmake/dynamixel_sdk_examplesConfig.cmake
[0.502s] -- Up-to-date symlink: /home/harmeet/rbe500_ws/install/dynamixel_sdk_examples/share/dynamixel_sdk_examples/cmake/dynamixel_sdk_examplesConfig-version.cmake
[0.502s] -- Up-to-date symlink: /home/harmeet/rbe500_ws/install/dynamixel_sdk_examples/share/dynamixel_sdk_examples/package.xml
[0.504s] Invoked command in '/home/harmeet/rbe500_ws/build/dynamixel_sdk_examples' returned '0': CMAKE_PREFIX_PATH=/home/harmeet/rbe500_ws/install/dynamixel_sdk_custom_interfaces:/home/harmeet/rbe500_ws/install/dynamixel_sdk:/home/harmeet/rbe500_ws/install/open_manipulator:/home/harmeet/rbe500_ws/install/open_manipulator_x_controller:/home/harmeet/rbe500_ws/install/open_manipulator_x_libs:/home/harmeet/rbe500_ws/install/robotis_manipulator:/home/harmeet/rbe500_ws/install/rbe500-example:/home/harmeet/rbe500_ws/install/open_manipulator_x_description:/home/harmeet/rbe500_ws/install/open_manipulator_msgs:/home/harmeet/rbe500_ws/install/dynamixel_workbench:/home/harmeet/rbe500_ws/install/dynamixel_workbench_toolbox:/home/harmeet/rbe500_ws/install/dynamixel_sdk_examples:/home/harmeet/rbe500_ws/install/cmake_modules:/home/harmeet/rbe500_ws/install/rbe500_example_py:/opt/ros/humble LD_LIBRARY_PATH=/home/harmeet/rbe500_ws/install/dynamixel_sdk_custom_interfaces/lib:/home/harmeet/rbe500_ws/install/dynamixel_sdk/lib:/home/harmeet/rbe500_ws/install/open_manipulator_x_libs/lib:/home/harmeet/rbe500_ws/install/robotis_manipulator/lib:/home/harmeet/rbe500_ws/install/open_manipulator_msgs/lib:/home/harmeet/rbe500_ws/install/dynamixel_workbench_toolbox/lib:/opt/ros/humble/opt/rviz_ogre_vendor/lib:/opt/ros/humble/lib/x86_64-linux-gnu:/opt/ros/humble/lib /usr/bin/cmake --install /home/harmeet/rbe500_ws/build/dynamixel_sdk_examples
