[0.014s] Invoking command in '/home/harmeet/rbe500_ws/build/cmake_modules': CMAKE_PREFIX_PATH=/opt/ros/humble /usr/bin/cmake /home/harmeet/rbe500_ws/src/open_manipulator_dependencies/cmake_modules -DAMENT_CMAKE_SYMLINK_INSTALL=1 -DCMAKE_INSTALL_PREFIX=/home/harmeet/rbe500_ws/install/cmake_modules
[0.321s] -- The C compiler identification is GNU 11.4.0
[0.514s] -- The CXX compiler identification is GNU 11.4.0
[0.526s] -- Detecting C compiler ABI info
[0.596s] -- Detecting C compiler ABI info - done
[0.601s] -- Check for working C compiler: /usr/bin/cc - skipped
[0.601s] -- Detecting C compile features
[0.602s] -- Detecting C compile features - done
[0.605s] -- Detecting CXX compiler ABI info
[0.664s] -- Detecting CXX compiler ABI info - done
[0.669s] -- Check for working CXX compiler: /usr/bin/c++ - skipped
[0.669s] -- Detecting CXX compile features
[0.669s] -- Detecting CXX compile features - done
[0.671s] -- Found ament_cmake: 1.3.10 (/opt/ros/humble/share/ament_cmake/cmake)
[0.773s] -- Found Python3: /usr/bin/python3 (found version "3.10.12") found components: Interpreter 
[0.823s] -- Override CMake install command with custom implementation using symlinks instead of copying resources
[0.889s] -- Configuring done
[0.890s] -- Generating done
[0.891s] -- Build files have been written to: /home/harmeet/rbe500_ws/build/cmake_modules
[0.896s] Invoked command in '/home/harmeet/rbe500_ws/build/cmake_modules' returned '0': CMAKE_PREFIX_PATH=/opt/ros/humble /usr/bin/cmake /home/harmeet/rbe500_ws/src/open_manipulator_dependencies/cmake_modules -DAMENT_CMAKE_SYMLINK_INSTALL=1 -DCMAKE_INSTALL_PREFIX=/home/harmeet/rbe500_ws/install/cmake_modules
[0.897s] Invoking command in '/home/harmeet/rbe500_ws/build/cmake_modules': CMAKE_PREFIX_PATH=/opt/ros/humble /usr/bin/cmake --build /home/harmeet/rbe500_ws/build/cmake_modules -- -j16 -l16
[0.919s] Invoked command in '/home/harmeet/rbe500_ws/build/cmake_modules' returned '0': CMAKE_PREFIX_PATH=/opt/ros/humble /usr/bin/cmake --build /home/harmeet/rbe500_ws/build/cmake_modules -- -j16 -l16
[0.943s] Invoking command in '/home/harmeet/rbe500_ws/build/cmake_modules': CMAKE_PREFIX_PATH=/opt/ros/humble /usr/bin/cmake --install /home/harmeet/rbe500_ws/build/cmake_modules
[0.948s] -- Install configuration: ""
[0.948s] -- Execute custom install script
[0.948s] -- Symlinking: /home/harmeet/rbe500_ws/install/cmake_modules/share/cmake_modules/cmake/Modules/FindGSL.cmake
[0.953s] -- Symlinking: /home/harmeet/rbe500_ws/install/cmake_modules/share/cmake_modules/cmake/Modules/FindGflags.cmake
[0.958s] -- Symlinking: /home/harmeet/rbe500_ws/install/cmake_modules/share/cmake_modules/cmake/Modules/FindNUMPY.cmake
[0.963s] -- Symlinking: /home/harmeet/rbe500_ws/install/cmake_modules/share/cmake_modules/cmake/Modules/FindPoco.cmake
[0.969s] -- Symlinking: /home/harmeet/rbe500_ws/install/cmake_modules/share/cmake_modules/cmake/Modules/FindTBB.cmake
[0.975s] -- Symlinking: /home/harmeet/rbe500_ws/install/cmake_modules/share/cmake_modules/cmake/Modules/FindTinyXML.cmake
[0.981s] -- Symlinking: /home/harmeet/rbe500_ws/install/cmake_modules/share/cmake_modules/cmake/Modules/FindTinyXML2.cmake
[0.987s] -- Symlinking: /home/harmeet/rbe500_ws/install/cmake_modules/share/cmake_modules/cmake/Modules/FindUUID.cmake
[0.992s] -- Symlinking: /home/harmeet/rbe500_ws/install/cmake_modules/share/cmake_modules/cmake/Modules/FindXenomai.cmake
[0.998s] -- Symlinking: /home/harmeet/rbe500_ws/install/cmake_modules/share/ament_index/resource_index/package_run_dependencies/cmake_modules
[1.004s] -- Symlinking: /home/harmeet/rbe500_ws/install/cmake_modules/share/ament_index/resource_index/parent_prefix_path/cmake_modules
[1.010s] -- Symlinking: /home/harmeet/rbe500_ws/install/cmake_modules/share/cmake_modules/environment/ament_prefix_path.sh
[1.015s] -- Symlinking: /home/harmeet/rbe500_ws/install/cmake_modules/share/cmake_modules/environment/ament_prefix_path.dsv
[1.021s] -- Symlinking: /home/harmeet/rbe500_ws/install/cmake_modules/share/cmake_modules/environment/path.sh
[1.027s] -- Symlinking: /home/harmeet/rbe500_ws/install/cmake_modules/share/cmake_modules/environment/path.dsv
[1.033s] -- Symlinking: /home/harmeet/rbe500_ws/install/cmake_modules/share/cmake_modules/local_setup.bash
[1.040s] -- Symlinking: /home/harmeet/rbe500_ws/install/cmake_modules/share/cmake_modules/local_setup.sh
[1.047s] -- Symlinking: /home/harmeet/rbe500_ws/install/cmake_modules/share/cmake_modules/local_setup.zsh
[1.054s] -- Symlinking: /home/harmeet/rbe500_ws/install/cmake_modules/share/cmake_modules/local_setup.dsv
[1.061s] -- Symlinking: /home/harmeet/rbe500_ws/install/cmake_modules/share/cmake_modules/package.dsv
[1.069s] -- Symlinking: /home/harmeet/rbe500_ws/install/cmake_modules/share/ament_index/resource_index/packages/cmake_modules
[1.077s] -- Symlinking: /home/harmeet/rbe500_ws/install/cmake_modules/share/cmake_modules/cmake/cmake_modules-extras.cmake
[1.087s] -- Symlinking: /home/harmeet/rbe500_ws/install/cmake_modules/share/cmake_modules/cmake/ament_cmake_export_dependencies-extras.cmake
[1.096s] -- Symlinking: /home/harmeet/rbe500_ws/install/cmake_modules/share/cmake_modules/cmake/cmake_modulesConfig.cmake
[1.106s] -- Symlinking: /home/harmeet/rbe500_ws/install/cmake_modules/share/cmake_modules/cmake/cmake_modulesConfig-version.cmake
[1.117s] -- Symlinking: /home/harmeet/rbe500_ws/install/cmake_modules/share/cmake_modules/package.xml
[1.129s] Invoked command in '/home/harmeet/rbe500_ws/build/cmake_modules' returned '0': CMAKE_PREFIX_PATH=/opt/ros/humble /usr/bin/cmake --install /home/harmeet/rbe500_ws/build/cmake_modules
