[0.013s] Invoking command in '/home/harmeet/rbe500_ws/build/open_manipulator_x_description': CMAKE_PREFIX_PATH=/opt/ros/humble /usr/bin/cmake /home/harmeet/rbe500_ws/src/open_manipulator/open_manipulator_x_description -DAMENT_CMAKE_SYMLINK_INSTALL=1 -DCMAKE_INSTALL_PREFIX=/home/harmeet/rbe500_ws/install/open_manipulator_x_description
[0.316s] -- The C compiler identification is GNU 11.4.0
[0.510s] -- The CXX compiler identification is GNU 11.4.0
[0.522s] -- Detecting C compiler ABI info
[0.590s] -- Detecting C compiler ABI info - done
[0.594s] -- Check for working C compiler: /usr/bin/cc - skipped
[0.594s] -- Detecting C compile features
[0.597s] -- Detecting C compile features - done
[0.600s] -- Detecting CXX compiler ABI info
[0.659s] -- Detecting CXX compiler ABI info - done
[0.664s] -- Check for working CXX compiler: /usr/bin/c++ - skipped
[0.664s] -- Detecting CXX compile features
[0.664s] -- Detecting CXX compile features - done
[0.666s] -- Found ament_cmake: 1.3.10 (/opt/ros/humble/share/ament_cmake/cmake)
[0.772s] -- Found Python3: /usr/bin/python3 (found version "3.10.12") found components: Interpreter 
[0.818s] -- Override CMake install command with custom implementation using symlinks instead of copying resources
[0.884s] -- Configuring done
[0.885s] -- Generating done
[0.886s] -- Build files have been written to: /home/harmeet/rbe500_ws/build/open_manipulator_x_description
[0.889s] Invoked command in '/home/harmeet/rbe500_ws/build/open_manipulator_x_description' returned '0': CMAKE_PREFIX_PATH=/opt/ros/humble /usr/bin/cmake /home/harmeet/rbe500_ws/src/open_manipulator/open_manipulator_x_description -DAMENT_CMAKE_SYMLINK_INSTALL=1 -DCMAKE_INSTALL_PREFIX=/home/harmeet/rbe500_ws/install/open_manipulator_x_description
[0.891s] Invoking command in '/home/harmeet/rbe500_ws/build/open_manipulator_x_description': CMAKE_PREFIX_PATH=/opt/ros/humble /usr/bin/cmake --build /home/harmeet/rbe500_ws/build/open_manipulator_x_description -- -j16 -l16
[0.913s] Invoked command in '/home/harmeet/rbe500_ws/build/open_manipulator_x_description' returned '0': CMAKE_PREFIX_PATH=/opt/ros/humble /usr/bin/cmake --build /home/harmeet/rbe500_ws/build/open_manipulator_x_description -- -j16 -l16
[0.935s] Invoking command in '/home/harmeet/rbe500_ws/build/open_manipulator_x_description': CMAKE_PREFIX_PATH=/opt/ros/humble /usr/bin/cmake --install /home/harmeet/rbe500_ws/build/open_manipulator_x_description
[0.942s] -- Install configuration: ""
[0.942s] -- Execute custom install script
[0.943s] -- Symlinking: /home/harmeet/rbe500_ws/install/open_manipulator_x_description/share/open_manipulator_x_description/launch/.DS_Store
[0.948s] -- Symlinking: /home/harmeet/rbe500_ws/install/open_manipulator_x_description/share/open_manipulator_x_description/launch/open_manipulator_x_rviz.launch.py
[0.953s] -- Symlinking: /home/harmeet/rbe500_ws/install/open_manipulator_x_description/share/open_manipulator_x_description/meshes/chain_link1.stl
[0.958s] -- Symlinking: /home/harmeet/rbe500_ws/install/open_manipulator_x_description/share/open_manipulator_x_description/meshes/chain_link2.stl
[0.964s] -- Symlinking: /home/harmeet/rbe500_ws/install/open_manipulator_x_description/share/open_manipulator_x_description/meshes/chain_link3.stl
[0.970s] -- Symlinking: /home/harmeet/rbe500_ws/install/open_manipulator_x_description/share/open_manipulator_x_description/meshes/chain_link4.stl
[0.976s] -- Symlinking: /home/harmeet/rbe500_ws/install/open_manipulator_x_description/share/open_manipulator_x_description/meshes/chain_link5.stl
[0.982s] -- Symlinking: /home/harmeet/rbe500_ws/install/open_manipulator_x_description/share/open_manipulator_x_description/meshes/chain_link_grip_l.stl
[0.987s] -- Symlinking: /home/harmeet/rbe500_ws/install/open_manipulator_x_description/share/open_manipulator_x_description/meshes/chain_link_grip_r.stl
[0.993s] -- Symlinking: /home/harmeet/rbe500_ws/install/open_manipulator_x_description/share/open_manipulator_x_description/rviz/open_manipulator_x.rviz
[0.999s] -- Symlinking: /home/harmeet/rbe500_ws/install/open_manipulator_x_description/share/open_manipulator_x_description/urdf/materials.xacro
[1.005s] -- Symlinking: /home/harmeet/rbe500_ws/install/open_manipulator_x_description/share/open_manipulator_x_description/urdf/open_manipulator_x.gazebo.xacro
[1.010s] -- Symlinking: /home/harmeet/rbe500_ws/install/open_manipulator_x_description/share/open_manipulator_x_description/urdf/open_manipulator_x.transmission.xacro
[1.016s] -- Symlinking: /home/harmeet/rbe500_ws/install/open_manipulator_x_description/share/open_manipulator_x_description/urdf/open_manipulator_x.urdf.xacro
[1.022s] -- Symlinking: /home/harmeet/rbe500_ws/install/open_manipulator_x_description/share/open_manipulator_x_description/urdf/open_manipulator_x_robot.urdf.xacro
[1.029s] -- Symlinking: /home/harmeet/rbe500_ws/install/open_manipulator_x_description/share/ament_index/resource_index/package_run_dependencies/open_manipulator_x_description
[1.035s] -- Symlinking: /home/harmeet/rbe500_ws/install/open_manipulator_x_description/share/ament_index/resource_index/parent_prefix_path/open_manipulator_x_description
[1.042s] -- Symlinking: /home/harmeet/rbe500_ws/install/open_manipulator_x_description/share/open_manipulator_x_description/environment/ament_prefix_path.sh
[1.050s] -- Symlinking: /home/harmeet/rbe500_ws/install/open_manipulator_x_description/share/open_manipulator_x_description/environment/ament_prefix_path.dsv
[1.056s] -- Symlinking: /home/harmeet/rbe500_ws/install/open_manipulator_x_description/share/open_manipulator_x_description/environment/path.sh
[1.063s] -- Symlinking: /home/harmeet/rbe500_ws/install/open_manipulator_x_description/share/open_manipulator_x_description/environment/path.dsv
[1.070s] -- Symlinking: /home/harmeet/rbe500_ws/install/open_manipulator_x_description/share/open_manipulator_x_description/local_setup.bash
[1.077s] -- Symlinking: /home/harmeet/rbe500_ws/install/open_manipulator_x_description/share/open_manipulator_x_description/local_setup.sh
[1.087s] -- Symlinking: /home/harmeet/rbe500_ws/install/open_manipulator_x_description/share/open_manipulator_x_description/local_setup.zsh
[1.097s] -- Symlinking: /home/harmeet/rbe500_ws/install/open_manipulator_x_description/share/open_manipulator_x_description/local_setup.dsv
[1.105s] -- Symlinking: /home/harmeet/rbe500_ws/install/open_manipulator_x_description/share/open_manipulator_x_description/package.dsv
[1.113s] -- Symlinking: /home/harmeet/rbe500_ws/install/open_manipulator_x_description/share/ament_index/resource_index/packages/open_manipulator_x_description
[1.123s] -- Symlinking: /home/harmeet/rbe500_ws/install/open_manipulator_x_description/share/open_manipulator_x_description/cmake/open_manipulator_x_descriptionConfig.cmake
[1.131s] -- Symlinking: /home/harmeet/rbe500_ws/install/open_manipulator_x_description/share/open_manipulator_x_description/cmake/open_manipulator_x_descriptionConfig-version.cmake
[1.139s] -- Symlinking: /home/harmeet/rbe500_ws/install/open_manipulator_x_description/share/open_manipulator_x_description/package.xml
[1.149s] Invoked command in '/home/harmeet/rbe500_ws/build/open_manipulator_x_description' returned '0': CMAKE_PREFIX_PATH=/opt/ros/humble /usr/bin/cmake --install /home/harmeet/rbe500_ws/build/open_manipulator_x_description
