[0.009s] Invoking command in '/root/RBE500_Manipulator_Project/ws_2/build/velocityKinematics_interfaces': CMAKE_PREFIX_PATH=/opt/ros/humble /usr/bin/cmake /root/RBE500_Manipulator_Project/ws_2/src/velocityKinematics_interfaces -DCMAKE_INSTALL_PREFIX=/root/RBE500_Manipulator_Project/ws_2/install/velocityKinematics_interfaces
[0.066s] -- The C compiler identification is GNU 11.4.0
[0.119s] -- The CXX compiler identification is GNU 11.4.0
[0.126s] -- Detecting C compiler ABI info
[0.187s] -- Detecting C compiler ABI info - done
[0.195s] -- Check for working C compiler: /usr/bin/cc - skipped
[0.196s] -- Detecting C compile features
[0.196s] -- Detecting C compile features - done
[0.199s] -- Detecting CXX compiler ABI info
[0.267s] -- Detecting CXX compiler ABI info - done
[0.275s] -- Check for working CXX compiler: /usr/bin/c++ - skipped
[0.276s] -- Detecting CXX compile features
[0.276s] -- Detecting CXX compile features - done
[0.279s] -- Found ament_cmake: 1.3.10 (/opt/ros/humble/share/ament_cmake/cmake)
[0.418s] -- Found Python3: /usr/bin/python3 (found version "3.10.12") found components: Interpreter 
[0.505s] -- Found rclpy: 3.3.14 (/opt/ros/humble/share/rclpy/cmake)
[0.507s] -- Found std_msgs: 4.2.4 (/opt/ros/humble/share/std_msgs/cmake)
[0.539s] -- Found rosidl_generator_c: 3.1.5 (/opt/ros/humble/share/rosidl_generator_c/cmake)
[0.545s] -- Found rosidl_adapter: 3.1.5 (/opt/ros/humble/share/rosidl_adapter/cmake)
[0.552s] -- Found rosidl_generator_cpp: 3.1.5 (/opt/ros/humble/share/rosidl_generator_cpp/cmake)
[0.565s] -- Using all available rosidl_typesupport_c: rosidl_typesupport_fastrtps_c;rosidl_typesupport_introspection_c
[0.583s] -- Using all available rosidl_typesupport_cpp: rosidl_typesupport_fastrtps_cpp;rosidl_typesupport_introspection_cpp
[0.608s] -- Found rosidl_default_generators: 1.2.0 (/opt/ros/humble/share/rosidl_default_generators/cmake)
[0.616s] -- Found ament_lint_auto: 0.12.11 (/opt/ros/humble/share/ament_lint_auto/cmake)
[0.665s] WARNING: Package name "velocityKinematics_interfaces" does not follow the naming conventions. It should start with a lower case letter and only contain lower case letters, digits, underscores, and dashes.
[0.780s] [31mCMake Error at /opt/ros/humble/share/rosidl_adapter/cmake/rosidl_adapt_interfaces.cmake:59 (message):
[0.780s]   execute_process(/usr/bin/python3 -m rosidl_adapter --package-name
[0.780s]   velocityKinematics_interfaces --arguments-file
[0.780s]   /root/RBE500_Manipulator_Project/ws_2/build/velocityKinematics_interfaces/rosidl_adapter__arguments__velocityKinematics_interfaces.json
[0.781s]   --output-dir
[0.781s]   /root/RBE500_Manipulator_Project/ws_2/build/velocityKinematics_interfaces/rosidl_adapter/velocityKinematics_interfaces
[0.781s]   --output-file
[0.781s]   /root/RBE500_Manipulator_Project/ws_2/build/velocityKinematics_interfaces/rosidl_adapter/velocityKinematics_interfaces.idls)
[0.781s]   returned error code 1:
[0.781s] 
[0.781s]   Traceback (most recent call last):
[0.781s] 
[0.781s]     File "/usr/lib/python3.10/runpy.py", line 196, in _run_module_as_main
[0.781s]       return _run_code(code, main_globals, None,
[0.781s]     File "/usr/lib/python3.10/runpy.py", line 86, in _run_code
[0.782s]       exec(code, run_globals)
[0.782s]     File "/opt/ros/humble/local/lib/python3.10/dist-packages/rosidl_adapter/__main__.py", line 19, in <module>
[0.782s]       sys.exit(main())
[0.782s]     File "/opt/ros/humble/local/lib/python3.10/dist-packages/rosidl_adapter/main.py", line 53, in main
[0.782s]       abs_idl_file = convert_to_idl(
[0.782s]     File "/opt/ros/humble/local/lib/python3.10/dist-packages/rosidl_adapter/__init__.py", line 24, in convert_to_idl
[0.782s]       return convert_srv_to_idl(
[0.782s]     File "/opt/ros/humble/local/lib/python3.10/dist-packages/rosidl_adapter/srv/__init__.py", line 28, in convert_srv_to_idl
[0.782s]       srv = parse_service_string(package_name, input_file.stem, content)
[0.782s]     File "/opt/ros/humble/local/lib/python3.10/dist-packages/rosidl_adapter/parser.py", line 859, in parse_service_string
[0.782s]       request_message = parse_message_string(
[0.782s]     File "/opt/ros/humble/local/lib/python3.10/dist-packages/rosidl_adapter/parser.py", line 544, in parse_message_string
[0.782s]       msg = MessageSpecification(pkg_name, msg_name, fields, constants)
[0.782s]     File "/opt/ros/humble/local/lib/python3.10/dist-packages/rosidl_adapter/parser.py", line 388, in __init__
[0.782s]       self.base_type = BaseType(
[0.783s]     File "/opt/ros/humble/local/lib/python3.10/dist-packages/rosidl_adapter/parser.py", line 201, in __init__
[0.783s]       raise InvalidResourceName(
[0.783s] 
[0.783s]   rosidl_adapter.parser.InvalidResourceName: 'velocityKinematics_interfaces'
[0.783s]   is an invalid package name.  It should have the pattern
[0.783s]   '^(?!.*__)(?!.*_$)[a-z][a-z0-9_]*$'
[0.783s] 
[0.783s] Call Stack (most recent call first):
[0.783s]   /opt/ros/humble/share/rosidl_cmake/cmake/rosidl_generate_interfaces.cmake:130 (rosidl_adapt_interfaces)
[0.783s]   CMakeLists.txt:26 (rosidl_generate_interfaces)
[0.783s] 
[0.783s] [0m
[0.783s] -- Configuring incomplete, errors occurred!
[0.784s] See also "/root/RBE500_Manipulator_Project/ws_2/build/velocityKinematics_interfaces/CMakeFiles/CMakeOutput.log".
[0.787s] Invoked command in '/root/RBE500_Manipulator_Project/ws_2/build/velocityKinematics_interfaces' returned '1': CMAKE_PREFIX_PATH=/opt/ros/humble /usr/bin/cmake /root/RBE500_Manipulator_Project/ws_2/src/velocityKinematics_interfaces -DCMAKE_INSTALL_PREFIX=/root/RBE500_Manipulator_Project/ws_2/install/velocityKinematics_interfaces
