[0.648s] Invoking command in '/root/RBE500_Manipulator_Project/workspace/src/OpenManipulatorX_ROS2/rbe500_example_py': PYTHONPATH=/root/RBE500_Manipulator_Project/workspace/build/rbe500_example_py/prefix_override:/usr/lib/python3/dist-packages/colcon_core/task/python/colcon_distutils_commands:/root/RBE500_Manipulator_Project/workspace/install/rbe500_example_py/lib/python3.10/site-packages:${PYTHONPATH} /usr/bin/python3 -W ignore:setup.py install is deprecated setup.py egg_info --egg-base ../../../build/rbe500_example_py build --build-base /root/RBE500_Manipulator_Project/workspace/build/rbe500_example_py/build install --record /root/RBE500_Manipulator_Project/workspace/build/rbe500_example_py/install.log --single-version-externally-managed install_data
[0.865s] running egg_info
[0.866s] creating ../../../build/rbe500_example_py/rbe500_example_py.egg-info
[0.866s] writing ../../../build/rbe500_example_py/rbe500_example_py.egg-info/PKG-INFO
[0.866s] writing dependency_links to ../../../build/rbe500_example_py/rbe500_example_py.egg-info/dependency_links.txt
[0.866s] writing entry points to ../../../build/rbe500_example_py/rbe500_example_py.egg-info/entry_points.txt
[0.867s] writing requirements to ../../../build/rbe500_example_py/rbe500_example_py.egg-info/requires.txt
[0.867s] writing top-level names to ../../../build/rbe500_example_py/rbe500_example_py.egg-info/top_level.txt
[0.867s] writing manifest file '../../../build/rbe500_example_py/rbe500_example_py.egg-info/SOURCES.txt'
[0.868s] reading manifest file '../../../build/rbe500_example_py/rbe500_example_py.egg-info/SOURCES.txt'
[0.869s] writing manifest file '../../../build/rbe500_example_py/rbe500_example_py.egg-info/SOURCES.txt'
[0.870s] running build
[0.870s] running build_py
[0.870s] creating /root/RBE500_Manipulator_Project/workspace/build/rbe500_example_py/build
[0.870s] creating /root/RBE500_Manipulator_Project/workspace/build/rbe500_example_py/build/lib
[0.870s] creating /root/RBE500_Manipulator_Project/workspace/build/rbe500_example_py/build/lib/rbe500_example_py
[0.870s] copying rbe500_example_py/basic_robot_control.py -> /root/RBE500_Manipulator_Project/workspace/build/rbe500_example_py/build/lib/rbe500_example_py
[0.870s] copying rbe500_example_py/__init__.py -> /root/RBE500_Manipulator_Project/workspace/build/rbe500_example_py/build/lib/rbe500_example_py
[0.871s] running install
[0.871s] running install_lib
[0.871s] creating /root/RBE500_Manipulator_Project/workspace/install/rbe500_example_py/lib/python3.10/site-packages/rbe500_example_py
[0.871s] copying /root/RBE500_Manipulator_Project/workspace/build/rbe500_example_py/build/lib/rbe500_example_py/basic_robot_control.py -> /root/RBE500_Manipulator_Project/workspace/install/rbe500_example_py/lib/python3.10/site-packages/rbe500_example_py
[0.871s] copying /root/RBE500_Manipulator_Project/workspace/build/rbe500_example_py/build/lib/rbe500_example_py/__init__.py -> /root/RBE500_Manipulator_Project/workspace/install/rbe500_example_py/lib/python3.10/site-packages/rbe500_example_py
[0.872s] byte-compiling /root/RBE500_Manipulator_Project/workspace/install/rbe500_example_py/lib/python3.10/site-packages/rbe500_example_py/basic_robot_control.py to basic_robot_control.cpython-310.pyc
[0.872s] byte-compiling /root/RBE500_Manipulator_Project/workspace/install/rbe500_example_py/lib/python3.10/site-packages/rbe500_example_py/__init__.py to __init__.cpython-310.pyc
[0.873s] running install_data
[0.873s] creating /root/RBE500_Manipulator_Project/workspace/install/rbe500_example_py/share/ament_index
[0.873s] creating /root/RBE500_Manipulator_Project/workspace/install/rbe500_example_py/share/ament_index/resource_index
[0.873s] creating /root/RBE500_Manipulator_Project/workspace/install/rbe500_example_py/share/ament_index/resource_index/packages
[0.873s] copying resource/rbe500_example_py -> /root/RBE500_Manipulator_Project/workspace/install/rbe500_example_py/share/ament_index/resource_index/packages
[0.873s] copying package.xml -> /root/RBE500_Manipulator_Project/workspace/install/rbe500_example_py/share/rbe500_example_py
[0.873s] running install_egg_info
[0.875s] Copying ../../../build/rbe500_example_py/rbe500_example_py.egg-info to /root/RBE500_Manipulator_Project/workspace/install/rbe500_example_py/lib/python3.10/site-packages/rbe500_example_py-0.0.0-py3.10.egg-info
[0.877s] running install_scripts
[0.899s] Installing basic_robot_control script to /root/RBE500_Manipulator_Project/workspace/install/rbe500_example_py/lib/rbe500_example_py
[0.899s] writing list of installed files to '/root/RBE500_Manipulator_Project/workspace/build/rbe500_example_py/install.log'
[0.960s] Invoked command in '/root/RBE500_Manipulator_Project/workspace/src/OpenManipulatorX_ROS2/rbe500_example_py' returned '0': PYTHONPATH=/root/RBE500_Manipulator_Project/workspace/build/rbe500_example_py/prefix_override:/usr/lib/python3/dist-packages/colcon_core/task/python/colcon_distutils_commands:/root/RBE500_Manipulator_Project/workspace/install/rbe500_example_py/lib/python3.10/site-packages:${PYTHONPATH} /usr/bin/python3 -W ignore:setup.py install is deprecated setup.py egg_info --egg-base ../../../build/rbe500_example_py build --build-base /root/RBE500_Manipulator_Project/workspace/build/rbe500_example_py/build install --record /root/RBE500_Manipulator_Project/workspace/build/rbe500_example_py/install.log --single-version-externally-managed install_data
