[0.019s] Invoking command in '/home/harmeet/rbe500_ws/build/dynamixel_sdk': CMAKE_PREFIX_PATH=${CMAKE_PREFIX_PATH}:/home/harmeet/rbe500_ws/install/rbe500_example_py:/opt/ros/humble /usr/bin/cmake /home/harmeet/rbe500_ws/src/DynamixelSDK/dynamixel_sdk -DCMAKE_INSTALL_PREFIX=/home/harmeet/rbe500_ws/install/dynamixel_sdk
[0.106s] -- Found ament_cmake: 1.3.10 (/opt/ros/humble/share/ament_cmake/cmake)
[0.210s] -- Override CMake install command with custom implementation using symlinks instead of copying resources
[0.275s] -- Configuring done
[0.285s] -- Generating done
[0.285s] -- Build files have been written to: /home/harmeet/rbe500_ws/build/dynamixel_sdk
[0.290s] Invoked command in '/home/harmeet/rbe500_ws/build/dynamixel_sdk' returned '0': CMAKE_PREFIX_PATH=${CMAKE_PREFIX_PATH}:/home/harmeet/rbe500_ws/install/rbe500_example_py:/opt/ros/humble /usr/bin/cmake /home/harmeet/rbe500_ws/src/DynamixelSDK/dynamixel_sdk -DCMAKE_INSTALL_PREFIX=/home/harmeet/rbe500_ws/install/dynamixel_sdk
[0.291s] Invoking command in '/home/harmeet/rbe500_ws/build/dynamixel_sdk': CMAKE_PREFIX_PATH=${CMAKE_PREFIX_PATH}:/home/harmeet/rbe500_ws/install/rbe500_example_py:/opt/ros/humble /usr/bin/cmake --build /home/harmeet/rbe500_ws/build/dynamixel_sdk -- -j16 -l16
[0.324s] [35m[1mConsolidate compiler generated dependencies of target dynamixel_sdk[0m
[0.340s] [100%] Built target dynamixel_sdk
[0.348s] Invoked command in '/home/harmeet/rbe500_ws/build/dynamixel_sdk' returned '0': CMAKE_PREFIX_PATH=${CMAKE_PREFIX_PATH}:/home/harmeet/rbe500_ws/install/rbe500_example_py:/opt/ros/humble /usr/bin/cmake --build /home/harmeet/rbe500_ws/build/dynamixel_sdk -- -j16 -l16
[0.381s] Invoking command in '/home/harmeet/rbe500_ws/build/dynamixel_sdk': CMAKE_PREFIX_PATH=${CMAKE_PREFIX_PATH}:/home/harmeet/rbe500_ws/install/rbe500_example_py:/opt/ros/humble /usr/bin/cmake --install /home/harmeet/rbe500_ws/build/dynamixel_sdk
[0.386s] -- Install configuration: ""
[0.387s] -- Execute custom install script
[0.387s] -- Up-to-date symlink: /home/harmeet/rbe500_ws/install/dynamixel_sdk/include//dynamixel_sdk/dynamixel_sdk.h
[0.388s] -- Up-to-date symlink: /home/harmeet/rbe500_ws/install/dynamixel_sdk/include//dynamixel_sdk/group_bulk_read.h
[0.388s] -- Up-to-date symlink: /home/harmeet/rbe500_ws/install/dynamixel_sdk/include//dynamixel_sdk/group_bulk_write.h
[0.388s] -- Up-to-date symlink: /home/harmeet/rbe500_ws/install/dynamixel_sdk/include//dynamixel_sdk/group_sync_read.h
[0.388s] -- Up-to-date symlink: /home/harmeet/rbe500_ws/install/dynamixel_sdk/include//dynamixel_sdk/group_sync_write.h
[0.388s] -- Up-to-date symlink: /home/harmeet/rbe500_ws/install/dynamixel_sdk/include//dynamixel_sdk/packet_handler.h
[0.389s] -- Up-to-date symlink: /home/harmeet/rbe500_ws/install/dynamixel_sdk/include//dynamixel_sdk/port_handler.h
[0.389s] -- Up-to-date symlink: /home/harmeet/rbe500_ws/install/dynamixel_sdk/include//dynamixel_sdk/port_handler_arduino.h
[0.389s] -- Up-to-date symlink: /home/harmeet/rbe500_ws/install/dynamixel_sdk/include//dynamixel_sdk/port_handler_linux.h
[0.389s] -- Up-to-date symlink: /home/harmeet/rbe500_ws/install/dynamixel_sdk/include//dynamixel_sdk/port_handler_mac.h
[0.390s] -- Up-to-date symlink: /home/harmeet/rbe500_ws/install/dynamixel_sdk/include//dynamixel_sdk/port_handler_windows.h
[0.390s] -- Up-to-date symlink: /home/harmeet/rbe500_ws/install/dynamixel_sdk/include//dynamixel_sdk/protocol1_packet_handler.h
[0.391s] -- Up-to-date symlink: /home/harmeet/rbe500_ws/install/dynamixel_sdk/include//dynamixel_sdk/protocol2_packet_handler.h
[0.391s] -- Up-to-date symlink: /home/harmeet/rbe500_ws/install/dynamixel_sdk/lib/libdynamixel_sdk.so
[0.391s] -- Up-to-date symlink: /home/harmeet/rbe500_ws/install/dynamixel_sdk/share/dynamixel_sdk/environment/library_path.sh
[0.392s] -- Up-to-date symlink: /home/harmeet/rbe500_ws/install/dynamixel_sdk/share/dynamixel_sdk/environment/library_path.dsv
[0.392s] -- Up-to-date symlink: /home/harmeet/rbe500_ws/install/dynamixel_sdk/share/ament_index/resource_index/package_run_dependencies/dynamixel_sdk
[0.393s] -- Up-to-date symlink: /home/harmeet/rbe500_ws/install/dynamixel_sdk/share/ament_index/resource_index/parent_prefix_path/dynamixel_sdk
[0.393s] -- Up-to-date symlink: /home/harmeet/rbe500_ws/install/dynamixel_sdk/share/dynamixel_sdk/environment/ament_prefix_path.sh
[0.393s] -- Up-to-date symlink: /home/harmeet/rbe500_ws/install/dynamixel_sdk/share/dynamixel_sdk/environment/ament_prefix_path.dsv
[0.393s] -- Up-to-date symlink: /home/harmeet/rbe500_ws/install/dynamixel_sdk/share/dynamixel_sdk/environment/path.sh
[0.393s] -- Up-to-date symlink: /home/harmeet/rbe500_ws/install/dynamixel_sdk/share/dynamixel_sdk/environment/path.dsv
[0.393s] -- Up-to-date symlink: /home/harmeet/rbe500_ws/install/dynamixel_sdk/share/dynamixel_sdk/local_setup.bash
[0.393s] -- Up-to-date symlink: /home/harmeet/rbe500_ws/install/dynamixel_sdk/share/dynamixel_sdk/local_setup.sh
[0.393s] -- Up-to-date symlink: /home/harmeet/rbe500_ws/install/dynamixel_sdk/share/dynamixel_sdk/local_setup.zsh
[0.393s] -- Up-to-date symlink: /home/harmeet/rbe500_ws/install/dynamixel_sdk/share/dynamixel_sdk/local_setup.dsv
[0.393s] -- Symlinking: /home/harmeet/rbe500_ws/install/dynamixel_sdk/share/dynamixel_sdk/package.dsv
[0.401s] -- Up-to-date symlink: /home/harmeet/rbe500_ws/install/dynamixel_sdk/share/ament_index/resource_index/packages/dynamixel_sdk
[0.401s] -- Up-to-date symlink: /home/harmeet/rbe500_ws/install/dynamixel_sdk/share/dynamixel_sdk/cmake/ament_cmake_export_include_directories-extras.cmake
[0.401s] -- Up-to-date symlink: /home/harmeet/rbe500_ws/install/dynamixel_sdk/share/dynamixel_sdk/cmake/ament_cmake_export_libraries-extras.cmake
[0.401s] -- Up-to-date symlink: /home/harmeet/rbe500_ws/install/dynamixel_sdk/share/dynamixel_sdk/cmake/dynamixel_sdkConfig.cmake
[0.402s] -- Up-to-date symlink: /home/harmeet/rbe500_ws/install/dynamixel_sdk/share/dynamixel_sdk/cmake/dynamixel_sdkConfig-version.cmake
[0.402s] -- Up-to-date symlink: /home/harmeet/rbe500_ws/install/dynamixel_sdk/share/dynamixel_sdk/package.xml
[0.406s] Invoked command in '/home/harmeet/rbe500_ws/build/dynamixel_sdk' returned '0': CMAKE_PREFIX_PATH=${CMAKE_PREFIX_PATH}:/home/harmeet/rbe500_ws/install/rbe500_example_py:/opt/ros/humble /usr/bin/cmake --install /home/harmeet/rbe500_ws/build/dynamixel_sdk
