[0.238s] Invoking command in '/root/RBE500_Manipulator_Project/ws_2/build/velocity_kinematics_interfaces': CMAKE_PREFIX_PATH=/opt/ros/humble /usr/bin/cmake --build /root/RBE500_Manipulator_Project/ws_2/build/velocity_kinematics_interfaces -- -j12 -l12
[0.330s] -- Found ament_cmake: 1.3.10 (/opt/ros/humble/share/ament_cmake/cmake)
[0.477s] -- Found rclpy: 3.3.14 (/opt/ros/humble/share/rclpy/cmake)
[0.478s] -- Found std_msgs: 4.2.4 (/opt/ros/humble/share/std_msgs/cmake)
[0.513s] -- Found rosidl_generator_c: 3.1.5 (/opt/ros/humble/share/rosidl_generator_c/cmake)
[0.518s] -- Found rosidl_adapter: 3.1.5 (/opt/ros/humble/share/rosidl_adapter/cmake)
[0.527s] -- Found rosidl_generator_cpp: 3.1.5 (/opt/ros/humble/share/rosidl_generator_cpp/cmake)
[0.543s] -- Using all available rosidl_typesupport_c: rosidl_typesupport_fastrtps_c;rosidl_typesupport_introspection_c
[0.561s] -- Using all available rosidl_typesupport_cpp: rosidl_typesupport_fastrtps_cpp;rosidl_typesupport_introspection_cpp
[0.593s] -- Found rosidl_default_generators: 1.2.0 (/opt/ros/humble/share/rosidl_default_generators/cmake)
[0.602s] -- Found ament_lint_auto: 0.12.11 (/opt/ros/humble/share/ament_lint_auto/cmake)
[0.886s] -- Found ament_cmake_ros: 0.10.0 (/opt/ros/humble/share/ament_cmake_ros/cmake)
[1.161s] -- Using all available rosidl_typesupport_c: rosidl_typesupport_fastrtps_c;rosidl_typesupport_introspection_c
[1.267s] -- Using all available rosidl_typesupport_cpp: rosidl_typesupport_fastrtps_cpp;rosidl_typesupport_introspection_cpp
[1.285s] -- Found python_cmake_module: 0.10.0 (/opt/ros/humble/share/python_cmake_module/cmake)
[1.306s] -- Using PYTHON_EXECUTABLE: /usr/bin/python3
[1.306s] -- Using PYTHON_INCLUDE_DIRS: /usr/include/python3.10
[1.306s] -- Using PYTHON_LIBRARIES: /usr/lib/x86_64-linux-gnu/libpython3.10.so
[1.322s] -- Added test 'lint_cmake' to check CMake code style
[1.324s] -- Added test 'xmllint' to check XML markup files
[1.330s] -- Configuring done
[1.368s] -- Generating done
[1.370s] -- Build files have been written to: /root/RBE500_Manipulator_Project/ws_2/build/velocity_kinematics_interfaces
[1.392s] [  2%] [34m[1mGenerating C code for ROS interfaces[0m
[1.401s] [  4%] [34m[1mGenerating C++ code for ROS interfaces[0m
[1.411s] [  4%] Built target ament_cmake_python_copy_velocity_kinematics_interfaces
[1.727s] running egg_info
[1.728s] writing velocity_kinematics_interfaces.egg-info/PKG-INFO
[1.728s] writing dependency_links to velocity_kinematics_interfaces.egg-info/dependency_links.txt
[1.728s] writing top-level names to velocity_kinematics_interfaces.egg-info/top_level.txt
[1.731s] reading manifest file 'velocity_kinematics_interfaces.egg-info/SOURCES.txt'
[1.732s] writing manifest file 'velocity_kinematics_interfaces.egg-info/SOURCES.txt'
[1.759s] [  4%] Built target ament_cmake_python_build_velocity_kinematics_interfaces_egg
[1.989s] [  4%] Built target velocity_kinematics_interfaces__cpp
[1.999s] [  6%] [34m[1mGenerating C++ type support dispatch for ROS interfaces[0m
[2.000s] [  8%] [34m[1mGenerating C++ introspection for ROS interfaces[0m
[2.002s] [ 10%] [34m[1mGenerating C++ type support for eProsima Fast-RTPS[0m
[2.005s] [35m[1mConsolidate compiler generated dependencies of target velocity_kinematics_interfaces__rosidl_generator_c[0m
[2.020s] [ 12%] [32mBuilding C object CMakeFiles/velocity_kinematics_interfaces__rosidl_generator_c.dir/rosidl_generator_c/velocity_kinematics_interfaces/srv/detail/joint_end_effector__functions.c.o[0m
[2.020s] [ 14%] [32mBuilding C object CMakeFiles/velocity_kinematics_interfaces__rosidl_generator_c.dir/rosidl_generator_c/velocity_kinematics_interfaces/msg/detail/end_effector_velocity__functions.c.o[0m
[2.023s] [ 17%] [32mBuilding C object CMakeFiles/velocity_kinematics_interfaces__rosidl_generator_c.dir/rosidl_generator_c/velocity_kinematics_interfaces/srv/detail/end_effector_joint__functions.c.o[0m
[2.177s] [ 19%] [32m[1mLinking C shared library libvelocity_kinematics_interfaces__rosidl_generator_c.so[0m
[2.225s] [ 19%] Built target velocity_kinematics_interfaces__rosidl_generator_c
[2.236s] [ 21%] [34m[1mGenerating C type support for eProsima Fast-RTPS[0m
[2.237s] [ 23%] [34m[1mGenerating C introspection for ROS interfaces[0m
[2.239s] [ 25%] [34m[1mGenerating C type support dispatch for ROS interfaces[0m
[2.476s] [35m[1mConsolidate compiler generated dependencies of target velocity_kinematics_interfaces__rosidl_typesupport_cpp[0m
[2.499s] [ 31%] [32mBuilding CXX object CMakeFiles/velocity_kinematics_interfaces__rosidl_typesupport_cpp.dir/rosidl_typesupport_cpp/velocity_kinematics_interfaces/srv/joint_end_effector__type_support.cpp.o[0m
[2.499s] [ 31%] [32mBuilding CXX object CMakeFiles/velocity_kinematics_interfaces__rosidl_typesupport_cpp.dir/rosidl_typesupport_cpp/velocity_kinematics_interfaces/msg/end_effector_velocity__type_support.cpp.o[0m
[2.499s] [ 31%] [32mBuilding CXX object CMakeFiles/velocity_kinematics_interfaces__rosidl_typesupport_cpp.dir/rosidl_typesupport_cpp/velocity_kinematics_interfaces/srv/end_effector_joint__type_support.cpp.o[0m
[2.558s] [35m[1mConsolidate compiler generated dependencies of target velocity_kinematics_interfaces__rosidl_typesupport_introspection_cpp[0m
[2.576s] [ 34%] [32mBuilding CXX object CMakeFiles/velocity_kinematics_interfaces__rosidl_typesupport_introspection_cpp.dir/rosidl_typesupport_introspection_cpp/velocity_kinematics_interfaces/srv/detail/end_effector_joint__type_support.cpp.o[0m
[2.577s] [ 36%] [32mBuilding CXX object CMakeFiles/velocity_kinematics_interfaces__rosidl_typesupport_introspection_cpp.dir/rosidl_typesupport_introspection_cpp/velocity_kinematics_interfaces/srv/detail/joint_end_effector__type_support.cpp.o[0m
[2.580s] [ 38%] [32mBuilding CXX object CMakeFiles/velocity_kinematics_interfaces__rosidl_typesupport_introspection_cpp.dir/rosidl_typesupport_introspection_cpp/velocity_kinematics_interfaces/msg/detail/end_effector_velocity__type_support.cpp.o[0m
[2.651s] [35m[1mConsolidate compiler generated dependencies of target velocity_kinematics_interfaces__rosidl_typesupport_fastrtps_cpp[0m
[2.680s] [ 44%] [32mBuilding CXX object CMakeFiles/velocity_kinematics_interfaces__rosidl_typesupport_fastrtps_cpp.dir/rosidl_typesupport_fastrtps_cpp/velocity_kinematics_interfaces/srv/detail/dds_fastrtps/joint_end_effector__type_support.cpp.o[0m
[2.681s] [ 44%] [32mBuilding CXX object CMakeFiles/velocity_kinematics_interfaces__rosidl_typesupport_fastrtps_cpp.dir/rosidl_typesupport_fastrtps_cpp/velocity_kinematics_interfaces/srv/detail/dds_fastrtps/end_effector_joint__type_support.cpp.o[0m
[2.681s] [ 44%] [32mBuilding CXX object CMakeFiles/velocity_kinematics_interfaces__rosidl_typesupport_fastrtps_cpp.dir/rosidl_typesupport_fastrtps_cpp/velocity_kinematics_interfaces/msg/detail/dds_fastrtps/end_effector_velocity__type_support.cpp.o[0m
[2.805s] [35m[1mConsolidate compiler generated dependencies of target velocity_kinematics_interfaces__rosidl_typesupport_c[0m
[2.823s] [ 46%] [32mBuilding CXX object CMakeFiles/velocity_kinematics_interfaces__rosidl_typesupport_c.dir/rosidl_typesupport_c/velocity_kinematics_interfaces/srv/joint_end_effector__type_support.cpp.o[0m
[2.895s] [ 48%] [32mBuilding CXX object CMakeFiles/velocity_kinematics_interfaces__rosidl_typesupport_c.dir/rosidl_typesupport_c/velocity_kinematics_interfaces/srv/end_effector_joint__type_support.cpp.o[0m
[3.017s] [ 51%] [32mBuilding CXX object CMakeFiles/velocity_kinematics_interfaces__rosidl_typesupport_c.dir/rosidl_typesupport_c/velocity_kinematics_interfaces/msg/end_effector_velocity__type_support.cpp.o[0m
[3.061s] [35m[1mConsolidate compiler generated dependencies of target velocity_kinematics_interfaces__rosidl_typesupport_introspection_c[0m
[3.085s] [35m[1mConsolidate compiler generated dependencies of target velocity_kinematics_interfaces__rosidl_typesupport_fastrtps_c[0m
[3.086s] [ 53%] [32mBuilding C object CMakeFiles/velocity_kinematics_interfaces__rosidl_typesupport_introspection_c.dir/rosidl_typesupport_introspection_c/velocity_kinematics_interfaces/srv/detail/joint_end_effector__type_support.c.o[0m
[3.090s] [ 55%] [32m[1mLinking CXX shared library libvelocity_kinematics_interfaces__rosidl_typesupport_c.so[0m
[3.093s] [ 57%] [32mBuilding C object CMakeFiles/velocity_kinematics_interfaces__rosidl_typesupport_introspection_c.dir/rosidl_typesupport_introspection_c/velocity_kinematics_interfaces/srv/detail/end_effector_joint__type_support.c.o[0m
[3.113s] [ 59%] [32mBuilding CXX object CMakeFiles/velocity_kinematics_interfaces__rosidl_typesupport_fastrtps_c.dir/rosidl_typesupport_fastrtps_c/velocity_kinematics_interfaces/srv/detail/joint_end_effector__type_support_c.cpp.o[0m
[3.127s] [ 61%] [32mBuilding C object CMakeFiles/velocity_kinematics_interfaces__rosidl_typesupport_introspection_c.dir/rosidl_typesupport_introspection_c/velocity_kinematics_interfaces/msg/detail/end_effector_velocity__type_support.c.o[0m
[3.131s] [ 63%] [32m[1mLinking CXX shared library libvelocity_kinematics_interfaces__rosidl_typesupport_cpp.so[0m
[3.161s] [ 65%] [32mBuilding CXX object CMakeFiles/velocity_kinematics_interfaces__rosidl_typesupport_fastrtps_c.dir/rosidl_typesupport_fastrtps_c/velocity_kinematics_interfaces/srv/detail/end_effector_joint__type_support_c.cpp.o[0m
[3.162s] [ 68%] [32mBuilding CXX object CMakeFiles/velocity_kinematics_interfaces__rosidl_typesupport_fastrtps_c.dir/rosidl_typesupport_fastrtps_c/velocity_kinematics_interfaces/msg/detail/end_effector_velocity__type_support_c.cpp.o[0m
[3.175s] [ 68%] Built target velocity_kinematics_interfaces__rosidl_typesupport_c
[3.193s] [ 70%] [32m[1mLinking C shared library libvelocity_kinematics_interfaces__rosidl_typesupport_introspection_c.so[0m
[3.212s] [ 70%] Built target velocity_kinematics_interfaces__rosidl_typesupport_cpp
[3.244s] [ 70%] Built target velocity_kinematics_interfaces__rosidl_typesupport_introspection_c
[3.405s] [ 72%] [32m[1mLinking CXX shared library libvelocity_kinematics_interfaces__rosidl_typesupport_introspection_cpp.so[0m
[3.474s] [ 74%] [32m[1mLinking CXX shared library libvelocity_kinematics_interfaces__rosidl_typesupport_fastrtps_cpp.so[0m
[3.474s] [ 74%] Built target velocity_kinematics_interfaces__rosidl_typesupport_introspection_cpp
[3.563s] [ 74%] Built target velocity_kinematics_interfaces__rosidl_typesupport_fastrtps_cpp
[3.650s] [ 76%] [32m[1mLinking CXX shared library libvelocity_kinematics_interfaces__rosidl_typesupport_fastrtps_c.so[0m
[3.708s] [ 76%] Built target velocity_kinematics_interfaces__rosidl_typesupport_fastrtps_c
[3.722s] [ 76%] Built target velocity_kinematics_interfaces
[3.736s] [ 78%] [34m[1mGenerating Python code for ROS interfaces[0m
[4.439s] [ 78%] Built target velocity_kinematics_interfaces__py
[4.446s] [35m[1mConsolidate compiler generated dependencies of target velocity_kinematics_interfaces__rosidl_generator_py[0m
[4.459s] [ 82%] [32mBuilding C object CMakeFiles/velocity_kinematics_interfaces__rosidl_generator_py.dir/rosidl_generator_py/velocity_kinematics_interfaces/srv/_joint_end_effector_s.c.o[0m
[4.459s] [ 82%] [32mBuilding C object CMakeFiles/velocity_kinematics_interfaces__rosidl_generator_py.dir/rosidl_generator_py/velocity_kinematics_interfaces/srv/_end_effector_joint_s.c.o[0m
[4.459s] [ 85%] [32mBuilding C object CMakeFiles/velocity_kinematics_interfaces__rosidl_generator_py.dir/rosidl_generator_py/velocity_kinematics_interfaces/msg/_end_effector_velocity_s.c.o[0m
[4.608s] [ 87%] [32m[1mLinking C shared library rosidl_generator_py/velocity_kinematics_interfaces/libvelocity_kinematics_interfaces__rosidl_generator_py.so[0m
[4.669s] [ 87%] Built target velocity_kinematics_interfaces__rosidl_generator_py
[4.678s] [35m[1mConsolidate compiler generated dependencies of target velocity_kinematics_interfaces__rosidl_typesupport_introspection_c__pyext[0m
[4.680s] [35m[1mConsolidate compiler generated dependencies of target velocity_kinematics_interfaces__rosidl_typesupport_fastrtps_c__pyext[0m
[4.681s] [35m[1mConsolidate compiler generated dependencies of target velocity_kinematics_interfaces__rosidl_typesupport_c__pyext[0m
[4.690s] [ 89%] [32mBuilding C object CMakeFiles/velocity_kinematics_interfaces__rosidl_typesupport_introspection_c__pyext.dir/rosidl_generator_py/velocity_kinematics_interfaces/_velocity_kinematics_interfaces_s.ep.rosidl_typesupport_introspection_c.c.o[0m
[4.694s] [ 93%] [32mBuilding C object CMakeFiles/velocity_kinematics_interfaces__rosidl_typesupport_fastrtps_c__pyext.dir/rosidl_generator_py/velocity_kinematics_interfaces/_velocity_kinematics_interfaces_s.ep.rosidl_typesupport_fastrtps_c.c.o[0m
[4.694s] [ 93%] [32mBuilding C object CMakeFiles/velocity_kinematics_interfaces__rosidl_typesupport_c__pyext.dir/rosidl_generator_py/velocity_kinematics_interfaces/_velocity_kinematics_interfaces_s.ep.rosidl_typesupport_c.c.o[0m
[4.802s] [ 95%] [32m[1mLinking C shared library rosidl_generator_py/velocity_kinematics_interfaces/velocity_kinematics_interfaces_s__rosidl_typesupport_introspection_c.cpython-310-x86_64-linux-gnu.so[0m
[4.804s] [ 97%] [32m[1mLinking C shared library rosidl_generator_py/velocity_kinematics_interfaces/velocity_kinematics_interfaces_s__rosidl_typesupport_c.cpython-310-x86_64-linux-gnu.so[0m
[4.809s] [100%] [32m[1mLinking C shared library rosidl_generator_py/velocity_kinematics_interfaces/velocity_kinematics_interfaces_s__rosidl_typesupport_fastrtps_c.cpython-310-x86_64-linux-gnu.so[0m
[4.833s] [100%] Built target velocity_kinematics_interfaces__rosidl_typesupport_c__pyext
[4.833s] [100%] Built target velocity_kinematics_interfaces__rosidl_typesupport_introspection_c__pyext
[4.839s] [100%] Built target velocity_kinematics_interfaces__rosidl_typesupport_fastrtps_c__pyext
[4.849s] Invoked command in '/root/RBE500_Manipulator_Project/ws_2/build/velocity_kinematics_interfaces' returned '0': CMAKE_PREFIX_PATH=/opt/ros/humble /usr/bin/cmake --build /root/RBE500_Manipulator_Project/ws_2/build/velocity_kinematics_interfaces -- -j12 -l12
[4.928s] Invoking command in '/root/RBE500_Manipulator_Project/ws_2/build/velocity_kinematics_interfaces': CMAKE_PREFIX_PATH=/opt/ros/humble /usr/bin/cmake --install /root/RBE500_Manipulator_Project/ws_2/build/velocity_kinematics_interfaces
[4.934s] -- Install configuration: ""
[4.934s] -- Installing: /root/RBE500_Manipulator_Project/ws_2/install/velocity_kinematics_interfaces/share/ament_index/resource_index/rosidl_interfaces/velocity_kinematics_interfaces
[4.934s] -- Up-to-date: /root/RBE500_Manipulator_Project/ws_2/install/velocity_kinematics_interfaces/include/velocity_kinematics_interfaces/velocity_kinematics_interfaces
[4.935s] -- Up-to-date: /root/RBE500_Manipulator_Project/ws_2/install/velocity_kinematics_interfaces/include/velocity_kinematics_interfaces/velocity_kinematics_interfaces/msg
[4.935s] -- Up-to-date: /root/RBE500_Manipulator_Project/ws_2/install/velocity_kinematics_interfaces/include/velocity_kinematics_interfaces/velocity_kinematics_interfaces/msg/rosidl_generator_c__visibility_control.h
[4.935s] -- Installing: /root/RBE500_Manipulator_Project/ws_2/install/velocity_kinematics_interfaces/include/velocity_kinematics_interfaces/velocity_kinematics_interfaces/msg/end_effector_velocity.h
[4.935s] -- Installing: /root/RBE500_Manipulator_Project/ws_2/install/velocity_kinematics_interfaces/include/velocity_kinematics_interfaces/velocity_kinematics_interfaces/msg/detail
[4.935s] -- Installing: /root/RBE500_Manipulator_Project/ws_2/install/velocity_kinematics_interfaces/include/velocity_kinematics_interfaces/velocity_kinematics_interfaces/msg/detail/end_effector_velocity__type_support.h
[4.935s] -- Installing: /root/RBE500_Manipulator_Project/ws_2/install/velocity_kinematics_interfaces/include/velocity_kinematics_interfaces/velocity_kinematics_interfaces/msg/detail/end_effector_velocity__functions.c
[4.935s] -- Installing: /root/RBE500_Manipulator_Project/ws_2/install/velocity_kinematics_interfaces/include/velocity_kinematics_interfaces/velocity_kinematics_interfaces/msg/detail/end_effector_velocity__functions.h
[4.936s] -- Installing: /root/RBE500_Manipulator_Project/ws_2/install/velocity_kinematics_interfaces/include/velocity_kinematics_interfaces/velocity_kinematics_interfaces/msg/detail/end_effector_velocity__struct.h
[4.936s] -- Up-to-date: /root/RBE500_Manipulator_Project/ws_2/install/velocity_kinematics_interfaces/include/velocity_kinematics_interfaces/velocity_kinematics_interfaces/srv
[4.936s] -- Up-to-date: /root/RBE500_Manipulator_Project/ws_2/install/velocity_kinematics_interfaces/include/velocity_kinematics_interfaces/velocity_kinematics_interfaces/srv/joint_to_end_effector.h
[4.936s] -- Up-to-date: /root/RBE500_Manipulator_Project/ws_2/install/velocity_kinematics_interfaces/include/velocity_kinematics_interfaces/velocity_kinematics_interfaces/srv/end_effector_to_joint.h
[4.936s] -- Installing: /root/RBE500_Manipulator_Project/ws_2/install/velocity_kinematics_interfaces/include/velocity_kinematics_interfaces/velocity_kinematics_interfaces/srv/end_effector_joint.h
[4.936s] -- Up-to-date: /root/RBE500_Manipulator_Project/ws_2/install/velocity_kinematics_interfaces/include/velocity_kinematics_interfaces/velocity_kinematics_interfaces/srv/effector_to_joint.h
[4.937s] -- Up-to-date: /root/RBE500_Manipulator_Project/ws_2/install/velocity_kinematics_interfaces/include/velocity_kinematics_interfaces/velocity_kinematics_interfaces/srv/joint_to_effector.h
[4.937s] -- Up-to-date: /root/RBE500_Manipulator_Project/ws_2/install/velocity_kinematics_interfaces/include/velocity_kinematics_interfaces/velocity_kinematics_interfaces/srv/detail
[4.937s] -- Up-to-date: /root/RBE500_Manipulator_Project/ws_2/install/velocity_kinematics_interfaces/include/velocity_kinematics_interfaces/velocity_kinematics_interfaces/srv/detail/joint_to_effector__struct.h
[4.937s] -- Installing: /root/RBE500_Manipulator_Project/ws_2/install/velocity_kinematics_interfaces/include/velocity_kinematics_interfaces/velocity_kinematics_interfaces/srv/detail/joint_end_effector__struct.h
[4.937s] -- Up-to-date: /root/RBE500_Manipulator_Project/ws_2/install/velocity_kinematics_interfaces/include/velocity_kinematics_interfaces/velocity_kinematics_interfaces/srv/detail/effector_to_joint__type_support.h
[4.937s] -- Installing: /root/RBE500_Manipulator_Project/ws_2/install/velocity_kinematics_interfaces/include/velocity_kinematics_interfaces/velocity_kinematics_interfaces/srv/detail/end_effector_joint__struct.h
[4.938s] -- Up-to-date: /root/RBE500_Manipulator_Project/ws_2/install/velocity_kinematics_interfaces/include/velocity_kinematics_interfaces/velocity_kinematics_interfaces/srv/detail/effector_to_joint__functions.c
[4.938s] -- Up-to-date: /root/RBE500_Manipulator_Project/ws_2/install/velocity_kinematics_interfaces/include/velocity_kinematics_interfaces/velocity_kinematics_interfaces/srv/detail/end_effector_to_joint__functions.c
[4.938s] -- Installing: /root/RBE500_Manipulator_Project/ws_2/install/velocity_kinematics_interfaces/include/velocity_kinematics_interfaces/velocity_kinematics_interfaces/srv/detail/joint_end_effector__type_support.h
[4.938s] -- Installing: /root/RBE500_Manipulator_Project/ws_2/install/velocity_kinematics_interfaces/include/velocity_kinematics_interfaces/velocity_kinematics_interfaces/srv/detail/end_effector_joint__type_support.h
[4.938s] -- Up-to-date: /root/RBE500_Manipulator_Project/ws_2/install/velocity_kinematics_interfaces/include/velocity_kinematics_interfaces/velocity_kinematics_interfaces/srv/detail/joint_to_effector__type_support.h
[4.938s] -- Up-to-date: /root/RBE500_Manipulator_Project/ws_2/install/velocity_kinematics_interfaces/include/velocity_kinematics_interfaces/velocity_kinematics_interfaces/srv/detail/joint_to_end_effector__struct.h
[4.939s] -- Up-to-date: /root/RBE500_Manipulator_Project/ws_2/install/velocity_kinematics_interfaces/include/velocity_kinematics_interfaces/velocity_kinematics_interfaces/srv/detail/joint_to_effector__functions.h
[4.939s] -- Up-to-date: /root/RBE500_Manipulator_Project/ws_2/install/velocity_kinematics_interfaces/include/velocity_kinematics_interfaces/velocity_kinematics_interfaces/srv/detail/end_effector_to_joint__functions.h
[4.939s] -- Installing: /root/RBE500_Manipulator_Project/ws_2/install/velocity_kinematics_interfaces/include/velocity_kinematics_interfaces/velocity_kinematics_interfaces/srv/detail/joint_end_effector__functions.h
[4.939s] -- Up-to-date: /root/RBE500_Manipulator_Project/ws_2/install/velocity_kinematics_interfaces/include/velocity_kinematics_interfaces/velocity_kinematics_interfaces/srv/detail/effector_to_joint__struct.h
[4.939s] -- Installing: /root/RBE500_Manipulator_Project/ws_2/install/velocity_kinematics_interfaces/include/velocity_kinematics_interfaces/velocity_kinematics_interfaces/srv/detail/end_effector_joint__functions.h
[4.939s] -- Up-to-date: /root/RBE500_Manipulator_Project/ws_2/install/velocity_kinematics_interfaces/include/velocity_kinematics_interfaces/velocity_kinematics_interfaces/srv/detail/end_effector_to_joint__type_support.h
[4.940s] -- Installing: /root/RBE500_Manipulator_Project/ws_2/install/velocity_kinematics_interfaces/include/velocity_kinematics_interfaces/velocity_kinematics_interfaces/srv/detail/end_effector_joint__functions.c
[4.940s] -- Up-to-date: /root/RBE500_Manipulator_Project/ws_2/install/velocity_kinematics_interfaces/include/velocity_kinematics_interfaces/velocity_kinematics_interfaces/srv/detail/joint_to_end_effector__functions.c
[4.940s] -- Up-to-date: /root/RBE500_Manipulator_Project/ws_2/install/velocity_kinematics_interfaces/include/velocity_kinematics_interfaces/velocity_kinematics_interfaces/srv/detail/joint_to_end_effector__functions.h
[4.940s] -- Up-to-date: /root/RBE500_Manipulator_Project/ws_2/install/velocity_kinematics_interfaces/include/velocity_kinematics_interfaces/velocity_kinematics_interfaces/srv/detail/joint_to_end_effector__type_support.h
[4.940s] -- Up-to-date: /root/RBE500_Manipulator_Project/ws_2/install/velocity_kinematics_interfaces/include/velocity_kinematics_interfaces/velocity_kinematics_interfaces/srv/detail/end_effector_to_joint__struct.h
[4.940s] -- Installing: /root/RBE500_Manipulator_Project/ws_2/install/velocity_kinematics_interfaces/include/velocity_kinematics_interfaces/velocity_kinematics_interfaces/srv/detail/joint_end_effector__functions.c
[4.941s] -- Up-to-date: /root/RBE500_Manipulator_Project/ws_2/install/velocity_kinematics_interfaces/include/velocity_kinematics_interfaces/velocity_kinematics_interfaces/srv/detail/joint_to_effector__functions.c
[4.941s] -- Up-to-date: /root/RBE500_Manipulator_Project/ws_2/install/velocity_kinematics_interfaces/include/velocity_kinematics_interfaces/velocity_kinematics_interfaces/srv/detail/effector_to_joint__functions.h
[4.941s] -- Installing: /root/RBE500_Manipulator_Project/ws_2/install/velocity_kinematics_interfaces/include/velocity_kinematics_interfaces/velocity_kinematics_interfaces/srv/joint_end_effector.h
[4.941s] -- Installing: /root/RBE500_Manipulator_Project/ws_2/install/velocity_kinematics_interfaces/share/velocity_kinematics_interfaces/environment/library_path.sh
[4.941s] -- Installing: /root/RBE500_Manipulator_Project/ws_2/install/velocity_kinematics_interfaces/share/velocity_kinematics_interfaces/environment/library_path.dsv
[4.941s] -- Installing: /root/RBE500_Manipulator_Project/ws_2/install/velocity_kinematics_interfaces/lib/libvelocity_kinematics_interfaces__rosidl_generator_c.so
[4.942s] -- Set runtime path of "/root/RBE500_Manipulator_Project/ws_2/install/velocity_kinematics_interfaces/lib/libvelocity_kinematics_interfaces__rosidl_generator_c.so" to ""
[4.942s] -- Up-to-date: /root/RBE500_Manipulator_Project/ws_2/install/velocity_kinematics_interfaces/include/velocity_kinematics_interfaces/velocity_kinematics_interfaces
[4.942s] -- Up-to-date: /root/RBE500_Manipulator_Project/ws_2/install/velocity_kinematics_interfaces/include/velocity_kinematics_interfaces/velocity_kinematics_interfaces/msg
[4.942s] -- Up-to-date: /root/RBE500_Manipulator_Project/ws_2/install/velocity_kinematics_interfaces/include/velocity_kinematics_interfaces/velocity_kinematics_interfaces/msg/rosidl_typesupport_fastrtps_c__visibility_control.h
[4.942s] -- Up-to-date: /root/RBE500_Manipulator_Project/ws_2/install/velocity_kinematics_interfaces/include/velocity_kinematics_interfaces/velocity_kinematics_interfaces/msg/detail
[4.942s] -- Installing: /root/RBE500_Manipulator_Project/ws_2/install/velocity_kinematics_interfaces/include/velocity_kinematics_interfaces/velocity_kinematics_interfaces/msg/detail/end_effector_velocity__rosidl_typesupport_fastrtps_c.h
[4.943s] -- Up-to-date: /root/RBE500_Manipulator_Project/ws_2/install/velocity_kinematics_interfaces/include/velocity_kinematics_interfaces/velocity_kinematics_interfaces/srv
[4.943s] -- Up-to-date: /root/RBE500_Manipulator_Project/ws_2/install/velocity_kinematics_interfaces/include/velocity_kinematics_interfaces/velocity_kinematics_interfaces/srv/detail
[4.943s] -- Up-to-date: /root/RBE500_Manipulator_Project/ws_2/install/velocity_kinematics_interfaces/include/velocity_kinematics_interfaces/velocity_kinematics_interfaces/srv/detail/end_effector_to_joint__rosidl_typesupport_fastrtps_c.h
[4.943s] -- Installing: /root/RBE500_Manipulator_Project/ws_2/install/velocity_kinematics_interfaces/include/velocity_kinematics_interfaces/velocity_kinematics_interfaces/srv/detail/joint_end_effector__rosidl_typesupport_fastrtps_c.h
[4.943s] -- Installing: /root/RBE500_Manipulator_Project/ws_2/install/velocity_kinematics_interfaces/include/velocity_kinematics_interfaces/velocity_kinematics_interfaces/srv/detail/end_effector_joint__rosidl_typesupport_fastrtps_c.h
[4.943s] -- Up-to-date: /root/RBE500_Manipulator_Project/ws_2/install/velocity_kinematics_interfaces/include/velocity_kinematics_interfaces/velocity_kinematics_interfaces/srv/detail/joint_to_end_effector__rosidl_typesupport_fastrtps_c.h
[4.943s] -- Up-to-date: /root/RBE500_Manipulator_Project/ws_2/install/velocity_kinematics_interfaces/include/velocity_kinematics_interfaces/velocity_kinematics_interfaces/srv/detail/joint_to_effector__rosidl_typesupport_fastrtps_c.h
[4.944s] -- Up-to-date: /root/RBE500_Manipulator_Project/ws_2/install/velocity_kinematics_interfaces/include/velocity_kinematics_interfaces/velocity_kinematics_interfaces/srv/detail/effector_to_joint__rosidl_typesupport_fastrtps_c.h
[4.944s] -- Installing: /root/RBE500_Manipulator_Project/ws_2/install/velocity_kinematics_interfaces/lib/libvelocity_kinematics_interfaces__rosidl_typesupport_fastrtps_c.so
[4.944s] -- Set runtime path of "/root/RBE500_Manipulator_Project/ws_2/install/velocity_kinematics_interfaces/lib/libvelocity_kinematics_interfaces__rosidl_typesupport_fastrtps_c.so" to ""
[4.944s] -- Up-to-date: /root/RBE500_Manipulator_Project/ws_2/install/velocity_kinematics_interfaces/include/velocity_kinematics_interfaces/velocity_kinematics_interfaces
[4.944s] -- Up-to-date: /root/RBE500_Manipulator_Project/ws_2/install/velocity_kinematics_interfaces/include/velocity_kinematics_interfaces/velocity_kinematics_interfaces/msg
[4.944s] -- Installing: /root/RBE500_Manipulator_Project/ws_2/install/velocity_kinematics_interfaces/include/velocity_kinematics_interfaces/velocity_kinematics_interfaces/msg/end_effector_velocity.hpp
[4.945s] -- Up-to-date: /root/RBE500_Manipulator_Project/ws_2/install/velocity_kinematics_interfaces/include/velocity_kinematics_interfaces/velocity_kinematics_interfaces/msg/detail
[4.945s] -- Installing: /root/RBE500_Manipulator_Project/ws_2/install/velocity_kinematics_interfaces/include/velocity_kinematics_interfaces/velocity_kinematics_interfaces/msg/detail/end_effector_velocity__builder.hpp
[4.945s] -- Installing: /root/RBE500_Manipulator_Project/ws_2/install/velocity_kinematics_interfaces/include/velocity_kinematics_interfaces/velocity_kinematics_interfaces/msg/detail/end_effector_velocity__traits.hpp
[4.945s] -- Installing: /root/RBE500_Manipulator_Project/ws_2/install/velocity_kinematics_interfaces/include/velocity_kinematics_interfaces/velocity_kinematics_interfaces/msg/detail/end_effector_velocity__struct.hpp
[4.945s] -- Up-to-date: /root/RBE500_Manipulator_Project/ws_2/install/velocity_kinematics_interfaces/include/velocity_kinematics_interfaces/velocity_kinematics_interfaces/srv
[4.945s] -- Up-to-date: /root/RBE500_Manipulator_Project/ws_2/install/velocity_kinematics_interfaces/include/velocity_kinematics_interfaces/velocity_kinematics_interfaces/srv/joint_to_end_effector.hpp
[4.946s] -- Installing: /root/RBE500_Manipulator_Project/ws_2/install/velocity_kinematics_interfaces/include/velocity_kinematics_interfaces/velocity_kinematics_interfaces/srv/joint_end_effector.hpp
[4.946s] -- Up-to-date: /root/RBE500_Manipulator_Project/ws_2/install/velocity_kinematics_interfaces/include/velocity_kinematics_interfaces/velocity_kinematics_interfaces/srv/end_effector_to_joint.hpp
[4.946s] -- Up-to-date: /root/RBE500_Manipulator_Project/ws_2/install/velocity_kinematics_interfaces/include/velocity_kinematics_interfaces/velocity_kinematics_interfaces/srv/effector_to_joint.hpp
[4.946s] -- Up-to-date: /root/RBE500_Manipulator_Project/ws_2/install/velocity_kinematics_interfaces/include/velocity_kinematics_interfaces/velocity_kinematics_interfaces/srv/joint_to_effector.hpp
[4.946s] -- Up-to-date: /root/RBE500_Manipulator_Project/ws_2/install/velocity_kinematics_interfaces/include/velocity_kinematics_interfaces/velocity_kinematics_interfaces/srv/detail
[4.947s] -- Up-to-date: /root/RBE500_Manipulator_Project/ws_2/install/velocity_kinematics_interfaces/include/velocity_kinematics_interfaces/velocity_kinematics_interfaces/srv/detail/effector_to_joint__builder.hpp
[4.947s] -- Up-to-date: /root/RBE500_Manipulator_Project/ws_2/install/velocity_kinematics_interfaces/include/velocity_kinematics_interfaces/velocity_kinematics_interfaces/srv/detail/end_effector_to_joint__builder.hpp
[4.947s] -- Up-to-date: /root/RBE500_Manipulator_Project/ws_2/install/velocity_kinematics_interfaces/include/velocity_kinematics_interfaces/velocity_kinematics_interfaces/srv/detail/joint_to_end_effector__builder.hpp
[4.947s] -- Installing: /root/RBE500_Manipulator_Project/ws_2/install/velocity_kinematics_interfaces/include/velocity_kinematics_interfaces/velocity_kinematics_interfaces/srv/detail/joint_end_effector__traits.hpp
[4.947s] -- Up-to-date: /root/RBE500_Manipulator_Project/ws_2/install/velocity_kinematics_interfaces/include/velocity_kinematics_interfaces/velocity_kinematics_interfaces/srv/detail/joint_to_effector__struct.hpp
[4.947s] -- Up-to-date: /root/RBE500_Manipulator_Project/ws_2/install/velocity_kinematics_interfaces/include/velocity_kinematics_interfaces/velocity_kinematics_interfaces/srv/detail/joint_to_effector__traits.hpp
[4.947s] -- Installing: /root/RBE500_Manipulator_Project/ws_2/install/velocity_kinematics_interfaces/include/velocity_kinematics_interfaces/velocity_kinematics_interfaces/srv/detail/joint_end_effector__struct.hpp
[4.948s] -- Up-to-date: /root/RBE500_Manipulator_Project/ws_2/install/velocity_kinematics_interfaces/include/velocity_kinematics_interfaces/velocity_kinematics_interfaces/srv/detail/effector_to_joint__struct.hpp
[4.948s] -- Up-to-date: /root/RBE500_Manipulator_Project/ws_2/install/velocity_kinematics_interfaces/include/velocity_kinematics_interfaces/velocity_kinematics_interfaces/srv/detail/end_effector_to_joint__struct.hpp
[4.948s] -- Up-to-date: /root/RBE500_Manipulator_Project/ws_2/install/velocity_kinematics_interfaces/include/velocity_kinematics_interfaces/velocity_kinematics_interfaces/srv/detail/joint_to_effector__builder.hpp
[4.948s] -- Up-to-date: /root/RBE500_Manipulator_Project/ws_2/install/velocity_kinematics_interfaces/include/velocity_kinematics_interfaces/velocity_kinematics_interfaces/srv/detail/end_effector_to_joint__traits.hpp
[4.948s] -- Up-to-date: /root/RBE500_Manipulator_Project/ws_2/install/velocity_kinematics_interfaces/include/velocity_kinematics_interfaces/velocity_kinematics_interfaces/srv/detail/joint_to_end_effector__struct.hpp
[4.949s] -- Installing: /root/RBE500_Manipulator_Project/ws_2/install/velocity_kinematics_interfaces/include/velocity_kinematics_interfaces/velocity_kinematics_interfaces/srv/detail/end_effector_joint__builder.hpp
[4.949s] -- Installing: /root/RBE500_Manipulator_Project/ws_2/install/velocity_kinematics_interfaces/include/velocity_kinematics_interfaces/velocity_kinematics_interfaces/srv/detail/end_effector_joint__struct.hpp
[4.949s] -- Up-to-date: /root/RBE500_Manipulator_Project/ws_2/install/velocity_kinematics_interfaces/include/velocity_kinematics_interfaces/velocity_kinematics_interfaces/srv/detail/joint_to_end_effector__traits.hpp
[4.949s] -- Installing: /root/RBE500_Manipulator_Project/ws_2/install/velocity_kinematics_interfaces/include/velocity_kinematics_interfaces/velocity_kinematics_interfaces/srv/detail/end_effector_joint__traits.hpp
[4.949s] -- Up-to-date: /root/RBE500_Manipulator_Project/ws_2/install/velocity_kinematics_interfaces/include/velocity_kinematics_interfaces/velocity_kinematics_interfaces/srv/detail/effector_to_joint__traits.hpp
[4.949s] -- Installing: /root/RBE500_Manipulator_Project/ws_2/install/velocity_kinematics_interfaces/include/velocity_kinematics_interfaces/velocity_kinematics_interfaces/srv/detail/joint_end_effector__builder.hpp
[4.950s] -- Installing: /root/RBE500_Manipulator_Project/ws_2/install/velocity_kinematics_interfaces/include/velocity_kinematics_interfaces/velocity_kinematics_interfaces/srv/end_effector_joint.hpp
[4.950s] -- Up-to-date: /root/RBE500_Manipulator_Project/ws_2/install/velocity_kinematics_interfaces/include/velocity_kinematics_interfaces/velocity_kinematics_interfaces
[4.950s] -- Up-to-date: /root/RBE500_Manipulator_Project/ws_2/install/velocity_kinematics_interfaces/include/velocity_kinematics_interfaces/velocity_kinematics_interfaces/msg
[4.950s] -- Up-to-date: /root/RBE500_Manipulator_Project/ws_2/install/velocity_kinematics_interfaces/include/velocity_kinematics_interfaces/velocity_kinematics_interfaces/msg/rosidl_typesupport_fastrtps_cpp__visibility_control.h
[4.950s] -- Up-to-date: /root/RBE500_Manipulator_Project/ws_2/install/velocity_kinematics_interfaces/include/velocity_kinematics_interfaces/velocity_kinematics_interfaces/msg/detail
[4.950s] -- Installing: /root/RBE500_Manipulator_Project/ws_2/install/velocity_kinematics_interfaces/include/velocity_kinematics_interfaces/velocity_kinematics_interfaces/msg/detail/end_effector_velocity__rosidl_typesupport_fastrtps_cpp.hpp
[4.951s] -- Installing: /root/RBE500_Manipulator_Project/ws_2/install/velocity_kinematics_interfaces/include/velocity_kinematics_interfaces/velocity_kinematics_interfaces/msg/detail/dds_fastrtps
[4.951s] -- Up-to-date: /root/RBE500_Manipulator_Project/ws_2/install/velocity_kinematics_interfaces/include/velocity_kinematics_interfaces/velocity_kinematics_interfaces/srv
[4.951s] -- Up-to-date: /root/RBE500_Manipulator_Project/ws_2/install/velocity_kinematics_interfaces/include/velocity_kinematics_interfaces/velocity_kinematics_interfaces/srv/detail
[4.951s] -- Up-to-date: /root/RBE500_Manipulator_Project/ws_2/install/velocity_kinematics_interfaces/include/velocity_kinematics_interfaces/velocity_kinematics_interfaces/srv/detail/joint_to_effector__rosidl_typesupport_fastrtps_cpp.hpp
[4.951s] -- Installing: /root/RBE500_Manipulator_Project/ws_2/install/velocity_kinematics_interfaces/include/velocity_kinematics_interfaces/velocity_kinematics_interfaces/srv/detail/joint_end_effector__rosidl_typesupport_fastrtps_cpp.hpp
[4.952s] -- Up-to-date: /root/RBE500_Manipulator_Project/ws_2/install/velocity_kinematics_interfaces/include/velocity_kinematics_interfaces/velocity_kinematics_interfaces/srv/detail/effector_to_joint__rosidl_typesupport_fastrtps_cpp.hpp
[4.952s] -- Installing: /root/RBE500_Manipulator_Project/ws_2/install/velocity_kinematics_interfaces/include/velocity_kinematics_interfaces/velocity_kinematics_interfaces/srv/detail/end_effector_joint__rosidl_typesupport_fastrtps_cpp.hpp
[4.952s] -- Installing: /root/RBE500_Manipulator_Project/ws_2/install/velocity_kinematics_interfaces/include/velocity_kinematics_interfaces/velocity_kinematics_interfaces/srv/detail/dds_fastrtps
[4.952s] -- Up-to-date: /root/RBE500_Manipulator_Project/ws_2/install/velocity_kinematics_interfaces/include/velocity_kinematics_interfaces/velocity_kinematics_interfaces/srv/detail/joint_to_end_effector__rosidl_typesupport_fastrtps_cpp.hpp
[4.952s] -- Up-to-date: /root/RBE500_Manipulator_Project/ws_2/install/velocity_kinematics_interfaces/include/velocity_kinematics_interfaces/velocity_kinematics_interfaces/srv/detail/end_effector_to_joint__rosidl_typesupport_fastrtps_cpp.hpp
[4.952s] -- Installing: /root/RBE500_Manipulator_Project/ws_2/install/velocity_kinematics_interfaces/lib/libvelocity_kinematics_interfaces__rosidl_typesupport_fastrtps_cpp.so
[4.953s] -- Set runtime path of "/root/RBE500_Manipulator_Project/ws_2/install/velocity_kinematics_interfaces/lib/libvelocity_kinematics_interfaces__rosidl_typesupport_fastrtps_cpp.so" to ""
[4.953s] -- Up-to-date: /root/RBE500_Manipulator_Project/ws_2/install/velocity_kinematics_interfaces/include/velocity_kinematics_interfaces/velocity_kinematics_interfaces
[4.953s] -- Up-to-date: /root/RBE500_Manipulator_Project/ws_2/install/velocity_kinematics_interfaces/include/velocity_kinematics_interfaces/velocity_kinematics_interfaces/msg
[4.953s] -- Up-to-date: /root/RBE500_Manipulator_Project/ws_2/install/velocity_kinematics_interfaces/include/velocity_kinematics_interfaces/velocity_kinematics_interfaces/msg/rosidl_typesupport_introspection_c__visibility_control.h
[4.953s] -- Up-to-date: /root/RBE500_Manipulator_Project/ws_2/install/velocity_kinematics_interfaces/include/velocity_kinematics_interfaces/velocity_kinematics_interfaces/msg/detail
[4.953s] -- Installing: /root/RBE500_Manipulator_Project/ws_2/install/velocity_kinematics_interfaces/include/velocity_kinematics_interfaces/velocity_kinematics_interfaces/msg/detail/end_effector_velocity__rosidl_typesupport_introspection_c.h
[4.953s] -- Installing: /root/RBE500_Manipulator_Project/ws_2/install/velocity_kinematics_interfaces/include/velocity_kinematics_interfaces/velocity_kinematics_interfaces/msg/detail/end_effector_velocity__type_support.c
[4.954s] -- Up-to-date: /root/RBE500_Manipulator_Project/ws_2/install/velocity_kinematics_interfaces/include/velocity_kinematics_interfaces/velocity_kinematics_interfaces/srv
[4.954s] -- Up-to-date: /root/RBE500_Manipulator_Project/ws_2/install/velocity_kinematics_interfaces/include/velocity_kinematics_interfaces/velocity_kinematics_interfaces/srv/detail
[4.954s] -- Up-to-date: /root/RBE500_Manipulator_Project/ws_2/install/velocity_kinematics_interfaces/include/velocity_kinematics_interfaces/velocity_kinematics_interfaces/srv/detail/effector_to_joint__type_support.c
[4.954s] -- Up-to-date: /root/RBE500_Manipulator_Project/ws_2/install/velocity_kinematics_interfaces/include/velocity_kinematics_interfaces/velocity_kinematics_interfaces/srv/detail/joint_to_effector__type_support.c
[4.954s] -- Up-to-date: /root/RBE500_Manipulator_Project/ws_2/install/velocity_kinematics_interfaces/include/velocity_kinematics_interfaces/velocity_kinematics_interfaces/srv/detail/end_effector_to_joint__rosidl_typesupport_introspection_c.h
[4.954s] -- Up-to-date: /root/RBE500_Manipulator_Project/ws_2/install/velocity_kinematics_interfaces/include/velocity_kinematics_interfaces/velocity_kinematics_interfaces/srv/detail/joint_to_effector__rosidl_typesupport_introspection_c.h
[4.955s] -- Installing: /root/RBE500_Manipulator_Project/ws_2/install/velocity_kinematics_interfaces/include/velocity_kinematics_interfaces/velocity_kinematics_interfaces/srv/detail/end_effector_joint__type_support.c
[4.955s] -- Up-to-date: /root/RBE500_Manipulator_Project/ws_2/install/velocity_kinematics_interfaces/include/velocity_kinematics_interfaces/velocity_kinematics_interfaces/srv/detail/joint_to_end_effector__type_support.c
[4.955s] -- Up-to-date: /root/RBE500_Manipulator_Project/ws_2/install/velocity_kinematics_interfaces/include/velocity_kinematics_interfaces/velocity_kinematics_interfaces/srv/detail/end_effector_to_joint__type_support.c
[4.955s] -- Installing: /root/RBE500_Manipulator_Project/ws_2/install/velocity_kinematics_interfaces/include/velocity_kinematics_interfaces/velocity_kinematics_interfaces/srv/detail/joint_end_effector__type_support.c
[4.955s] -- Installing: /root/RBE500_Manipulator_Project/ws_2/install/velocity_kinematics_interfaces/include/velocity_kinematics_interfaces/velocity_kinematics_interfaces/srv/detail/end_effector_joint__rosidl_typesupport_introspection_c.h
[4.955s] -- Up-to-date: /root/RBE500_Manipulator_Project/ws_2/install/velocity_kinematics_interfaces/include/velocity_kinematics_interfaces/velocity_kinematics_interfaces/srv/detail/effector_to_joint__rosidl_typesupport_introspection_c.h
[4.955s] -- Installing: /root/RBE500_Manipulator_Project/ws_2/install/velocity_kinematics_interfaces/include/velocity_kinematics_interfaces/velocity_kinematics_interfaces/srv/detail/joint_end_effector__rosidl_typesupport_introspection_c.h
[4.956s] -- Up-to-date: /root/RBE500_Manipulator_Project/ws_2/install/velocity_kinematics_interfaces/include/velocity_kinematics_interfaces/velocity_kinematics_interfaces/srv/detail/joint_to_end_effector__rosidl_typesupport_introspection_c.h
[4.956s] -- Installing: /root/RBE500_Manipulator_Project/ws_2/install/velocity_kinematics_interfaces/lib/libvelocity_kinematics_interfaces__rosidl_typesupport_introspection_c.so
[4.956s] -- Set runtime path of "/root/RBE500_Manipulator_Project/ws_2/install/velocity_kinematics_interfaces/lib/libvelocity_kinematics_interfaces__rosidl_typesupport_introspection_c.so" to ""
[4.956s] -- Installing: /root/RBE500_Manipulator_Project/ws_2/install/velocity_kinematics_interfaces/lib/libvelocity_kinematics_interfaces__rosidl_typesupport_c.so
[4.956s] -- Set runtime path of "/root/RBE500_Manipulator_Project/ws_2/install/velocity_kinematics_interfaces/lib/libvelocity_kinematics_interfaces__rosidl_typesupport_c.so" to ""
[4.956s] -- Up-to-date: /root/RBE500_Manipulator_Project/ws_2/install/velocity_kinematics_interfaces/include/velocity_kinematics_interfaces/velocity_kinematics_interfaces
[4.957s] -- Up-to-date: /root/RBE500_Manipulator_Project/ws_2/install/velocity_kinematics_interfaces/include/velocity_kinematics_interfaces/velocity_kinematics_interfaces/msg
[4.957s] -- Up-to-date: /root/RBE500_Manipulator_Project/ws_2/install/velocity_kinematics_interfaces/include/velocity_kinematics_interfaces/velocity_kinematics_interfaces/msg/detail
[4.957s] -- Installing: /root/RBE500_Manipulator_Project/ws_2/install/velocity_kinematics_interfaces/include/velocity_kinematics_interfaces/velocity_kinematics_interfaces/msg/detail/end_effector_velocity__type_support.cpp
[4.957s] -- Installing: /root/RBE500_Manipulator_Project/ws_2/install/velocity_kinematics_interfaces/include/velocity_kinematics_interfaces/velocity_kinematics_interfaces/msg/detail/end_effector_velocity__rosidl_typesupport_introspection_cpp.hpp
[4.957s] -- Up-to-date: /root/RBE500_Manipulator_Project/ws_2/install/velocity_kinematics_interfaces/include/velocity_kinematics_interfaces/velocity_kinematics_interfaces/srv
[4.957s] -- Up-to-date: /root/RBE500_Manipulator_Project/ws_2/install/velocity_kinematics_interfaces/include/velocity_kinematics_interfaces/velocity_kinematics_interfaces/srv/detail
[4.958s] -- Up-to-date: /root/RBE500_Manipulator_Project/ws_2/install/velocity_kinematics_interfaces/include/velocity_kinematics_interfaces/velocity_kinematics_interfaces/srv/detail/joint_to_end_effector__type_support.cpp
[4.958s] -- Installing: /root/RBE500_Manipulator_Project/ws_2/install/velocity_kinematics_interfaces/include/velocity_kinematics_interfaces/velocity_kinematics_interfaces/srv/detail/joint_end_effector__type_support.cpp
[4.958s] -- Up-to-date: /root/RBE500_Manipulator_Project/ws_2/install/velocity_kinematics_interfaces/include/velocity_kinematics_interfaces/velocity_kinematics_interfaces/srv/detail/joint_to_effector__type_support.cpp
[4.958s] -- Up-to-date: /root/RBE500_Manipulator_Project/ws_2/install/velocity_kinematics_interfaces/include/velocity_kinematics_interfaces/velocity_kinematics_interfaces/srv/detail/joint_to_effector__rosidl_typesupport_introspection_cpp.hpp
[4.958s] -- Up-to-date: /root/RBE500_Manipulator_Project/ws_2/install/velocity_kinematics_interfaces/include/velocity_kinematics_interfaces/velocity_kinematics_interfaces/srv/detail/joint_to_end_effector__rosidl_typesupport_introspection_cpp.hpp
[4.958s] -- Up-to-date: /root/RBE500_Manipulator_Project/ws_2/install/velocity_kinematics_interfaces/include/velocity_kinematics_interfaces/velocity_kinematics_interfaces/srv/detail/effector_to_joint__type_support.cpp
[4.959s] -- Installing: /root/RBE500_Manipulator_Project/ws_2/install/velocity_kinematics_interfaces/include/velocity_kinematics_interfaces/velocity_kinematics_interfaces/srv/detail/joint_end_effector__rosidl_typesupport_introspection_cpp.hpp
[4.959s] -- Up-to-date: /root/RBE500_Manipulator_Project/ws_2/install/velocity_kinematics_interfaces/include/velocity_kinematics_interfaces/velocity_kinematics_interfaces/srv/detail/end_effector_to_joint__type_support.cpp
[4.959s] -- Installing: /root/RBE500_Manipulator_Project/ws_2/install/velocity_kinematics_interfaces/include/velocity_kinematics_interfaces/velocity_kinematics_interfaces/srv/detail/end_effector_joint__rosidl_typesupport_introspection_cpp.hpp
[4.959s] -- Up-to-date: /root/RBE500_Manipulator_Project/ws_2/install/velocity_kinematics_interfaces/include/velocity_kinematics_interfaces/velocity_kinematics_interfaces/srv/detail/effector_to_joint__rosidl_typesupport_introspection_cpp.hpp
[4.959s] -- Up-to-date: /root/RBE500_Manipulator_Project/ws_2/install/velocity_kinematics_interfaces/include/velocity_kinematics_interfaces/velocity_kinematics_interfaces/srv/detail/end_effector_to_joint__rosidl_typesupport_introspection_cpp.hpp
[4.959s] -- Installing: /root/RBE500_Manipulator_Project/ws_2/install/velocity_kinematics_interfaces/include/velocity_kinematics_interfaces/velocity_kinematics_interfaces/srv/detail/end_effector_joint__type_support.cpp
[4.959s] -- Installing: /root/RBE500_Manipulator_Project/ws_2/install/velocity_kinematics_interfaces/lib/libvelocity_kinematics_interfaces__rosidl_typesupport_introspection_cpp.so
[4.960s] -- Set runtime path of "/root/RBE500_Manipulator_Project/ws_2/install/velocity_kinematics_interfaces/lib/libvelocity_kinematics_interfaces__rosidl_typesupport_introspection_cpp.so" to ""
[4.960s] -- Installing: /root/RBE500_Manipulator_Project/ws_2/install/velocity_kinematics_interfaces/lib/libvelocity_kinematics_interfaces__rosidl_typesupport_cpp.so
[4.960s] -- Set runtime path of "/root/RBE500_Manipulator_Project/ws_2/install/velocity_kinematics_interfaces/lib/libvelocity_kinematics_interfaces__rosidl_typesupport_cpp.so" to ""
[4.960s] -- Up-to-date: /root/RBE500_Manipulator_Project/ws_2/install/velocity_kinematics_interfaces/share/velocity_kinematics_interfaces/environment/pythonpath.sh
[4.960s] -- Installing: /root/RBE500_Manipulator_Project/ws_2/install/velocity_kinematics_interfaces/share/velocity_kinematics_interfaces/environment/pythonpath.dsv
[4.960s] -- Up-to-date: /root/RBE500_Manipulator_Project/ws_2/install/velocity_kinematics_interfaces/local/lib/python3.10/dist-packages/velocity_kinematics_interfaces-0.0.0-py3.10.egg-info
[4.961s] -- Installing: /root/RBE500_Manipulator_Project/ws_2/install/velocity_kinematics_interfaces/local/lib/python3.10/dist-packages/velocity_kinematics_interfaces-0.0.0-py3.10.egg-info/dependency_links.txt
[4.961s] -- Installing: /root/RBE500_Manipulator_Project/ws_2/install/velocity_kinematics_interfaces/local/lib/python3.10/dist-packages/velocity_kinematics_interfaces-0.0.0-py3.10.egg-info/top_level.txt
[4.961s] -- Installing: /root/RBE500_Manipulator_Project/ws_2/install/velocity_kinematics_interfaces/local/lib/python3.10/dist-packages/velocity_kinematics_interfaces-0.0.0-py3.10.egg-info/PKG-INFO
[4.961s] -- Installing: /root/RBE500_Manipulator_Project/ws_2/install/velocity_kinematics_interfaces/local/lib/python3.10/dist-packages/velocity_kinematics_interfaces-0.0.0-py3.10.egg-info/SOURCES.txt
[4.961s] -- Up-to-date: /root/RBE500_Manipulator_Project/ws_2/install/velocity_kinematics_interfaces/local/lib/python3.10/dist-packages/velocity_kinematics_interfaces
[4.961s] -- Installing: /root/RBE500_Manipulator_Project/ws_2/install/velocity_kinematics_interfaces/local/lib/python3.10/dist-packages/velocity_kinematics_interfaces/libvelocity_kinematics_interfaces__rosidl_generator_py.so
[4.961s] -- Installing: /root/RBE500_Manipulator_Project/ws_2/install/velocity_kinematics_interfaces/local/lib/python3.10/dist-packages/velocity_kinematics_interfaces/_velocity_kinematics_interfaces_s.ep.rosidl_typesupport_c.c
[4.962s] -- Installing: /root/RBE500_Manipulator_Project/ws_2/install/velocity_kinematics_interfaces/local/lib/python3.10/dist-packages/velocity_kinematics_interfaces/_velocity_kinematics_interfaces_s.ep.rosidl_typesupport_fastrtps_c.c
[4.962s] -- Installing: /root/RBE500_Manipulator_Project/ws_2/install/velocity_kinematics_interfaces/local/lib/python3.10/dist-packages/velocity_kinematics_interfaces/_velocity_kinematics_interfaces_s.ep.rosidl_typesupport_introspection_c.c
[4.962s] -- Installing: /root/RBE500_Manipulator_Project/ws_2/install/velocity_kinematics_interfaces/local/lib/python3.10/dist-packages/velocity_kinematics_interfaces/msg
[4.963s] -- Installing: /root/RBE500_Manipulator_Project/ws_2/install/velocity_kinematics_interfaces/local/lib/python3.10/dist-packages/velocity_kinematics_interfaces/msg/_end_effector_velocity_s.c
[4.963s] -- Installing: /root/RBE500_Manipulator_Project/ws_2/install/velocity_kinematics_interfaces/local/lib/python3.10/dist-packages/velocity_kinematics_interfaces/msg/__init__.py
[4.963s] -- Installing: /root/RBE500_Manipulator_Project/ws_2/install/velocity_kinematics_interfaces/local/lib/python3.10/dist-packages/velocity_kinematics_interfaces/msg/_end_effector_velocity.py
[4.963s] -- Installing: /root/RBE500_Manipulator_Project/ws_2/install/velocity_kinematics_interfaces/local/lib/python3.10/dist-packages/velocity_kinematics_interfaces/__init__.py
[4.963s] -- Installing: /root/RBE500_Manipulator_Project/ws_2/install/velocity_kinematics_interfaces/local/lib/python3.10/dist-packages/velocity_kinematics_interfaces/velocity_kinematics_interfaces_s__rosidl_typesupport_fastrtps_c.cpython-310-x86_64-linux-gnu.so
[4.964s] -- Up-to-date: /root/RBE500_Manipulator_Project/ws_2/install/velocity_kinematics_interfaces/local/lib/python3.10/dist-packages/velocity_kinematics_interfaces/srv
[4.964s] -- Installing: /root/RBE500_Manipulator_Project/ws_2/install/velocity_kinematics_interfaces/local/lib/python3.10/dist-packages/velocity_kinematics_interfaces/srv/_end_effector_joint.py
[4.964s] -- Up-to-date: /root/RBE500_Manipulator_Project/ws_2/install/velocity_kinematics_interfaces/local/lib/python3.10/dist-packages/velocity_kinematics_interfaces/srv/_effector_to_joint_s.c
[4.964s] -- Up-to-date: /root/RBE500_Manipulator_Project/ws_2/install/velocity_kinematics_interfaces/local/lib/python3.10/dist-packages/velocity_kinematics_interfaces/srv/_end_effector_to_joint.py
[4.964s] -- Installing: /root/RBE500_Manipulator_Project/ws_2/install/velocity_kinematics_interfaces/local/lib/python3.10/dist-packages/velocity_kinematics_interfaces/srv/__init__.py
[4.965s] -- Up-to-date: /root/RBE500_Manipulator_Project/ws_2/install/velocity_kinematics_interfaces/local/lib/python3.10/dist-packages/velocity_kinematics_interfaces/srv/_joint_to_effector_s.c
[4.965s] -- Installing: /root/RBE500_Manipulator_Project/ws_2/install/velocity_kinematics_interfaces/local/lib/python3.10/dist-packages/velocity_kinematics_interfaces/srv/_joint_end_effector_s.c
[4.965s] -- Installing: /root/RBE500_Manipulator_Project/ws_2/install/velocity_kinematics_interfaces/local/lib/python3.10/dist-packages/velocity_kinematics_interfaces/srv/_joint_end_effector.py
[4.965s] -- Up-to-date: /root/RBE500_Manipulator_Project/ws_2/install/velocity_kinematics_interfaces/local/lib/python3.10/dist-packages/velocity_kinematics_interfaces/srv/_joint_to_end_effector_s.c
[4.965s] -- Up-to-date: /root/RBE500_Manipulator_Project/ws_2/install/velocity_kinematics_interfaces/local/lib/python3.10/dist-packages/velocity_kinematics_interfaces/srv/_joint_to_end_effector.py
[4.965s] -- Up-to-date: /root/RBE500_Manipulator_Project/ws_2/install/velocity_kinematics_interfaces/local/lib/python3.10/dist-packages/velocity_kinematics_interfaces/srv/_joint_to_effector.py
[4.966s] -- Up-to-date: /root/RBE500_Manipulator_Project/ws_2/install/velocity_kinematics_interfaces/local/lib/python3.10/dist-packages/velocity_kinematics_interfaces/srv/_effector_to_joint.py
[4.966s] -- Up-to-date: /root/RBE500_Manipulator_Project/ws_2/install/velocity_kinematics_interfaces/local/lib/python3.10/dist-packages/velocity_kinematics_interfaces/srv/_end_effector_to_joint_s.c
[4.966s] -- Installing: /root/RBE500_Manipulator_Project/ws_2/install/velocity_kinematics_interfaces/local/lib/python3.10/dist-packages/velocity_kinematics_interfaces/srv/_end_effector_joint_s.c
[4.966s] -- Installing: /root/RBE500_Manipulator_Project/ws_2/install/velocity_kinematics_interfaces/local/lib/python3.10/dist-packages/velocity_kinematics_interfaces/velocity_kinematics_interfaces_s__rosidl_typesupport_introspection_c.cpython-310-x86_64-linux-gnu.so
[4.966s] -- Installing: /root/RBE500_Manipulator_Project/ws_2/install/velocity_kinematics_interfaces/local/lib/python3.10/dist-packages/velocity_kinematics_interfaces/velocity_kinematics_interfaces_s__rosidl_typesupport_c.cpython-310-x86_64-linux-gnu.so
[5.009s] Listing '/root/RBE500_Manipulator_Project/ws_2/install/velocity_kinematics_interfaces/local/lib/python3.10/dist-packages/velocity_kinematics_interfaces'...
[5.009s] Compiling '/root/RBE500_Manipulator_Project/ws_2/install/velocity_kinematics_interfaces/local/lib/python3.10/dist-packages/velocity_kinematics_interfaces/__init__.py'...
[5.010s] Listing '/root/RBE500_Manipulator_Project/ws_2/install/velocity_kinematics_interfaces/local/lib/python3.10/dist-packages/velocity_kinematics_interfaces/msg'...
[5.010s] Compiling '/root/RBE500_Manipulator_Project/ws_2/install/velocity_kinematics_interfaces/local/lib/python3.10/dist-packages/velocity_kinematics_interfaces/msg/__init__.py'...
[5.010s] Compiling '/root/RBE500_Manipulator_Project/ws_2/install/velocity_kinematics_interfaces/local/lib/python3.10/dist-packages/velocity_kinematics_interfaces/msg/_end_effector_velocity.py'...
[5.010s] Listing '/root/RBE500_Manipulator_Project/ws_2/install/velocity_kinematics_interfaces/local/lib/python3.10/dist-packages/velocity_kinematics_interfaces/srv'...
[5.010s] Compiling '/root/RBE500_Manipulator_Project/ws_2/install/velocity_kinematics_interfaces/local/lib/python3.10/dist-packages/velocity_kinematics_interfaces/srv/__init__.py'...
[5.010s] Compiling '/root/RBE500_Manipulator_Project/ws_2/install/velocity_kinematics_interfaces/local/lib/python3.10/dist-packages/velocity_kinematics_interfaces/srv/_effector_to_joint.py'...
[5.010s] Compiling '/root/RBE500_Manipulator_Project/ws_2/install/velocity_kinematics_interfaces/local/lib/python3.10/dist-packages/velocity_kinematics_interfaces/srv/_end_effector_joint.py'...
[5.010s] Compiling '/root/RBE500_Manipulator_Project/ws_2/install/velocity_kinematics_interfaces/local/lib/python3.10/dist-packages/velocity_kinematics_interfaces/srv/_end_effector_to_joint.py'...
[5.010s] Compiling '/root/RBE500_Manipulator_Project/ws_2/install/velocity_kinematics_interfaces/local/lib/python3.10/dist-packages/velocity_kinematics_interfaces/srv/_joint_end_effector.py'...
[5.010s] Compiling '/root/RBE500_Manipulator_Project/ws_2/install/velocity_kinematics_interfaces/local/lib/python3.10/dist-packages/velocity_kinematics_interfaces/srv/_joint_to_effector.py'...
[5.011s] Compiling '/root/RBE500_Manipulator_Project/ws_2/install/velocity_kinematics_interfaces/local/lib/python3.10/dist-packages/velocity_kinematics_interfaces/srv/_joint_to_end_effector.py'...
[5.014s] -- Installing: /root/RBE500_Manipulator_Project/ws_2/install/velocity_kinematics_interfaces/local/lib/python3.10/dist-packages/velocity_kinematics_interfaces/velocity_kinematics_interfaces_s__rosidl_typesupport_fastrtps_c.cpython-310-x86_64-linux-gnu.so
[5.014s] -- Set runtime path of "/root/RBE500_Manipulator_Project/ws_2/install/velocity_kinematics_interfaces/local/lib/python3.10/dist-packages/velocity_kinematics_interfaces/velocity_kinematics_interfaces_s__rosidl_typesupport_fastrtps_c.cpython-310-x86_64-linux-gnu.so" to ""
[5.014s] -- Installing: /root/RBE500_Manipulator_Project/ws_2/install/velocity_kinematics_interfaces/local/lib/python3.10/dist-packages/velocity_kinematics_interfaces/velocity_kinematics_interfaces_s__rosidl_typesupport_introspection_c.cpython-310-x86_64-linux-gnu.so
[5.015s] -- Set runtime path of "/root/RBE500_Manipulator_Project/ws_2/install/velocity_kinematics_interfaces/local/lib/python3.10/dist-packages/velocity_kinematics_interfaces/velocity_kinematics_interfaces_s__rosidl_typesupport_introspection_c.cpython-310-x86_64-linux-gnu.so" to ""
[5.015s] -- Installing: /root/RBE500_Manipulator_Project/ws_2/install/velocity_kinematics_interfaces/local/lib/python3.10/dist-packages/velocity_kinematics_interfaces/velocity_kinematics_interfaces_s__rosidl_typesupport_c.cpython-310-x86_64-linux-gnu.so
[5.016s] -- Set runtime path of "/root/RBE500_Manipulator_Project/ws_2/install/velocity_kinematics_interfaces/local/lib/python3.10/dist-packages/velocity_kinematics_interfaces/velocity_kinematics_interfaces_s__rosidl_typesupport_c.cpython-310-x86_64-linux-gnu.so" to ""
[5.016s] -- Installing: /root/RBE500_Manipulator_Project/ws_2/install/velocity_kinematics_interfaces/lib/libvelocity_kinematics_interfaces__rosidl_generator_py.so
[5.016s] -- Set runtime path of "/root/RBE500_Manipulator_Project/ws_2/install/velocity_kinematics_interfaces/lib/libvelocity_kinematics_interfaces__rosidl_generator_py.so" to ""
[5.017s] -- Up-to-date: /root/RBE500_Manipulator_Project/ws_2/install/velocity_kinematics_interfaces/share/velocity_kinematics_interfaces/srv/JointEndEffector.idl
[5.017s] -- Up-to-date: /root/RBE500_Manipulator_Project/ws_2/install/velocity_kinematics_interfaces/share/velocity_kinematics_interfaces/srv/EndEffectorJoint.idl
[5.017s] -- Installing: /root/RBE500_Manipulator_Project/ws_2/install/velocity_kinematics_interfaces/share/velocity_kinematics_interfaces/msg/EndEffectorVelocity.idl
[5.018s] -- Up-to-date: /root/RBE500_Manipulator_Project/ws_2/install/velocity_kinematics_interfaces/share/velocity_kinematics_interfaces/srv/JointEndEffector.srv
[5.018s] -- Up-to-date: /root/RBE500_Manipulator_Project/ws_2/install/velocity_kinematics_interfaces/share/velocity_kinematics_interfaces/srv/JointEndEffector_Request.msg
[5.018s] -- Up-to-date: /root/RBE500_Manipulator_Project/ws_2/install/velocity_kinematics_interfaces/share/velocity_kinematics_interfaces/srv/JointEndEffector_Response.msg
[5.018s] -- Up-to-date: /root/RBE500_Manipulator_Project/ws_2/install/velocity_kinematics_interfaces/share/velocity_kinematics_interfaces/srv/EndEffectorJoint.srv
[5.018s] -- Up-to-date: /root/RBE500_Manipulator_Project/ws_2/install/velocity_kinematics_interfaces/share/velocity_kinematics_interfaces/srv/EndEffectorJoint_Request.msg
[5.018s] -- Up-to-date: /root/RBE500_Manipulator_Project/ws_2/install/velocity_kinematics_interfaces/share/velocity_kinematics_interfaces/srv/EndEffectorJoint_Response.msg
[5.019s] -- Installing: /root/RBE500_Manipulator_Project/ws_2/install/velocity_kinematics_interfaces/share/velocity_kinematics_interfaces/msg/EndEffectorVelocity.msg
[5.019s] -- Up-to-date: /root/RBE500_Manipulator_Project/ws_2/install/velocity_kinematics_interfaces/share/ament_index/resource_index/package_run_dependencies/velocity_kinematics_interfaces
[5.019s] -- Installing: /root/RBE500_Manipulator_Project/ws_2/install/velocity_kinematics_interfaces/share/ament_index/resource_index/parent_prefix_path/velocity_kinematics_interfaces
[5.019s] -- Installing: /root/RBE500_Manipulator_Project/ws_2/install/velocity_kinematics_interfaces/share/velocity_kinematics_interfaces/environment/ament_prefix_path.sh
[5.019s] -- Installing: /root/RBE500_Manipulator_Project/ws_2/install/velocity_kinematics_interfaces/share/velocity_kinematics_interfaces/environment/ament_prefix_path.dsv
[5.019s] -- Installing: /root/RBE500_Manipulator_Project/ws_2/install/velocity_kinematics_interfaces/share/velocity_kinematics_interfaces/environment/path.sh
[5.019s] -- Installing: /root/RBE500_Manipulator_Project/ws_2/install/velocity_kinematics_interfaces/share/velocity_kinematics_interfaces/environment/path.dsv
[5.020s] -- Up-to-date: /root/RBE500_Manipulator_Project/ws_2/install/velocity_kinematics_interfaces/share/velocity_kinematics_interfaces/local_setup.bash
[5.020s] -- Up-to-date: /root/RBE500_Manipulator_Project/ws_2/install/velocity_kinematics_interfaces/share/velocity_kinematics_interfaces/local_setup.sh
[5.020s] -- Up-to-date: /root/RBE500_Manipulator_Project/ws_2/install/velocity_kinematics_interfaces/share/velocity_kinematics_interfaces/local_setup.zsh
[5.020s] -- Installing: /root/RBE500_Manipulator_Project/ws_2/install/velocity_kinematics_interfaces/share/velocity_kinematics_interfaces/local_setup.dsv
[5.021s] -- Installing: /root/RBE500_Manipulator_Project/ws_2/install/velocity_kinematics_interfaces/share/velocity_kinematics_interfaces/package.dsv
[5.021s] -- Up-to-date: /root/RBE500_Manipulator_Project/ws_2/install/velocity_kinematics_interfaces/share/ament_index/resource_index/packages/velocity_kinematics_interfaces
[5.021s] -- Up-to-date: /root/RBE500_Manipulator_Project/ws_2/install/velocity_kinematics_interfaces/share/velocity_kinematics_interfaces/cmake/export_velocity_kinematics_interfaces__rosidl_generator_cExport.cmake
[5.022s] -- Up-to-date: /root/RBE500_Manipulator_Project/ws_2/install/velocity_kinematics_interfaces/share/velocity_kinematics_interfaces/cmake/export_velocity_kinematics_interfaces__rosidl_generator_cExport-noconfig.cmake
[5.022s] -- Up-to-date: /root/RBE500_Manipulator_Project/ws_2/install/velocity_kinematics_interfaces/share/velocity_kinematics_interfaces/cmake/export_velocity_kinematics_interfaces__rosidl_typesupport_fastrtps_cExport.cmake
[5.022s] -- Up-to-date: /root/RBE500_Manipulator_Project/ws_2/install/velocity_kinematics_interfaces/share/velocity_kinematics_interfaces/cmake/export_velocity_kinematics_interfaces__rosidl_typesupport_fastrtps_cExport-noconfig.cmake
[5.022s] -- Up-to-date: /root/RBE500_Manipulator_Project/ws_2/install/velocity_kinematics_interfaces/share/velocity_kinematics_interfaces/cmake/export_velocity_kinematics_interfaces__rosidl_generator_cppExport.cmake
[5.023s] -- Up-to-date: /root/RBE500_Manipulator_Project/ws_2/install/velocity_kinematics_interfaces/share/velocity_kinematics_interfaces/cmake/export_velocity_kinematics_interfaces__rosidl_typesupport_fastrtps_cppExport.cmake
[5.023s] -- Up-to-date: /root/RBE500_Manipulator_Project/ws_2/install/velocity_kinematics_interfaces/share/velocity_kinematics_interfaces/cmake/export_velocity_kinematics_interfaces__rosidl_typesupport_fastrtps_cppExport-noconfig.cmake
[5.023s] -- Up-to-date: /root/RBE500_Manipulator_Project/ws_2/install/velocity_kinematics_interfaces/share/velocity_kinematics_interfaces/cmake/velocity_kinematics_interfaces__rosidl_typesupport_introspection_cExport.cmake
[5.023s] -- Up-to-date: /root/RBE500_Manipulator_Project/ws_2/install/velocity_kinematics_interfaces/share/velocity_kinematics_interfaces/cmake/velocity_kinematics_interfaces__rosidl_typesupport_introspection_cExport-noconfig.cmake
[5.023s] -- Up-to-date: /root/RBE500_Manipulator_Project/ws_2/install/velocity_kinematics_interfaces/share/velocity_kinematics_interfaces/cmake/velocity_kinematics_interfaces__rosidl_typesupport_cExport.cmake
[5.024s] -- Up-to-date: /root/RBE500_Manipulator_Project/ws_2/install/velocity_kinematics_interfaces/share/velocity_kinematics_interfaces/cmake/velocity_kinematics_interfaces__rosidl_typesupport_cExport-noconfig.cmake
[5.024s] -- Up-to-date: /root/RBE500_Manipulator_Project/ws_2/install/velocity_kinematics_interfaces/share/velocity_kinematics_interfaces/cmake/velocity_kinematics_interfaces__rosidl_typesupport_introspection_cppExport.cmake
[5.024s] -- Up-to-date: /root/RBE500_Manipulator_Project/ws_2/install/velocity_kinematics_interfaces/share/velocity_kinematics_interfaces/cmake/velocity_kinematics_interfaces__rosidl_typesupport_introspection_cppExport-noconfig.cmake
[5.024s] -- Up-to-date: /root/RBE500_Manipulator_Project/ws_2/install/velocity_kinematics_interfaces/share/velocity_kinematics_interfaces/cmake/velocity_kinematics_interfaces__rosidl_typesupport_cppExport.cmake
[5.024s] -- Up-to-date: /root/RBE500_Manipulator_Project/ws_2/install/velocity_kinematics_interfaces/share/velocity_kinematics_interfaces/cmake/velocity_kinematics_interfaces__rosidl_typesupport_cppExport-noconfig.cmake
[5.024s] -- Up-to-date: /root/RBE500_Manipulator_Project/ws_2/install/velocity_kinematics_interfaces/share/velocity_kinematics_interfaces/cmake/export_velocity_kinematics_interfaces__rosidl_generator_pyExport.cmake
[5.025s] -- Up-to-date: /root/RBE500_Manipulator_Project/ws_2/install/velocity_kinematics_interfaces/share/velocity_kinematics_interfaces/cmake/export_velocity_kinematics_interfaces__rosidl_generator_pyExport-noconfig.cmake
[5.025s] -- Installing: /root/RBE500_Manipulator_Project/ws_2/install/velocity_kinematics_interfaces/share/velocity_kinematics_interfaces/cmake/rosidl_cmake-extras.cmake
[5.025s] -- Up-to-date: /root/RBE500_Manipulator_Project/ws_2/install/velocity_kinematics_interfaces/share/velocity_kinematics_interfaces/cmake/ament_cmake_export_include_directories-extras.cmake
[5.025s] -- Up-to-date: /root/RBE500_Manipulator_Project/ws_2/install/velocity_kinematics_interfaces/share/velocity_kinematics_interfaces/cmake/ament_cmake_export_libraries-extras.cmake
[5.025s] -- Up-to-date: /root/RBE500_Manipulator_Project/ws_2/install/velocity_kinematics_interfaces/share/velocity_kinematics_interfaces/cmake/ament_cmake_export_targets-extras.cmake
[5.026s] -- Up-to-date: /root/RBE500_Manipulator_Project/ws_2/install/velocity_kinematics_interfaces/share/velocity_kinematics_interfaces/cmake/rosidl_cmake_export_typesupport_targets-extras.cmake
[5.026s] -- Up-to-date: /root/RBE500_Manipulator_Project/ws_2/install/velocity_kinematics_interfaces/share/velocity_kinematics_interfaces/cmake/ament_cmake_export_dependencies-extras.cmake
[5.026s] -- Up-to-date: /root/RBE500_Manipulator_Project/ws_2/install/velocity_kinematics_interfaces/share/velocity_kinematics_interfaces/cmake/rosidl_cmake_export_typesupport_libraries-extras.cmake
[5.026s] -- Up-to-date: /root/RBE500_Manipulator_Project/ws_2/install/velocity_kinematics_interfaces/share/velocity_kinematics_interfaces/cmake/velocity_kinematics_interfacesConfig.cmake
[5.026s] -- Up-to-date: /root/RBE500_Manipulator_Project/ws_2/install/velocity_kinematics_interfaces/share/velocity_kinematics_interfaces/cmake/velocity_kinematics_interfacesConfig-version.cmake
[5.026s] -- Up-to-date: /root/RBE500_Manipulator_Project/ws_2/install/velocity_kinematics_interfaces/share/velocity_kinematics_interfaces/package.xml
[5.029s] Invoked command in '/root/RBE500_Manipulator_Project/ws_2/build/velocity_kinematics_interfaces' returned '0': CMAKE_PREFIX_PATH=/opt/ros/humble /usr/bin/cmake --install /root/RBE500_Manipulator_Project/ws_2/build/velocity_kinematics_interfaces
