running egg_info
writing ../../build/velocity_kinematics/velocity_kinematics.egg-info/PKG-INFO
writing dependency_links to ../../build/velocity_kinematics/velocity_kinematics.egg-info/dependency_links.txt
writing entry points to ../../build/velocity_kinematics/velocity_kinematics.egg-info/entry_points.txt
writing requirements to ../../build/velocity_kinematics/velocity_kinematics.egg-info/requires.txt
writing top-level names to ../../build/velocity_kinematics/velocity_kinematics.egg-info/top_level.txt
reading manifest file '../../build/velocity_kinematics/velocity_kinematics.egg-info/SOURCES.txt'
writing manifest file '../../build/velocity_kinematics/velocity_kinematics.egg-info/SOURCES.txt'
running build
running build_py
running install
running install_lib
running install_data
running install_egg_info
removing '/root/RBE500_Manipulator_Project/ws_2/install/velocity_kinematics/lib/python3.10/site-packages/velocity_kinematics-0.0.0-py3.10.egg-info' (and everything under it)
Copying ../../build/velocity_kinematics/velocity_kinematics.egg-info to /root/RBE500_Manipulator_Project/ws_2/install/velocity_kinematics/lib/python3.10/site-packages/velocity_kinematics-0.0.0-py3.10.egg-info
running install_scripts
Installing endeffector_to_joint_velocity_service script to /root/RBE500_Manipulator_Project/ws_2/install/velocity_kinematics/lib/velocity_kinematics
Installing joint_to_endeffector_velocity_service script to /root/RBE500_Manipulator_Project/ws_2/install/velocity_kinematics/lib/velocity_kinematics
writing list of installed files to '/root/RBE500_Manipulator_Project/ws_2/build/velocity_kinematics/install.log'
