[0.083s] DEBUG:colcon:Command line arguments: ['/usr/bin/colcon', 'build']
[0.083s] DEBUG:colcon:Parsed command line arguments: Namespace(log_base=None, log_level=None, verb_name='build', build_base='build', install_base='install', merge_install=False, symlink_install=False, test_result_base=None, continue_on_error=False, executor='parallel', parallel_workers=12, event_handlers=None, ignore_user_meta=False, metas=['./colcon.meta'], base_paths=['.'], packages_ignore=None, packages_ignore_regex=None, paths=None, packages_up_to=None, packages_up_to_regex=None, packages_above=None, packages_above_and_dependencies=None, packages_above_depth=None, packages_select_by_dep=None, packages_skip_by_dep=None, packages_skip_up_to=None, packages_select_build_failed=False, packages_skip_build_finished=False, packages_select_test_failures=False, packages_skip_test_passed=False, packages_select=None, packages_skip=None, packages_select_regex=None, packages_skip_regex=None, packages_start=None, packages_end=None, allow_overriding=[], cmake_args=None, cmake_target=None, cmake_target_skip_unavailable=False, cmake_clean_cache=False, cmake_clean_first=False, cmake_force_configure=False, ament_cmake_args=None, catkin_cmake_args=None, catkin_skip_building_tests=False, verb_parser=<colcon_defaults.argument_parser.defaults.DefaultArgumentsDecorator object at 0x7f0af2c0ae90>, verb_extension=<colcon_core.verb.build.BuildVerb object at 0x7f0af2c0a590>, main=<bound method BuildVerb.main of <colcon_core.verb.build.BuildVerb object at 0x7f0af2c0a590>>)
[0.200s] Level 1:colcon.colcon_core.package_discovery:discover_packages(colcon_meta) check parameters
[0.200s] Level 1:colcon.colcon_core.package_discovery:discover_packages(recursive) check parameters
[0.200s] Level 1:colcon.colcon_core.package_discovery:discover_packages(ignore) check parameters
[0.200s] Level 1:colcon.colcon_core.package_discovery:discover_packages(path) check parameters
[0.200s] Level 1:colcon.colcon_core.package_discovery:discover_packages(colcon_meta) discover
[0.200s] Level 1:colcon.colcon_core.package_discovery:discover_packages(recursive) discover
[0.200s] INFO:colcon.colcon_core.package_discovery:Crawling recursively for packages in '/root/RBE500_Manipulator_Project/ws_2'
[0.200s] Level 1:colcon.colcon_core.package_identification:_identify(.) by extensions ['ignore', 'ignore_ament_install']
[0.200s] Level 1:colcon.colcon_core.package_identification:_identify(.) by extension 'ignore'
[0.200s] Level 1:colcon.colcon_core.package_identification:_identify(.) by extension 'ignore_ament_install'
[0.200s] Level 1:colcon.colcon_core.package_identification:_identify(.) by extensions ['colcon_pkg']
[0.200s] Level 1:colcon.colcon_core.package_identification:_identify(.) by extension 'colcon_pkg'
[0.200s] Level 1:colcon.colcon_core.package_identification:_identify(.) by extensions ['colcon_meta']
[0.200s] Level 1:colcon.colcon_core.package_identification:_identify(.) by extension 'colcon_meta'
[0.200s] Level 1:colcon.colcon_core.package_identification:_identify(.) by extensions ['ros']
[0.200s] Level 1:colcon.colcon_core.package_identification:_identify(.) by extension 'ros'
[0.208s] Level 1:colcon.colcon_core.package_identification:_identify(.) by extensions ['cmake', 'python']
[0.208s] Level 1:colcon.colcon_core.package_identification:_identify(.) by extension 'cmake'
[0.208s] Level 1:colcon.colcon_core.package_identification:_identify(.) by extension 'python'
[0.209s] Level 1:colcon.colcon_core.package_identification:_identify(.) by extensions ['python_setup_py']
[0.209s] Level 1:colcon.colcon_core.package_identification:_identify(.) by extension 'python_setup_py'
[0.209s] Level 1:colcon.colcon_core.package_identification:_identify(build) by extensions ['ignore', 'ignore_ament_install']
[0.209s] Level 1:colcon.colcon_core.package_identification:_identify(build) by extension 'ignore'
[0.209s] Level 1:colcon.colcon_core.package_identification:_identify(build) ignored
[0.209s] Level 1:colcon.colcon_core.package_identification:_identify(install) by extensions ['ignore', 'ignore_ament_install']
[0.209s] Level 1:colcon.colcon_core.package_identification:_identify(install) by extension 'ignore'
[0.209s] Level 1:colcon.colcon_core.package_identification:_identify(install) ignored
[0.209s] Level 1:colcon.colcon_core.package_identification:_identify(log) by extensions ['ignore', 'ignore_ament_install']
[0.209s] Level 1:colcon.colcon_core.package_identification:_identify(log) by extension 'ignore'
[0.209s] Level 1:colcon.colcon_core.package_identification:_identify(log) ignored
[0.209s] Level 1:colcon.colcon_core.package_identification:_identify(src) by extensions ['ignore', 'ignore_ament_install']
[0.209s] Level 1:colcon.colcon_core.package_identification:_identify(src) by extension 'ignore'
[0.209s] Level 1:colcon.colcon_core.package_identification:_identify(src) by extension 'ignore_ament_install'
[0.209s] Level 1:colcon.colcon_core.package_identification:_identify(src) by extensions ['colcon_pkg']
[0.209s] Level 1:colcon.colcon_core.package_identification:_identify(src) by extension 'colcon_pkg'
[0.209s] Level 1:colcon.colcon_core.package_identification:_identify(src) by extensions ['colcon_meta']
[0.209s] Level 1:colcon.colcon_core.package_identification:_identify(src) by extension 'colcon_meta'
[0.209s] Level 1:colcon.colcon_core.package_identification:_identify(src) by extensions ['ros']
[0.209s] Level 1:colcon.colcon_core.package_identification:_identify(src) by extension 'ros'
[0.210s] Level 1:colcon.colcon_core.package_identification:_identify(src) by extensions ['cmake', 'python']
[0.210s] Level 1:colcon.colcon_core.package_identification:_identify(src) by extension 'cmake'
[0.210s] Level 1:colcon.colcon_core.package_identification:_identify(src) by extension 'python'
[0.210s] Level 1:colcon.colcon_core.package_identification:_identify(src) by extensions ['python_setup_py']
[0.210s] Level 1:colcon.colcon_core.package_identification:_identify(src) by extension 'python_setup_py'
[0.210s] Level 1:colcon.colcon_core.package_identification:_identify(src/velocity_kinematics) by extensions ['ignore', 'ignore_ament_install']
[0.210s] Level 1:colcon.colcon_core.package_identification:_identify(src/velocity_kinematics) by extension 'ignore'
[0.210s] Level 1:colcon.colcon_core.package_identification:_identify(src/velocity_kinematics) by extension 'ignore_ament_install'
[0.210s] Level 1:colcon.colcon_core.package_identification:_identify(src/velocity_kinematics) by extensions ['colcon_pkg']
[0.210s] Level 1:colcon.colcon_core.package_identification:_identify(src/velocity_kinematics) by extension 'colcon_pkg'
[0.210s] Level 1:colcon.colcon_core.package_identification:_identify(src/velocity_kinematics) by extensions ['colcon_meta']
[0.210s] Level 1:colcon.colcon_core.package_identification:_identify(src/velocity_kinematics) by extension 'colcon_meta'
[0.210s] Level 1:colcon.colcon_core.package_identification:_identify(src/velocity_kinematics) by extensions ['ros']
[0.210s] Level 1:colcon.colcon_core.package_identification:_identify(src/velocity_kinematics) by extension 'ros'
[0.212s] DEBUG:colcon.colcon_core.package_identification:Package 'src/velocity_kinematics' with type 'ros.ament_cmake' and name 'velocity_kinematics'
[0.212s] Level 1:colcon.colcon_core.package_identification:_identify(src/velocity_kinematics_interfaces) by extensions ['ignore', 'ignore_ament_install']
[0.212s] Level 1:colcon.colcon_core.package_identification:_identify(src/velocity_kinematics_interfaces) by extension 'ignore'
[0.212s] Level 1:colcon.colcon_core.package_identification:_identify(src/velocity_kinematics_interfaces) by extension 'ignore_ament_install'
[0.212s] Level 1:colcon.colcon_core.package_identification:_identify(src/velocity_kinematics_interfaces) by extensions ['colcon_pkg']
[0.212s] Level 1:colcon.colcon_core.package_identification:_identify(src/velocity_kinematics_interfaces) by extension 'colcon_pkg'
[0.212s] Level 1:colcon.colcon_core.package_identification:_identify(src/velocity_kinematics_interfaces) by extensions ['colcon_meta']
[0.212s] Level 1:colcon.colcon_core.package_identification:_identify(src/velocity_kinematics_interfaces) by extension 'colcon_meta'
[0.212s] Level 1:colcon.colcon_core.package_identification:_identify(src/velocity_kinematics_interfaces) by extensions ['ros']
[0.213s] Level 1:colcon.colcon_core.package_identification:_identify(src/velocity_kinematics_interfaces) by extension 'ros'
[0.213s] DEBUG:colcon.colcon_core.package_identification:Package 'src/velocity_kinematics_interfaces' with type 'ros.ament_cmake' and name 'velocity_kinematics_interfaces'
[0.213s] Level 1:colcon.colcon_core.package_discovery:discover_packages(recursive) using defaults
[0.213s] Level 1:colcon.colcon_core.package_discovery:discover_packages(ignore) discover
[0.213s] Level 1:colcon.colcon_core.package_discovery:discover_packages(ignore) using defaults
[0.213s] Level 1:colcon.colcon_core.package_discovery:discover_packages(path) discover
[0.213s] Level 1:colcon.colcon_core.package_discovery:discover_packages(path) using defaults
[0.229s] Level 1:colcon.colcon_core.package_discovery:discover_packages(prefix_path) check parameters
[0.229s] Level 1:colcon.colcon_core.package_discovery:discover_packages(prefix_path) discover
[0.231s] DEBUG:colcon.colcon_installed_package_information.package_discovery:Found 314 installed packages in /opt/ros/humble
[0.232s] Level 1:colcon.colcon_core.package_discovery:discover_packages(prefix_path) using defaults
[0.277s] Level 5:colcon.colcon_core.verb:set package 'velocity_kinematics' build argument 'cmake_args' from command line to 'None'
[0.277s] Level 5:colcon.colcon_core.verb:set package 'velocity_kinematics' build argument 'cmake_target' from command line to 'None'
[0.277s] Level 5:colcon.colcon_core.verb:set package 'velocity_kinematics' build argument 'cmake_target_skip_unavailable' from command line to 'False'
[0.277s] Level 5:colcon.colcon_core.verb:set package 'velocity_kinematics' build argument 'cmake_clean_cache' from command line to 'False'
[0.277s] Level 5:colcon.colcon_core.verb:set package 'velocity_kinematics' build argument 'cmake_clean_first' from command line to 'False'
[0.277s] Level 5:colcon.colcon_core.verb:set package 'velocity_kinematics' build argument 'cmake_force_configure' from command line to 'False'
[0.277s] Level 5:colcon.colcon_core.verb:set package 'velocity_kinematics' build argument 'ament_cmake_args' from command line to 'None'
[0.277s] Level 5:colcon.colcon_core.verb:set package 'velocity_kinematics' build argument 'catkin_cmake_args' from command line to 'None'
[0.277s] Level 5:colcon.colcon_core.verb:set package 'velocity_kinematics' build argument 'catkin_skip_building_tests' from command line to 'False'
[0.277s] DEBUG:colcon.colcon_core.verb:Building package 'velocity_kinematics' with the following arguments: {'ament_cmake_args': None, 'build_base': '/root/RBE500_Manipulator_Project/ws_2/build/velocity_kinematics', 'catkin_cmake_args': None, 'catkin_skip_building_tests': False, 'cmake_args': None, 'cmake_clean_cache': False, 'cmake_clean_first': False, 'cmake_force_configure': False, 'cmake_target': None, 'cmake_target_skip_unavailable': False, 'install_base': '/root/RBE500_Manipulator_Project/ws_2/install/velocity_kinematics', 'merge_install': False, 'path': '/root/RBE500_Manipulator_Project/ws_2/src/velocity_kinematics', 'symlink_install': False, 'test_result_base': None}
[0.278s] Level 5:colcon.colcon_core.verb:set package 'velocity_kinematics_interfaces' build argument 'cmake_args' from command line to 'None'
[0.278s] Level 5:colcon.colcon_core.verb:set package 'velocity_kinematics_interfaces' build argument 'cmake_target' from command line to 'None'
[0.278s] Level 5:colcon.colcon_core.verb:set package 'velocity_kinematics_interfaces' build argument 'cmake_target_skip_unavailable' from command line to 'False'
[0.278s] Level 5:colcon.colcon_core.verb:set package 'velocity_kinematics_interfaces' build argument 'cmake_clean_cache' from command line to 'False'
[0.278s] Level 5:colcon.colcon_core.verb:set package 'velocity_kinematics_interfaces' build argument 'cmake_clean_first' from command line to 'False'
[0.278s] Level 5:colcon.colcon_core.verb:set package 'velocity_kinematics_interfaces' build argument 'cmake_force_configure' from command line to 'False'
[0.278s] Level 5:colcon.colcon_core.verb:set package 'velocity_kinematics_interfaces' build argument 'ament_cmake_args' from command line to 'None'
[0.278s] Level 5:colcon.colcon_core.verb:set package 'velocity_kinematics_interfaces' build argument 'catkin_cmake_args' from command line to 'None'
[0.278s] Level 5:colcon.colcon_core.verb:set package 'velocity_kinematics_interfaces' build argument 'catkin_skip_building_tests' from command line to 'False'
[0.278s] DEBUG:colcon.colcon_core.verb:Building package 'velocity_kinematics_interfaces' with the following arguments: {'ament_cmake_args': None, 'build_base': '/root/RBE500_Manipulator_Project/ws_2/build/velocity_kinematics_interfaces', 'catkin_cmake_args': None, 'catkin_skip_building_tests': False, 'cmake_args': None, 'cmake_clean_cache': False, 'cmake_clean_first': False, 'cmake_force_configure': False, 'cmake_target': None, 'cmake_target_skip_unavailable': False, 'install_base': '/root/RBE500_Manipulator_Project/ws_2/install/velocity_kinematics_interfaces', 'merge_install': False, 'path': '/root/RBE500_Manipulator_Project/ws_2/src/velocity_kinematics_interfaces', 'symlink_install': False, 'test_result_base': None}
[0.278s] INFO:colcon.colcon_core.executor:Executing jobs using 'parallel' executor
[0.279s] DEBUG:colcon.colcon_parallel_executor.executor.parallel:run_until_complete
[0.279s] INFO:colcon.colcon_ros.task.ament_cmake.build:Building ROS package in '/root/RBE500_Manipulator_Project/ws_2/src/velocity_kinematics' with build type 'ament_cmake'
[0.279s] INFO:colcon.colcon_cmake.task.cmake.build:Building CMake package in '/root/RBE500_Manipulator_Project/ws_2/src/velocity_kinematics'
[0.281s] INFO:colcon.colcon_core.plugin_system:Skipping extension 'colcon_core.shell.bat': Not used on non-Windows systems
[0.281s] INFO:colcon.colcon_core.shell:Skip shell extension 'powershell' for command environment: Not usable outside of PowerShell
[0.281s] DEBUG:colcon.colcon_core.shell:Skip shell extension 'dsv' for command environment
[0.284s] INFO:colcon.colcon_ros.task.ament_cmake.build:Building ROS package in '/root/RBE500_Manipulator_Project/ws_2/src/velocity_kinematics_interfaces' with build type 'ament_cmake'
[0.284s] INFO:colcon.colcon_cmake.task.cmake.build:Building CMake package in '/root/RBE500_Manipulator_Project/ws_2/src/velocity_kinematics_interfaces'
[0.284s] INFO:colcon.colcon_core.shell:Skip shell extension 'powershell' for command environment: Not usable outside of PowerShell
[0.284s] DEBUG:colcon.colcon_core.shell:Skip shell extension 'dsv' for command environment
[0.288s] DEBUG:colcon.colcon_core.event_handler.log_command:Invoking command in '/root/RBE500_Manipulator_Project/ws_2/build/velocity_kinematics': CMAKE_PREFIX_PATH=/opt/ros/humble /usr/bin/cmake --build /root/RBE500_Manipulator_Project/ws_2/build/velocity_kinematics -- -j12 -l12
[0.292s] DEBUG:colcon.colcon_core.event_handler.log_command:Invoking command in '/root/RBE500_Manipulator_Project/ws_2/build/velocity_kinematics_interfaces': CMAKE_PREFIX_PATH=/opt/ros/humble /usr/bin/cmake --build /root/RBE500_Manipulator_Project/ws_2/build/velocity_kinematics_interfaces -- -j12 -l12
[0.315s] DEBUG:colcon.colcon_core.event_handler.log_command:Invoked command in '/root/RBE500_Manipulator_Project/ws_2/build/velocity_kinematics' returned '0': CMAKE_PREFIX_PATH=/opt/ros/humble /usr/bin/cmake --build /root/RBE500_Manipulator_Project/ws_2/build/velocity_kinematics -- -j12 -l12
[0.341s] DEBUG:colcon.colcon_core.event_handler.log_command:Invoking command in '/root/RBE500_Manipulator_Project/ws_2/build/velocity_kinematics': CMAKE_PREFIX_PATH=/opt/ros/humble /usr/bin/cmake --install /root/RBE500_Manipulator_Project/ws_2/build/velocity_kinematics
[0.348s] Level 1:colcon.colcon_core.environment:create_environment_scripts_only(velocity_kinematics)
[0.348s] DEBUG:colcon.colcon_core.event_handler.log_command:Invoked command in '/root/RBE500_Manipulator_Project/ws_2/build/velocity_kinematics' returned '0': CMAKE_PREFIX_PATH=/opt/ros/humble /usr/bin/cmake --install /root/RBE500_Manipulator_Project/ws_2/build/velocity_kinematics
[0.350s] Level 1:colcon.colcon_core.environment:checking '/root/RBE500_Manipulator_Project/ws_2/install/velocity_kinematics' for CMake module files
[0.351s] Level 1:colcon.colcon_core.environment:checking '/root/RBE500_Manipulator_Project/ws_2/install/velocity_kinematics' for CMake config files
[0.351s] Level 1:colcon.colcon_core.shell:create_environment_hook('velocity_kinematics', 'cmake_prefix_path')
[0.351s] INFO:colcon.colcon_core.shell:Creating environment hook '/root/RBE500_Manipulator_Project/ws_2/install/velocity_kinematics/share/velocity_kinematics/hook/cmake_prefix_path.ps1'
[0.351s] INFO:colcon.colcon_core.shell:Creating environment descriptor '/root/RBE500_Manipulator_Project/ws_2/install/velocity_kinematics/share/velocity_kinematics/hook/cmake_prefix_path.dsv'
[0.352s] INFO:colcon.colcon_core.shell:Creating environment hook '/root/RBE500_Manipulator_Project/ws_2/install/velocity_kinematics/share/velocity_kinematics/hook/cmake_prefix_path.sh'
[0.352s] Level 1:colcon.colcon_core.environment:checking '/root/RBE500_Manipulator_Project/ws_2/install/velocity_kinematics/bin'
[0.352s] Level 1:colcon.colcon_core.environment:checking '/root/RBE500_Manipulator_Project/ws_2/install/velocity_kinematics/lib/pkgconfig/velocity_kinematics.pc'
[0.353s] Level 1:colcon.colcon_core.environment:checking '/root/RBE500_Manipulator_Project/ws_2/install/velocity_kinematics/lib/python3.10/site-packages'
[0.353s] Level 1:colcon.colcon_core.environment:checking '/root/RBE500_Manipulator_Project/ws_2/install/velocity_kinematics/bin'
[0.353s] INFO:colcon.colcon_core.shell:Creating package script '/root/RBE500_Manipulator_Project/ws_2/install/velocity_kinematics/share/velocity_kinematics/package.ps1'
[0.354s] INFO:colcon.colcon_core.shell:Creating package descriptor '/root/RBE500_Manipulator_Project/ws_2/install/velocity_kinematics/share/velocity_kinematics/package.dsv'
[0.354s] INFO:colcon.colcon_core.shell:Creating package script '/root/RBE500_Manipulator_Project/ws_2/install/velocity_kinematics/share/velocity_kinematics/package.sh'
[0.355s] INFO:colcon.colcon_core.shell:Creating package script '/root/RBE500_Manipulator_Project/ws_2/install/velocity_kinematics/share/velocity_kinematics/package.bash'
[0.356s] INFO:colcon.colcon_core.shell:Creating package script '/root/RBE500_Manipulator_Project/ws_2/install/velocity_kinematics/share/velocity_kinematics/package.zsh'
[0.356s] Level 1:colcon.colcon_core.environment:create_file_with_runtime_dependencies(/root/RBE500_Manipulator_Project/ws_2/install/velocity_kinematics/share/colcon-core/packages/velocity_kinematics)
[0.371s] Level 1:colcon.colcon_core.environment:create_environment_scripts_only(velocity_kinematics)
[0.371s] Level 1:colcon.colcon_core.environment:checking '/root/RBE500_Manipulator_Project/ws_2/install/velocity_kinematics' for CMake module files
[0.371s] Level 1:colcon.colcon_core.environment:checking '/root/RBE500_Manipulator_Project/ws_2/install/velocity_kinematics' for CMake config files
[0.372s] Level 1:colcon.colcon_core.shell:create_environment_hook('velocity_kinematics', 'cmake_prefix_path')
[0.372s] INFO:colcon.colcon_core.shell:Creating environment hook '/root/RBE500_Manipulator_Project/ws_2/install/velocity_kinematics/share/velocity_kinematics/hook/cmake_prefix_path.ps1'
[0.372s] INFO:colcon.colcon_core.shell:Creating environment descriptor '/root/RBE500_Manipulator_Project/ws_2/install/velocity_kinematics/share/velocity_kinematics/hook/cmake_prefix_path.dsv'
[0.372s] INFO:colcon.colcon_core.shell:Creating environment hook '/root/RBE500_Manipulator_Project/ws_2/install/velocity_kinematics/share/velocity_kinematics/hook/cmake_prefix_path.sh'
[0.373s] Level 1:colcon.colcon_core.environment:checking '/root/RBE500_Manipulator_Project/ws_2/install/velocity_kinematics/bin'
[0.373s] Level 1:colcon.colcon_core.environment:checking '/root/RBE500_Manipulator_Project/ws_2/install/velocity_kinematics/lib/pkgconfig/velocity_kinematics.pc'
[0.373s] Level 1:colcon.colcon_core.environment:checking '/root/RBE500_Manipulator_Project/ws_2/install/velocity_kinematics/lib/python3.10/site-packages'
[0.373s] Level 1:colcon.colcon_core.environment:checking '/root/RBE500_Manipulator_Project/ws_2/install/velocity_kinematics/bin'
[0.373s] INFO:colcon.colcon_core.shell:Creating package script '/root/RBE500_Manipulator_Project/ws_2/install/velocity_kinematics/share/velocity_kinematics/package.ps1'
[0.374s] INFO:colcon.colcon_core.shell:Creating package descriptor '/root/RBE500_Manipulator_Project/ws_2/install/velocity_kinematics/share/velocity_kinematics/package.dsv'
[0.374s] INFO:colcon.colcon_core.shell:Creating package script '/root/RBE500_Manipulator_Project/ws_2/install/velocity_kinematics/share/velocity_kinematics/package.sh'
[0.374s] INFO:colcon.colcon_core.shell:Creating package script '/root/RBE500_Manipulator_Project/ws_2/install/velocity_kinematics/share/velocity_kinematics/package.bash'
[0.375s] INFO:colcon.colcon_core.shell:Creating package script '/root/RBE500_Manipulator_Project/ws_2/install/velocity_kinematics/share/velocity_kinematics/package.zsh'
[0.375s] Level 1:colcon.colcon_core.environment:create_file_with_runtime_dependencies(/root/RBE500_Manipulator_Project/ws_2/install/velocity_kinematics/share/colcon-core/packages/velocity_kinematics)
[0.552s] DEBUG:colcon.colcon_core.event_handler.log_command:Invoked command in '/root/RBE500_Manipulator_Project/ws_2/build/velocity_kinematics_interfaces' returned '0': CMAKE_PREFIX_PATH=/opt/ros/humble /usr/bin/cmake --build /root/RBE500_Manipulator_Project/ws_2/build/velocity_kinematics_interfaces -- -j12 -l12
[0.588s] DEBUG:colcon.colcon_core.event_handler.log_command:Invoking command in '/root/RBE500_Manipulator_Project/ws_2/build/velocity_kinematics_interfaces': CMAKE_PREFIX_PATH=/opt/ros/humble /usr/bin/cmake --install /root/RBE500_Manipulator_Project/ws_2/build/velocity_kinematics_interfaces
[0.628s] Level 1:colcon.colcon_core.environment:create_environment_scripts_only(velocity_kinematics_interfaces)
[0.628s] Level 1:colcon.colcon_core.environment:checking '/root/RBE500_Manipulator_Project/ws_2/install/velocity_kinematics_interfaces' for CMake module files
[0.629s] DEBUG:colcon.colcon_core.event_handler.log_command:Invoked command in '/root/RBE500_Manipulator_Project/ws_2/build/velocity_kinematics_interfaces' returned '0': CMAKE_PREFIX_PATH=/opt/ros/humble /usr/bin/cmake --install /root/RBE500_Manipulator_Project/ws_2/build/velocity_kinematics_interfaces
[0.629s] Level 1:colcon.colcon_core.environment:checking '/root/RBE500_Manipulator_Project/ws_2/install/velocity_kinematics_interfaces' for CMake config files
[0.629s] Level 1:colcon.colcon_core.shell:create_environment_hook('velocity_kinematics_interfaces', 'cmake_prefix_path')
[0.629s] INFO:colcon.colcon_core.shell:Creating environment hook '/root/RBE500_Manipulator_Project/ws_2/install/velocity_kinematics_interfaces/share/velocity_kinematics_interfaces/hook/cmake_prefix_path.ps1'
[0.630s] INFO:colcon.colcon_core.shell:Creating environment descriptor '/root/RBE500_Manipulator_Project/ws_2/install/velocity_kinematics_interfaces/share/velocity_kinematics_interfaces/hook/cmake_prefix_path.dsv'
[0.630s] INFO:colcon.colcon_core.shell:Creating environment hook '/root/RBE500_Manipulator_Project/ws_2/install/velocity_kinematics_interfaces/share/velocity_kinematics_interfaces/hook/cmake_prefix_path.sh'
[0.630s] Level 1:colcon.colcon_core.environment:checking '/root/RBE500_Manipulator_Project/ws_2/install/velocity_kinematics_interfaces/lib'
[0.631s] Level 1:colcon.colcon_core.shell:create_environment_hook('velocity_kinematics_interfaces', 'ld_library_path_lib')
[0.631s] INFO:colcon.colcon_core.shell:Creating environment hook '/root/RBE500_Manipulator_Project/ws_2/install/velocity_kinematics_interfaces/share/velocity_kinematics_interfaces/hook/ld_library_path_lib.ps1'
[0.631s] INFO:colcon.colcon_core.shell:Creating environment descriptor '/root/RBE500_Manipulator_Project/ws_2/install/velocity_kinematics_interfaces/share/velocity_kinematics_interfaces/hook/ld_library_path_lib.dsv'
[0.631s] INFO:colcon.colcon_core.shell:Creating environment hook '/root/RBE500_Manipulator_Project/ws_2/install/velocity_kinematics_interfaces/share/velocity_kinematics_interfaces/hook/ld_library_path_lib.sh'
[0.631s] Level 1:colcon.colcon_core.environment:checking '/root/RBE500_Manipulator_Project/ws_2/install/velocity_kinematics_interfaces/bin'
[0.632s] Level 1:colcon.colcon_core.environment:checking '/root/RBE500_Manipulator_Project/ws_2/install/velocity_kinematics_interfaces/lib/pkgconfig/velocity_kinematics_interfaces.pc'
[0.632s] Level 1:colcon.colcon_core.environment:checking '/root/RBE500_Manipulator_Project/ws_2/install/velocity_kinematics_interfaces/lib/python3.10/site-packages'
[0.632s] Level 1:colcon.colcon_core.environment:checking '/root/RBE500_Manipulator_Project/ws_2/install/velocity_kinematics_interfaces/bin'
[0.632s] INFO:colcon.colcon_core.shell:Creating package script '/root/RBE500_Manipulator_Project/ws_2/install/velocity_kinematics_interfaces/share/velocity_kinematics_interfaces/package.ps1'
[0.633s] INFO:colcon.colcon_core.shell:Creating package descriptor '/root/RBE500_Manipulator_Project/ws_2/install/velocity_kinematics_interfaces/share/velocity_kinematics_interfaces/package.dsv'
[0.633s] INFO:colcon.colcon_core.shell:Creating package script '/root/RBE500_Manipulator_Project/ws_2/install/velocity_kinematics_interfaces/share/velocity_kinematics_interfaces/package.sh'
[0.633s] INFO:colcon.colcon_core.shell:Creating package script '/root/RBE500_Manipulator_Project/ws_2/install/velocity_kinematics_interfaces/share/velocity_kinematics_interfaces/package.bash'
[0.633s] INFO:colcon.colcon_core.shell:Creating package script '/root/RBE500_Manipulator_Project/ws_2/install/velocity_kinematics_interfaces/share/velocity_kinematics_interfaces/package.zsh'
[0.634s] Level 1:colcon.colcon_core.environment:create_file_with_runtime_dependencies(/root/RBE500_Manipulator_Project/ws_2/install/velocity_kinematics_interfaces/share/colcon-core/packages/velocity_kinematics_interfaces)
[0.671s] Level 1:colcon.colcon_core.environment:create_environment_scripts_only(velocity_kinematics_interfaces)
[0.671s] Level 1:colcon.colcon_core.environment:checking '/root/RBE500_Manipulator_Project/ws_2/install/velocity_kinematics_interfaces' for CMake module files
[0.672s] Level 1:colcon.colcon_core.environment:checking '/root/RBE500_Manipulator_Project/ws_2/install/velocity_kinematics_interfaces' for CMake config files
[0.672s] Level 1:colcon.colcon_core.shell:create_environment_hook('velocity_kinematics_interfaces', 'cmake_prefix_path')
[0.672s] INFO:colcon.colcon_core.shell:Creating environment hook '/root/RBE500_Manipulator_Project/ws_2/install/velocity_kinematics_interfaces/share/velocity_kinematics_interfaces/hook/cmake_prefix_path.ps1'
[0.672s] INFO:colcon.colcon_core.shell:Creating environment descriptor '/root/RBE500_Manipulator_Project/ws_2/install/velocity_kinematics_interfaces/share/velocity_kinematics_interfaces/hook/cmake_prefix_path.dsv'
[0.672s] INFO:colcon.colcon_core.shell:Creating environment hook '/root/RBE500_Manipulator_Project/ws_2/install/velocity_kinematics_interfaces/share/velocity_kinematics_interfaces/hook/cmake_prefix_path.sh'
[0.673s] Level 1:colcon.colcon_core.environment:checking '/root/RBE500_Manipulator_Project/ws_2/install/velocity_kinematics_interfaces/lib'
[0.673s] Level 1:colcon.colcon_core.shell:create_environment_hook('velocity_kinematics_interfaces', 'ld_library_path_lib')
[0.673s] INFO:colcon.colcon_core.shell:Creating environment hook '/root/RBE500_Manipulator_Project/ws_2/install/velocity_kinematics_interfaces/share/velocity_kinematics_interfaces/hook/ld_library_path_lib.ps1'
[0.673s] INFO:colcon.colcon_core.shell:Creating environment descriptor '/root/RBE500_Manipulator_Project/ws_2/install/velocity_kinematics_interfaces/share/velocity_kinematics_interfaces/hook/ld_library_path_lib.dsv'
[0.674s] INFO:colcon.colcon_core.shell:Creating environment hook '/root/RBE500_Manipulator_Project/ws_2/install/velocity_kinematics_interfaces/share/velocity_kinematics_interfaces/hook/ld_library_path_lib.sh'
[0.674s] Level 1:colcon.colcon_core.environment:checking '/root/RBE500_Manipulator_Project/ws_2/install/velocity_kinematics_interfaces/bin'
[0.674s] Level 1:colcon.colcon_core.environment:checking '/root/RBE500_Manipulator_Project/ws_2/install/velocity_kinematics_interfaces/lib/pkgconfig/velocity_kinematics_interfaces.pc'
[0.674s] Level 1:colcon.colcon_core.environment:checking '/root/RBE500_Manipulator_Project/ws_2/install/velocity_kinematics_interfaces/lib/python3.10/site-packages'
[0.674s] Level 1:colcon.colcon_core.environment:checking '/root/RBE500_Manipulator_Project/ws_2/install/velocity_kinematics_interfaces/bin'
[0.675s] INFO:colcon.colcon_core.shell:Creating package script '/root/RBE500_Manipulator_Project/ws_2/install/velocity_kinematics_interfaces/share/velocity_kinematics_interfaces/package.ps1'
[0.675s] INFO:colcon.colcon_core.shell:Creating package descriptor '/root/RBE500_Manipulator_Project/ws_2/install/velocity_kinematics_interfaces/share/velocity_kinematics_interfaces/package.dsv'
[0.675s] INFO:colcon.colcon_core.shell:Creating package script '/root/RBE500_Manipulator_Project/ws_2/install/velocity_kinematics_interfaces/share/velocity_kinematics_interfaces/package.sh'
[0.676s] INFO:colcon.colcon_core.shell:Creating package script '/root/RBE500_Manipulator_Project/ws_2/install/velocity_kinematics_interfaces/share/velocity_kinematics_interfaces/package.bash'
[0.676s] INFO:colcon.colcon_core.shell:Creating package script '/root/RBE500_Manipulator_Project/ws_2/install/velocity_kinematics_interfaces/share/velocity_kinematics_interfaces/package.zsh'
[0.676s] Level 1:colcon.colcon_core.environment:create_file_with_runtime_dependencies(/root/RBE500_Manipulator_Project/ws_2/install/velocity_kinematics_interfaces/share/colcon-core/packages/velocity_kinematics_interfaces)
[0.676s] DEBUG:colcon.colcon_parallel_executor.executor.parallel:closing loop
[0.677s] DEBUG:colcon.colcon_parallel_executor.executor.parallel:loop closed
[0.677s] DEBUG:colcon.colcon_parallel_executor.executor.parallel:run_until_complete finished with '0'
[0.677s] DEBUG:colcon.colcon_core.event_reactor:joining thread
[0.681s] INFO:colcon.colcon_core.plugin_system:Skipping extension 'colcon_notification.desktop_notification.notify_send': Could not find 'notify-send'
[0.681s] INFO:colcon.colcon_core.plugin_system:Skipping extension 'colcon_notification.desktop_notification.terminal_notifier': Not used on non-Darwin systems
[0.681s] INFO:colcon.colcon_core.plugin_system:Skipping extension 'colcon_notification.desktop_notification.win32': Not used on non-Windows systems
[0.681s] INFO:colcon.colcon_notification.desktop_notification:Sending desktop notification using 'notify2'
[0.681s] DEBUG:colcon.colcon_notification.desktop_notification.notify2:Failed to initialize notify2: org.freedesktop.DBus.Error.NotSupported: Unable to autolaunch a dbus-daemon without a $DISPLAY for X11
[0.681s] DEBUG:colcon.colcon_core.event_reactor:joined thread
[0.682s] INFO:colcon.colcon_core.shell:Creating prefix script '/root/RBE500_Manipulator_Project/ws_2/install/local_setup.ps1'
[0.682s] INFO:colcon.colcon_core.shell:Creating prefix util module '/root/RBE500_Manipulator_Project/ws_2/install/_local_setup_util_ps1.py'
[0.683s] INFO:colcon.colcon_core.shell:Creating prefix chain script '/root/RBE500_Manipulator_Project/ws_2/install/setup.ps1'
[0.684s] INFO:colcon.colcon_core.shell:Creating prefix script '/root/RBE500_Manipulator_Project/ws_2/install/local_setup.sh'
[0.684s] INFO:colcon.colcon_core.shell:Creating prefix util module '/root/RBE500_Manipulator_Project/ws_2/install/_local_setup_util_sh.py'
[0.685s] INFO:colcon.colcon_core.shell:Creating prefix chain script '/root/RBE500_Manipulator_Project/ws_2/install/setup.sh'
[0.685s] INFO:colcon.colcon_core.shell:Creating prefix script '/root/RBE500_Manipulator_Project/ws_2/install/local_setup.bash'
[0.686s] INFO:colcon.colcon_core.shell:Creating prefix chain script '/root/RBE500_Manipulator_Project/ws_2/install/setup.bash'
[0.686s] INFO:colcon.colcon_core.shell:Creating prefix script '/root/RBE500_Manipulator_Project/ws_2/install/local_setup.zsh'
[0.687s] INFO:colcon.colcon_core.shell:Creating prefix chain script '/root/RBE500_Manipulator_Project/ws_2/install/setup.zsh'
