[0.010s] Invoking command in '/home/harmeet/rbe500_ws/build/robotis_manipulator': CMAKE_PREFIX_PATH=/home/harmeet/rbe500_ws/install/cmake_modules:/home/harmeet/rbe500_ws/install/open_manipulator:/home/harmeet/rbe500_ws/install/open_manipulator_x_controller:/home/harmeet/rbe500_ws/install/open_manipulator_x_libs:/home/harmeet/rbe500_ws/install/robotis_manipulator:/home/harmeet/rbe500_ws/install/rbe500-example:/home/harmeet/rbe500_ws/install/open_manipulator_x_description:/home/harmeet/rbe500_ws/install/open_manipulator_msgs:/home/harmeet/rbe500_ws/install/inversekinematics_interfaces:/home/harmeet/rbe500_ws/install/dynamixel_workbench:/home/harmeet/rbe500_ws/install/dynamixel_workbench_toolbox:/home/harmeet/rbe500_ws/install/dynamixel_sdk_examples:/home/harmeet/rbe500_ws/install/dynamixel_sdk_custom_interfaces:/home/harmeet/rbe500_ws/install/dynamixel_sdk:/home/harmeet/rbe500_ws/install/rbe500_example_py:/home/harmeet/rbe500_ws/install/InverseKinematics:/opt/ros/humble /usr/bin/cmake --build /home/harmeet/rbe500_ws/build/robotis_manipulator -- -j16 -l16
[0.059s] [100%] Built target robotis_manipulator
[0.070s] Invoked command in '/home/harmeet/rbe500_ws/build/robotis_manipulator' returned '0': CMAKE_PREFIX_PATH=/home/harmeet/rbe500_ws/install/cmake_modules:/home/harmeet/rbe500_ws/install/open_manipulator:/home/harmeet/rbe500_ws/install/open_manipulator_x_controller:/home/harmeet/rbe500_ws/install/open_manipulator_x_libs:/home/harmeet/rbe500_ws/install/robotis_manipulator:/home/harmeet/rbe500_ws/install/rbe500-example:/home/harmeet/rbe500_ws/install/open_manipulator_x_description:/home/harmeet/rbe500_ws/install/open_manipulator_msgs:/home/harmeet/rbe500_ws/install/inversekinematics_interfaces:/home/harmeet/rbe500_ws/install/dynamixel_workbench:/home/harmeet/rbe500_ws/install/dynamixel_workbench_toolbox:/home/harmeet/rbe500_ws/install/dynamixel_sdk_examples:/home/harmeet/rbe500_ws/install/dynamixel_sdk_custom_interfaces:/home/harmeet/rbe500_ws/install/dynamixel_sdk:/home/harmeet/rbe500_ws/install/rbe500_example_py:/home/harmeet/rbe500_ws/install/InverseKinematics:/opt/ros/humble /usr/bin/cmake --build /home/harmeet/rbe500_ws/build/robotis_manipulator -- -j16 -l16
[0.105s] Invoking command in '/home/harmeet/rbe500_ws/build/robotis_manipulator': CMAKE_PREFIX_PATH=/home/harmeet/rbe500_ws/install/cmake_modules:/home/harmeet/rbe500_ws/install/open_manipulator:/home/harmeet/rbe500_ws/install/open_manipulator_x_controller:/home/harmeet/rbe500_ws/install/open_manipulator_x_libs:/home/harmeet/rbe500_ws/install/robotis_manipulator:/home/harmeet/rbe500_ws/install/rbe500-example:/home/harmeet/rbe500_ws/install/open_manipulator_x_description:/home/harmeet/rbe500_ws/install/open_manipulator_msgs:/home/harmeet/rbe500_ws/install/inversekinematics_interfaces:/home/harmeet/rbe500_ws/install/dynamixel_workbench:/home/harmeet/rbe500_ws/install/dynamixel_workbench_toolbox:/home/harmeet/rbe500_ws/install/dynamixel_sdk_examples:/home/harmeet/rbe500_ws/install/dynamixel_sdk_custom_interfaces:/home/harmeet/rbe500_ws/install/dynamixel_sdk:/home/harmeet/rbe500_ws/install/rbe500_example_py:/home/harmeet/rbe500_ws/install/InverseKinematics:/opt/ros/humble /usr/bin/cmake --install /home/harmeet/rbe500_ws/build/robotis_manipulator
[0.110s] -- Install configuration: ""
[0.111s] -- Execute custom install script
[0.111s] -- Up-to-date symlink: /home/harmeet/rbe500_ws/install/robotis_manipulator/lib/librobotis_manipulator.so
[0.111s] -- Up-to-date symlink: /home/harmeet/rbe500_ws/install/robotis_manipulator/include//robotis_manipulator/robotis_manipulator.h
[0.111s] -- Up-to-date symlink: /home/harmeet/rbe500_ws/install/robotis_manipulator/include//robotis_manipulator/robotis_manipulator_common.h
[0.111s] -- Up-to-date symlink: /home/harmeet/rbe500_ws/install/robotis_manipulator/include//robotis_manipulator/robotis_manipulator_log.h
[0.112s] -- Up-to-date symlink: /home/harmeet/rbe500_ws/install/robotis_manipulator/include//robotis_manipulator/robotis_manipulator_manager.h
[0.112s] -- Up-to-date symlink: /home/harmeet/rbe500_ws/install/robotis_manipulator/include//robotis_manipulator/robotis_manipulator_math.h
[0.112s] -- Up-to-date symlink: /home/harmeet/rbe500_ws/install/robotis_manipulator/include//robotis_manipulator/robotis_manipulator_trajectory_generator.h
[0.112s] -- Up-to-date symlink: /home/harmeet/rbe500_ws/install/robotis_manipulator/share/robotis_manipulator/environment/library_path.sh
[0.112s] -- Up-to-date symlink: /home/harmeet/rbe500_ws/install/robotis_manipulator/share/robotis_manipulator/environment/library_path.dsv
[0.112s] -- Up-to-date symlink: /home/harmeet/rbe500_ws/install/robotis_manipulator/share/ament_index/resource_index/package_run_dependencies/robotis_manipulator
[0.112s] -- Up-to-date symlink: /home/harmeet/rbe500_ws/install/robotis_manipulator/share/ament_index/resource_index/parent_prefix_path/robotis_manipulator
[0.112s] -- Up-to-date symlink: /home/harmeet/rbe500_ws/install/robotis_manipulator/share/robotis_manipulator/environment/ament_prefix_path.sh
[0.112s] -- Up-to-date symlink: /home/harmeet/rbe500_ws/install/robotis_manipulator/share/robotis_manipulator/environment/ament_prefix_path.dsv
[0.112s] -- Up-to-date symlink: /home/harmeet/rbe500_ws/install/robotis_manipulator/share/robotis_manipulator/environment/path.sh
[0.113s] -- Up-to-date symlink: /home/harmeet/rbe500_ws/install/robotis_manipulator/share/robotis_manipulator/environment/path.dsv
[0.113s] -- Up-to-date symlink: /home/harmeet/rbe500_ws/install/robotis_manipulator/share/robotis_manipulator/local_setup.bash
[0.113s] -- Up-to-date symlink: /home/harmeet/rbe500_ws/install/robotis_manipulator/share/robotis_manipulator/local_setup.sh
[0.113s] -- Up-to-date symlink: /home/harmeet/rbe500_ws/install/robotis_manipulator/share/robotis_manipulator/local_setup.zsh
[0.113s] -- Up-to-date symlink: /home/harmeet/rbe500_ws/install/robotis_manipulator/share/robotis_manipulator/local_setup.dsv
[0.113s] -- Symlinking: /home/harmeet/rbe500_ws/install/robotis_manipulator/share/robotis_manipulator/package.dsv
[0.120s] -- Up-to-date symlink: /home/harmeet/rbe500_ws/install/robotis_manipulator/share/ament_index/resource_index/packages/robotis_manipulator
[0.120s] -- Up-to-date symlink: /home/harmeet/rbe500_ws/install/robotis_manipulator/share/robotis_manipulator/cmake/ament_cmake_export_include_directories-extras.cmake
[0.121s] -- Up-to-date symlink: /home/harmeet/rbe500_ws/install/robotis_manipulator/share/robotis_manipulator/cmake/ament_cmake_export_dependencies-extras.cmake
[0.121s] -- Up-to-date symlink: /home/harmeet/rbe500_ws/install/robotis_manipulator/share/robotis_manipulator/cmake/ament_cmake_export_libraries-extras.cmake
[0.121s] -- Up-to-date symlink: /home/harmeet/rbe500_ws/install/robotis_manipulator/share/robotis_manipulator/cmake/robotis_manipulatorConfig.cmake
[0.121s] -- Up-to-date symlink: /home/harmeet/rbe500_ws/install/robotis_manipulator/share/robotis_manipulator/cmake/robotis_manipulatorConfig-version.cmake
[0.121s] -- Up-to-date symlink: /home/harmeet/rbe500_ws/install/robotis_manipulator/share/robotis_manipulator/package.xml
[0.123s] Invoked command in '/home/harmeet/rbe500_ws/build/robotis_manipulator' returned '0': CMAKE_PREFIX_PATH=/home/harmeet/rbe500_ws/install/cmake_modules:/home/harmeet/rbe500_ws/install/open_manipulator:/home/harmeet/rbe500_ws/install/open_manipulator_x_controller:/home/harmeet/rbe500_ws/install/open_manipulator_x_libs:/home/harmeet/rbe500_ws/install/robotis_manipulator:/home/harmeet/rbe500_ws/install/rbe500-example:/home/harmeet/rbe500_ws/install/open_manipulator_x_description:/home/harmeet/rbe500_ws/install/open_manipulator_msgs:/home/harmeet/rbe500_ws/install/inversekinematics_interfaces:/home/harmeet/rbe500_ws/install/dynamixel_workbench:/home/harmeet/rbe500_ws/install/dynamixel_workbench_toolbox:/home/harmeet/rbe500_ws/install/dynamixel_sdk_examples:/home/harmeet/rbe500_ws/install/dynamixel_sdk_custom_interfaces:/home/harmeet/rbe500_ws/install/dynamixel_sdk:/home/harmeet/rbe500_ws/install/rbe500_example_py:/home/harmeet/rbe500_ws/install/InverseKinematics:/opt/ros/humble /usr/bin/cmake --install /home/harmeet/rbe500_ws/build/robotis_manipulator
