[0.038s] Invoking command in '/root/RBE500_Manipulator_Project/workspace/build/robotis_manipulator': AMENT_PREFIX_PATH=/root/RBE500_Manipulator_Project/workspace/install/cmake_modules:${AMENT_PREFIX_PATH} CMAKE_PREFIX_PATH=/root/RBE500_Manipulator_Project/workspace/install/cmake_modules:/root/RBE500_Manipulator_Project/workspace/install/InverseKinematics:/root/RBE500_Manipulator_Project/workspace/install/ForwardKinematics:/opt/ros/humble /usr/bin/cmake /root/RBE500_Manipulator_Project/workspace/src/OpenManipulatorX_ROS2/robotis_manipulator -DCMAKE_INSTALL_PREFIX=/root/RBE500_Manipulator_Project/workspace/install/robotis_manipulator
[0.123s] -- The C compiler identification is GNU 11.4.0
[0.189s] -- The CXX compiler identification is GNU 11.4.0
[0.197s] -- Detecting C compiler ABI info
[0.275s] -- Detecting C compiler ABI info - done
[0.286s] -- Check for working C compiler: /usr/bin/cc - skipped
[0.286s] -- Detecting C compile features
[0.287s] -- Detecting C compile features - done
[0.291s] -- Detecting CXX compiler ABI info
[0.369s] -- Detecting CXX compiler ABI info - done
[0.380s] -- Check for working CXX compiler: /usr/bin/c++ - skipped
[0.380s] -- Detecting CXX compile features
[0.381s] -- Detecting CXX compile features - done
[0.397s] -- Found ament_cmake: 1.3.10 (/opt/ros/humble/share/ament_cmake/cmake)
[0.543s] -- Found Python3: /usr/bin/python3 (found version "3.10.12") found components: Interpreter 
[0.627s] -- Found cmake_modules: 0.4.1 (/root/RBE500_Manipulator_Project/workspace/install/cmake_modules/share/cmake_modules/cmake)
[0.630s] -- Found rclcpp: 16.0.10 (/opt/ros/humble/share/rclcpp/cmake)
[0.678s] -- Found rosidl_generator_c: 3.1.5 (/opt/ros/humble/share/rosidl_generator_c/cmake)
[0.686s] -- Found rosidl_adapter: 3.1.5 (/opt/ros/humble/share/rosidl_adapter/cmake)
[0.696s] -- Found rosidl_generator_cpp: 3.1.5 (/opt/ros/humble/share/rosidl_generator_cpp/cmake)
[0.708s] -- Using all available rosidl_typesupport_c: rosidl_typesupport_fastrtps_c;rosidl_typesupport_introspection_c
[0.723s] -- Using all available rosidl_typesupport_cpp: rosidl_typesupport_fastrtps_cpp;rosidl_typesupport_introspection_cpp
[0.781s] -- Found rmw_implementation_cmake: 6.1.2 (/opt/ros/humble/share/rmw_implementation_cmake/cmake)
[0.784s] -- Found rmw_fastrtps_cpp: 6.2.7 (/opt/ros/humble/share/rmw_fastrtps_cpp/cmake)
[0.868s] -- Found OpenSSL: /usr/lib/x86_64-linux-gnu/libcrypto.so (found version "3.0.2")  
[0.886s] -- Found FastRTPS: /opt/ros/humble/include  
[0.913s] -- Using RMW implementation 'rmw_fastrtps_cpp' as default
[0.929s] -- Looking for pthread.h
[1.009s] -- Looking for pthread.h - found
[1.009s] -- Performing Test CMAKE_HAVE_LIBC_PTHREAD
[1.073s] -- Performing Test CMAKE_HAVE_LIBC_PTHREAD - Success
[1.074s] -- Found Threads: TRUE  
[1.222s] -- Configuring done
[1.233s] -- Generating done
[1.235s] -- Build files have been written to: /root/RBE500_Manipulator_Project/workspace/build/robotis_manipulator
[1.253s] Invoked command in '/root/RBE500_Manipulator_Project/workspace/build/robotis_manipulator' returned '0': AMENT_PREFIX_PATH=/root/RBE500_Manipulator_Project/workspace/install/cmake_modules:${AMENT_PREFIX_PATH} CMAKE_PREFIX_PATH=/root/RBE500_Manipulator_Project/workspace/install/cmake_modules:/root/RBE500_Manipulator_Project/workspace/install/InverseKinematics:/root/RBE500_Manipulator_Project/workspace/install/ForwardKinematics:/opt/ros/humble /usr/bin/cmake /root/RBE500_Manipulator_Project/workspace/src/OpenManipulatorX_ROS2/robotis_manipulator -DCMAKE_INSTALL_PREFIX=/root/RBE500_Manipulator_Project/workspace/install/robotis_manipulator
[1.255s] Invoking command in '/root/RBE500_Manipulator_Project/workspace/build/robotis_manipulator': AMENT_PREFIX_PATH=/root/RBE500_Manipulator_Project/workspace/install/cmake_modules:${AMENT_PREFIX_PATH} CMAKE_PREFIX_PATH=/root/RBE500_Manipulator_Project/workspace/install/cmake_modules:/root/RBE500_Manipulator_Project/workspace/install/InverseKinematics:/root/RBE500_Manipulator_Project/workspace/install/ForwardKinematics:/opt/ros/humble /usr/bin/cmake --build /root/RBE500_Manipulator_Project/workspace/build/robotis_manipulator -- -j12 -l12
[1.307s] [ 42%] [32mBuilding CXX object CMakeFiles/robotis_manipulator.dir/src/robotis_manipulator/robotis_manipulator_common.cpp.o[0m
[1.307s] [ 28%] [32mBuilding CXX object CMakeFiles/robotis_manipulator.dir/src/robotis_manipulator/robotis_manipulator.cpp.o[0m
[1.307s] [ 42%] [32mBuilding CXX object CMakeFiles/robotis_manipulator.dir/src/robotis_manipulator/robotis_manipulator_log.cpp.o[0m
[1.317s] [ 57%] [32mBuilding CXX object CMakeFiles/robotis_manipulator.dir/src/robotis_manipulator/robotis_manipulator_trajectory_generator.cpp.o[0m
[1.323s] [ 71%] [32mBuilding CXX object CMakeFiles/robotis_manipulator.dir/src/robotis_manipulator/robotis_manipulator_manager.cpp.o[0m
[1.349s] [ 85%] [32mBuilding CXX object CMakeFiles/robotis_manipulator.dir/src/robotis_manipulator/robotis_manipulator_math.cpp.o[0m
[10.538s] [100%] [32m[1mLinking CXX shared library librobotis_manipulator.so[0m
[10.917s] [100%] Built target robotis_manipulator
[10.924s] Invoked command in '/root/RBE500_Manipulator_Project/workspace/build/robotis_manipulator' returned '0': AMENT_PREFIX_PATH=/root/RBE500_Manipulator_Project/workspace/install/cmake_modules:${AMENT_PREFIX_PATH} CMAKE_PREFIX_PATH=/root/RBE500_Manipulator_Project/workspace/install/cmake_modules:/root/RBE500_Manipulator_Project/workspace/install/InverseKinematics:/root/RBE500_Manipulator_Project/workspace/install/ForwardKinematics:/opt/ros/humble /usr/bin/cmake --build /root/RBE500_Manipulator_Project/workspace/build/robotis_manipulator -- -j12 -l12
[10.946s] Invoking command in '/root/RBE500_Manipulator_Project/workspace/build/robotis_manipulator': AMENT_PREFIX_PATH=/root/RBE500_Manipulator_Project/workspace/install/cmake_modules:${AMENT_PREFIX_PATH} CMAKE_PREFIX_PATH=/root/RBE500_Manipulator_Project/workspace/install/cmake_modules:/root/RBE500_Manipulator_Project/workspace/install/InverseKinematics:/root/RBE500_Manipulator_Project/workspace/install/ForwardKinematics:/opt/ros/humble /usr/bin/cmake --install /root/RBE500_Manipulator_Project/workspace/build/robotis_manipulator
[10.951s] -- Install configuration: ""
[10.952s] -- Installing: /root/RBE500_Manipulator_Project/workspace/install/robotis_manipulator/lib/librobotis_manipulator.so
[10.956s] -- Set runtime path of "/root/RBE500_Manipulator_Project/workspace/install/robotis_manipulator/lib/librobotis_manipulator.so" to ""
[10.956s] -- Installing: /root/RBE500_Manipulator_Project/workspace/install/robotis_manipulator/include/
[10.956s] -- Installing: /root/RBE500_Manipulator_Project/workspace/install/robotis_manipulator/include//robotis_manipulator
[10.956s] -- Installing: /root/RBE500_Manipulator_Project/workspace/install/robotis_manipulator/include//robotis_manipulator/robotis_manipulator_common.h
[10.956s] -- Installing: /root/RBE500_Manipulator_Project/workspace/install/robotis_manipulator/include//robotis_manipulator/robotis_manipulator_math.h
[10.956s] -- Installing: /root/RBE500_Manipulator_Project/workspace/install/robotis_manipulator/include//robotis_manipulator/robotis_manipulator_trajectory_generator.h
[10.957s] -- Installing: /root/RBE500_Manipulator_Project/workspace/install/robotis_manipulator/include//robotis_manipulator/robotis_manipulator_log.h
[10.957s] -- Installing: /root/RBE500_Manipulator_Project/workspace/install/robotis_manipulator/include//robotis_manipulator/robotis_manipulator.h
[10.957s] -- Installing: /root/RBE500_Manipulator_Project/workspace/install/robotis_manipulator/include//robotis_manipulator/robotis_manipulator_manager.h
[10.957s] -- Installing: /root/RBE500_Manipulator_Project/workspace/install/robotis_manipulator/share/robotis_manipulator/environment/library_path.sh
[10.957s] -- Installing: /root/RBE500_Manipulator_Project/workspace/install/robotis_manipulator/share/robotis_manipulator/environment/library_path.dsv
[10.958s] -- Installing: /root/RBE500_Manipulator_Project/workspace/install/robotis_manipulator/share/ament_index/resource_index/package_run_dependencies/robotis_manipulator
[10.958s] -- Installing: /root/RBE500_Manipulator_Project/workspace/install/robotis_manipulator/share/ament_index/resource_index/parent_prefix_path/robotis_manipulator
[10.958s] -- Installing: /root/RBE500_Manipulator_Project/workspace/install/robotis_manipulator/share/robotis_manipulator/environment/ament_prefix_path.sh
[10.958s] -- Installing: /root/RBE500_Manipulator_Project/workspace/install/robotis_manipulator/share/robotis_manipulator/environment/ament_prefix_path.dsv
[10.958s] -- Installing: /root/RBE500_Manipulator_Project/workspace/install/robotis_manipulator/share/robotis_manipulator/environment/path.sh
[10.959s] -- Installing: /root/RBE500_Manipulator_Project/workspace/install/robotis_manipulator/share/robotis_manipulator/environment/path.dsv
[10.959s] -- Installing: /root/RBE500_Manipulator_Project/workspace/install/robotis_manipulator/share/robotis_manipulator/local_setup.bash
[10.959s] -- Installing: /root/RBE500_Manipulator_Project/workspace/install/robotis_manipulator/share/robotis_manipulator/local_setup.sh
[10.959s] -- Installing: /root/RBE500_Manipulator_Project/workspace/install/robotis_manipulator/share/robotis_manipulator/local_setup.zsh
[10.959s] -- Installing: /root/RBE500_Manipulator_Project/workspace/install/robotis_manipulator/share/robotis_manipulator/local_setup.dsv
[10.960s] -- Installing: /root/RBE500_Manipulator_Project/workspace/install/robotis_manipulator/share/robotis_manipulator/package.dsv
[10.960s] -- Installing: /root/RBE500_Manipulator_Project/workspace/install/robotis_manipulator/share/ament_index/resource_index/packages/robotis_manipulator
[10.960s] -- Installing: /root/RBE500_Manipulator_Project/workspace/install/robotis_manipulator/share/robotis_manipulator/cmake/ament_cmake_export_include_directories-extras.cmake
[10.960s] -- Installing: /root/RBE500_Manipulator_Project/workspace/install/robotis_manipulator/share/robotis_manipulator/cmake/ament_cmake_export_dependencies-extras.cmake
[10.960s] -- Installing: /root/RBE500_Manipulator_Project/workspace/install/robotis_manipulator/share/robotis_manipulator/cmake/ament_cmake_export_libraries-extras.cmake
[10.961s] -- Installing: /root/RBE500_Manipulator_Project/workspace/install/robotis_manipulator/share/robotis_manipulator/cmake/robotis_manipulatorConfig.cmake
[10.961s] -- Installing: /root/RBE500_Manipulator_Project/workspace/install/robotis_manipulator/share/robotis_manipulator/cmake/robotis_manipulatorConfig-version.cmake
[10.961s] -- Installing: /root/RBE500_Manipulator_Project/workspace/install/robotis_manipulator/share/robotis_manipulator/package.xml
[10.963s] Invoked command in '/root/RBE500_Manipulator_Project/workspace/build/robotis_manipulator' returned '0': AMENT_PREFIX_PATH=/root/RBE500_Manipulator_Project/workspace/install/cmake_modules:${AMENT_PREFIX_PATH} CMAKE_PREFIX_PATH=/root/RBE500_Manipulator_Project/workspace/install/cmake_modules:/root/RBE500_Manipulator_Project/workspace/install/InverseKinematics:/root/RBE500_Manipulator_Project/workspace/install/ForwardKinematics:/opt/ros/humble /usr/bin/cmake --install /root/RBE500_Manipulator_Project/workspace/build/robotis_manipulator
