[0.005s] Invoking command in '/home/harmeet/rbe500_ws/build/robotis_manipulator': AMENT_PREFIX_PATH=/home/harmeet/rbe500_ws/install/cmake_modules:${AMENT_PREFIX_PATH} CMAKE_PREFIX_PATH=/home/harmeet/rbe500_ws/install/cmake_modules:/opt/ros/humble /usr/bin/cmake /home/harmeet/rbe500_ws/src/robotis_manipulator -DAMENT_CMAKE_SYMLINK_INSTALL=1 -DCMAKE_INSTALL_PREFIX=/home/harmeet/rbe500_ws/install/robotis_manipulator
[0.049s] -- The C compiler identification is GNU 11.4.0
[0.089s] -- The CXX compiler identification is GNU 11.4.0
[0.094s] -- Detecting C compiler ABI info
[0.143s] -- Detecting C compiler ABI info - done
[0.148s] -- Check for working C compiler: /usr/bin/cc - skipped
[0.148s] -- Detecting C compile features
[0.148s] -- Detecting C compile features - done
[0.150s] -- Detecting CXX compiler ABI info
[0.212s] -- Detecting CXX compiler ABI info - done
[0.218s] -- Check for working CXX compiler: /usr/bin/c++ - skipped
[0.219s] -- Detecting CXX compile features
[0.219s] -- Detecting CXX compile features - done
[0.226s] -- Found ament_cmake: 1.3.10 (/opt/ros/humble/share/ament_cmake/cmake)
[0.344s] -- Found Python3: /usr/bin/python3 (found version "3.10.12") found components: Interpreter 
[0.392s] -- Override CMake install command with custom implementation using symlinks instead of copying resources
[0.407s] -- Found cmake_modules: 0.4.1 (/home/harmeet/rbe500_ws/install/cmake_modules/share/cmake_modules/cmake)
[0.409s] -- Found rclcpp: 16.0.10 (/opt/ros/humble/share/rclcpp/cmake)
[0.439s] -- Found rosidl_generator_c: 3.1.5 (/opt/ros/humble/share/rosidl_generator_c/cmake)
[0.442s] -- Found rosidl_adapter: 3.1.5 (/opt/ros/humble/share/rosidl_adapter/cmake)
[0.447s] -- Found rosidl_generator_cpp: 3.1.5 (/opt/ros/humble/share/rosidl_generator_cpp/cmake)
[0.456s] -- Using all available rosidl_typesupport_c: rosidl_typesupport_fastrtps_c;rosidl_typesupport_introspection_c
[0.468s] -- Using all available rosidl_typesupport_cpp: rosidl_typesupport_fastrtps_cpp;rosidl_typesupport_introspection_cpp
[0.506s] -- Found rmw_implementation_cmake: 6.1.2 (/opt/ros/humble/share/rmw_implementation_cmake/cmake)
[0.509s] -- Found rmw_fastrtps_cpp: 6.2.7 (/opt/ros/humble/share/rmw_fastrtps_cpp/cmake)
[0.581s] -- Found OpenSSL: /usr/lib/x86_64-linux-gnu/libcrypto.so (found version "3.0.2")  
[0.598s] -- Found FastRTPS: /opt/ros/humble/include  
[0.620s] -- Using RMW implementation 'rmw_fastrtps_cpp' as default
[0.634s] -- Looking for pthread.h
[0.702s] -- Looking for pthread.h - found
[0.702s] -- Performing Test CMAKE_HAVE_LIBC_PTHREAD
[0.764s] -- Performing Test CMAKE_HAVE_LIBC_PTHREAD - Success
[0.764s] -- Found Threads: TRUE  
[0.897s] -- Configuring done
[0.910s] -- Generating done
[0.913s] -- Build files have been written to: /home/harmeet/rbe500_ws/build/robotis_manipulator
[0.926s] Invoked command in '/home/harmeet/rbe500_ws/build/robotis_manipulator' returned '0': AMENT_PREFIX_PATH=/home/harmeet/rbe500_ws/install/cmake_modules:${AMENT_PREFIX_PATH} CMAKE_PREFIX_PATH=/home/harmeet/rbe500_ws/install/cmake_modules:/opt/ros/humble /usr/bin/cmake /home/harmeet/rbe500_ws/src/robotis_manipulator -DAMENT_CMAKE_SYMLINK_INSTALL=1 -DCMAKE_INSTALL_PREFIX=/home/harmeet/rbe500_ws/install/robotis_manipulator
[0.928s] Invoking command in '/home/harmeet/rbe500_ws/build/robotis_manipulator': AMENT_PREFIX_PATH=/home/harmeet/rbe500_ws/install/cmake_modules:${AMENT_PREFIX_PATH} CMAKE_PREFIX_PATH=/home/harmeet/rbe500_ws/install/cmake_modules:/opt/ros/humble /usr/bin/cmake --build /home/harmeet/rbe500_ws/build/robotis_manipulator -- -j16 -l16
[0.984s] [ 14%] [32mBuilding CXX object CMakeFiles/robotis_manipulator.dir/src/robotis_manipulator/robotis_manipulator.cpp.o[0m
[0.984s] [ 42%] [32mBuilding CXX object CMakeFiles/robotis_manipulator.dir/src/robotis_manipulator/robotis_manipulator_trajectory_generator.cpp.o[0m
[0.985s] [ 42%] [32mBuilding CXX object CMakeFiles/robotis_manipulator.dir/src/robotis_manipulator/robotis_manipulator_common.cpp.o[0m
[0.985s] [ 57%] [32mBuilding CXX object CMakeFiles/robotis_manipulator.dir/src/robotis_manipulator/robotis_manipulator_log.cpp.o[0m
[0.985s] [ 71%] [32mBuilding CXX object CMakeFiles/robotis_manipulator.dir/src/robotis_manipulator/robotis_manipulator_manager.cpp.o[0m
[0.985s] [ 85%] [32mBuilding CXX object CMakeFiles/robotis_manipulator.dir/src/robotis_manipulator/robotis_manipulator_math.cpp.o[0m
[7.880s] [100%] [32m[1mLinking CXX shared library librobotis_manipulator.so[0m
[8.085s] [100%] Built target robotis_manipulator
[8.093s] Invoked command in '/home/harmeet/rbe500_ws/build/robotis_manipulator' returned '0': AMENT_PREFIX_PATH=/home/harmeet/rbe500_ws/install/cmake_modules:${AMENT_PREFIX_PATH} CMAKE_PREFIX_PATH=/home/harmeet/rbe500_ws/install/cmake_modules:/opt/ros/humble /usr/bin/cmake --build /home/harmeet/rbe500_ws/build/robotis_manipulator -- -j16 -l16
[8.114s] Invoking command in '/home/harmeet/rbe500_ws/build/robotis_manipulator': AMENT_PREFIX_PATH=/home/harmeet/rbe500_ws/install/cmake_modules:${AMENT_PREFIX_PATH} CMAKE_PREFIX_PATH=/home/harmeet/rbe500_ws/install/cmake_modules:/opt/ros/humble /usr/bin/cmake --install /home/harmeet/rbe500_ws/build/robotis_manipulator
[8.118s] -- Install configuration: ""
[8.118s] -- Execute custom install script
[8.119s] -- Symlinking: /home/harmeet/rbe500_ws/install/robotis_manipulator/lib/librobotis_manipulator.so
[8.124s] -- Symlinking: /home/harmeet/rbe500_ws/install/robotis_manipulator/include//robotis_manipulator/robotis_manipulator.h
[8.129s] -- Symlinking: /home/harmeet/rbe500_ws/install/robotis_manipulator/include//robotis_manipulator/robotis_manipulator_common.h
[8.134s] -- Symlinking: /home/harmeet/rbe500_ws/install/robotis_manipulator/include//robotis_manipulator/robotis_manipulator_log.h
[8.138s] -- Symlinking: /home/harmeet/rbe500_ws/install/robotis_manipulator/include//robotis_manipulator/robotis_manipulator_manager.h
[8.143s] -- Symlinking: /home/harmeet/rbe500_ws/install/robotis_manipulator/include//robotis_manipulator/robotis_manipulator_math.h
[8.147s] -- Symlinking: /home/harmeet/rbe500_ws/install/robotis_manipulator/include//robotis_manipulator/robotis_manipulator_trajectory_generator.h
[8.152s] -- Symlinking: /home/harmeet/rbe500_ws/install/robotis_manipulator/share/robotis_manipulator/environment/library_path.sh
[8.157s] -- Symlinking: /home/harmeet/rbe500_ws/install/robotis_manipulator/share/robotis_manipulator/environment/library_path.dsv
[8.161s] -- Symlinking: /home/harmeet/rbe500_ws/install/robotis_manipulator/share/ament_index/resource_index/package_run_dependencies/robotis_manipulator
[8.166s] -- Symlinking: /home/harmeet/rbe500_ws/install/robotis_manipulator/share/ament_index/resource_index/parent_prefix_path/robotis_manipulator
[8.171s] -- Symlinking: /home/harmeet/rbe500_ws/install/robotis_manipulator/share/robotis_manipulator/environment/ament_prefix_path.sh
[8.175s] -- Symlinking: /home/harmeet/rbe500_ws/install/robotis_manipulator/share/robotis_manipulator/environment/ament_prefix_path.dsv
[8.180s] -- Symlinking: /home/harmeet/rbe500_ws/install/robotis_manipulator/share/robotis_manipulator/environment/path.sh
[8.184s] -- Symlinking: /home/harmeet/rbe500_ws/install/robotis_manipulator/share/robotis_manipulator/environment/path.dsv
[8.189s] -- Symlinking: /home/harmeet/rbe500_ws/install/robotis_manipulator/share/robotis_manipulator/local_setup.bash
[8.193s] -- Symlinking: /home/harmeet/rbe500_ws/install/robotis_manipulator/share/robotis_manipulator/local_setup.sh
[8.198s] -- Symlinking: /home/harmeet/rbe500_ws/install/robotis_manipulator/share/robotis_manipulator/local_setup.zsh
[8.203s] -- Symlinking: /home/harmeet/rbe500_ws/install/robotis_manipulator/share/robotis_manipulator/local_setup.dsv
[8.207s] -- Symlinking: /home/harmeet/rbe500_ws/install/robotis_manipulator/share/robotis_manipulator/package.dsv
[8.212s] -- Symlinking: /home/harmeet/rbe500_ws/install/robotis_manipulator/share/ament_index/resource_index/packages/robotis_manipulator
[8.216s] -- Symlinking: /home/harmeet/rbe500_ws/install/robotis_manipulator/share/robotis_manipulator/cmake/ament_cmake_export_include_directories-extras.cmake
[8.221s] -- Symlinking: /home/harmeet/rbe500_ws/install/robotis_manipulator/share/robotis_manipulator/cmake/ament_cmake_export_dependencies-extras.cmake
[8.225s] -- Symlinking: /home/harmeet/rbe500_ws/install/robotis_manipulator/share/robotis_manipulator/cmake/ament_cmake_export_libraries-extras.cmake
[8.230s] -- Symlinking: /home/harmeet/rbe500_ws/install/robotis_manipulator/share/robotis_manipulator/cmake/robotis_manipulatorConfig.cmake
[8.234s] -- Symlinking: /home/harmeet/rbe500_ws/install/robotis_manipulator/share/robotis_manipulator/cmake/robotis_manipulatorConfig-version.cmake
[8.240s] -- Symlinking: /home/harmeet/rbe500_ws/install/robotis_manipulator/share/robotis_manipulator/package.xml
[8.246s] Invoked command in '/home/harmeet/rbe500_ws/build/robotis_manipulator' returned '0': AMENT_PREFIX_PATH=/home/harmeet/rbe500_ws/install/cmake_modules:${AMENT_PREFIX_PATH} CMAKE_PREFIX_PATH=/home/harmeet/rbe500_ws/install/cmake_modules:/opt/ros/humble /usr/bin/cmake --install /home/harmeet/rbe500_ws/build/robotis_manipulator
