[0.018s] Invoking command in '/home/harmeet/rbe500_ws/build/open_manipulator_x_libs': CMAKE_PREFIX_PATH=/home/harmeet/rbe500_ws/install/robotis_manipulator:/home/harmeet/rbe500_ws/install/dynamixel_workbench_toolbox:/home/harmeet/rbe500_ws/install/dynamixel_sdk:/home/harmeet/rbe500_ws/install/cmake_modules:/home/harmeet/rbe500_ws/install/open_manipulator:/home/harmeet/rbe500_ws/install/open_manipulator_x_controller:/home/harmeet/rbe500_ws/install/open_manipulator_x_libs:/home/harmeet/rbe500_ws/install/rbe500-example:/home/harmeet/rbe500_ws/install/open_manipulator_x_description:/home/harmeet/rbe500_ws/install/open_manipulator_msgs:/home/harmeet/rbe500_ws/install/dynamixel_workbench:/home/harmeet/rbe500_ws/install/dynamixel_sdk_examples:/home/harmeet/rbe500_ws/install/dynamixel_sdk_custom_interfaces:/home/harmeet/rbe500_ws/install/rbe500_example_py:/opt/ros/humble LD_LIBRARY_PATH=/home/harmeet/rbe500_ws/install/robotis_manipulator/lib:/home/harmeet/rbe500_ws/install/dynamixel_workbench_toolbox/lib:/home/harmeet/rbe500_ws/install/dynamixel_sdk/lib:/home/harmeet/rbe500_ws/install/open_manipulator_x_libs/lib:/home/harmeet/rbe500_ws/install/open_manipulator_msgs/lib:/home/harmeet/rbe500_ws/install/dynamixel_sdk_custom_interfaces/lib:/opt/ros/humble/opt/rviz_ogre_vendor/lib:/opt/ros/humble/lib/x86_64-linux-gnu:/opt/ros/humble/lib /usr/bin/cmake /home/harmeet/rbe500_ws/src/open_manipulator/open_manipulator_x_libs -DCMAKE_INSTALL_PREFIX=/home/harmeet/rbe500_ws/install/open_manipulator_x_libs
[0.029s] -- Found ament_cmake: 1.3.10 (/opt/ros/humble/share/ament_cmake/cmake)
[0.137s] -- Override CMake install command with custom implementation using symlinks instead of copying resources
[0.143s] -- Found dynamixel_workbench_toolbox: 2.2.3 (/home/harmeet/rbe500_ws/install/dynamixel_workbench_toolbox/share/dynamixel_workbench_toolbox/cmake)
[0.168s] -- Found rosidl_generator_c: 3.1.5 (/opt/ros/humble/share/rosidl_generator_c/cmake)
[0.170s] -- Found rosidl_adapter: 3.1.5 (/opt/ros/humble/share/rosidl_adapter/cmake)
[0.175s] -- Found rosidl_generator_cpp: 3.1.5 (/opt/ros/humble/share/rosidl_generator_cpp/cmake)
[0.184s] -- Using all available rosidl_typesupport_c: rosidl_typesupport_fastrtps_c;rosidl_typesupport_introspection_c
[0.194s] -- Using all available rosidl_typesupport_cpp: rosidl_typesupport_fastrtps_cpp;rosidl_typesupport_introspection_cpp
[0.222s] -- Found rmw_implementation_cmake: 6.1.2 (/opt/ros/humble/share/rmw_implementation_cmake/cmake)
[0.224s] -- Found rmw_fastrtps_cpp: 6.2.7 (/opt/ros/humble/share/rmw_fastrtps_cpp/cmake)
[0.309s] -- Using RMW implementation 'rmw_fastrtps_cpp' as default
[0.347s] -- Found robotis_manipulator: 1.0.0 (/home/harmeet/rbe500_ws/install/robotis_manipulator/share/robotis_manipulator/cmake)
[0.406s] -- Configuring done
[0.420s] -- Generating done
[0.421s] -- Build files have been written to: /home/harmeet/rbe500_ws/build/open_manipulator_x_libs
[0.427s] Invoked command in '/home/harmeet/rbe500_ws/build/open_manipulator_x_libs' returned '0': CMAKE_PREFIX_PATH=/home/harmeet/rbe500_ws/install/robotis_manipulator:/home/harmeet/rbe500_ws/install/dynamixel_workbench_toolbox:/home/harmeet/rbe500_ws/install/dynamixel_sdk:/home/harmeet/rbe500_ws/install/cmake_modules:/home/harmeet/rbe500_ws/install/open_manipulator:/home/harmeet/rbe500_ws/install/open_manipulator_x_controller:/home/harmeet/rbe500_ws/install/open_manipulator_x_libs:/home/harmeet/rbe500_ws/install/rbe500-example:/home/harmeet/rbe500_ws/install/open_manipulator_x_description:/home/harmeet/rbe500_ws/install/open_manipulator_msgs:/home/harmeet/rbe500_ws/install/dynamixel_workbench:/home/harmeet/rbe500_ws/install/dynamixel_sdk_examples:/home/harmeet/rbe500_ws/install/dynamixel_sdk_custom_interfaces:/home/harmeet/rbe500_ws/install/rbe500_example_py:/opt/ros/humble LD_LIBRARY_PATH=/home/harmeet/rbe500_ws/install/robotis_manipulator/lib:/home/harmeet/rbe500_ws/install/dynamixel_workbench_toolbox/lib:/home/harmeet/rbe500_ws/install/dynamixel_sdk/lib:/home/harmeet/rbe500_ws/install/open_manipulator_x_libs/lib:/home/harmeet/rbe500_ws/install/open_manipulator_msgs/lib:/home/harmeet/rbe500_ws/install/dynamixel_sdk_custom_interfaces/lib:/opt/ros/humble/opt/rviz_ogre_vendor/lib:/opt/ros/humble/lib/x86_64-linux-gnu:/opt/ros/humble/lib /usr/bin/cmake /home/harmeet/rbe500_ws/src/open_manipulator/open_manipulator_x_libs -DCMAKE_INSTALL_PREFIX=/home/harmeet/rbe500_ws/install/open_manipulator_x_libs
[0.429s] Invoking command in '/home/harmeet/rbe500_ws/build/open_manipulator_x_libs': CMAKE_PREFIX_PATH=/home/harmeet/rbe500_ws/install/robotis_manipulator:/home/harmeet/rbe500_ws/install/dynamixel_workbench_toolbox:/home/harmeet/rbe500_ws/install/dynamixel_sdk:/home/harmeet/rbe500_ws/install/cmake_modules:/home/harmeet/rbe500_ws/install/open_manipulator:/home/harmeet/rbe500_ws/install/open_manipulator_x_controller:/home/harmeet/rbe500_ws/install/open_manipulator_x_libs:/home/harmeet/rbe500_ws/install/rbe500-example:/home/harmeet/rbe500_ws/install/open_manipulator_x_description:/home/harmeet/rbe500_ws/install/open_manipulator_msgs:/home/harmeet/rbe500_ws/install/dynamixel_workbench:/home/harmeet/rbe500_ws/install/dynamixel_sdk_examples:/home/harmeet/rbe500_ws/install/dynamixel_sdk_custom_interfaces:/home/harmeet/rbe500_ws/install/rbe500_example_py:/opt/ros/humble LD_LIBRARY_PATH=/home/harmeet/rbe500_ws/install/robotis_manipulator/lib:/home/harmeet/rbe500_ws/install/dynamixel_workbench_toolbox/lib:/home/harmeet/rbe500_ws/install/dynamixel_sdk/lib:/home/harmeet/rbe500_ws/install/open_manipulator_x_libs/lib:/home/harmeet/rbe500_ws/install/open_manipulator_msgs/lib:/home/harmeet/rbe500_ws/install/dynamixel_sdk_custom_interfaces/lib:/opt/ros/humble/opt/rviz_ogre_vendor/lib:/opt/ros/humble/lib/x86_64-linux-gnu:/opt/ros/humble/lib /usr/bin/cmake --build /home/harmeet/rbe500_ws/build/open_manipulator_x_libs -- -j16 -l16
[0.458s] [35m[1mConsolidate compiler generated dependencies of target open_manipulator_x_libs[0m
[0.470s] [100%] Built target open_manipulator_x_libs
[0.477s] Invoked command in '/home/harmeet/rbe500_ws/build/open_manipulator_x_libs' returned '0': CMAKE_PREFIX_PATH=/home/harmeet/rbe500_ws/install/robotis_manipulator:/home/harmeet/rbe500_ws/install/dynamixel_workbench_toolbox:/home/harmeet/rbe500_ws/install/dynamixel_sdk:/home/harmeet/rbe500_ws/install/cmake_modules:/home/harmeet/rbe500_ws/install/open_manipulator:/home/harmeet/rbe500_ws/install/open_manipulator_x_controller:/home/harmeet/rbe500_ws/install/open_manipulator_x_libs:/home/harmeet/rbe500_ws/install/rbe500-example:/home/harmeet/rbe500_ws/install/open_manipulator_x_description:/home/harmeet/rbe500_ws/install/open_manipulator_msgs:/home/harmeet/rbe500_ws/install/dynamixel_workbench:/home/harmeet/rbe500_ws/install/dynamixel_sdk_examples:/home/harmeet/rbe500_ws/install/dynamixel_sdk_custom_interfaces:/home/harmeet/rbe500_ws/install/rbe500_example_py:/opt/ros/humble LD_LIBRARY_PATH=/home/harmeet/rbe500_ws/install/robotis_manipulator/lib:/home/harmeet/rbe500_ws/install/dynamixel_workbench_toolbox/lib:/home/harmeet/rbe500_ws/install/dynamixel_sdk/lib:/home/harmeet/rbe500_ws/install/open_manipulator_x_libs/lib:/home/harmeet/rbe500_ws/install/open_manipulator_msgs/lib:/home/harmeet/rbe500_ws/install/dynamixel_sdk_custom_interfaces/lib:/opt/ros/humble/opt/rviz_ogre_vendor/lib:/opt/ros/humble/lib/x86_64-linux-gnu:/opt/ros/humble/lib /usr/bin/cmake --build /home/harmeet/rbe500_ws/build/open_manipulator_x_libs -- -j16 -l16
[0.499s] Invoking command in '/home/harmeet/rbe500_ws/build/open_manipulator_x_libs': CMAKE_PREFIX_PATH=/home/harmeet/rbe500_ws/install/robotis_manipulator:/home/harmeet/rbe500_ws/install/dynamixel_workbench_toolbox:/home/harmeet/rbe500_ws/install/dynamixel_sdk:/home/harmeet/rbe500_ws/install/cmake_modules:/home/harmeet/rbe500_ws/install/open_manipulator:/home/harmeet/rbe500_ws/install/open_manipulator_x_controller:/home/harmeet/rbe500_ws/install/open_manipulator_x_libs:/home/harmeet/rbe500_ws/install/rbe500-example:/home/harmeet/rbe500_ws/install/open_manipulator_x_description:/home/harmeet/rbe500_ws/install/open_manipulator_msgs:/home/harmeet/rbe500_ws/install/dynamixel_workbench:/home/harmeet/rbe500_ws/install/dynamixel_sdk_examples:/home/harmeet/rbe500_ws/install/dynamixel_sdk_custom_interfaces:/home/harmeet/rbe500_ws/install/rbe500_example_py:/opt/ros/humble LD_LIBRARY_PATH=/home/harmeet/rbe500_ws/install/robotis_manipulator/lib:/home/harmeet/rbe500_ws/install/dynamixel_workbench_toolbox/lib:/home/harmeet/rbe500_ws/install/dynamixel_sdk/lib:/home/harmeet/rbe500_ws/install/open_manipulator_x_libs/lib:/home/harmeet/rbe500_ws/install/open_manipulator_msgs/lib:/home/harmeet/rbe500_ws/install/dynamixel_sdk_custom_interfaces/lib:/opt/ros/humble/opt/rviz_ogre_vendor/lib:/opt/ros/humble/lib/x86_64-linux-gnu:/opt/ros/humble/lib /usr/bin/cmake --install /home/harmeet/rbe500_ws/build/open_manipulator_x_libs
[0.504s] -- Install configuration: ""
[0.505s] -- Execute custom install script
[0.505s] -- Up-to-date symlink: /home/harmeet/rbe500_ws/install/open_manipulator_x_libs/lib/libopen_manipulator_x_libs.so
[0.505s] -- Up-to-date symlink: /home/harmeet/rbe500_ws/install/open_manipulator_x_libs/include//open_manipulator_x_libs/custom_trajectory.hpp
[0.506s] -- Up-to-date symlink: /home/harmeet/rbe500_ws/install/open_manipulator_x_libs/include//open_manipulator_x_libs/dynamixel.hpp
[0.506s] -- Up-to-date symlink: /home/harmeet/rbe500_ws/install/open_manipulator_x_libs/include//open_manipulator_x_libs/kinematics.hpp
[0.506s] -- Up-to-date symlink: /home/harmeet/rbe500_ws/install/open_manipulator_x_libs/include//open_manipulator_x_libs/open_manipulator_x.hpp
[0.506s] -- Up-to-date symlink: /home/harmeet/rbe500_ws/install/open_manipulator_x_libs/share/open_manipulator_x_libs/environment/library_path.sh
[0.506s] -- Up-to-date symlink: /home/harmeet/rbe500_ws/install/open_manipulator_x_libs/share/open_manipulator_x_libs/environment/library_path.dsv
[0.507s] -- Up-to-date symlink: /home/harmeet/rbe500_ws/install/open_manipulator_x_libs/share/ament_index/resource_index/package_run_dependencies/open_manipulator_x_libs
[0.507s] -- Up-to-date symlink: /home/harmeet/rbe500_ws/install/open_manipulator_x_libs/share/ament_index/resource_index/parent_prefix_path/open_manipulator_x_libs
[0.507s] -- Up-to-date symlink: /home/harmeet/rbe500_ws/install/open_manipulator_x_libs/share/open_manipulator_x_libs/environment/ament_prefix_path.sh
[0.507s] -- Up-to-date symlink: /home/harmeet/rbe500_ws/install/open_manipulator_x_libs/share/open_manipulator_x_libs/environment/ament_prefix_path.dsv
[0.507s] -- Up-to-date symlink: /home/harmeet/rbe500_ws/install/open_manipulator_x_libs/share/open_manipulator_x_libs/environment/path.sh
[0.507s] -- Up-to-date symlink: /home/harmeet/rbe500_ws/install/open_manipulator_x_libs/share/open_manipulator_x_libs/environment/path.dsv
[0.507s] -- Up-to-date symlink: /home/harmeet/rbe500_ws/install/open_manipulator_x_libs/share/open_manipulator_x_libs/local_setup.bash
[0.507s] -- Up-to-date symlink: /home/harmeet/rbe500_ws/install/open_manipulator_x_libs/share/open_manipulator_x_libs/local_setup.sh
[0.507s] -- Up-to-date symlink: /home/harmeet/rbe500_ws/install/open_manipulator_x_libs/share/open_manipulator_x_libs/local_setup.zsh
[0.508s] -- Up-to-date symlink: /home/harmeet/rbe500_ws/install/open_manipulator_x_libs/share/open_manipulator_x_libs/local_setup.dsv
[0.508s] -- Symlinking: /home/harmeet/rbe500_ws/install/open_manipulator_x_libs/share/open_manipulator_x_libs/package.dsv
[0.514s] -- Up-to-date symlink: /home/harmeet/rbe500_ws/install/open_manipulator_x_libs/share/ament_index/resource_index/packages/open_manipulator_x_libs
[0.514s] -- Up-to-date symlink: /home/harmeet/rbe500_ws/install/open_manipulator_x_libs/share/open_manipulator_x_libs/cmake/ament_cmake_export_include_directories-extras.cmake
[0.514s] -- Up-to-date symlink: /home/harmeet/rbe500_ws/install/open_manipulator_x_libs/share/open_manipulator_x_libs/cmake/ament_cmake_export_dependencies-extras.cmake
[0.514s] -- Up-to-date symlink: /home/harmeet/rbe500_ws/install/open_manipulator_x_libs/share/open_manipulator_x_libs/cmake/ament_cmake_export_libraries-extras.cmake
[0.514s] -- Up-to-date symlink: /home/harmeet/rbe500_ws/install/open_manipulator_x_libs/share/open_manipulator_x_libs/cmake/open_manipulator_x_libsConfig.cmake
[0.514s] -- Up-to-date symlink: /home/harmeet/rbe500_ws/install/open_manipulator_x_libs/share/open_manipulator_x_libs/cmake/open_manipulator_x_libsConfig-version.cmake
[0.514s] -- Up-to-date symlink: /home/harmeet/rbe500_ws/install/open_manipulator_x_libs/share/open_manipulator_x_libs/package.xml
[0.516s] Invoked command in '/home/harmeet/rbe500_ws/build/open_manipulator_x_libs' returned '0': CMAKE_PREFIX_PATH=/home/harmeet/rbe500_ws/install/robotis_manipulator:/home/harmeet/rbe500_ws/install/dynamixel_workbench_toolbox:/home/harmeet/rbe500_ws/install/dynamixel_sdk:/home/harmeet/rbe500_ws/install/cmake_modules:/home/harmeet/rbe500_ws/install/open_manipulator:/home/harmeet/rbe500_ws/install/open_manipulator_x_controller:/home/harmeet/rbe500_ws/install/open_manipulator_x_libs:/home/harmeet/rbe500_ws/install/rbe500-example:/home/harmeet/rbe500_ws/install/open_manipulator_x_description:/home/harmeet/rbe500_ws/install/open_manipulator_msgs:/home/harmeet/rbe500_ws/install/dynamixel_workbench:/home/harmeet/rbe500_ws/install/dynamixel_sdk_examples:/home/harmeet/rbe500_ws/install/dynamixel_sdk_custom_interfaces:/home/harmeet/rbe500_ws/install/rbe500_example_py:/opt/ros/humble LD_LIBRARY_PATH=/home/harmeet/rbe500_ws/install/robotis_manipulator/lib:/home/harmeet/rbe500_ws/install/dynamixel_workbench_toolbox/lib:/home/harmeet/rbe500_ws/install/dynamixel_sdk/lib:/home/harmeet/rbe500_ws/install/open_manipulator_x_libs/lib:/home/harmeet/rbe500_ws/install/open_manipulator_msgs/lib:/home/harmeet/rbe500_ws/install/dynamixel_sdk_custom_interfaces/lib:/opt/ros/humble/opt/rviz_ogre_vendor/lib:/opt/ros/humble/lib/x86_64-linux-gnu:/opt/ros/humble/lib /usr/bin/cmake --install /home/harmeet/rbe500_ws/build/open_manipulator_x_libs
