[0.017s] Invoking command in '/home/harmeet/rbe500_ws/build/cmake_modules': CMAKE_PREFIX_PATH=${CMAKE_PREFIX_PATH}:/home/harmeet/rbe500_ws/install/rbe500_example_py:/opt/ros/humble /usr/bin/cmake /home/harmeet/rbe500_ws/src/open_manipulator_dependencies/cmake_modules -DCMAKE_INSTALL_PREFIX=/home/harmeet/rbe500_ws/install/cmake_modules
[0.102s] -- Found ament_cmake: 1.3.10 (/opt/ros/humble/share/ament_cmake/cmake)
[0.207s] -- Override CMake install command with custom implementation using symlinks instead of copying resources
[0.278s] -- Configuring done
[0.280s] -- Generating done
[0.280s] -- Build files have been written to: /home/harmeet/rbe500_ws/build/cmake_modules
[0.285s] Invoked command in '/home/harmeet/rbe500_ws/build/cmake_modules' returned '0': CMAKE_PREFIX_PATH=${CMAKE_PREFIX_PATH}:/home/harmeet/rbe500_ws/install/rbe500_example_py:/opt/ros/humble /usr/bin/cmake /home/harmeet/rbe500_ws/src/open_manipulator_dependencies/cmake_modules -DCMAKE_INSTALL_PREFIX=/home/harmeet/rbe500_ws/install/cmake_modules
[0.286s] Invoking command in '/home/harmeet/rbe500_ws/build/cmake_modules': CMAKE_PREFIX_PATH=${CMAKE_PREFIX_PATH}:/home/harmeet/rbe500_ws/install/rbe500_example_py:/opt/ros/humble /usr/bin/cmake --build /home/harmeet/rbe500_ws/build/cmake_modules -- -j16 -l16
[0.319s] Invoked command in '/home/harmeet/rbe500_ws/build/cmake_modules' returned '0': CMAKE_PREFIX_PATH=${CMAKE_PREFIX_PATH}:/home/harmeet/rbe500_ws/install/rbe500_example_py:/opt/ros/humble /usr/bin/cmake --build /home/harmeet/rbe500_ws/build/cmake_modules -- -j16 -l16
[0.343s] Invoking command in '/home/harmeet/rbe500_ws/build/cmake_modules': CMAKE_PREFIX_PATH=${CMAKE_PREFIX_PATH}:/home/harmeet/rbe500_ws/install/rbe500_example_py:/opt/ros/humble /usr/bin/cmake --install /home/harmeet/rbe500_ws/build/cmake_modules
[0.348s] -- Install configuration: ""
[0.348s] -- Execute custom install script
[0.348s] -- Up-to-date symlink: /home/harmeet/rbe500_ws/install/cmake_modules/share/cmake_modules/cmake/Modules/FindGSL.cmake
[0.349s] -- Up-to-date symlink: /home/harmeet/rbe500_ws/install/cmake_modules/share/cmake_modules/cmake/Modules/FindGflags.cmake
[0.349s] -- Up-to-date symlink: /home/harmeet/rbe500_ws/install/cmake_modules/share/cmake_modules/cmake/Modules/FindNUMPY.cmake
[0.349s] -- Up-to-date symlink: /home/harmeet/rbe500_ws/install/cmake_modules/share/cmake_modules/cmake/Modules/FindPoco.cmake
[0.349s] -- Up-to-date symlink: /home/harmeet/rbe500_ws/install/cmake_modules/share/cmake_modules/cmake/Modules/FindTBB.cmake
[0.349s] -- Up-to-date symlink: /home/harmeet/rbe500_ws/install/cmake_modules/share/cmake_modules/cmake/Modules/FindTinyXML.cmake
[0.350s] -- Up-to-date symlink: /home/harmeet/rbe500_ws/install/cmake_modules/share/cmake_modules/cmake/Modules/FindTinyXML2.cmake
[0.350s] -- Up-to-date symlink: /home/harmeet/rbe500_ws/install/cmake_modules/share/cmake_modules/cmake/Modules/FindUUID.cmake
[0.350s] -- Up-to-date symlink: /home/harmeet/rbe500_ws/install/cmake_modules/share/cmake_modules/cmake/Modules/FindXenomai.cmake
[0.350s] -- Up-to-date symlink: /home/harmeet/rbe500_ws/install/cmake_modules/share/ament_index/resource_index/package_run_dependencies/cmake_modules
[0.350s] -- Up-to-date symlink: /home/harmeet/rbe500_ws/install/cmake_modules/share/ament_index/resource_index/parent_prefix_path/cmake_modules
[0.351s] -- Up-to-date symlink: /home/harmeet/rbe500_ws/install/cmake_modules/share/cmake_modules/environment/ament_prefix_path.sh
[0.351s] -- Up-to-date symlink: /home/harmeet/rbe500_ws/install/cmake_modules/share/cmake_modules/environment/ament_prefix_path.dsv
[0.351s] -- Up-to-date symlink: /home/harmeet/rbe500_ws/install/cmake_modules/share/cmake_modules/environment/path.sh
[0.351s] -- Up-to-date symlink: /home/harmeet/rbe500_ws/install/cmake_modules/share/cmake_modules/environment/path.dsv
[0.351s] -- Up-to-date symlink: /home/harmeet/rbe500_ws/install/cmake_modules/share/cmake_modules/local_setup.bash
[0.352s] -- Up-to-date symlink: /home/harmeet/rbe500_ws/install/cmake_modules/share/cmake_modules/local_setup.sh
[0.352s] -- Up-to-date symlink: /home/harmeet/rbe500_ws/install/cmake_modules/share/cmake_modules/local_setup.zsh
[0.352s] -- Up-to-date symlink: /home/harmeet/rbe500_ws/install/cmake_modules/share/cmake_modules/local_setup.dsv
[0.352s] -- Symlinking: /home/harmeet/rbe500_ws/install/cmake_modules/share/cmake_modules/package.dsv
[0.359s] -- Up-to-date symlink: /home/harmeet/rbe500_ws/install/cmake_modules/share/ament_index/resource_index/packages/cmake_modules
[0.359s] -- Up-to-date symlink: /home/harmeet/rbe500_ws/install/cmake_modules/share/cmake_modules/cmake/cmake_modules-extras.cmake
[0.359s] -- Up-to-date symlink: /home/harmeet/rbe500_ws/install/cmake_modules/share/cmake_modules/cmake/ament_cmake_export_dependencies-extras.cmake
[0.360s] -- Up-to-date symlink: /home/harmeet/rbe500_ws/install/cmake_modules/share/cmake_modules/cmake/cmake_modulesConfig.cmake
[0.360s] -- Up-to-date symlink: /home/harmeet/rbe500_ws/install/cmake_modules/share/cmake_modules/cmake/cmake_modulesConfig-version.cmake
[0.360s] -- Up-to-date symlink: /home/harmeet/rbe500_ws/install/cmake_modules/share/cmake_modules/package.xml
[0.362s] Invoked command in '/home/harmeet/rbe500_ws/build/cmake_modules' returned '0': CMAKE_PREFIX_PATH=${CMAKE_PREFIX_PATH}:/home/harmeet/rbe500_ws/install/rbe500_example_py:/opt/ros/humble /usr/bin/cmake --install /home/harmeet/rbe500_ws/build/cmake_modules
