[0.520s] Invoking command in '/home/harmeet/rbe500_ws/src/rbe500_example_py': PYTHONPATH=/home/harmeet/rbe500_ws/build/rbe500_example_py/prefix_override:/usr/lib/python3/dist-packages/colcon_core/task/python/colcon_distutils_commands:/home/harmeet/rbe500_ws/install/rbe500_example_py/lib/python3.10/site-packages:${PYTHONPATH} /usr/bin/python3 -W ignore:setup.py install is deprecated setup.py egg_info --egg-base ../../build/rbe500_example_py build --build-base /home/harmeet/rbe500_ws/build/rbe500_example_py/build install --record /home/harmeet/rbe500_ws/build/rbe500_example_py/install.log --single-version-externally-managed install_data
[0.686s] running egg_info
[0.687s] writing ../../build/rbe500_example_py/rbe500_example_py.egg-info/PKG-INFO
[0.687s] writing dependency_links to ../../build/rbe500_example_py/rbe500_example_py.egg-info/dependency_links.txt
[0.687s] writing entry points to ../../build/rbe500_example_py/rbe500_example_py.egg-info/entry_points.txt
[0.687s] writing requirements to ../../build/rbe500_example_py/rbe500_example_py.egg-info/requires.txt
[0.687s] writing top-level names to ../../build/rbe500_example_py/rbe500_example_py.egg-info/top_level.txt
[0.688s] reading manifest file '../../build/rbe500_example_py/rbe500_example_py.egg-info/SOURCES.txt'
[0.689s] writing manifest file '../../build/rbe500_example_py/rbe500_example_py.egg-info/SOURCES.txt'
[0.689s] running build
[0.689s] running build_py
[0.689s] running install
[0.689s] running install_lib
[0.690s] running install_data
[0.690s] running install_egg_info
[0.692s] removing '/home/harmeet/rbe500_ws/install/rbe500_example_py/lib/python3.10/site-packages/rbe500_example_py-0.0.0-py3.10.egg-info' (and everything under it)
[0.692s] Copying ../../build/rbe500_example_py/rbe500_example_py.egg-info to /home/harmeet/rbe500_ws/install/rbe500_example_py/lib/python3.10/site-packages/rbe500_example_py-0.0.0-py3.10.egg-info
[0.692s] running install_scripts
[0.705s] Installing basic_robot_control script to /home/harmeet/rbe500_ws/install/rbe500_example_py/lib/rbe500_example_py
[0.705s] Installing basic_robot_inverse script to /home/harmeet/rbe500_ws/install/rbe500_example_py/lib/rbe500_example_py
[0.705s] writing list of installed files to '/home/harmeet/rbe500_ws/build/rbe500_example_py/install.log'
[0.720s] Invoked command in '/home/harmeet/rbe500_ws/src/rbe500_example_py' returned '0': PYTHONPATH=/home/harmeet/rbe500_ws/build/rbe500_example_py/prefix_override:/usr/lib/python3/dist-packages/colcon_core/task/python/colcon_distutils_commands:/home/harmeet/rbe500_ws/install/rbe500_example_py/lib/python3.10/site-packages:${PYTHONPATH} /usr/bin/python3 -W ignore:setup.py install is deprecated setup.py egg_info --egg-base ../../build/rbe500_example_py build --build-base /home/harmeet/rbe500_ws/build/rbe500_example_py/build install --record /home/harmeet/rbe500_ws/build/rbe500_example_py/install.log --single-version-externally-managed install_data
