[1.038s] Invoking command in '/root/RBE500_Manipulator_Project/workspace/src/ForwardKinematics': AMENT_PREFIX_PATH=/root/RBE500_Manipulator_Project/workspace/install/open_manipulator_msgs:${AMENT_PREFIX_PATH} CMAKE_PREFIX_PATH=/root/RBE500_Manipulator_Project/workspace/install/open_manipulator_msgs LD_LIBRARY_PATH=/root/RBE500_Manipulator_Project/workspace/install/open_manipulator_msgs/lib:${LD_LIBRARY_PATH} PYTHONPATH=/root/RBE500_Manipulator_Project/workspace/build/ForwardKinematics/prefix_override:/usr/lib/python3/dist-packages/colcon_core/task/python/colcon_distutils_commands:/root/RBE500_Manipulator_Project/workspace/install/ForwardKinematics/lib/python3.10/site-packages:/root/RBE500_Manipulator_Project/workspace/install/open_manipulator_msgs/local/lib/python3.10/dist-packages:${PYTHONPATH} /usr/bin/python3 -W ignore:setup.py install is deprecated setup.py egg_info --egg-base ../../build/ForwardKinematics build --build-base /root/RBE500_Manipulator_Project/workspace/build/ForwardKinematics/build install --record /root/RBE500_Manipulator_Project/workspace/build/ForwardKinematics/install.log --single-version-externally-managed install_data
[1.278s] running egg_info
[1.279s] writing ../../build/ForwardKinematics/ForwardKinematics.egg-info/PKG-INFO
[1.279s] writing dependency_links to ../../build/ForwardKinematics/ForwardKinematics.egg-info/dependency_links.txt
[1.279s] writing entry points to ../../build/ForwardKinematics/ForwardKinematics.egg-info/entry_points.txt
[1.280s] writing requirements to ../../build/ForwardKinematics/ForwardKinematics.egg-info/requires.txt
[1.280s] writing top-level names to ../../build/ForwardKinematics/ForwardKinematics.egg-info/top_level.txt
[1.282s] reading manifest file '../../build/ForwardKinematics/ForwardKinematics.egg-info/SOURCES.txt'
[1.283s] writing manifest file '../../build/ForwardKinematics/ForwardKinematics.egg-info/SOURCES.txt'
[1.283s] running build
[1.284s] running build_py
[1.284s] running install
[1.285s] running install_lib
[1.286s] running install_data
[1.287s] running install_egg_info
[1.289s] removing '/root/RBE500_Manipulator_Project/workspace/install/ForwardKinematics/lib/python3.10/site-packages/ForwardKinematics-0.0.0-py3.10.egg-info' (and everything under it)
[1.289s] Copying ../../build/ForwardKinematics/ForwardKinematics.egg-info to /root/RBE500_Manipulator_Project/workspace/install/ForwardKinematics/lib/python3.10/site-packages/ForwardKinematics-0.0.0-py3.10.egg-info
[1.290s] running install_scripts
[1.316s] Installing ForwardKinematics script to /root/RBE500_Manipulator_Project/workspace/install/ForwardKinematics/lib/ForwardKinematics
[1.316s] writing list of installed files to '/root/RBE500_Manipulator_Project/workspace/build/ForwardKinematics/install.log'
[1.355s] Invoked command in '/root/RBE500_Manipulator_Project/workspace/src/ForwardKinematics' returned '0': AMENT_PREFIX_PATH=/root/RBE500_Manipulator_Project/workspace/install/open_manipulator_msgs:${AMENT_PREFIX_PATH} CMAKE_PREFIX_PATH=/root/RBE500_Manipulator_Project/workspace/install/open_manipulator_msgs LD_LIBRARY_PATH=/root/RBE500_Manipulator_Project/workspace/install/open_manipulator_msgs/lib:${LD_LIBRARY_PATH} PYTHONPATH=/root/RBE500_Manipulator_Project/workspace/build/ForwardKinematics/prefix_override:/usr/lib/python3/dist-packages/colcon_core/task/python/colcon_distutils_commands:/root/RBE500_Manipulator_Project/workspace/install/ForwardKinematics/lib/python3.10/site-packages:/root/RBE500_Manipulator_Project/workspace/install/open_manipulator_msgs/local/lib/python3.10/dist-packages:${PYTHONPATH} /usr/bin/python3 -W ignore:setup.py install is deprecated setup.py egg_info --egg-base ../../build/ForwardKinematics build --build-base /root/RBE500_Manipulator_Project/workspace/build/ForwardKinematics/build install --record /root/RBE500_Manipulator_Project/workspace/build/ForwardKinematics/install.log --single-version-externally-managed install_data
