running egg_info
writing ../../build/InverseKinematics/InverseKinematics.egg-info/PKG-INFO
writing dependency_links to ../../build/InverseKinematics/InverseKinematics.egg-info/dependency_links.txt
writing entry points to ../../build/InverseKinematics/InverseKinematics.egg-info/entry_points.txt
writing requirements to ../../build/InverseKinematics/InverseKinematics.egg-info/requires.txt
writing top-level names to ../../build/InverseKinematics/InverseKinematics.egg-info/top_level.txt
reading manifest file '../../build/InverseKinematics/InverseKinematics.egg-info/SOURCES.txt'
writing manifest file '../../build/InverseKinematics/InverseKinematics.egg-info/SOURCES.txt'
running build
running build_py
copying InverseKinematics/InverseKinematics.py -> /root/RBE500_Manipulator_Project/workspace/build/InverseKinematics/build/lib/InverseKinematics
running install
running install_lib
copying /root/RBE500_Manipulator_Project/workspace/build/InverseKinematics/build/lib/InverseKinematics/InverseKinematics.py -> /root/RBE500_Manipulator_Project/workspace/install/InverseKinematics/lib/python3.10/site-packages/InverseKinematics
byte-compiling /root/RBE500_Manipulator_Project/workspace/install/InverseKinematics/lib/python3.10/site-packages/InverseKinematics/InverseKinematics.py to InverseKinematics.cpython-310.pyc
running install_egg_info
removing '/root/RBE500_Manipulator_Project/workspace/install/InverseKinematics/lib/python3.10/site-packages/InverseKinematics-0.0.0-py3.10.egg-info' (and everything under it)
Copying ../../build/InverseKinematics/InverseKinematics.egg-info to /root/RBE500_Manipulator_Project/workspace/install/InverseKinematics/lib/python3.10/site-packages/InverseKinematics-0.0.0-py3.10.egg-info
running install_scripts
Installing InverseKinematics script to /root/RBE500_Manipulator_Project/workspace/install/InverseKinematics/lib/InverseKinematics
writing list of installed files to '/root/RBE500_Manipulator_Project/workspace/build/InverseKinematics/install.log'
