[0.027s] Invoking command in '/root/RBE500_Manipulator_Project/workspace/build/open_manipulator_x_description': CMAKE_PREFIX_PATH=/root/RBE500_Manipulator_Project/workspace/install/InverseKinematics:/root/RBE500_Manipulator_Project/workspace/install/ForwardKinematics:/opt/ros/humble /usr/bin/cmake /root/RBE500_Manipulator_Project/workspace/src/OpenManipulatorX_ROS2/open_manipulator/open_manipulator_x_description -DCMAKE_INSTALL_PREFIX=/root/RBE500_Manipulator_Project/workspace/install/open_manipulator_x_description
[0.260s] -- The C compiler identification is GNU 11.4.0
[0.325s] -- The CXX compiler identification is GNU 11.4.0
[0.337s] -- Detecting C compiler ABI info
[0.401s] -- Detecting C compiler ABI info - done
[0.407s] -- Check for working C compiler: /usr/bin/cc - skipped
[0.408s] -- Detecting C compile features
[0.408s] -- Detecting C compile features - done
[0.412s] -- Detecting CXX compiler ABI info
[0.488s] -- Detecting CXX compiler ABI info - done
[0.500s] -- Check for working CXX compiler: /usr/bin/c++ - skipped
[0.500s] -- Detecting CXX compile features
[0.501s] -- Detecting CXX compile features - done
[0.504s] -- Found ament_cmake: 1.3.10 (/opt/ros/humble/share/ament_cmake/cmake)
[0.682s] -- Found Python3: /usr/bin/python3 (found version "3.10.12") found components: Interpreter 
[0.848s] -- Configuring done
[0.850s] -- Generating done
[0.851s] -- Build files have been written to: /root/RBE500_Manipulator_Project/workspace/build/open_manipulator_x_description
[0.859s] Invoked command in '/root/RBE500_Manipulator_Project/workspace/build/open_manipulator_x_description' returned '0': CMAKE_PREFIX_PATH=/root/RBE500_Manipulator_Project/workspace/install/InverseKinematics:/root/RBE500_Manipulator_Project/workspace/install/ForwardKinematics:/opt/ros/humble /usr/bin/cmake /root/RBE500_Manipulator_Project/workspace/src/OpenManipulatorX_ROS2/open_manipulator/open_manipulator_x_description -DCMAKE_INSTALL_PREFIX=/root/RBE500_Manipulator_Project/workspace/install/open_manipulator_x_description
[0.860s] Invoking command in '/root/RBE500_Manipulator_Project/workspace/build/open_manipulator_x_description': CMAKE_PREFIX_PATH=/root/RBE500_Manipulator_Project/workspace/install/InverseKinematics:/root/RBE500_Manipulator_Project/workspace/install/ForwardKinematics:/opt/ros/humble /usr/bin/cmake --build /root/RBE500_Manipulator_Project/workspace/build/open_manipulator_x_description -- -j12 -l12
[0.888s] Invoked command in '/root/RBE500_Manipulator_Project/workspace/build/open_manipulator_x_description' returned '0': CMAKE_PREFIX_PATH=/root/RBE500_Manipulator_Project/workspace/install/InverseKinematics:/root/RBE500_Manipulator_Project/workspace/install/ForwardKinematics:/opt/ros/humble /usr/bin/cmake --build /root/RBE500_Manipulator_Project/workspace/build/open_manipulator_x_description -- -j12 -l12
[0.910s] Invoking command in '/root/RBE500_Manipulator_Project/workspace/build/open_manipulator_x_description': CMAKE_PREFIX_PATH=/root/RBE500_Manipulator_Project/workspace/install/InverseKinematics:/root/RBE500_Manipulator_Project/workspace/install/ForwardKinematics:/opt/ros/humble /usr/bin/cmake --install /root/RBE500_Manipulator_Project/workspace/build/open_manipulator_x_description
[0.920s] -- Install configuration: ""
[0.925s] -- Installing: /root/RBE500_Manipulator_Project/workspace/install/open_manipulator_x_description/share/open_manipulator_x_description/launch
[0.926s] -- Installing: /root/RBE500_Manipulator_Project/workspace/install/open_manipulator_x_description/share/open_manipulator_x_description/launch/open_manipulator_x_rviz.launch.py
[0.926s] -- Installing: /root/RBE500_Manipulator_Project/workspace/install/open_manipulator_x_description/share/open_manipulator_x_description/launch/.DS_Store
[0.926s] -- Installing: /root/RBE500_Manipulator_Project/workspace/install/open_manipulator_x_description/share/open_manipulator_x_description/meshes
[0.927s] -- Installing: /root/RBE500_Manipulator_Project/workspace/install/open_manipulator_x_description/share/open_manipulator_x_description/meshes/chain_link_grip_l.stl
[0.927s] -- Installing: /root/RBE500_Manipulator_Project/workspace/install/open_manipulator_x_description/share/open_manipulator_x_description/meshes/chain_link1.stl
[0.927s] -- Installing: /root/RBE500_Manipulator_Project/workspace/install/open_manipulator_x_description/share/open_manipulator_x_description/meshes/chain_link5.stl
[0.928s] -- Installing: /root/RBE500_Manipulator_Project/workspace/install/open_manipulator_x_description/share/open_manipulator_x_description/meshes/chain_link2.stl
[0.929s] -- Installing: /root/RBE500_Manipulator_Project/workspace/install/open_manipulator_x_description/share/open_manipulator_x_description/meshes/chain_link4.stl
[0.929s] -- Installing: /root/RBE500_Manipulator_Project/workspace/install/open_manipulator_x_description/share/open_manipulator_x_description/meshes/chain_link3.stl
[0.929s] -- Installing: /root/RBE500_Manipulator_Project/workspace/install/open_manipulator_x_description/share/open_manipulator_x_description/meshes/chain_link_grip_r.stl
[0.929s] -- Installing: /root/RBE500_Manipulator_Project/workspace/install/open_manipulator_x_description/share/open_manipulator_x_description/rviz
[0.929s] -- Installing: /root/RBE500_Manipulator_Project/workspace/install/open_manipulator_x_description/share/open_manipulator_x_description/rviz/open_manipulator_x.rviz
[0.929s] -- Installing: /root/RBE500_Manipulator_Project/workspace/install/open_manipulator_x_description/share/open_manipulator_x_description/urdf
[0.930s] -- Installing: /root/RBE500_Manipulator_Project/workspace/install/open_manipulator_x_description/share/open_manipulator_x_description/urdf/open_manipulator_x_robot.urdf.xacro
[0.930s] -- Installing: /root/RBE500_Manipulator_Project/workspace/install/open_manipulator_x_description/share/open_manipulator_x_description/urdf/open_manipulator_x.gazebo.xacro
[0.931s] -- Installing: /root/RBE500_Manipulator_Project/workspace/install/open_manipulator_x_description/share/open_manipulator_x_description/urdf/materials.xacro
[0.931s] -- Installing: /root/RBE500_Manipulator_Project/workspace/install/open_manipulator_x_description/share/open_manipulator_x_description/urdf/open_manipulator_x.transmission.xacro
[0.931s] -- Installing: /root/RBE500_Manipulator_Project/workspace/install/open_manipulator_x_description/share/open_manipulator_x_description/urdf/open_manipulator_x.urdf.xacro
[0.931s] -- Installing: /root/RBE500_Manipulator_Project/workspace/install/open_manipulator_x_description/share/ament_index/resource_index/package_run_dependencies/open_manipulator_x_description
[0.931s] -- Installing: /root/RBE500_Manipulator_Project/workspace/install/open_manipulator_x_description/share/ament_index/resource_index/parent_prefix_path/open_manipulator_x_description
[0.932s] -- Installing: /root/RBE500_Manipulator_Project/workspace/install/open_manipulator_x_description/share/open_manipulator_x_description/environment/ament_prefix_path.sh
[0.932s] -- Installing: /root/RBE500_Manipulator_Project/workspace/install/open_manipulator_x_description/share/open_manipulator_x_description/environment/ament_prefix_path.dsv
[0.932s] -- Installing: /root/RBE500_Manipulator_Project/workspace/install/open_manipulator_x_description/share/open_manipulator_x_description/environment/path.sh
[0.932s] -- Installing: /root/RBE500_Manipulator_Project/workspace/install/open_manipulator_x_description/share/open_manipulator_x_description/environment/path.dsv
[0.933s] -- Installing: /root/RBE500_Manipulator_Project/workspace/install/open_manipulator_x_description/share/open_manipulator_x_description/local_setup.bash
[0.933s] -- Installing: /root/RBE500_Manipulator_Project/workspace/install/open_manipulator_x_description/share/open_manipulator_x_description/local_setup.sh
[0.933s] -- Installing: /root/RBE500_Manipulator_Project/workspace/install/open_manipulator_x_description/share/open_manipulator_x_description/local_setup.zsh
[0.935s] -- Installing: /root/RBE500_Manipulator_Project/workspace/install/open_manipulator_x_description/share/open_manipulator_x_description/local_setup.dsv
[0.935s] -- Installing: /root/RBE500_Manipulator_Project/workspace/install/open_manipulator_x_description/share/open_manipulator_x_description/package.dsv
[0.935s] -- Installing: /root/RBE500_Manipulator_Project/workspace/install/open_manipulator_x_description/share/ament_index/resource_index/packages/open_manipulator_x_description
[0.937s] -- Installing: /root/RBE500_Manipulator_Project/workspace/install/open_manipulator_x_description/share/open_manipulator_x_description/cmake/open_manipulator_x_descriptionConfig.cmake
[0.937s] -- Installing: /root/RBE500_Manipulator_Project/workspace/install/open_manipulator_x_description/share/open_manipulator_x_description/cmake/open_manipulator_x_descriptionConfig-version.cmake
[0.938s] -- Installing: /root/RBE500_Manipulator_Project/workspace/install/open_manipulator_x_description/share/open_manipulator_x_description/package.xml
[0.952s] Invoked command in '/root/RBE500_Manipulator_Project/workspace/build/open_manipulator_x_description' returned '0': CMAKE_PREFIX_PATH=/root/RBE500_Manipulator_Project/workspace/install/InverseKinematics:/root/RBE500_Manipulator_Project/workspace/install/ForwardKinematics:/opt/ros/humble /usr/bin/cmake --install /root/RBE500_Manipulator_Project/workspace/build/open_manipulator_x_description
