[0.015s] Invoking command in '/home/harmeet/rbe500_ws/build/inversekinematics_interfaces': CMAKE_PREFIX_PATH=/opt/ros/humble /usr/bin/cmake /home/harmeet/rbe500_ws/src/inversekinematics_interfaces -DCMAKE_INSTALL_PREFIX=/home/harmeet/rbe500_ws/install/inversekinematics_interfaces
[0.022s] -- Found ament_cmake: 1.3.10 (/opt/ros/humble/share/ament_cmake/cmake)
[0.136s] -- Found ament_lint_auto: 0.12.11 (/opt/ros/humble/share/ament_lint_auto/cmake)
[0.184s] -- Found rclcpp: 16.0.10 (/opt/ros/humble/share/rclcpp/cmake)
[0.203s] -- Found rosidl_generator_c: 3.1.5 (/opt/ros/humble/share/rosidl_generator_c/cmake)
[0.205s] -- Found rosidl_adapter: 3.1.5 (/opt/ros/humble/share/rosidl_adapter/cmake)
[0.209s] -- Found rosidl_generator_cpp: 3.1.5 (/opt/ros/humble/share/rosidl_generator_cpp/cmake)
[0.216s] -- Using all available rosidl_typesupport_c: rosidl_typesupport_fastrtps_c;rosidl_typesupport_introspection_c
[0.225s] -- Using all available rosidl_typesupport_cpp: rosidl_typesupport_fastrtps_cpp;rosidl_typesupport_introspection_cpp
[0.250s] -- Found rmw_implementation_cmake: 6.1.2 (/opt/ros/humble/share/rmw_implementation_cmake/cmake)
[0.251s] -- Found rmw_fastrtps_cpp: 6.2.7 (/opt/ros/humble/share/rmw_fastrtps_cpp/cmake)
[0.324s] -- Using RMW implementation 'rmw_fastrtps_cpp' as default
[0.362s] -- Found rosidl_default_generators: 1.2.0 (/opt/ros/humble/share/rosidl_default_generators/cmake)
[0.499s] [31mCMake Error at /opt/ros/humble/share/rosidl_adapter/cmake/rosidl_adapt_interfaces.cmake:59 (message):
[0.499s]   execute_process(/usr/bin/python3 -m rosidl_adapter --package-name
[0.499s]   inversekinematics_interfaces --arguments-file
[0.499s]   /home/harmeet/rbe500_ws/build/inversekinematics_interfaces/rosidl_adapter__arguments__inversekinematics_interfaces.json
[0.499s]   --output-dir
[0.499s]   /home/harmeet/rbe500_ws/build/inversekinematics_interfaces/rosidl_adapter/inversekinematics_interfaces
[0.499s]   --output-file
[0.499s]   /home/harmeet/rbe500_ws/build/inversekinematics_interfaces/rosidl_adapter/inversekinematics_interfaces.idls)
[0.499s]   returned error code 1:
[0.500s] 
[0.500s]   Traceback (most recent call last):
[0.500s] 
[0.500s]     File "/usr/lib/python3.10/runpy.py", line 196, in _run_module_as_main
[0.500s]       return _run_code(code, main_globals, None,
[0.500s]     File "/usr/lib/python3.10/runpy.py", line 86, in _run_code
[0.500s]       exec(code, run_globals)
[0.500s]     File "/opt/ros/humble/local/lib/python3.10/dist-packages/rosidl_adapter/__main__.py", line 19, in <module>
[0.500s] -- Configuring incomplete, errors occurred!
[0.500s] See also "/home/harmeet/rbe500_ws/build/inversekinematics_interfaces/CMakeFiles/CMakeOutput.log".
[0.500s]       sys.exit(main())
[0.500s]     File "/opt/ros/humble/local/lib/python3.10/dist-packages/rosidl_adapter/main.py", line 53, in main
[0.500s]       abs_idl_file = convert_to_idl(
[0.500s]     File "/opt/ros/humble/local/lib/python3.10/dist-packages/rosidl_adapter/__init__.py", line 24, in convert_to_idl
[0.500s]       return convert_srv_to_idl(
[0.500s]     File "/opt/ros/humble/local/lib/python3.10/dist-packages/rosidl_adapter/srv/__init__.py", line 28, in convert_srv_to_idl
[0.500s]       srv = parse_service_string(package_name, input_file.stem, content)
[0.500s]     File "/opt/ros/humble/local/lib/python3.10/dist-packages/rosidl_adapter/parser.py", line 850, in parse_service_string
[0.500s]       raise InvalidServiceSpecification(
[0.500s] 
[0.500s]   rosidl_adapter.parser.InvalidServiceSpecification: Could not find separator
[0.500s]   '---' between request and response
[0.501s] 
[0.501s] Call Stack (most recent call first):
[0.501s]   /opt/ros/humble/share/rosidl_cmake/cmake/rosidl_generate_interfaces.cmake:130 (rosidl_adapt_interfaces)
[0.501s]   CMakeLists.txt:30 (rosidl_generate_interfaces)
[0.501s] 
[0.501s] [0m
[0.506s] Invoked command in '/home/harmeet/rbe500_ws/build/inversekinematics_interfaces' returned '1': CMAKE_PREFIX_PATH=/opt/ros/humble /usr/bin/cmake /home/harmeet/rbe500_ws/src/inversekinematics_interfaces -DCMAKE_INSTALL_PREFIX=/home/harmeet/rbe500_ws/install/inversekinematics_interfaces
