running egg_info
creating ../../build/velocity_kinematics/velocity_kinematics.egg-info
writing ../../build/velocity_kinematics/velocity_kinematics.egg-info/PKG-INFO
writing dependency_links to ../../build/velocity_kinematics/velocity_kinematics.egg-info/dependency_links.txt
writing entry points to ../../build/velocity_kinematics/velocity_kinematics.egg-info/entry_points.txt
writing requirements to ../../build/velocity_kinematics/velocity_kinematics.egg-info/requires.txt
writing top-level names to ../../build/velocity_kinematics/velocity_kinematics.egg-info/top_level.txt
writing manifest file '../../build/velocity_kinematics/velocity_kinematics.egg-info/SOURCES.txt'
reading manifest file '../../build/velocity_kinematics/velocity_kinematics.egg-info/SOURCES.txt'
writing manifest file '../../build/velocity_kinematics/velocity_kinematics.egg-info/SOURCES.txt'
running build
running build_py
creating /root/RBE500_Manipulator_Project/ws_2/build/velocity_kinematics/build
creating /root/RBE500_Manipulator_Project/ws_2/build/velocity_kinematics/build/lib
creating /root/RBE500_Manipulator_Project/ws_2/build/velocity_kinematics/build/lib/velocity_kinematics
copying velocity_kinematics/__init__.py -> /root/RBE500_Manipulator_Project/ws_2/build/velocity_kinematics/build/lib/velocity_kinematics
copying velocity_kinematics/joint_to_endeffector_node.py -> /root/RBE500_Manipulator_Project/ws_2/build/velocity_kinematics/build/lib/velocity_kinematics
copying velocity_kinematics/endeffector_to_joint_node.py -> /root/RBE500_Manipulator_Project/ws_2/build/velocity_kinematics/build/lib/velocity_kinematics
running install
running install_lib
creating /root/RBE500_Manipulator_Project/ws_2/install/velocity_kinematics/lib/python3.10/site-packages/velocity_kinematics
copying /root/RBE500_Manipulator_Project/ws_2/build/velocity_kinematics/build/lib/velocity_kinematics/__init__.py -> /root/RBE500_Manipulator_Project/ws_2/install/velocity_kinematics/lib/python3.10/site-packages/velocity_kinematics
copying /root/RBE500_Manipulator_Project/ws_2/build/velocity_kinematics/build/lib/velocity_kinematics/joint_to_endeffector_node.py -> /root/RBE500_Manipulator_Project/ws_2/install/velocity_kinematics/lib/python3.10/site-packages/velocity_kinematics
copying /root/RBE500_Manipulator_Project/ws_2/build/velocity_kinematics/build/lib/velocity_kinematics/endeffector_to_joint_node.py -> /root/RBE500_Manipulator_Project/ws_2/install/velocity_kinematics/lib/python3.10/site-packages/velocity_kinematics
byte-compiling /root/RBE500_Manipulator_Project/ws_2/install/velocity_kinematics/lib/python3.10/site-packages/velocity_kinematics/__init__.py to __init__.cpython-310.pyc
byte-compiling /root/RBE500_Manipulator_Project/ws_2/install/velocity_kinematics/lib/python3.10/site-packages/velocity_kinematics/joint_to_endeffector_node.py to joint_to_endeffector_node.cpython-310.pyc
byte-compiling /root/RBE500_Manipulator_Project/ws_2/install/velocity_kinematics/lib/python3.10/site-packages/velocity_kinematics/endeffector_to_joint_node.py to endeffector_to_joint_node.cpython-310.pyc
running install_data
copying resource/velocity_kinematics -> /root/RBE500_Manipulator_Project/ws_2/install/velocity_kinematics/share/ament_index/resource_index/packages
copying package.xml -> /root/RBE500_Manipulator_Project/ws_2/install/velocity_kinematics/share/velocity_kinematics
running install_egg_info
Copying ../../build/velocity_kinematics/velocity_kinematics.egg-info to /root/RBE500_Manipulator_Project/ws_2/install/velocity_kinematics/lib/python3.10/site-packages/velocity_kinematics-0.0.0-py3.10.egg-info
running install_scripts
Installing endeffector_to_joint_velocity_service script to /root/RBE500_Manipulator_Project/ws_2/install/velocity_kinematics/lib/velocity_kinematics
Installing joint_to_endeffector_velocity_service script to /root/RBE500_Manipulator_Project/ws_2/install/velocity_kinematics/lib/velocity_kinematics
writing list of installed files to '/root/RBE500_Manipulator_Project/ws_2/build/velocity_kinematics/install.log'
