[0.247s] Invoking command in '/root/RBE500_Manipulator_Project/ws_2/build/velocity_kinematics_interfaces': CMAKE_PREFIX_PATH=${CMAKE_PREFIX_PATH}:/opt/ros/humble /usr/bin/cmake --build /root/RBE500_Manipulator_Project/ws_2/build/velocity_kinematics_interfaces -- -j12 -l12
[0.268s] -- Found ament_cmake: 1.3.10 (/opt/ros/humble/share/ament_cmake/cmake)
[0.397s] -- Found rclpy: 3.3.14 (/opt/ros/humble/share/rclpy/cmake)
[0.398s] -- Found std_msgs: 4.2.4 (/opt/ros/humble/share/std_msgs/cmake)
[0.421s] -- Found rosidl_generator_c: 3.1.5 (/opt/ros/humble/share/rosidl_generator_c/cmake)
[0.424s] -- Found rosidl_adapter: 3.1.5 (/opt/ros/humble/share/rosidl_adapter/cmake)
[0.430s] -- Found rosidl_generator_cpp: 3.1.5 (/opt/ros/humble/share/rosidl_generator_cpp/cmake)
[0.442s] -- Using all available rosidl_typesupport_c: rosidl_typesupport_fastrtps_c;rosidl_typesupport_introspection_c
[0.455s] -- Using all available rosidl_typesupport_cpp: rosidl_typesupport_fastrtps_cpp;rosidl_typesupport_introspection_cpp
[0.478s] -- Found rosidl_default_generators: 1.2.0 (/opt/ros/humble/share/rosidl_default_generators/cmake)
[0.485s] -- Found ament_lint_auto: 0.12.11 (/opt/ros/humble/share/ament_lint_auto/cmake)
[0.752s] -- Found ament_cmake_ros: 0.10.0 (/opt/ros/humble/share/ament_cmake_ros/cmake)
[1.049s] -- Using all available rosidl_typesupport_c: rosidl_typesupport_fastrtps_c;rosidl_typesupport_introspection_c
[1.163s] -- Using all available rosidl_typesupport_cpp: rosidl_typesupport_fastrtps_cpp;rosidl_typesupport_introspection_cpp
[1.184s] -- Found python_cmake_module: 0.10.0 (/opt/ros/humble/share/python_cmake_module/cmake)
[1.205s] -- Using PYTHON_EXECUTABLE: /usr/bin/python3
[1.205s] -- Using PYTHON_INCLUDE_DIRS: /usr/include/python3.10
[1.205s] -- Using PYTHON_LIBRARIES: /usr/lib/x86_64-linux-gnu/libpython3.10.so
[1.219s] -- Added test 'lint_cmake' to check CMake code style
[1.220s] -- Added test 'xmllint' to check XML markup files
[1.223s] -- Configuring done
[1.253s] -- Generating done
[1.256s] -- Build files have been written to: /root/RBE500_Manipulator_Project/ws_2/build/velocity_kinematics_interfaces
[1.275s] [  2%] [34m[1mGenerating C code for ROS interfaces[0m
[1.284s] [  4%] [34m[1mGenerating C++ code for ROS interfaces[0m
[1.294s] [  4%] Built target ament_cmake_python_copy_velocity_kinematics_interfaces
[1.578s] running egg_info
[1.579s] writing velocity_kinematics_interfaces.egg-info/PKG-INFO
[1.579s] writing dependency_links to velocity_kinematics_interfaces.egg-info/dependency_links.txt
[1.579s] writing top-level names to velocity_kinematics_interfaces.egg-info/top_level.txt
[1.582s] reading manifest file 'velocity_kinematics_interfaces.egg-info/SOURCES.txt'
[1.583s] writing manifest file 'velocity_kinematics_interfaces.egg-info/SOURCES.txt'
[1.609s] [  4%] Built target ament_cmake_python_build_velocity_kinematics_interfaces_egg
[1.800s] [  4%] Built target velocity_kinematics_interfaces__cpp
[1.813s] [ 10%] [34m[1mGenerating C++ introspection for ROS interfaces[0m
[1.813s] [ 10%] [34m[1mGenerating C++ type support dispatch for ROS interfaces[0m
[1.814s] [ 10%] [34m[1mGenerating C++ type support for eProsima Fast-RTPS[0m
[1.836s] [35m[1mConsolidate compiler generated dependencies of target velocity_kinematics_interfaces__rosidl_generator_c[0m
[1.851s] [ 14%] [32mBuilding C object CMakeFiles/velocity_kinematics_interfaces__rosidl_generator_c.dir/rosidl_generator_c/velocity_kinematics_interfaces/srv/detail/end_effector_joint__functions.c.o[0m
[1.851s] [ 14%] [32mBuilding C object CMakeFiles/velocity_kinematics_interfaces__rosidl_generator_c.dir/rosidl_generator_c/velocity_kinematics_interfaces/msg/detail/end_effector_velocity__functions.c.o[0m
[1.851s] [ 17%] [32mBuilding C object CMakeFiles/velocity_kinematics_interfaces__rosidl_generator_c.dir/rosidl_generator_c/velocity_kinematics_interfaces/srv/detail/joint_end_effector__functions.c.o[0m
[1.920s] [ 19%] [32m[1mLinking C shared library libvelocity_kinematics_interfaces__rosidl_generator_c.so[0m
[1.954s] [ 19%] Built target velocity_kinematics_interfaces__rosidl_generator_c
[1.964s] [ 23%] [34m[1mGenerating C type support for eProsima Fast-RTPS[0m
[1.965s] [ 23%] [34m[1mGenerating C type support dispatch for ROS interfaces[0m
[1.967s] [ 25%] [34m[1mGenerating C introspection for ROS interfaces[0m
[2.289s] [35m[1mConsolidate compiler generated dependencies of target velocity_kinematics_interfaces__rosidl_typesupport_cpp[0m
[2.309s] [ 29%] [32mBuilding CXX object CMakeFiles/velocity_kinematics_interfaces__rosidl_typesupport_cpp.dir/rosidl_typesupport_cpp/velocity_kinematics_interfaces/srv/joint_end_effector__type_support.cpp.o[0m
[2.309s] [ 29%] [32mBuilding CXX object CMakeFiles/velocity_kinematics_interfaces__rosidl_typesupport_cpp.dir/rosidl_typesupport_cpp/velocity_kinematics_interfaces/srv/end_effector_joint__type_support.cpp.o[0m
[2.309s] [ 31%] [32mBuilding CXX object CMakeFiles/velocity_kinematics_interfaces__rosidl_typesupport_cpp.dir/rosidl_typesupport_cpp/velocity_kinematics_interfaces/msg/end_effector_velocity__type_support.cpp.o[0m
[2.368s] [35m[1mConsolidate compiler generated dependencies of target velocity_kinematics_interfaces__rosidl_typesupport_introspection_cpp[0m
[2.384s] [ 34%] [32mBuilding CXX object CMakeFiles/velocity_kinematics_interfaces__rosidl_typesupport_introspection_cpp.dir/rosidl_typesupport_introspection_cpp/velocity_kinematics_interfaces/srv/detail/joint_end_effector__type_support.cpp.o[0m
[2.387s] [ 36%] [32mBuilding CXX object CMakeFiles/velocity_kinematics_interfaces__rosidl_typesupport_introspection_cpp.dir/rosidl_typesupport_introspection_cpp/velocity_kinematics_interfaces/srv/detail/end_effector_joint__type_support.cpp.o[0m
[2.395s] [ 38%] [32mBuilding CXX object CMakeFiles/velocity_kinematics_interfaces__rosidl_typesupport_introspection_cpp.dir/rosidl_typesupport_introspection_cpp/velocity_kinematics_interfaces/msg/detail/end_effector_velocity__type_support.cpp.o[0m
[2.450s] [35m[1mConsolidate compiler generated dependencies of target velocity_kinematics_interfaces__rosidl_typesupport_c[0m
[2.467s] [ 44%] [32mBuilding CXX object CMakeFiles/velocity_kinematics_interfaces__rosidl_typesupport_c.dir/rosidl_typesupport_c/velocity_kinematics_interfaces/srv/end_effector_joint__type_support.cpp.o[0m
[2.467s] [ 44%] [32mBuilding CXX object CMakeFiles/velocity_kinematics_interfaces__rosidl_typesupport_c.dir/rosidl_typesupport_c/velocity_kinematics_interfaces/srv/joint_end_effector__type_support.cpp.o[0m
[2.467s] [ 44%] [32mBuilding CXX object CMakeFiles/velocity_kinematics_interfaces__rosidl_typesupport_c.dir/rosidl_typesupport_c/velocity_kinematics_interfaces/msg/end_effector_velocity__type_support.cpp.o[0m
[2.528s] [ 46%] [32m[1mLinking CXX shared library libvelocity_kinematics_interfaces__rosidl_typesupport_c.so[0m
[2.530s] [35m[1mConsolidate compiler generated dependencies of target velocity_kinematics_interfaces__rosidl_typesupport_fastrtps_cpp[0m
[2.550s] [ 48%] [32mBuilding CXX object CMakeFiles/velocity_kinematics_interfaces__rosidl_typesupport_fastrtps_cpp.dir/rosidl_typesupport_fastrtps_cpp/velocity_kinematics_interfaces/srv/detail/dds_fastrtps/end_effector_joint__type_support.cpp.o[0m
[2.552s] [ 51%] [32mBuilding CXX object CMakeFiles/velocity_kinematics_interfaces__rosidl_typesupport_fastrtps_cpp.dir/rosidl_typesupport_fastrtps_cpp/velocity_kinematics_interfaces/srv/detail/dds_fastrtps/joint_end_effector__type_support.cpp.o[0m
[2.556s] [ 53%] [32mBuilding CXX object CMakeFiles/velocity_kinematics_interfaces__rosidl_typesupport_fastrtps_cpp.dir/rosidl_typesupport_fastrtps_cpp/velocity_kinematics_interfaces/msg/detail/dds_fastrtps/end_effector_velocity__type_support.cpp.o[0m
[2.611s] [ 53%] Built target velocity_kinematics_interfaces__rosidl_typesupport_c
[2.697s] [35m[1mConsolidate compiler generated dependencies of target velocity_kinematics_interfaces__rosidl_typesupport_introspection_c[0m
[2.713s] [35m[1mConsolidate compiler generated dependencies of target velocity_kinematics_interfaces__rosidl_typesupport_fastrtps_c[0m
[2.719s] [ 55%] [32mBuilding C object CMakeFiles/velocity_kinematics_interfaces__rosidl_typesupport_introspection_c.dir/rosidl_typesupport_introspection_c/velocity_kinematics_interfaces/srv/detail/end_effector_joint__type_support.c.o[0m
[2.720s] [ 57%] [32mBuilding C object CMakeFiles/velocity_kinematics_interfaces__rosidl_typesupport_introspection_c.dir/rosidl_typesupport_introspection_c/velocity_kinematics_interfaces/srv/detail/joint_end_effector__type_support.c.o[0m
[2.742s] [ 59%] [32mBuilding CXX object CMakeFiles/velocity_kinematics_interfaces__rosidl_typesupport_fastrtps_c.dir/rosidl_typesupport_fastrtps_c/velocity_kinematics_interfaces/srv/detail/joint_end_effector__type_support_c.cpp.o[0m
[2.779s] [ 61%] [32mBuilding CXX object CMakeFiles/velocity_kinematics_interfaces__rosidl_typesupport_fastrtps_c.dir/rosidl_typesupport_fastrtps_c/velocity_kinematics_interfaces/srv/detail/end_effector_joint__type_support_c.cpp.o[0m
[2.792s] [ 63%] [32mBuilding C object CMakeFiles/velocity_kinematics_interfaces__rosidl_typesupport_introspection_c.dir/rosidl_typesupport_introspection_c/velocity_kinematics_interfaces/msg/detail/end_effector_velocity__type_support.c.o[0m
[2.800s] [ 65%] [32mBuilding CXX object CMakeFiles/velocity_kinematics_interfaces__rosidl_typesupport_fastrtps_c.dir/rosidl_typesupport_fastrtps_c/velocity_kinematics_interfaces/msg/detail/end_effector_velocity__type_support_c.cpp.o[0m
[2.847s] [ 68%] [32m[1mLinking C shared library libvelocity_kinematics_interfaces__rosidl_typesupport_introspection_c.so[0m
[2.854s] [ 70%] [32m[1mLinking CXX shared library libvelocity_kinematics_interfaces__rosidl_typesupport_cpp.so[0m
[2.897s] [ 70%] Built target velocity_kinematics_interfaces__rosidl_typesupport_introspection_c
[2.913s] [ 70%] Built target velocity_kinematics_interfaces__rosidl_typesupport_cpp
[3.210s] [ 72%] [32m[1mLinking CXX shared library libvelocity_kinematics_interfaces__rosidl_typesupport_introspection_cpp.so[0m
[3.262s] [ 72%] Built target velocity_kinematics_interfaces__rosidl_typesupport_introspection_cpp
[3.332s] [ 74%] [32m[1mLinking CXX shared library libvelocity_kinematics_interfaces__rosidl_typesupport_fastrtps_cpp.so[0m
[3.351s] [ 76%] [32m[1mLinking CXX shared library libvelocity_kinematics_interfaces__rosidl_typesupport_fastrtps_c.so[0m
[3.412s] [ 76%] Built target velocity_kinematics_interfaces__rosidl_typesupport_fastrtps_cpp
[3.434s] [ 76%] Built target velocity_kinematics_interfaces__rosidl_typesupport_fastrtps_c
[3.452s] [ 76%] Built target velocity_kinematics_interfaces
[3.470s] [ 78%] [34m[1mGenerating Python code for ROS interfaces[0m
[4.273s] [ 78%] Built target velocity_kinematics_interfaces__py
[4.281s] [35m[1mConsolidate compiler generated dependencies of target velocity_kinematics_interfaces__rosidl_generator_py[0m
[4.294s] [ 80%] [32mBuilding C object CMakeFiles/velocity_kinematics_interfaces__rosidl_generator_py.dir/rosidl_generator_py/velocity_kinematics_interfaces/srv/_joint_end_effector_s.c.o[0m
[4.294s] [ 82%] [32mBuilding C object CMakeFiles/velocity_kinematics_interfaces__rosidl_generator_py.dir/rosidl_generator_py/velocity_kinematics_interfaces/msg/_end_effector_velocity_s.c.o[0m
[4.294s] [ 85%] [32mBuilding C object CMakeFiles/velocity_kinematics_interfaces__rosidl_generator_py.dir/rosidl_generator_py/velocity_kinematics_interfaces/srv/_end_effector_joint_s.c.o[0m
[4.424s] [ 87%] [32m[1mLinking C shared library rosidl_generator_py/velocity_kinematics_interfaces/libvelocity_kinematics_interfaces__rosidl_generator_py.so[0m
[4.456s] [ 87%] Built target velocity_kinematics_interfaces__rosidl_generator_py
[4.465s] [35m[1mConsolidate compiler generated dependencies of target velocity_kinematics_interfaces__rosidl_typesupport_c__pyext[0m
[4.465s] [35m[1mConsolidate compiler generated dependencies of target velocity_kinematics_interfaces__rosidl_typesupport_fastrtps_c__pyext[0m
[4.465s] [35m[1mConsolidate compiler generated dependencies of target velocity_kinematics_interfaces__rosidl_typesupport_introspection_c__pyext[0m
[4.478s] [ 91%] [32mBuilding C object CMakeFiles/velocity_kinematics_interfaces__rosidl_typesupport_c__pyext.dir/rosidl_generator_py/velocity_kinematics_interfaces/_velocity_kinematics_interfaces_s.ep.rosidl_typesupport_c.c.o[0m
[4.478s] [ 91%] [32mBuilding C object CMakeFiles/velocity_kinematics_interfaces__rosidl_typesupport_fastrtps_c__pyext.dir/rosidl_generator_py/velocity_kinematics_interfaces/_velocity_kinematics_interfaces_s.ep.rosidl_typesupport_fastrtps_c.c.o[0m
[4.478s] [ 93%] [32mBuilding C object CMakeFiles/velocity_kinematics_interfaces__rosidl_typesupport_introspection_c__pyext.dir/rosidl_generator_py/velocity_kinematics_interfaces/_velocity_kinematics_interfaces_s.ep.rosidl_typesupport_introspection_c.c.o[0m
[4.593s] [ 95%] [32m[1mLinking C shared library rosidl_generator_py/velocity_kinematics_interfaces/velocity_kinematics_interfaces_s__rosidl_typesupport_c.cpython-310-x86_64-linux-gnu.so[0m
[4.601s] [ 97%] [32m[1mLinking C shared library rosidl_generator_py/velocity_kinematics_interfaces/velocity_kinematics_interfaces_s__rosidl_typesupport_introspection_c.cpython-310-x86_64-linux-gnu.so[0m
[4.604s] [100%] [32m[1mLinking C shared library rosidl_generator_py/velocity_kinematics_interfaces/velocity_kinematics_interfaces_s__rosidl_typesupport_fastrtps_c.cpython-310-x86_64-linux-gnu.so[0m
[4.630s] [100%] Built target velocity_kinematics_interfaces__rosidl_typesupport_c__pyext
[4.636s] [100%] Built target velocity_kinematics_interfaces__rosidl_typesupport_introspection_c__pyext
[4.638s] [100%] Built target velocity_kinematics_interfaces__rosidl_typesupport_fastrtps_c__pyext
[4.648s] Invoked command in '/root/RBE500_Manipulator_Project/ws_2/build/velocity_kinematics_interfaces' returned '0': CMAKE_PREFIX_PATH=${CMAKE_PREFIX_PATH}:/opt/ros/humble /usr/bin/cmake --build /root/RBE500_Manipulator_Project/ws_2/build/velocity_kinematics_interfaces -- -j12 -l12
[4.735s] Invoking command in '/root/RBE500_Manipulator_Project/ws_2/build/velocity_kinematics_interfaces': CMAKE_PREFIX_PATH=${CMAKE_PREFIX_PATH}:/opt/ros/humble /usr/bin/cmake --install /root/RBE500_Manipulator_Project/ws_2/build/velocity_kinematics_interfaces
[4.744s] -- Install configuration: ""
[4.744s] -- Up-to-date: /root/RBE500_Manipulator_Project/ws_2/install/velocity_kinematics_interfaces/share/ament_index/resource_index/rosidl_interfaces/velocity_kinematics_interfaces
[4.744s] -- Up-to-date: /root/RBE500_Manipulator_Project/ws_2/install/velocity_kinematics_interfaces/include/velocity_kinematics_interfaces/velocity_kinematics_interfaces
[4.745s] -- Up-to-date: /root/RBE500_Manipulator_Project/ws_2/install/velocity_kinematics_interfaces/include/velocity_kinematics_interfaces/velocity_kinematics_interfaces/msg
[4.745s] -- Up-to-date: /root/RBE500_Manipulator_Project/ws_2/install/velocity_kinematics_interfaces/include/velocity_kinematics_interfaces/velocity_kinematics_interfaces/msg/rosidl_generator_c__visibility_control.h
[4.745s] -- Installing: /root/RBE500_Manipulator_Project/ws_2/install/velocity_kinematics_interfaces/include/velocity_kinematics_interfaces/velocity_kinematics_interfaces/msg/end_effector_velocity.h
[4.745s] -- Up-to-date: /root/RBE500_Manipulator_Project/ws_2/install/velocity_kinematics_interfaces/include/velocity_kinematics_interfaces/velocity_kinematics_interfaces/msg/detail
[4.745s] -- Installing: /root/RBE500_Manipulator_Project/ws_2/install/velocity_kinematics_interfaces/include/velocity_kinematics_interfaces/velocity_kinematics_interfaces/msg/detail/end_effector_velocity__type_support.h
[4.745s] -- Installing: /root/RBE500_Manipulator_Project/ws_2/install/velocity_kinematics_interfaces/include/velocity_kinematics_interfaces/velocity_kinematics_interfaces/msg/detail/end_effector_velocity__functions.c
[4.745s] -- Installing: /root/RBE500_Manipulator_Project/ws_2/install/velocity_kinematics_interfaces/include/velocity_kinematics_interfaces/velocity_kinematics_interfaces/msg/detail/end_effector_velocity__functions.h
[4.746s] -- Installing: /root/RBE500_Manipulator_Project/ws_2/install/velocity_kinematics_interfaces/include/velocity_kinematics_interfaces/velocity_kinematics_interfaces/msg/detail/end_effector_velocity__struct.h
[4.746s] -- Up-to-date: /root/RBE500_Manipulator_Project/ws_2/install/velocity_kinematics_interfaces/include/velocity_kinematics_interfaces/velocity_kinematics_interfaces/srv
[4.746s] -- Up-to-date: /root/RBE500_Manipulator_Project/ws_2/install/velocity_kinematics_interfaces/include/velocity_kinematics_interfaces/velocity_kinematics_interfaces/srv/joint_to_end_effector.h
[4.746s] -- Up-to-date: /root/RBE500_Manipulator_Project/ws_2/install/velocity_kinematics_interfaces/include/velocity_kinematics_interfaces/velocity_kinematics_interfaces/srv/end_effector_to_joint.h
[4.746s] -- Installing: /root/RBE500_Manipulator_Project/ws_2/install/velocity_kinematics_interfaces/include/velocity_kinematics_interfaces/velocity_kinematics_interfaces/srv/end_effector_joint.h
[4.746s] -- Up-to-date: /root/RBE500_Manipulator_Project/ws_2/install/velocity_kinematics_interfaces/include/velocity_kinematics_interfaces/velocity_kinematics_interfaces/srv/effector_to_joint.h
[4.746s] -- Up-to-date: /root/RBE500_Manipulator_Project/ws_2/install/velocity_kinematics_interfaces/include/velocity_kinematics_interfaces/velocity_kinematics_interfaces/srv/joint_to_effector.h
[4.747s] -- Up-to-date: /root/RBE500_Manipulator_Project/ws_2/install/velocity_kinematics_interfaces/include/velocity_kinematics_interfaces/velocity_kinematics_interfaces/srv/detail
[4.747s] -- Up-to-date: /root/RBE500_Manipulator_Project/ws_2/install/velocity_kinematics_interfaces/include/velocity_kinematics_interfaces/velocity_kinematics_interfaces/srv/detail/joint_to_effector__struct.h
[4.747s] -- Installing: /root/RBE500_Manipulator_Project/ws_2/install/velocity_kinematics_interfaces/include/velocity_kinematics_interfaces/velocity_kinematics_interfaces/srv/detail/joint_end_effector__struct.h
[4.747s] -- Up-to-date: /root/RBE500_Manipulator_Project/ws_2/install/velocity_kinematics_interfaces/include/velocity_kinematics_interfaces/velocity_kinematics_interfaces/srv/detail/effector_to_joint__type_support.h
[4.747s] -- Installing: /root/RBE500_Manipulator_Project/ws_2/install/velocity_kinematics_interfaces/include/velocity_kinematics_interfaces/velocity_kinematics_interfaces/srv/detail/end_effector_joint__struct.h
[4.747s] -- Up-to-date: /root/RBE500_Manipulator_Project/ws_2/install/velocity_kinematics_interfaces/include/velocity_kinematics_interfaces/velocity_kinematics_interfaces/srv/detail/effector_to_joint__functions.c
[4.747s] -- Up-to-date: /root/RBE500_Manipulator_Project/ws_2/install/velocity_kinematics_interfaces/include/velocity_kinematics_interfaces/velocity_kinematics_interfaces/srv/detail/end_effector_to_joint__functions.c
[4.747s] -- Installing: /root/RBE500_Manipulator_Project/ws_2/install/velocity_kinematics_interfaces/include/velocity_kinematics_interfaces/velocity_kinematics_interfaces/srv/detail/joint_end_effector__type_support.h
[4.748s] -- Installing: /root/RBE500_Manipulator_Project/ws_2/install/velocity_kinematics_interfaces/include/velocity_kinematics_interfaces/velocity_kinematics_interfaces/srv/detail/end_effector_joint__type_support.h
[4.748s] -- Up-to-date: /root/RBE500_Manipulator_Project/ws_2/install/velocity_kinematics_interfaces/include/velocity_kinematics_interfaces/velocity_kinematics_interfaces/srv/detail/joint_to_effector__type_support.h
[4.748s] -- Up-to-date: /root/RBE500_Manipulator_Project/ws_2/install/velocity_kinematics_interfaces/include/velocity_kinematics_interfaces/velocity_kinematics_interfaces/srv/detail/joint_to_end_effector__struct.h
[4.748s] -- Up-to-date: /root/RBE500_Manipulator_Project/ws_2/install/velocity_kinematics_interfaces/include/velocity_kinematics_interfaces/velocity_kinematics_interfaces/srv/detail/joint_to_effector__functions.h
[4.748s] -- Up-to-date: /root/RBE500_Manipulator_Project/ws_2/install/velocity_kinematics_interfaces/include/velocity_kinematics_interfaces/velocity_kinematics_interfaces/srv/detail/end_effector_to_joint__functions.h
[4.748s] -- Installing: /root/RBE500_Manipulator_Project/ws_2/install/velocity_kinematics_interfaces/include/velocity_kinematics_interfaces/velocity_kinematics_interfaces/srv/detail/joint_end_effector__functions.h
[4.748s] -- Up-to-date: /root/RBE500_Manipulator_Project/ws_2/install/velocity_kinematics_interfaces/include/velocity_kinematics_interfaces/velocity_kinematics_interfaces/srv/detail/effector_to_joint__struct.h
[4.748s] -- Installing: /root/RBE500_Manipulator_Project/ws_2/install/velocity_kinematics_interfaces/include/velocity_kinematics_interfaces/velocity_kinematics_interfaces/srv/detail/end_effector_joint__functions.h
[4.748s] -- Up-to-date: /root/RBE500_Manipulator_Project/ws_2/install/velocity_kinematics_interfaces/include/velocity_kinematics_interfaces/velocity_kinematics_interfaces/srv/detail/end_effector_to_joint__type_support.h
[4.749s] -- Installing: /root/RBE500_Manipulator_Project/ws_2/install/velocity_kinematics_interfaces/include/velocity_kinematics_interfaces/velocity_kinematics_interfaces/srv/detail/end_effector_joint__functions.c
[4.749s] -- Up-to-date: /root/RBE500_Manipulator_Project/ws_2/install/velocity_kinematics_interfaces/include/velocity_kinematics_interfaces/velocity_kinematics_interfaces/srv/detail/joint_to_end_effector__functions.c
[4.749s] -- Up-to-date: /root/RBE500_Manipulator_Project/ws_2/install/velocity_kinematics_interfaces/include/velocity_kinematics_interfaces/velocity_kinematics_interfaces/srv/detail/joint_to_end_effector__functions.h
[4.749s] -- Up-to-date: /root/RBE500_Manipulator_Project/ws_2/install/velocity_kinematics_interfaces/include/velocity_kinematics_interfaces/velocity_kinematics_interfaces/srv/detail/joint_to_end_effector__type_support.h
[4.749s] -- Up-to-date: /root/RBE500_Manipulator_Project/ws_2/install/velocity_kinematics_interfaces/include/velocity_kinematics_interfaces/velocity_kinematics_interfaces/srv/detail/end_effector_to_joint__struct.h
[4.749s] -- Installing: /root/RBE500_Manipulator_Project/ws_2/install/velocity_kinematics_interfaces/include/velocity_kinematics_interfaces/velocity_kinematics_interfaces/srv/detail/joint_end_effector__functions.c
[4.749s] -- Up-to-date: /root/RBE500_Manipulator_Project/ws_2/install/velocity_kinematics_interfaces/include/velocity_kinematics_interfaces/velocity_kinematics_interfaces/srv/detail/joint_to_effector__functions.c
[4.749s] -- Up-to-date: /root/RBE500_Manipulator_Project/ws_2/install/velocity_kinematics_interfaces/include/velocity_kinematics_interfaces/velocity_kinematics_interfaces/srv/detail/effector_to_joint__functions.h
[4.750s] -- Installing: /root/RBE500_Manipulator_Project/ws_2/install/velocity_kinematics_interfaces/include/velocity_kinematics_interfaces/velocity_kinematics_interfaces/srv/joint_end_effector.h
[4.750s] -- Up-to-date: /root/RBE500_Manipulator_Project/ws_2/install/velocity_kinematics_interfaces/share/velocity_kinematics_interfaces/environment/library_path.sh
[4.750s] -- Installing: /root/RBE500_Manipulator_Project/ws_2/install/velocity_kinematics_interfaces/share/velocity_kinematics_interfaces/environment/library_path.dsv
[4.750s] -- Installing: /root/RBE500_Manipulator_Project/ws_2/install/velocity_kinematics_interfaces/lib/libvelocity_kinematics_interfaces__rosidl_generator_c.so
[4.750s] -- Set runtime path of "/root/RBE500_Manipulator_Project/ws_2/install/velocity_kinematics_interfaces/lib/libvelocity_kinematics_interfaces__rosidl_generator_c.so" to ""
[4.750s] -- Up-to-date: /root/RBE500_Manipulator_Project/ws_2/install/velocity_kinematics_interfaces/include/velocity_kinematics_interfaces/velocity_kinematics_interfaces
[4.750s] -- Up-to-date: /root/RBE500_Manipulator_Project/ws_2/install/velocity_kinematics_interfaces/include/velocity_kinematics_interfaces/velocity_kinematics_interfaces/msg
[4.750s] -- Up-to-date: /root/RBE500_Manipulator_Project/ws_2/install/velocity_kinematics_interfaces/include/velocity_kinematics_interfaces/velocity_kinematics_interfaces/msg/rosidl_typesupport_fastrtps_c__visibility_control.h
[4.751s] -- Up-to-date: /root/RBE500_Manipulator_Project/ws_2/install/velocity_kinematics_interfaces/include/velocity_kinematics_interfaces/velocity_kinematics_interfaces/msg/detail
[4.751s] -- Installing: /root/RBE500_Manipulator_Project/ws_2/install/velocity_kinematics_interfaces/include/velocity_kinematics_interfaces/velocity_kinematics_interfaces/msg/detail/end_effector_velocity__rosidl_typesupport_fastrtps_c.h
[4.751s] -- Up-to-date: /root/RBE500_Manipulator_Project/ws_2/install/velocity_kinematics_interfaces/include/velocity_kinematics_interfaces/velocity_kinematics_interfaces/srv
[4.751s] -- Up-to-date: /root/RBE500_Manipulator_Project/ws_2/install/velocity_kinematics_interfaces/include/velocity_kinematics_interfaces/velocity_kinematics_interfaces/srv/detail
[4.751s] -- Up-to-date: /root/RBE500_Manipulator_Project/ws_2/install/velocity_kinematics_interfaces/include/velocity_kinematics_interfaces/velocity_kinematics_interfaces/srv/detail/end_effector_to_joint__rosidl_typesupport_fastrtps_c.h
[4.751s] -- Installing: /root/RBE500_Manipulator_Project/ws_2/install/velocity_kinematics_interfaces/include/velocity_kinematics_interfaces/velocity_kinematics_interfaces/srv/detail/joint_end_effector__rosidl_typesupport_fastrtps_c.h
[4.751s] -- Installing: /root/RBE500_Manipulator_Project/ws_2/install/velocity_kinematics_interfaces/include/velocity_kinematics_interfaces/velocity_kinematics_interfaces/srv/detail/end_effector_joint__rosidl_typesupport_fastrtps_c.h
[4.751s] -- Up-to-date: /root/RBE500_Manipulator_Project/ws_2/install/velocity_kinematics_interfaces/include/velocity_kinematics_interfaces/velocity_kinematics_interfaces/srv/detail/joint_to_end_effector__rosidl_typesupport_fastrtps_c.h
[4.751s] -- Up-to-date: /root/RBE500_Manipulator_Project/ws_2/install/velocity_kinematics_interfaces/include/velocity_kinematics_interfaces/velocity_kinematics_interfaces/srv/detail/joint_to_effector__rosidl_typesupport_fastrtps_c.h
[4.752s] -- Up-to-date: /root/RBE500_Manipulator_Project/ws_2/install/velocity_kinematics_interfaces/include/velocity_kinematics_interfaces/velocity_kinematics_interfaces/srv/detail/effector_to_joint__rosidl_typesupport_fastrtps_c.h
[4.752s] -- Installing: /root/RBE500_Manipulator_Project/ws_2/install/velocity_kinematics_interfaces/lib/libvelocity_kinematics_interfaces__rosidl_typesupport_fastrtps_c.so
[4.752s] -- Set runtime path of "/root/RBE500_Manipulator_Project/ws_2/install/velocity_kinematics_interfaces/lib/libvelocity_kinematics_interfaces__rosidl_typesupport_fastrtps_c.so" to ""
[4.752s] -- Up-to-date: /root/RBE500_Manipulator_Project/ws_2/install/velocity_kinematics_interfaces/include/velocity_kinematics_interfaces/velocity_kinematics_interfaces
[4.752s] -- Up-to-date: /root/RBE500_Manipulator_Project/ws_2/install/velocity_kinematics_interfaces/include/velocity_kinematics_interfaces/velocity_kinematics_interfaces/msg
[4.752s] -- Installing: /root/RBE500_Manipulator_Project/ws_2/install/velocity_kinematics_interfaces/include/velocity_kinematics_interfaces/velocity_kinematics_interfaces/msg/end_effector_velocity.hpp
[4.752s] -- Up-to-date: /root/RBE500_Manipulator_Project/ws_2/install/velocity_kinematics_interfaces/include/velocity_kinematics_interfaces/velocity_kinematics_interfaces/msg/detail
[4.752s] -- Installing: /root/RBE500_Manipulator_Project/ws_2/install/velocity_kinematics_interfaces/include/velocity_kinematics_interfaces/velocity_kinematics_interfaces/msg/detail/end_effector_velocity__builder.hpp
[4.753s] -- Installing: /root/RBE500_Manipulator_Project/ws_2/install/velocity_kinematics_interfaces/include/velocity_kinematics_interfaces/velocity_kinematics_interfaces/msg/detail/end_effector_velocity__traits.hpp
[4.753s] -- Installing: /root/RBE500_Manipulator_Project/ws_2/install/velocity_kinematics_interfaces/include/velocity_kinematics_interfaces/velocity_kinematics_interfaces/msg/detail/end_effector_velocity__struct.hpp
[4.753s] -- Up-to-date: /root/RBE500_Manipulator_Project/ws_2/install/velocity_kinematics_interfaces/include/velocity_kinematics_interfaces/velocity_kinematics_interfaces/srv
[4.753s] -- Up-to-date: /root/RBE500_Manipulator_Project/ws_2/install/velocity_kinematics_interfaces/include/velocity_kinematics_interfaces/velocity_kinematics_interfaces/srv/joint_to_end_effector.hpp
[4.753s] -- Installing: /root/RBE500_Manipulator_Project/ws_2/install/velocity_kinematics_interfaces/include/velocity_kinematics_interfaces/velocity_kinematics_interfaces/srv/joint_end_effector.hpp
[4.753s] -- Up-to-date: /root/RBE500_Manipulator_Project/ws_2/install/velocity_kinematics_interfaces/include/velocity_kinematics_interfaces/velocity_kinematics_interfaces/srv/end_effector_to_joint.hpp
[4.753s] -- Up-to-date: /root/RBE500_Manipulator_Project/ws_2/install/velocity_kinematics_interfaces/include/velocity_kinematics_interfaces/velocity_kinematics_interfaces/srv/effector_to_joint.hpp
[4.753s] -- Up-to-date: /root/RBE500_Manipulator_Project/ws_2/install/velocity_kinematics_interfaces/include/velocity_kinematics_interfaces/velocity_kinematics_interfaces/srv/joint_to_effector.hpp
[4.754s] -- Up-to-date: /root/RBE500_Manipulator_Project/ws_2/install/velocity_kinematics_interfaces/include/velocity_kinematics_interfaces/velocity_kinematics_interfaces/srv/detail
[4.754s] -- Up-to-date: /root/RBE500_Manipulator_Project/ws_2/install/velocity_kinematics_interfaces/include/velocity_kinematics_interfaces/velocity_kinematics_interfaces/srv/detail/effector_to_joint__builder.hpp
[4.754s] -- Up-to-date: /root/RBE500_Manipulator_Project/ws_2/install/velocity_kinematics_interfaces/include/velocity_kinematics_interfaces/velocity_kinematics_interfaces/srv/detail/end_effector_to_joint__builder.hpp
[4.754s] -- Up-to-date: /root/RBE500_Manipulator_Project/ws_2/install/velocity_kinematics_interfaces/include/velocity_kinematics_interfaces/velocity_kinematics_interfaces/srv/detail/joint_to_end_effector__builder.hpp
[4.754s] -- Installing: /root/RBE500_Manipulator_Project/ws_2/install/velocity_kinematics_interfaces/include/velocity_kinematics_interfaces/velocity_kinematics_interfaces/srv/detail/joint_end_effector__traits.hpp
[4.754s] -- Up-to-date: /root/RBE500_Manipulator_Project/ws_2/install/velocity_kinematics_interfaces/include/velocity_kinematics_interfaces/velocity_kinematics_interfaces/srv/detail/joint_to_effector__struct.hpp
[4.754s] -- Up-to-date: /root/RBE500_Manipulator_Project/ws_2/install/velocity_kinematics_interfaces/include/velocity_kinematics_interfaces/velocity_kinematics_interfaces/srv/detail/joint_to_effector__traits.hpp
[4.754s] -- Installing: /root/RBE500_Manipulator_Project/ws_2/install/velocity_kinematics_interfaces/include/velocity_kinematics_interfaces/velocity_kinematics_interfaces/srv/detail/joint_end_effector__struct.hpp
[4.755s] -- Up-to-date: /root/RBE500_Manipulator_Project/ws_2/install/velocity_kinematics_interfaces/include/velocity_kinematics_interfaces/velocity_kinematics_interfaces/srv/detail/effector_to_joint__struct.hpp
[4.755s] -- Up-to-date: /root/RBE500_Manipulator_Project/ws_2/install/velocity_kinematics_interfaces/include/velocity_kinematics_interfaces/velocity_kinematics_interfaces/srv/detail/end_effector_to_joint__struct.hpp
[4.755s] -- Up-to-date: /root/RBE500_Manipulator_Project/ws_2/install/velocity_kinematics_interfaces/include/velocity_kinematics_interfaces/velocity_kinematics_interfaces/srv/detail/joint_to_effector__builder.hpp
[4.755s] -- Up-to-date: /root/RBE500_Manipulator_Project/ws_2/install/velocity_kinematics_interfaces/include/velocity_kinematics_interfaces/velocity_kinematics_interfaces/srv/detail/end_effector_to_joint__traits.hpp
[4.755s] -- Up-to-date: /root/RBE500_Manipulator_Project/ws_2/install/velocity_kinematics_interfaces/include/velocity_kinematics_interfaces/velocity_kinematics_interfaces/srv/detail/joint_to_end_effector__struct.hpp
[4.755s] -- Installing: /root/RBE500_Manipulator_Project/ws_2/install/velocity_kinematics_interfaces/include/velocity_kinematics_interfaces/velocity_kinematics_interfaces/srv/detail/end_effector_joint__builder.hpp
[4.755s] -- Installing: /root/RBE500_Manipulator_Project/ws_2/install/velocity_kinematics_interfaces/include/velocity_kinematics_interfaces/velocity_kinematics_interfaces/srv/detail/end_effector_joint__struct.hpp
[4.755s] -- Up-to-date: /root/RBE500_Manipulator_Project/ws_2/install/velocity_kinematics_interfaces/include/velocity_kinematics_interfaces/velocity_kinematics_interfaces/srv/detail/joint_to_end_effector__traits.hpp
[4.755s] -- Installing: /root/RBE500_Manipulator_Project/ws_2/install/velocity_kinematics_interfaces/include/velocity_kinematics_interfaces/velocity_kinematics_interfaces/srv/detail/end_effector_joint__traits.hpp
[4.756s] -- Up-to-date: /root/RBE500_Manipulator_Project/ws_2/install/velocity_kinematics_interfaces/include/velocity_kinematics_interfaces/velocity_kinematics_interfaces/srv/detail/effector_to_joint__traits.hpp
[4.756s] -- Installing: /root/RBE500_Manipulator_Project/ws_2/install/velocity_kinematics_interfaces/include/velocity_kinematics_interfaces/velocity_kinematics_interfaces/srv/detail/joint_end_effector__builder.hpp
[4.756s] -- Installing: /root/RBE500_Manipulator_Project/ws_2/install/velocity_kinematics_interfaces/include/velocity_kinematics_interfaces/velocity_kinematics_interfaces/srv/end_effector_joint.hpp
[4.756s] -- Up-to-date: /root/RBE500_Manipulator_Project/ws_2/install/velocity_kinematics_interfaces/include/velocity_kinematics_interfaces/velocity_kinematics_interfaces
[4.756s] -- Up-to-date: /root/RBE500_Manipulator_Project/ws_2/install/velocity_kinematics_interfaces/include/velocity_kinematics_interfaces/velocity_kinematics_interfaces/msg
[4.756s] -- Up-to-date: /root/RBE500_Manipulator_Project/ws_2/install/velocity_kinematics_interfaces/include/velocity_kinematics_interfaces/velocity_kinematics_interfaces/msg/rosidl_typesupport_fastrtps_cpp__visibility_control.h
[4.756s] -- Up-to-date: /root/RBE500_Manipulator_Project/ws_2/install/velocity_kinematics_interfaces/include/velocity_kinematics_interfaces/velocity_kinematics_interfaces/msg/detail
[4.756s] -- Installing: /root/RBE500_Manipulator_Project/ws_2/install/velocity_kinematics_interfaces/include/velocity_kinematics_interfaces/velocity_kinematics_interfaces/msg/detail/end_effector_velocity__rosidl_typesupport_fastrtps_cpp.hpp
[4.757s] -- Up-to-date: /root/RBE500_Manipulator_Project/ws_2/install/velocity_kinematics_interfaces/include/velocity_kinematics_interfaces/velocity_kinematics_interfaces/msg/detail/dds_fastrtps
[4.757s] -- Up-to-date: /root/RBE500_Manipulator_Project/ws_2/install/velocity_kinematics_interfaces/include/velocity_kinematics_interfaces/velocity_kinematics_interfaces/srv
[4.757s] -- Up-to-date: /root/RBE500_Manipulator_Project/ws_2/install/velocity_kinematics_interfaces/include/velocity_kinematics_interfaces/velocity_kinematics_interfaces/srv/detail
[4.757s] -- Up-to-date: /root/RBE500_Manipulator_Project/ws_2/install/velocity_kinematics_interfaces/include/velocity_kinematics_interfaces/velocity_kinematics_interfaces/srv/detail/joint_to_effector__rosidl_typesupport_fastrtps_cpp.hpp
[4.757s] -- Installing: /root/RBE500_Manipulator_Project/ws_2/install/velocity_kinematics_interfaces/include/velocity_kinematics_interfaces/velocity_kinematics_interfaces/srv/detail/joint_end_effector__rosidl_typesupport_fastrtps_cpp.hpp
[4.757s] -- Up-to-date: /root/RBE500_Manipulator_Project/ws_2/install/velocity_kinematics_interfaces/include/velocity_kinematics_interfaces/velocity_kinematics_interfaces/srv/detail/effector_to_joint__rosidl_typesupport_fastrtps_cpp.hpp
[4.757s] -- Installing: /root/RBE500_Manipulator_Project/ws_2/install/velocity_kinematics_interfaces/include/velocity_kinematics_interfaces/velocity_kinematics_interfaces/srv/detail/end_effector_joint__rosidl_typesupport_fastrtps_cpp.hpp
[4.758s] -- Up-to-date: /root/RBE500_Manipulator_Project/ws_2/install/velocity_kinematics_interfaces/include/velocity_kinematics_interfaces/velocity_kinematics_interfaces/srv/detail/dds_fastrtps
[4.758s] -- Up-to-date: /root/RBE500_Manipulator_Project/ws_2/install/velocity_kinematics_interfaces/include/velocity_kinematics_interfaces/velocity_kinematics_interfaces/srv/detail/joint_to_end_effector__rosidl_typesupport_fastrtps_cpp.hpp
[4.758s] -- Up-to-date: /root/RBE500_Manipulator_Project/ws_2/install/velocity_kinematics_interfaces/include/velocity_kinematics_interfaces/velocity_kinematics_interfaces/srv/detail/end_effector_to_joint__rosidl_typesupport_fastrtps_cpp.hpp
[4.758s] -- Installing: /root/RBE500_Manipulator_Project/ws_2/install/velocity_kinematics_interfaces/lib/libvelocity_kinematics_interfaces__rosidl_typesupport_fastrtps_cpp.so
[4.758s] -- Set runtime path of "/root/RBE500_Manipulator_Project/ws_2/install/velocity_kinematics_interfaces/lib/libvelocity_kinematics_interfaces__rosidl_typesupport_fastrtps_cpp.so" to ""
[4.758s] -- Up-to-date: /root/RBE500_Manipulator_Project/ws_2/install/velocity_kinematics_interfaces/include/velocity_kinematics_interfaces/velocity_kinematics_interfaces
[4.758s] -- Up-to-date: /root/RBE500_Manipulator_Project/ws_2/install/velocity_kinematics_interfaces/include/velocity_kinematics_interfaces/velocity_kinematics_interfaces/msg
[4.759s] -- Up-to-date: /root/RBE500_Manipulator_Project/ws_2/install/velocity_kinematics_interfaces/include/velocity_kinematics_interfaces/velocity_kinematics_interfaces/msg/rosidl_typesupport_introspection_c__visibility_control.h
[4.759s] -- Up-to-date: /root/RBE500_Manipulator_Project/ws_2/install/velocity_kinematics_interfaces/include/velocity_kinematics_interfaces/velocity_kinematics_interfaces/msg/detail
[4.759s] -- Installing: /root/RBE500_Manipulator_Project/ws_2/install/velocity_kinematics_interfaces/include/velocity_kinematics_interfaces/velocity_kinematics_interfaces/msg/detail/end_effector_velocity__rosidl_typesupport_introspection_c.h
[4.759s] -- Installing: /root/RBE500_Manipulator_Project/ws_2/install/velocity_kinematics_interfaces/include/velocity_kinematics_interfaces/velocity_kinematics_interfaces/msg/detail/end_effector_velocity__type_support.c
[4.759s] -- Up-to-date: /root/RBE500_Manipulator_Project/ws_2/install/velocity_kinematics_interfaces/include/velocity_kinematics_interfaces/velocity_kinematics_interfaces/srv
[4.759s] -- Up-to-date: /root/RBE500_Manipulator_Project/ws_2/install/velocity_kinematics_interfaces/include/velocity_kinematics_interfaces/velocity_kinematics_interfaces/srv/detail
[4.759s] -- Up-to-date: /root/RBE500_Manipulator_Project/ws_2/install/velocity_kinematics_interfaces/include/velocity_kinematics_interfaces/velocity_kinematics_interfaces/srv/detail/effector_to_joint__type_support.c
[4.759s] -- Up-to-date: /root/RBE500_Manipulator_Project/ws_2/install/velocity_kinematics_interfaces/include/velocity_kinematics_interfaces/velocity_kinematics_interfaces/srv/detail/joint_to_effector__type_support.c
[4.759s] -- Up-to-date: /root/RBE500_Manipulator_Project/ws_2/install/velocity_kinematics_interfaces/include/velocity_kinematics_interfaces/velocity_kinematics_interfaces/srv/detail/end_effector_to_joint__rosidl_typesupport_introspection_c.h
[4.760s] -- Up-to-date: /root/RBE500_Manipulator_Project/ws_2/install/velocity_kinematics_interfaces/include/velocity_kinematics_interfaces/velocity_kinematics_interfaces/srv/detail/joint_to_effector__rosidl_typesupport_introspection_c.h
[4.760s] -- Installing: /root/RBE500_Manipulator_Project/ws_2/install/velocity_kinematics_interfaces/include/velocity_kinematics_interfaces/velocity_kinematics_interfaces/srv/detail/end_effector_joint__type_support.c
[4.760s] -- Up-to-date: /root/RBE500_Manipulator_Project/ws_2/install/velocity_kinematics_interfaces/include/velocity_kinematics_interfaces/velocity_kinematics_interfaces/srv/detail/joint_to_end_effector__type_support.c
[4.760s] -- Up-to-date: /root/RBE500_Manipulator_Project/ws_2/install/velocity_kinematics_interfaces/include/velocity_kinematics_interfaces/velocity_kinematics_interfaces/srv/detail/end_effector_to_joint__type_support.c
[4.760s] -- Installing: /root/RBE500_Manipulator_Project/ws_2/install/velocity_kinematics_interfaces/include/velocity_kinematics_interfaces/velocity_kinematics_interfaces/srv/detail/joint_end_effector__type_support.c
[4.760s] -- Installing: /root/RBE500_Manipulator_Project/ws_2/install/velocity_kinematics_interfaces/include/velocity_kinematics_interfaces/velocity_kinematics_interfaces/srv/detail/end_effector_joint__rosidl_typesupport_introspection_c.h
[4.761s] -- Up-to-date: /root/RBE500_Manipulator_Project/ws_2/install/velocity_kinematics_interfaces/include/velocity_kinematics_interfaces/velocity_kinematics_interfaces/srv/detail/effector_to_joint__rosidl_typesupport_introspection_c.h
[4.761s] -- Installing: /root/RBE500_Manipulator_Project/ws_2/install/velocity_kinematics_interfaces/include/velocity_kinematics_interfaces/velocity_kinematics_interfaces/srv/detail/joint_end_effector__rosidl_typesupport_introspection_c.h
[4.761s] -- Up-to-date: /root/RBE500_Manipulator_Project/ws_2/install/velocity_kinematics_interfaces/include/velocity_kinematics_interfaces/velocity_kinematics_interfaces/srv/detail/joint_to_end_effector__rosidl_typesupport_introspection_c.h
[4.761s] -- Installing: /root/RBE500_Manipulator_Project/ws_2/install/velocity_kinematics_interfaces/lib/libvelocity_kinematics_interfaces__rosidl_typesupport_introspection_c.so
[4.761s] -- Set runtime path of "/root/RBE500_Manipulator_Project/ws_2/install/velocity_kinematics_interfaces/lib/libvelocity_kinematics_interfaces__rosidl_typesupport_introspection_c.so" to ""
[4.761s] -- Installing: /root/RBE500_Manipulator_Project/ws_2/install/velocity_kinematics_interfaces/lib/libvelocity_kinematics_interfaces__rosidl_typesupport_c.so
[4.761s] -- Set runtime path of "/root/RBE500_Manipulator_Project/ws_2/install/velocity_kinematics_interfaces/lib/libvelocity_kinematics_interfaces__rosidl_typesupport_c.so" to ""
[4.761s] -- Up-to-date: /root/RBE500_Manipulator_Project/ws_2/install/velocity_kinematics_interfaces/include/velocity_kinematics_interfaces/velocity_kinematics_interfaces
[4.762s] -- Up-to-date: /root/RBE500_Manipulator_Project/ws_2/install/velocity_kinematics_interfaces/include/velocity_kinematics_interfaces/velocity_kinematics_interfaces/msg
[4.762s] -- Up-to-date: /root/RBE500_Manipulator_Project/ws_2/install/velocity_kinematics_interfaces/include/velocity_kinematics_interfaces/velocity_kinematics_interfaces/msg/detail
[4.762s] -- Installing: /root/RBE500_Manipulator_Project/ws_2/install/velocity_kinematics_interfaces/include/velocity_kinematics_interfaces/velocity_kinematics_interfaces/msg/detail/end_effector_velocity__type_support.cpp
[4.762s] -- Installing: /root/RBE500_Manipulator_Project/ws_2/install/velocity_kinematics_interfaces/include/velocity_kinematics_interfaces/velocity_kinematics_interfaces/msg/detail/end_effector_velocity__rosidl_typesupport_introspection_cpp.hpp
[4.762s] -- Up-to-date: /root/RBE500_Manipulator_Project/ws_2/install/velocity_kinematics_interfaces/include/velocity_kinematics_interfaces/velocity_kinematics_interfaces/srv
[4.762s] -- Up-to-date: /root/RBE500_Manipulator_Project/ws_2/install/velocity_kinematics_interfaces/include/velocity_kinematics_interfaces/velocity_kinematics_interfaces/srv/detail
[4.762s] -- Up-to-date: /root/RBE500_Manipulator_Project/ws_2/install/velocity_kinematics_interfaces/include/velocity_kinematics_interfaces/velocity_kinematics_interfaces/srv/detail/joint_to_end_effector__type_support.cpp
[4.762s] -- Installing: /root/RBE500_Manipulator_Project/ws_2/install/velocity_kinematics_interfaces/include/velocity_kinematics_interfaces/velocity_kinematics_interfaces/srv/detail/joint_end_effector__type_support.cpp
[4.763s] -- Up-to-date: /root/RBE500_Manipulator_Project/ws_2/install/velocity_kinematics_interfaces/include/velocity_kinematics_interfaces/velocity_kinematics_interfaces/srv/detail/joint_to_effector__type_support.cpp
[4.763s] -- Up-to-date: /root/RBE500_Manipulator_Project/ws_2/install/velocity_kinematics_interfaces/include/velocity_kinematics_interfaces/velocity_kinematics_interfaces/srv/detail/joint_to_effector__rosidl_typesupport_introspection_cpp.hpp
[4.763s] -- Up-to-date: /root/RBE500_Manipulator_Project/ws_2/install/velocity_kinematics_interfaces/include/velocity_kinematics_interfaces/velocity_kinematics_interfaces/srv/detail/joint_to_end_effector__rosidl_typesupport_introspection_cpp.hpp
[4.763s] -- Up-to-date: /root/RBE500_Manipulator_Project/ws_2/install/velocity_kinematics_interfaces/include/velocity_kinematics_interfaces/velocity_kinematics_interfaces/srv/detail/effector_to_joint__type_support.cpp
[4.763s] -- Installing: /root/RBE500_Manipulator_Project/ws_2/install/velocity_kinematics_interfaces/include/velocity_kinematics_interfaces/velocity_kinematics_interfaces/srv/detail/joint_end_effector__rosidl_typesupport_introspection_cpp.hpp
[4.763s] -- Up-to-date: /root/RBE500_Manipulator_Project/ws_2/install/velocity_kinematics_interfaces/include/velocity_kinematics_interfaces/velocity_kinematics_interfaces/srv/detail/end_effector_to_joint__type_support.cpp
[4.763s] -- Installing: /root/RBE500_Manipulator_Project/ws_2/install/velocity_kinematics_interfaces/include/velocity_kinematics_interfaces/velocity_kinematics_interfaces/srv/detail/end_effector_joint__rosidl_typesupport_introspection_cpp.hpp
[4.763s] -- Up-to-date: /root/RBE500_Manipulator_Project/ws_2/install/velocity_kinematics_interfaces/include/velocity_kinematics_interfaces/velocity_kinematics_interfaces/srv/detail/effector_to_joint__rosidl_typesupport_introspection_cpp.hpp
[4.764s] -- Up-to-date: /root/RBE500_Manipulator_Project/ws_2/install/velocity_kinematics_interfaces/include/velocity_kinematics_interfaces/velocity_kinematics_interfaces/srv/detail/end_effector_to_joint__rosidl_typesupport_introspection_cpp.hpp
[4.764s] -- Installing: /root/RBE500_Manipulator_Project/ws_2/install/velocity_kinematics_interfaces/include/velocity_kinematics_interfaces/velocity_kinematics_interfaces/srv/detail/end_effector_joint__type_support.cpp
[4.764s] -- Installing: /root/RBE500_Manipulator_Project/ws_2/install/velocity_kinematics_interfaces/lib/libvelocity_kinematics_interfaces__rosidl_typesupport_introspection_cpp.so
[4.764s] -- Set runtime path of "/root/RBE500_Manipulator_Project/ws_2/install/velocity_kinematics_interfaces/lib/libvelocity_kinematics_interfaces__rosidl_typesupport_introspection_cpp.so" to ""
[4.764s] -- Installing: /root/RBE500_Manipulator_Project/ws_2/install/velocity_kinematics_interfaces/lib/libvelocity_kinematics_interfaces__rosidl_typesupport_cpp.so
[4.764s] -- Set runtime path of "/root/RBE500_Manipulator_Project/ws_2/install/velocity_kinematics_interfaces/lib/libvelocity_kinematics_interfaces__rosidl_typesupport_cpp.so" to ""
[4.764s] -- Up-to-date: /root/RBE500_Manipulator_Project/ws_2/install/velocity_kinematics_interfaces/share/velocity_kinematics_interfaces/environment/pythonpath.sh
[4.764s] -- Installing: /root/RBE500_Manipulator_Project/ws_2/install/velocity_kinematics_interfaces/share/velocity_kinematics_interfaces/environment/pythonpath.dsv
[4.765s] -- Up-to-date: /root/RBE500_Manipulator_Project/ws_2/install/velocity_kinematics_interfaces/local/lib/python3.10/dist-packages/velocity_kinematics_interfaces-0.0.0-py3.10.egg-info
[4.765s] -- Installing: /root/RBE500_Manipulator_Project/ws_2/install/velocity_kinematics_interfaces/local/lib/python3.10/dist-packages/velocity_kinematics_interfaces-0.0.0-py3.10.egg-info/dependency_links.txt
[4.765s] -- Installing: /root/RBE500_Manipulator_Project/ws_2/install/velocity_kinematics_interfaces/local/lib/python3.10/dist-packages/velocity_kinematics_interfaces-0.0.0-py3.10.egg-info/top_level.txt
[4.765s] -- Installing: /root/RBE500_Manipulator_Project/ws_2/install/velocity_kinematics_interfaces/local/lib/python3.10/dist-packages/velocity_kinematics_interfaces-0.0.0-py3.10.egg-info/PKG-INFO
[4.765s] -- Installing: /root/RBE500_Manipulator_Project/ws_2/install/velocity_kinematics_interfaces/local/lib/python3.10/dist-packages/velocity_kinematics_interfaces-0.0.0-py3.10.egg-info/SOURCES.txt
[4.765s] -- Up-to-date: /root/RBE500_Manipulator_Project/ws_2/install/velocity_kinematics_interfaces/local/lib/python3.10/dist-packages/velocity_kinematics_interfaces
[4.765s] -- Installing: /root/RBE500_Manipulator_Project/ws_2/install/velocity_kinematics_interfaces/local/lib/python3.10/dist-packages/velocity_kinematics_interfaces/libvelocity_kinematics_interfaces__rosidl_generator_py.so
[4.765s] -- Installing: /root/RBE500_Manipulator_Project/ws_2/install/velocity_kinematics_interfaces/local/lib/python3.10/dist-packages/velocity_kinematics_interfaces/_velocity_kinematics_interfaces_s.ep.rosidl_typesupport_c.c
[4.766s] -- Installing: /root/RBE500_Manipulator_Project/ws_2/install/velocity_kinematics_interfaces/local/lib/python3.10/dist-packages/velocity_kinematics_interfaces/_velocity_kinematics_interfaces_s.ep.rosidl_typesupport_fastrtps_c.c
[4.766s] -- Installing: /root/RBE500_Manipulator_Project/ws_2/install/velocity_kinematics_interfaces/local/lib/python3.10/dist-packages/velocity_kinematics_interfaces/_velocity_kinematics_interfaces_s.ep.rosidl_typesupport_introspection_c.c
[4.766s] -- Up-to-date: /root/RBE500_Manipulator_Project/ws_2/install/velocity_kinematics_interfaces/local/lib/python3.10/dist-packages/velocity_kinematics_interfaces/msg
[4.766s] -- Installing: /root/RBE500_Manipulator_Project/ws_2/install/velocity_kinematics_interfaces/local/lib/python3.10/dist-packages/velocity_kinematics_interfaces/msg/_end_effector_velocity_s.c
[4.766s] -- Installing: /root/RBE500_Manipulator_Project/ws_2/install/velocity_kinematics_interfaces/local/lib/python3.10/dist-packages/velocity_kinematics_interfaces/msg/__init__.py
[4.766s] -- Installing: /root/RBE500_Manipulator_Project/ws_2/install/velocity_kinematics_interfaces/local/lib/python3.10/dist-packages/velocity_kinematics_interfaces/msg/_end_effector_velocity.py
[4.767s] -- Installing: /root/RBE500_Manipulator_Project/ws_2/install/velocity_kinematics_interfaces/local/lib/python3.10/dist-packages/velocity_kinematics_interfaces/__init__.py
[4.767s] -- Installing: /root/RBE500_Manipulator_Project/ws_2/install/velocity_kinematics_interfaces/local/lib/python3.10/dist-packages/velocity_kinematics_interfaces/velocity_kinematics_interfaces_s__rosidl_typesupport_fastrtps_c.cpython-310-x86_64-linux-gnu.so
[4.767s] -- Up-to-date: /root/RBE500_Manipulator_Project/ws_2/install/velocity_kinematics_interfaces/local/lib/python3.10/dist-packages/velocity_kinematics_interfaces/srv
[4.767s] -- Installing: /root/RBE500_Manipulator_Project/ws_2/install/velocity_kinematics_interfaces/local/lib/python3.10/dist-packages/velocity_kinematics_interfaces/srv/_end_effector_joint.py
[4.767s] -- Up-to-date: /root/RBE500_Manipulator_Project/ws_2/install/velocity_kinematics_interfaces/local/lib/python3.10/dist-packages/velocity_kinematics_interfaces/srv/_effector_to_joint_s.c
[4.767s] -- Up-to-date: /root/RBE500_Manipulator_Project/ws_2/install/velocity_kinematics_interfaces/local/lib/python3.10/dist-packages/velocity_kinematics_interfaces/srv/_end_effector_to_joint.py
[4.768s] -- Installing: /root/RBE500_Manipulator_Project/ws_2/install/velocity_kinematics_interfaces/local/lib/python3.10/dist-packages/velocity_kinematics_interfaces/srv/__init__.py
[4.768s] -- Up-to-date: /root/RBE500_Manipulator_Project/ws_2/install/velocity_kinematics_interfaces/local/lib/python3.10/dist-packages/velocity_kinematics_interfaces/srv/_joint_to_effector_s.c
[4.768s] -- Installing: /root/RBE500_Manipulator_Project/ws_2/install/velocity_kinematics_interfaces/local/lib/python3.10/dist-packages/velocity_kinematics_interfaces/srv/_joint_end_effector_s.c
[4.768s] -- Installing: /root/RBE500_Manipulator_Project/ws_2/install/velocity_kinematics_interfaces/local/lib/python3.10/dist-packages/velocity_kinematics_interfaces/srv/_joint_end_effector.py
[4.768s] -- Up-to-date: /root/RBE500_Manipulator_Project/ws_2/install/velocity_kinematics_interfaces/local/lib/python3.10/dist-packages/velocity_kinematics_interfaces/srv/_joint_to_end_effector_s.c
[4.768s] -- Up-to-date: /root/RBE500_Manipulator_Project/ws_2/install/velocity_kinematics_interfaces/local/lib/python3.10/dist-packages/velocity_kinematics_interfaces/srv/_joint_to_end_effector.py
[4.768s] -- Up-to-date: /root/RBE500_Manipulator_Project/ws_2/install/velocity_kinematics_interfaces/local/lib/python3.10/dist-packages/velocity_kinematics_interfaces/srv/_joint_to_effector.py
[4.768s] -- Up-to-date: /root/RBE500_Manipulator_Project/ws_2/install/velocity_kinematics_interfaces/local/lib/python3.10/dist-packages/velocity_kinematics_interfaces/srv/_effector_to_joint.py
[4.769s] -- Up-to-date: /root/RBE500_Manipulator_Project/ws_2/install/velocity_kinematics_interfaces/local/lib/python3.10/dist-packages/velocity_kinematics_interfaces/srv/_end_effector_to_joint_s.c
[4.769s] -- Installing: /root/RBE500_Manipulator_Project/ws_2/install/velocity_kinematics_interfaces/local/lib/python3.10/dist-packages/velocity_kinematics_interfaces/srv/_end_effector_joint_s.c
[4.769s] -- Installing: /root/RBE500_Manipulator_Project/ws_2/install/velocity_kinematics_interfaces/local/lib/python3.10/dist-packages/velocity_kinematics_interfaces/velocity_kinematics_interfaces_s__rosidl_typesupport_introspection_c.cpython-310-x86_64-linux-gnu.so
[4.769s] -- Installing: /root/RBE500_Manipulator_Project/ws_2/install/velocity_kinematics_interfaces/local/lib/python3.10/dist-packages/velocity_kinematics_interfaces/velocity_kinematics_interfaces_s__rosidl_typesupport_c.cpython-310-x86_64-linux-gnu.so
[4.813s] Listing '/root/RBE500_Manipulator_Project/ws_2/install/velocity_kinematics_interfaces/local/lib/python3.10/dist-packages/velocity_kinematics_interfaces'...
[4.813s] Compiling '/root/RBE500_Manipulator_Project/ws_2/install/velocity_kinematics_interfaces/local/lib/python3.10/dist-packages/velocity_kinematics_interfaces/__init__.py'...
[4.813s] Listing '/root/RBE500_Manipulator_Project/ws_2/install/velocity_kinematics_interfaces/local/lib/python3.10/dist-packages/velocity_kinematics_interfaces/msg'...
[4.813s] Compiling '/root/RBE500_Manipulator_Project/ws_2/install/velocity_kinematics_interfaces/local/lib/python3.10/dist-packages/velocity_kinematics_interfaces/msg/__init__.py'...
[4.813s] Compiling '/root/RBE500_Manipulator_Project/ws_2/install/velocity_kinematics_interfaces/local/lib/python3.10/dist-packages/velocity_kinematics_interfaces/msg/_end_effector_velocity.py'...
[4.814s] Listing '/root/RBE500_Manipulator_Project/ws_2/install/velocity_kinematics_interfaces/local/lib/python3.10/dist-packages/velocity_kinematics_interfaces/srv'...
[4.814s] Compiling '/root/RBE500_Manipulator_Project/ws_2/install/velocity_kinematics_interfaces/local/lib/python3.10/dist-packages/velocity_kinematics_interfaces/srv/__init__.py'...
[4.814s] Compiling '/root/RBE500_Manipulator_Project/ws_2/install/velocity_kinematics_interfaces/local/lib/python3.10/dist-packages/velocity_kinematics_interfaces/srv/_end_effector_joint.py'...
[4.814s] Compiling '/root/RBE500_Manipulator_Project/ws_2/install/velocity_kinematics_interfaces/local/lib/python3.10/dist-packages/velocity_kinematics_interfaces/srv/_joint_end_effector.py'...
[4.818s] -- Installing: /root/RBE500_Manipulator_Project/ws_2/install/velocity_kinematics_interfaces/local/lib/python3.10/dist-packages/velocity_kinematics_interfaces/velocity_kinematics_interfaces_s__rosidl_typesupport_fastrtps_c.cpython-310-x86_64-linux-gnu.so
[4.818s] -- Set runtime path of "/root/RBE500_Manipulator_Project/ws_2/install/velocity_kinematics_interfaces/local/lib/python3.10/dist-packages/velocity_kinematics_interfaces/velocity_kinematics_interfaces_s__rosidl_typesupport_fastrtps_c.cpython-310-x86_64-linux-gnu.so" to ""
[4.819s] -- Installing: /root/RBE500_Manipulator_Project/ws_2/install/velocity_kinematics_interfaces/local/lib/python3.10/dist-packages/velocity_kinematics_interfaces/velocity_kinematics_interfaces_s__rosidl_typesupport_introspection_c.cpython-310-x86_64-linux-gnu.so
[4.819s] -- Set runtime path of "/root/RBE500_Manipulator_Project/ws_2/install/velocity_kinematics_interfaces/local/lib/python3.10/dist-packages/velocity_kinematics_interfaces/velocity_kinematics_interfaces_s__rosidl_typesupport_introspection_c.cpython-310-x86_64-linux-gnu.so" to ""
[4.819s] -- Installing: /root/RBE500_Manipulator_Project/ws_2/install/velocity_kinematics_interfaces/local/lib/python3.10/dist-packages/velocity_kinematics_interfaces/velocity_kinematics_interfaces_s__rosidl_typesupport_c.cpython-310-x86_64-linux-gnu.so
[4.820s] -- Set runtime path of "/root/RBE500_Manipulator_Project/ws_2/install/velocity_kinematics_interfaces/local/lib/python3.10/dist-packages/velocity_kinematics_interfaces/velocity_kinematics_interfaces_s__rosidl_typesupport_c.cpython-310-x86_64-linux-gnu.so" to ""
[4.820s] -- Installing: /root/RBE500_Manipulator_Project/ws_2/install/velocity_kinematics_interfaces/lib/libvelocity_kinematics_interfaces__rosidl_generator_py.so
[4.821s] -- Set runtime path of "/root/RBE500_Manipulator_Project/ws_2/install/velocity_kinematics_interfaces/lib/libvelocity_kinematics_interfaces__rosidl_generator_py.so" to ""
[4.821s] -- Up-to-date: /root/RBE500_Manipulator_Project/ws_2/install/velocity_kinematics_interfaces/share/velocity_kinematics_interfaces/srv/JointEndEffector.idl
[4.821s] -- Installing: /root/RBE500_Manipulator_Project/ws_2/install/velocity_kinematics_interfaces/share/velocity_kinematics_interfaces/srv/EndEffectorJoint.idl
[4.821s] -- Up-to-date: /root/RBE500_Manipulator_Project/ws_2/install/velocity_kinematics_interfaces/share/velocity_kinematics_interfaces/msg/EndEffectorVelocity.idl
[4.822s] -- Up-to-date: /root/RBE500_Manipulator_Project/ws_2/install/velocity_kinematics_interfaces/share/velocity_kinematics_interfaces/srv/JointEndEffector.srv
[4.822s] -- Up-to-date: /root/RBE500_Manipulator_Project/ws_2/install/velocity_kinematics_interfaces/share/velocity_kinematics_interfaces/srv/JointEndEffector_Request.msg
[4.822s] -- Up-to-date: /root/RBE500_Manipulator_Project/ws_2/install/velocity_kinematics_interfaces/share/velocity_kinematics_interfaces/srv/JointEndEffector_Response.msg
[4.822s] -- Installing: /root/RBE500_Manipulator_Project/ws_2/install/velocity_kinematics_interfaces/share/velocity_kinematics_interfaces/srv/EndEffectorJoint.srv
[4.822s] -- Installing: /root/RBE500_Manipulator_Project/ws_2/install/velocity_kinematics_interfaces/share/velocity_kinematics_interfaces/srv/EndEffectorJoint_Request.msg
[4.822s] -- Up-to-date: /root/RBE500_Manipulator_Project/ws_2/install/velocity_kinematics_interfaces/share/velocity_kinematics_interfaces/srv/EndEffectorJoint_Response.msg
[4.822s] -- Up-to-date: /root/RBE500_Manipulator_Project/ws_2/install/velocity_kinematics_interfaces/share/velocity_kinematics_interfaces/msg/EndEffectorVelocity.msg
[4.822s] -- Up-to-date: /root/RBE500_Manipulator_Project/ws_2/install/velocity_kinematics_interfaces/share/ament_index/resource_index/package_run_dependencies/velocity_kinematics_interfaces
[4.822s] -- Installing: /root/RBE500_Manipulator_Project/ws_2/install/velocity_kinematics_interfaces/share/ament_index/resource_index/parent_prefix_path/velocity_kinematics_interfaces
[4.822s] -- Up-to-date: /root/RBE500_Manipulator_Project/ws_2/install/velocity_kinematics_interfaces/share/velocity_kinematics_interfaces/environment/ament_prefix_path.sh
[4.823s] -- Installing: /root/RBE500_Manipulator_Project/ws_2/install/velocity_kinematics_interfaces/share/velocity_kinematics_interfaces/environment/ament_prefix_path.dsv
[4.823s] -- Up-to-date: /root/RBE500_Manipulator_Project/ws_2/install/velocity_kinematics_interfaces/share/velocity_kinematics_interfaces/environment/path.sh
[4.823s] -- Installing: /root/RBE500_Manipulator_Project/ws_2/install/velocity_kinematics_interfaces/share/velocity_kinematics_interfaces/environment/path.dsv
[4.823s] -- Up-to-date: /root/RBE500_Manipulator_Project/ws_2/install/velocity_kinematics_interfaces/share/velocity_kinematics_interfaces/local_setup.bash
[4.823s] -- Up-to-date: /root/RBE500_Manipulator_Project/ws_2/install/velocity_kinematics_interfaces/share/velocity_kinematics_interfaces/local_setup.sh
[4.823s] -- Up-to-date: /root/RBE500_Manipulator_Project/ws_2/install/velocity_kinematics_interfaces/share/velocity_kinematics_interfaces/local_setup.zsh
[4.823s] -- Installing: /root/RBE500_Manipulator_Project/ws_2/install/velocity_kinematics_interfaces/share/velocity_kinematics_interfaces/local_setup.dsv
[4.823s] -- Installing: /root/RBE500_Manipulator_Project/ws_2/install/velocity_kinematics_interfaces/share/velocity_kinematics_interfaces/package.dsv
[4.823s] -- Up-to-date: /root/RBE500_Manipulator_Project/ws_2/install/velocity_kinematics_interfaces/share/ament_index/resource_index/packages/velocity_kinematics_interfaces
[4.823s] -- Up-to-date: /root/RBE500_Manipulator_Project/ws_2/install/velocity_kinematics_interfaces/share/velocity_kinematics_interfaces/cmake/export_velocity_kinematics_interfaces__rosidl_generator_cExport.cmake
[4.823s] -- Up-to-date: /root/RBE500_Manipulator_Project/ws_2/install/velocity_kinematics_interfaces/share/velocity_kinematics_interfaces/cmake/export_velocity_kinematics_interfaces__rosidl_generator_cExport-noconfig.cmake
[4.824s] -- Up-to-date: /root/RBE500_Manipulator_Project/ws_2/install/velocity_kinematics_interfaces/share/velocity_kinematics_interfaces/cmake/export_velocity_kinematics_interfaces__rosidl_typesupport_fastrtps_cExport.cmake
[4.824s] -- Up-to-date: /root/RBE500_Manipulator_Project/ws_2/install/velocity_kinematics_interfaces/share/velocity_kinematics_interfaces/cmake/export_velocity_kinematics_interfaces__rosidl_typesupport_fastrtps_cExport-noconfig.cmake
[4.824s] -- Up-to-date: /root/RBE500_Manipulator_Project/ws_2/install/velocity_kinematics_interfaces/share/velocity_kinematics_interfaces/cmake/export_velocity_kinematics_interfaces__rosidl_generator_cppExport.cmake
[4.824s] -- Up-to-date: /root/RBE500_Manipulator_Project/ws_2/install/velocity_kinematics_interfaces/share/velocity_kinematics_interfaces/cmake/export_velocity_kinematics_interfaces__rosidl_typesupport_fastrtps_cppExport.cmake
[4.824s] -- Up-to-date: /root/RBE500_Manipulator_Project/ws_2/install/velocity_kinematics_interfaces/share/velocity_kinematics_interfaces/cmake/export_velocity_kinematics_interfaces__rosidl_typesupport_fastrtps_cppExport-noconfig.cmake
[4.824s] -- Up-to-date: /root/RBE500_Manipulator_Project/ws_2/install/velocity_kinematics_interfaces/share/velocity_kinematics_interfaces/cmake/velocity_kinematics_interfaces__rosidl_typesupport_introspection_cExport.cmake
[4.824s] -- Up-to-date: /root/RBE500_Manipulator_Project/ws_2/install/velocity_kinematics_interfaces/share/velocity_kinematics_interfaces/cmake/velocity_kinematics_interfaces__rosidl_typesupport_introspection_cExport-noconfig.cmake
[4.825s] -- Up-to-date: /root/RBE500_Manipulator_Project/ws_2/install/velocity_kinematics_interfaces/share/velocity_kinematics_interfaces/cmake/velocity_kinematics_interfaces__rosidl_typesupport_cExport.cmake
[4.825s] -- Up-to-date: /root/RBE500_Manipulator_Project/ws_2/install/velocity_kinematics_interfaces/share/velocity_kinematics_interfaces/cmake/velocity_kinematics_interfaces__rosidl_typesupport_cExport-noconfig.cmake
[4.825s] -- Up-to-date: /root/RBE500_Manipulator_Project/ws_2/install/velocity_kinematics_interfaces/share/velocity_kinematics_interfaces/cmake/velocity_kinematics_interfaces__rosidl_typesupport_introspection_cppExport.cmake
[4.825s] -- Up-to-date: /root/RBE500_Manipulator_Project/ws_2/install/velocity_kinematics_interfaces/share/velocity_kinematics_interfaces/cmake/velocity_kinematics_interfaces__rosidl_typesupport_introspection_cppExport-noconfig.cmake
[4.826s] -- Up-to-date: /root/RBE500_Manipulator_Project/ws_2/install/velocity_kinematics_interfaces/share/velocity_kinematics_interfaces/cmake/velocity_kinematics_interfaces__rosidl_typesupport_cppExport.cmake
[4.826s] -- Up-to-date: /root/RBE500_Manipulator_Project/ws_2/install/velocity_kinematics_interfaces/share/velocity_kinematics_interfaces/cmake/velocity_kinematics_interfaces__rosidl_typesupport_cppExport-noconfig.cmake
[4.826s] -- Up-to-date: /root/RBE500_Manipulator_Project/ws_2/install/velocity_kinematics_interfaces/share/velocity_kinematics_interfaces/cmake/export_velocity_kinematics_interfaces__rosidl_generator_pyExport.cmake
[4.826s] -- Up-to-date: /root/RBE500_Manipulator_Project/ws_2/install/velocity_kinematics_interfaces/share/velocity_kinematics_interfaces/cmake/export_velocity_kinematics_interfaces__rosidl_generator_pyExport-noconfig.cmake
[4.827s] -- Up-to-date: /root/RBE500_Manipulator_Project/ws_2/install/velocity_kinematics_interfaces/share/velocity_kinematics_interfaces/cmake/rosidl_cmake-extras.cmake
[4.827s] -- Up-to-date: /root/RBE500_Manipulator_Project/ws_2/install/velocity_kinematics_interfaces/share/velocity_kinematics_interfaces/cmake/ament_cmake_export_include_directories-extras.cmake
[4.827s] -- Up-to-date: /root/RBE500_Manipulator_Project/ws_2/install/velocity_kinematics_interfaces/share/velocity_kinematics_interfaces/cmake/ament_cmake_export_libraries-extras.cmake
[4.827s] -- Up-to-date: /root/RBE500_Manipulator_Project/ws_2/install/velocity_kinematics_interfaces/share/velocity_kinematics_interfaces/cmake/ament_cmake_export_targets-extras.cmake
[4.827s] -- Up-to-date: /root/RBE500_Manipulator_Project/ws_2/install/velocity_kinematics_interfaces/share/velocity_kinematics_interfaces/cmake/rosidl_cmake_export_typesupport_targets-extras.cmake
[4.827s] -- Up-to-date: /root/RBE500_Manipulator_Project/ws_2/install/velocity_kinematics_interfaces/share/velocity_kinematics_interfaces/cmake/ament_cmake_export_dependencies-extras.cmake
[4.827s] -- Up-to-date: /root/RBE500_Manipulator_Project/ws_2/install/velocity_kinematics_interfaces/share/velocity_kinematics_interfaces/cmake/rosidl_cmake_export_typesupport_libraries-extras.cmake
[4.827s] -- Up-to-date: /root/RBE500_Manipulator_Project/ws_2/install/velocity_kinematics_interfaces/share/velocity_kinematics_interfaces/cmake/velocity_kinematics_interfacesConfig.cmake
[4.828s] -- Up-to-date: /root/RBE500_Manipulator_Project/ws_2/install/velocity_kinematics_interfaces/share/velocity_kinematics_interfaces/cmake/velocity_kinematics_interfacesConfig-version.cmake
[4.828s] -- Up-to-date: /root/RBE500_Manipulator_Project/ws_2/install/velocity_kinematics_interfaces/share/velocity_kinematics_interfaces/package.xml
[4.831s] Invoked command in '/root/RBE500_Manipulator_Project/ws_2/build/velocity_kinematics_interfaces' returned '0': CMAKE_PREFIX_PATH=${CMAKE_PREFIX_PATH}:/opt/ros/humble /usr/bin/cmake --install /root/RBE500_Manipulator_Project/ws_2/build/velocity_kinematics_interfaces
