running develop
/usr/lib/python3/dist-packages/setuptools/command/easy_install.py:158: EasyInstallDeprecationWarning: easy_install command is deprecated. Use build and pip and other standards-based tools.
  warnings.warn(
Removing /root/RBE500_Manipulator_Project/workspace/install/rbe500_example_py/lib/python3.10/site-packages/rbe500-example-py.egg-link (link to .)
running egg_info
writing ../../../build/rbe500_example_py/rbe500_example_py.egg-info/PKG-INFO
writing dependency_links to ../../../build/rbe500_example_py/rbe500_example_py.egg-info/dependency_links.txt
writing entry points to ../../../build/rbe500_example_py/rbe500_example_py.egg-info/entry_points.txt
writing requirements to ../../../build/rbe500_example_py/rbe500_example_py.egg-info/requires.txt
writing top-level names to ../../../build/rbe500_example_py/rbe500_example_py.egg-info/top_level.txt
reading manifest file '../../../build/rbe500_example_py/rbe500_example_py.egg-info/SOURCES.txt'
writing manifest file '../../../build/rbe500_example_py/rbe500_example_py.egg-info/SOURCES.txt'
running build
running build_py
running install
running install_lib
creating /root/RBE500_Manipulator_Project/workspace/install/rbe500_example_py/lib/python3.10/site-packages/rbe500_example_py
copying /root/RBE500_Manipulator_Project/workspace/build/rbe500_example_py/build/lib/rbe500_example_py/basic_robot_control.py -> /root/RBE500_Manipulator_Project/workspace/install/rbe500_example_py/lib/python3.10/site-packages/rbe500_example_py
copying /root/RBE500_Manipulator_Project/workspace/build/rbe500_example_py/build/lib/rbe500_example_py/__init__.py -> /root/RBE500_Manipulator_Project/workspace/install/rbe500_example_py/lib/python3.10/site-packages/rbe500_example_py
byte-compiling /root/RBE500_Manipulator_Project/workspace/install/rbe500_example_py/lib/python3.10/site-packages/rbe500_example_py/basic_robot_control.py to basic_robot_control.cpython-310.pyc
byte-compiling /root/RBE500_Manipulator_Project/workspace/install/rbe500_example_py/lib/python3.10/site-packages/rbe500_example_py/__init__.py to __init__.cpython-310.pyc
running install_data
copying resource/rbe500_example_py -> /root/RBE500_Manipulator_Project/workspace/install/rbe500_example_py/share/ament_index/resource_index/packages
copying package.xml -> /root/RBE500_Manipulator_Project/workspace/install/rbe500_example_py/share/rbe500_example_py
running install_egg_info
Copying ../../../build/rbe500_example_py/rbe500_example_py.egg-info to /root/RBE500_Manipulator_Project/workspace/install/rbe500_example_py/lib/python3.10/site-packages/rbe500_example_py-0.0.0-py3.10.egg-info
running install_scripts
Installing basic_robot_control script to /root/RBE500_Manipulator_Project/workspace/install/rbe500_example_py/lib/rbe500_example_py
writing list of installed files to '/root/RBE500_Manipulator_Project/workspace/build/rbe500_example_py/install.log'
