[0.649s] Invoking command in '/root/RBE500_Manipulator_Project/workspace/build/rbe500_example_py': PYTHONPATH=/root/RBE500_Manipulator_Project/workspace/build/rbe500_example_py/prefix_override:/usr/lib/python3/dist-packages/colcon_core/task/python/colcon_distutils_commands:/root/RBE500_Manipulator_Project/workspace/install/rbe500_example_py/lib/python3.10/site-packages:${PYTHONPATH} /usr/bin/python3 -W ignore:setup.py install is deprecated setup.py develop --uninstall --editable --build-directory /root/RBE500_Manipulator_Project/workspace/build/rbe500_example_py/build
[0.895s] running develop
[0.895s] /usr/lib/python3/dist-packages/setuptools/command/easy_install.py:158: EasyInstallDeprecationWarning: easy_install command is deprecated. Use build and pip and other standards-based tools.
[0.895s]   warnings.warn(
[1.052s] Removing /root/RBE500_Manipulator_Project/workspace/install/rbe500_example_py/lib/python3.10/site-packages/rbe500-example-py.egg-link (link to .)
[1.093s] Invoked command in '/root/RBE500_Manipulator_Project/workspace/build/rbe500_example_py' returned '0': PYTHONPATH=/root/RBE500_Manipulator_Project/workspace/build/rbe500_example_py/prefix_override:/usr/lib/python3/dist-packages/colcon_core/task/python/colcon_distutils_commands:/root/RBE500_Manipulator_Project/workspace/install/rbe500_example_py/lib/python3.10/site-packages:${PYTHONPATH} /usr/bin/python3 -W ignore:setup.py install is deprecated setup.py develop --uninstall --editable --build-directory /root/RBE500_Manipulator_Project/workspace/build/rbe500_example_py/build
[1.095s] Invoking command in '/root/RBE500_Manipulator_Project/workspace/src/OpenManipulatorX_ROS2/rbe500_example_py': PYTHONPATH=/root/RBE500_Manipulator_Project/workspace/build/rbe500_example_py/prefix_override:/usr/lib/python3/dist-packages/colcon_core/task/python/colcon_distutils_commands:/root/RBE500_Manipulator_Project/workspace/install/rbe500_example_py/lib/python3.10/site-packages:${PYTHONPATH} /usr/bin/python3 -W ignore:setup.py install is deprecated setup.py egg_info --egg-base ../../../build/rbe500_example_py build --build-base /root/RBE500_Manipulator_Project/workspace/build/rbe500_example_py/build install --record /root/RBE500_Manipulator_Project/workspace/build/rbe500_example_py/install.log --single-version-externally-managed install_data --force
[1.291s] running egg_info
[1.292s] writing ../../../build/rbe500_example_py/rbe500_example_py.egg-info/PKG-INFO
[1.292s] writing dependency_links to ../../../build/rbe500_example_py/rbe500_example_py.egg-info/dependency_links.txt
[1.292s] writing entry points to ../../../build/rbe500_example_py/rbe500_example_py.egg-info/entry_points.txt
[1.292s] writing requirements to ../../../build/rbe500_example_py/rbe500_example_py.egg-info/requires.txt
[1.292s] writing top-level names to ../../../build/rbe500_example_py/rbe500_example_py.egg-info/top_level.txt
[1.293s] reading manifest file '../../../build/rbe500_example_py/rbe500_example_py.egg-info/SOURCES.txt'
[1.294s] writing manifest file '../../../build/rbe500_example_py/rbe500_example_py.egg-info/SOURCES.txt'
[1.294s] running build
[1.295s] running build_py
[1.295s] running install
[1.296s] running install_lib
[1.296s] creating /root/RBE500_Manipulator_Project/workspace/install/rbe500_example_py/lib/python3.10/site-packages/rbe500_example_py
[1.297s] copying /root/RBE500_Manipulator_Project/workspace/build/rbe500_example_py/build/lib/rbe500_example_py/basic_robot_control.py -> /root/RBE500_Manipulator_Project/workspace/install/rbe500_example_py/lib/python3.10/site-packages/rbe500_example_py
[1.297s] copying /root/RBE500_Manipulator_Project/workspace/build/rbe500_example_py/build/lib/rbe500_example_py/__init__.py -> /root/RBE500_Manipulator_Project/workspace/install/rbe500_example_py/lib/python3.10/site-packages/rbe500_example_py
[1.297s] byte-compiling /root/RBE500_Manipulator_Project/workspace/install/rbe500_example_py/lib/python3.10/site-packages/rbe500_example_py/basic_robot_control.py to basic_robot_control.cpython-310.pyc
[1.298s] byte-compiling /root/RBE500_Manipulator_Project/workspace/install/rbe500_example_py/lib/python3.10/site-packages/rbe500_example_py/__init__.py to __init__.cpython-310.pyc
[1.298s] running install_data
[1.298s] copying resource/rbe500_example_py -> /root/RBE500_Manipulator_Project/workspace/install/rbe500_example_py/share/ament_index/resource_index/packages
[1.298s] copying package.xml -> /root/RBE500_Manipulator_Project/workspace/install/rbe500_example_py/share/rbe500_example_py
[1.298s] running install_egg_info
[1.299s] Copying ../../../build/rbe500_example_py/rbe500_example_py.egg-info to /root/RBE500_Manipulator_Project/workspace/install/rbe500_example_py/lib/python3.10/site-packages/rbe500_example_py-0.0.0-py3.10.egg-info
[1.300s] running install_scripts
[1.317s] Installing basic_robot_control script to /root/RBE500_Manipulator_Project/workspace/install/rbe500_example_py/lib/rbe500_example_py
[1.317s] writing list of installed files to '/root/RBE500_Manipulator_Project/workspace/build/rbe500_example_py/install.log'
