[0.083s] DEBUG:colcon:Command line arguments: ['/usr/bin/colcon', 'build']
[0.083s] DEBUG:colcon:Parsed command line arguments: Namespace(log_base=None, log_level=None, verb_name='build', build_base='build', install_base='install', merge_install=False, symlink_install=False, test_result_base=None, continue_on_error=False, executor='parallel', parallel_workers=12, event_handlers=None, ignore_user_meta=False, metas=['./colcon.meta'], base_paths=['.'], packages_ignore=None, packages_ignore_regex=None, paths=None, packages_up_to=None, packages_up_to_regex=None, packages_above=None, packages_above_and_dependencies=None, packages_above_depth=None, packages_select_by_dep=None, packages_skip_by_dep=None, packages_skip_up_to=None, packages_select_build_failed=False, packages_skip_build_finished=False, packages_select_test_failures=False, packages_skip_test_passed=False, packages_select=None, packages_skip=None, packages_select_regex=None, packages_skip_regex=None, packages_start=None, packages_end=None, allow_overriding=[], cmake_args=None, cmake_target=None, cmake_target_skip_unavailable=False, cmake_clean_cache=False, cmake_clean_first=False, cmake_force_configure=False, ament_cmake_args=None, catkin_cmake_args=None, catkin_skip_building_tests=False, verb_parser=<colcon_defaults.argument_parser.defaults.DefaultArgumentsDecorator object at 0x7efcc2af6e90>, verb_extension=<colcon_core.verb.build.BuildVerb object at 0x7efcc2af6590>, main=<bound method BuildVerb.main of <colcon_core.verb.build.BuildVerb object at 0x7efcc2af6590>>)
[0.203s] Level 1:colcon.colcon_core.package_discovery:discover_packages(colcon_meta) check parameters
[0.203s] Level 1:colcon.colcon_core.package_discovery:discover_packages(recursive) check parameters
[0.203s] Level 1:colcon.colcon_core.package_discovery:discover_packages(ignore) check parameters
[0.203s] Level 1:colcon.colcon_core.package_discovery:discover_packages(path) check parameters
[0.204s] Level 1:colcon.colcon_core.package_discovery:discover_packages(colcon_meta) discover
[0.204s] Level 1:colcon.colcon_core.package_discovery:discover_packages(recursive) discover
[0.204s] INFO:colcon.colcon_core.package_discovery:Crawling recursively for packages in '/root/RBE500_Manipulator_Project/ws_2'
[0.204s] Level 1:colcon.colcon_core.package_identification:_identify(.) by extensions ['ignore', 'ignore_ament_install']
[0.204s] Level 1:colcon.colcon_core.package_identification:_identify(.) by extension 'ignore'
[0.204s] Level 1:colcon.colcon_core.package_identification:_identify(.) by extension 'ignore_ament_install'
[0.204s] Level 1:colcon.colcon_core.package_identification:_identify(.) by extensions ['colcon_pkg']
[0.204s] Level 1:colcon.colcon_core.package_identification:_identify(.) by extension 'colcon_pkg'
[0.204s] Level 1:colcon.colcon_core.package_identification:_identify(.) by extensions ['colcon_meta']
[0.204s] Level 1:colcon.colcon_core.package_identification:_identify(.) by extension 'colcon_meta'
[0.204s] Level 1:colcon.colcon_core.package_identification:_identify(.) by extensions ['ros']
[0.204s] Level 1:colcon.colcon_core.package_identification:_identify(.) by extension 'ros'
[0.213s] Level 1:colcon.colcon_core.package_identification:_identify(.) by extensions ['cmake', 'python']
[0.213s] Level 1:colcon.colcon_core.package_identification:_identify(.) by extension 'cmake'
[0.213s] Level 1:colcon.colcon_core.package_identification:_identify(.) by extension 'python'
[0.213s] Level 1:colcon.colcon_core.package_identification:_identify(.) by extensions ['python_setup_py']
[0.213s] Level 1:colcon.colcon_core.package_identification:_identify(.) by extension 'python_setup_py'
[0.213s] Level 1:colcon.colcon_core.package_identification:_identify(build) by extensions ['ignore', 'ignore_ament_install']
[0.213s] Level 1:colcon.colcon_core.package_identification:_identify(build) by extension 'ignore'
[0.213s] Level 1:colcon.colcon_core.package_identification:_identify(build) ignored
[0.213s] Level 1:colcon.colcon_core.package_identification:_identify(install) by extensions ['ignore', 'ignore_ament_install']
[0.213s] Level 1:colcon.colcon_core.package_identification:_identify(install) by extension 'ignore'
[0.213s] Level 1:colcon.colcon_core.package_identification:_identify(install) ignored
[0.214s] Level 1:colcon.colcon_core.package_identification:_identify(log) by extensions ['ignore', 'ignore_ament_install']
[0.214s] Level 1:colcon.colcon_core.package_identification:_identify(log) by extension 'ignore'
[0.214s] Level 1:colcon.colcon_core.package_identification:_identify(log) ignored
[0.214s] Level 1:colcon.colcon_core.package_identification:_identify(src) by extensions ['ignore', 'ignore_ament_install']
[0.214s] Level 1:colcon.colcon_core.package_identification:_identify(src) by extension 'ignore'
[0.214s] Level 1:colcon.colcon_core.package_identification:_identify(src) by extension 'ignore_ament_install'
[0.214s] Level 1:colcon.colcon_core.package_identification:_identify(src) by extensions ['colcon_pkg']
[0.214s] Level 1:colcon.colcon_core.package_identification:_identify(src) by extension 'colcon_pkg'
[0.214s] Level 1:colcon.colcon_core.package_identification:_identify(src) by extensions ['colcon_meta']
[0.214s] Level 1:colcon.colcon_core.package_identification:_identify(src) by extension 'colcon_meta'
[0.214s] Level 1:colcon.colcon_core.package_identification:_identify(src) by extensions ['ros']
[0.214s] Level 1:colcon.colcon_core.package_identification:_identify(src) by extension 'ros'
[0.214s] Level 1:colcon.colcon_core.package_identification:_identify(src) by extensions ['cmake', 'python']
[0.214s] Level 1:colcon.colcon_core.package_identification:_identify(src) by extension 'cmake'
[0.214s] Level 1:colcon.colcon_core.package_identification:_identify(src) by extension 'python'
[0.214s] Level 1:colcon.colcon_core.package_identification:_identify(src) by extensions ['python_setup_py']
[0.214s] Level 1:colcon.colcon_core.package_identification:_identify(src) by extension 'python_setup_py'
[0.214s] Level 1:colcon.colcon_core.package_identification:_identify(src/velocity_kinematics_interfaces) by extensions ['ignore', 'ignore_ament_install']
[0.214s] Level 1:colcon.colcon_core.package_identification:_identify(src/velocity_kinematics_interfaces) by extension 'ignore'
[0.214s] Level 1:colcon.colcon_core.package_identification:_identify(src/velocity_kinematics_interfaces) by extension 'ignore_ament_install'
[0.215s] Level 1:colcon.colcon_core.package_identification:_identify(src/velocity_kinematics_interfaces) by extensions ['colcon_pkg']
[0.215s] Level 1:colcon.colcon_core.package_identification:_identify(src/velocity_kinematics_interfaces) by extension 'colcon_pkg'
[0.215s] Level 1:colcon.colcon_core.package_identification:_identify(src/velocity_kinematics_interfaces) by extensions ['colcon_meta']
[0.215s] Level 1:colcon.colcon_core.package_identification:_identify(src/velocity_kinematics_interfaces) by extension 'colcon_meta'
[0.215s] Level 1:colcon.colcon_core.package_identification:_identify(src/velocity_kinematics_interfaces) by extensions ['ros']
[0.215s] Level 1:colcon.colcon_core.package_identification:_identify(src/velocity_kinematics_interfaces) by extension 'ros'
[0.217s] DEBUG:colcon.colcon_core.package_identification:Package 'src/velocity_kinematics_interfaces' with type 'ros.ament_cmake' and name 'velocity_kinematics_interfaces'
[0.217s] Level 1:colcon.colcon_core.package_discovery:discover_packages(recursive) using defaults
[0.217s] Level 1:colcon.colcon_core.package_discovery:discover_packages(ignore) discover
[0.217s] Level 1:colcon.colcon_core.package_discovery:discover_packages(ignore) using defaults
[0.217s] Level 1:colcon.colcon_core.package_discovery:discover_packages(path) discover
[0.217s] Level 1:colcon.colcon_core.package_discovery:discover_packages(path) using defaults
[0.233s] Level 1:colcon.colcon_core.package_discovery:discover_packages(prefix_path) check parameters
[0.233s] Level 1:colcon.colcon_core.package_discovery:discover_packages(prefix_path) discover
[0.235s] DEBUG:colcon.colcon_installed_package_information.package_discovery:Found 314 installed packages in /opt/ros/humble
[0.236s] Level 1:colcon.colcon_core.package_discovery:discover_packages(prefix_path) using defaults
[0.282s] Level 5:colcon.colcon_core.verb:set package 'velocity_kinematics_interfaces' build argument 'cmake_args' from command line to 'None'
[0.282s] Level 5:colcon.colcon_core.verb:set package 'velocity_kinematics_interfaces' build argument 'cmake_target' from command line to 'None'
[0.282s] Level 5:colcon.colcon_core.verb:set package 'velocity_kinematics_interfaces' build argument 'cmake_target_skip_unavailable' from command line to 'False'
[0.282s] Level 5:colcon.colcon_core.verb:set package 'velocity_kinematics_interfaces' build argument 'cmake_clean_cache' from command line to 'False'
[0.282s] Level 5:colcon.colcon_core.verb:set package 'velocity_kinematics_interfaces' build argument 'cmake_clean_first' from command line to 'False'
[0.282s] Level 5:colcon.colcon_core.verb:set package 'velocity_kinematics_interfaces' build argument 'cmake_force_configure' from command line to 'False'
[0.282s] Level 5:colcon.colcon_core.verb:set package 'velocity_kinematics_interfaces' build argument 'ament_cmake_args' from command line to 'None'
[0.282s] Level 5:colcon.colcon_core.verb:set package 'velocity_kinematics_interfaces' build argument 'catkin_cmake_args' from command line to 'None'
[0.282s] Level 5:colcon.colcon_core.verb:set package 'velocity_kinematics_interfaces' build argument 'catkin_skip_building_tests' from command line to 'False'
[0.282s] DEBUG:colcon.colcon_core.verb:Building package 'velocity_kinematics_interfaces' with the following arguments: {'ament_cmake_args': None, 'build_base': '/root/RBE500_Manipulator_Project/ws_2/build/velocity_kinematics_interfaces', 'catkin_cmake_args': None, 'catkin_skip_building_tests': False, 'cmake_args': None, 'cmake_clean_cache': False, 'cmake_clean_first': False, 'cmake_force_configure': False, 'cmake_target': None, 'cmake_target_skip_unavailable': False, 'install_base': '/root/RBE500_Manipulator_Project/ws_2/install/velocity_kinematics_interfaces', 'merge_install': False, 'path': '/root/RBE500_Manipulator_Project/ws_2/src/velocity_kinematics_interfaces', 'symlink_install': False, 'test_result_base': None}
[0.282s] INFO:colcon.colcon_core.executor:Executing jobs using 'parallel' executor
[0.283s] DEBUG:colcon.colcon_parallel_executor.executor.parallel:run_until_complete
[0.284s] INFO:colcon.colcon_ros.task.ament_cmake.build:Building ROS package in '/root/RBE500_Manipulator_Project/ws_2/src/velocity_kinematics_interfaces' with build type 'ament_cmake'
[0.284s] INFO:colcon.colcon_cmake.task.cmake.build:Building CMake package in '/root/RBE500_Manipulator_Project/ws_2/src/velocity_kinematics_interfaces'
[0.285s] INFO:colcon.colcon_core.plugin_system:Skipping extension 'colcon_core.shell.bat': Not used on non-Windows systems
[0.286s] INFO:colcon.colcon_core.shell:Skip shell extension 'powershell' for command environment: Not usable outside of PowerShell
[0.286s] DEBUG:colcon.colcon_core.shell:Skip shell extension 'dsv' for command environment
[0.291s] DEBUG:colcon.colcon_core.event_handler.log_command:Invoking command in '/root/RBE500_Manipulator_Project/ws_2/build/velocity_kinematics_interfaces': CMAKE_PREFIX_PATH=/opt/ros/humble /usr/bin/cmake /root/RBE500_Manipulator_Project/ws_2/src/velocity_kinematics_interfaces -DCMAKE_INSTALL_PREFIX=/root/RBE500_Manipulator_Project/ws_2/install/velocity_kinematics_interfaces
[1.636s] DEBUG:colcon.colcon_core.event_handler.log_command:Invoked command in '/root/RBE500_Manipulator_Project/ws_2/build/velocity_kinematics_interfaces' returned '0': CMAKE_PREFIX_PATH=/opt/ros/humble /usr/bin/cmake /root/RBE500_Manipulator_Project/ws_2/src/velocity_kinematics_interfaces -DCMAKE_INSTALL_PREFIX=/root/RBE500_Manipulator_Project/ws_2/install/velocity_kinematics_interfaces
[1.638s] DEBUG:colcon.colcon_core.event_handler.log_command:Invoking command in '/root/RBE500_Manipulator_Project/ws_2/build/velocity_kinematics_interfaces': CMAKE_PREFIX_PATH=/opt/ros/humble /usr/bin/cmake --build /root/RBE500_Manipulator_Project/ws_2/build/velocity_kinematics_interfaces -- -j12 -l12
[3.785s] DEBUG:colcon.colcon_core.event_handler.log_command:Invoked command in '/root/RBE500_Manipulator_Project/ws_2/build/velocity_kinematics_interfaces' returned '0': CMAKE_PREFIX_PATH=/opt/ros/humble /usr/bin/cmake --build /root/RBE500_Manipulator_Project/ws_2/build/velocity_kinematics_interfaces -- -j12 -l12
[3.829s] DEBUG:colcon.colcon_core.event_handler.log_command:Invoking command in '/root/RBE500_Manipulator_Project/ws_2/build/velocity_kinematics_interfaces': CMAKE_PREFIX_PATH=/opt/ros/humble /usr/bin/cmake --install /root/RBE500_Manipulator_Project/ws_2/build/velocity_kinematics_interfaces
[3.880s] Level 1:colcon.colcon_core.environment:create_environment_scripts_only(velocity_kinematics_interfaces)
[3.880s] DEBUG:colcon.colcon_core.event_handler.log_command:Invoked command in '/root/RBE500_Manipulator_Project/ws_2/build/velocity_kinematics_interfaces' returned '0': CMAKE_PREFIX_PATH=/opt/ros/humble /usr/bin/cmake --install /root/RBE500_Manipulator_Project/ws_2/build/velocity_kinematics_interfaces
[3.882s] Level 1:colcon.colcon_core.environment:checking '/root/RBE500_Manipulator_Project/ws_2/install/velocity_kinematics_interfaces' for CMake module files
[3.883s] Level 1:colcon.colcon_core.environment:checking '/root/RBE500_Manipulator_Project/ws_2/install/velocity_kinematics_interfaces' for CMake config files
[3.883s] Level 1:colcon.colcon_core.shell:create_environment_hook('velocity_kinematics_interfaces', 'cmake_prefix_path')
[3.883s] INFO:colcon.colcon_core.shell:Creating environment hook '/root/RBE500_Manipulator_Project/ws_2/install/velocity_kinematics_interfaces/share/velocity_kinematics_interfaces/hook/cmake_prefix_path.ps1'
[3.884s] INFO:colcon.colcon_core.shell:Creating environment descriptor '/root/RBE500_Manipulator_Project/ws_2/install/velocity_kinematics_interfaces/share/velocity_kinematics_interfaces/hook/cmake_prefix_path.dsv'
[3.884s] INFO:colcon.colcon_core.shell:Creating environment hook '/root/RBE500_Manipulator_Project/ws_2/install/velocity_kinematics_interfaces/share/velocity_kinematics_interfaces/hook/cmake_prefix_path.sh'
[3.885s] Level 1:colcon.colcon_core.environment:checking '/root/RBE500_Manipulator_Project/ws_2/install/velocity_kinematics_interfaces/lib'
[3.885s] Level 1:colcon.colcon_core.shell:create_environment_hook('velocity_kinematics_interfaces', 'ld_library_path_lib')
[3.885s] INFO:colcon.colcon_core.shell:Creating environment hook '/root/RBE500_Manipulator_Project/ws_2/install/velocity_kinematics_interfaces/share/velocity_kinematics_interfaces/hook/ld_library_path_lib.ps1'
[3.886s] INFO:colcon.colcon_core.shell:Creating environment descriptor '/root/RBE500_Manipulator_Project/ws_2/install/velocity_kinematics_interfaces/share/velocity_kinematics_interfaces/hook/ld_library_path_lib.dsv'
[3.886s] INFO:colcon.colcon_core.shell:Creating environment hook '/root/RBE500_Manipulator_Project/ws_2/install/velocity_kinematics_interfaces/share/velocity_kinematics_interfaces/hook/ld_library_path_lib.sh'
[3.886s] Level 1:colcon.colcon_core.environment:checking '/root/RBE500_Manipulator_Project/ws_2/install/velocity_kinematics_interfaces/bin'
[3.886s] Level 1:colcon.colcon_core.environment:checking '/root/RBE500_Manipulator_Project/ws_2/install/velocity_kinematics_interfaces/lib/pkgconfig/velocity_kinematics_interfaces.pc'
[3.886s] Level 1:colcon.colcon_core.environment:checking '/root/RBE500_Manipulator_Project/ws_2/install/velocity_kinematics_interfaces/lib/python3.10/site-packages'
[3.887s] Level 1:colcon.colcon_core.environment:checking '/root/RBE500_Manipulator_Project/ws_2/install/velocity_kinematics_interfaces/bin'
[3.887s] INFO:colcon.colcon_core.shell:Creating package script '/root/RBE500_Manipulator_Project/ws_2/install/velocity_kinematics_interfaces/share/velocity_kinematics_interfaces/package.ps1'
[3.887s] INFO:colcon.colcon_core.shell:Creating package descriptor '/root/RBE500_Manipulator_Project/ws_2/install/velocity_kinematics_interfaces/share/velocity_kinematics_interfaces/package.dsv'
[3.888s] INFO:colcon.colcon_core.shell:Creating package script '/root/RBE500_Manipulator_Project/ws_2/install/velocity_kinematics_interfaces/share/velocity_kinematics_interfaces/package.sh'
[3.888s] INFO:colcon.colcon_core.shell:Creating package script '/root/RBE500_Manipulator_Project/ws_2/install/velocity_kinematics_interfaces/share/velocity_kinematics_interfaces/package.bash'
[3.889s] INFO:colcon.colcon_core.shell:Creating package script '/root/RBE500_Manipulator_Project/ws_2/install/velocity_kinematics_interfaces/share/velocity_kinematics_interfaces/package.zsh'
[3.890s] Level 1:colcon.colcon_core.environment:create_file_with_runtime_dependencies(/root/RBE500_Manipulator_Project/ws_2/install/velocity_kinematics_interfaces/share/colcon-core/packages/velocity_kinematics_interfaces)
[3.928s] Level 1:colcon.colcon_core.environment:create_environment_scripts_only(velocity_kinematics_interfaces)
[3.928s] Level 1:colcon.colcon_core.environment:checking '/root/RBE500_Manipulator_Project/ws_2/install/velocity_kinematics_interfaces' for CMake module files
[3.928s] Level 1:colcon.colcon_core.environment:checking '/root/RBE500_Manipulator_Project/ws_2/install/velocity_kinematics_interfaces' for CMake config files
[3.929s] Level 1:colcon.colcon_core.shell:create_environment_hook('velocity_kinematics_interfaces', 'cmake_prefix_path')
[3.929s] INFO:colcon.colcon_core.shell:Creating environment hook '/root/RBE500_Manipulator_Project/ws_2/install/velocity_kinematics_interfaces/share/velocity_kinematics_interfaces/hook/cmake_prefix_path.ps1'
[3.929s] INFO:colcon.colcon_core.shell:Creating environment descriptor '/root/RBE500_Manipulator_Project/ws_2/install/velocity_kinematics_interfaces/share/velocity_kinematics_interfaces/hook/cmake_prefix_path.dsv'
[3.929s] INFO:colcon.colcon_core.shell:Creating environment hook '/root/RBE500_Manipulator_Project/ws_2/install/velocity_kinematics_interfaces/share/velocity_kinematics_interfaces/hook/cmake_prefix_path.sh'
[3.930s] Level 1:colcon.colcon_core.environment:checking '/root/RBE500_Manipulator_Project/ws_2/install/velocity_kinematics_interfaces/lib'
[3.930s] Level 1:colcon.colcon_core.shell:create_environment_hook('velocity_kinematics_interfaces', 'ld_library_path_lib')
[3.930s] INFO:colcon.colcon_core.shell:Creating environment hook '/root/RBE500_Manipulator_Project/ws_2/install/velocity_kinematics_interfaces/share/velocity_kinematics_interfaces/hook/ld_library_path_lib.ps1'
[3.930s] INFO:colcon.colcon_core.shell:Creating environment descriptor '/root/RBE500_Manipulator_Project/ws_2/install/velocity_kinematics_interfaces/share/velocity_kinematics_interfaces/hook/ld_library_path_lib.dsv'
[3.930s] INFO:colcon.colcon_core.shell:Creating environment hook '/root/RBE500_Manipulator_Project/ws_2/install/velocity_kinematics_interfaces/share/velocity_kinematics_interfaces/hook/ld_library_path_lib.sh'
[3.931s] Level 1:colcon.colcon_core.environment:checking '/root/RBE500_Manipulator_Project/ws_2/install/velocity_kinematics_interfaces/bin'
[3.931s] Level 1:colcon.colcon_core.environment:checking '/root/RBE500_Manipulator_Project/ws_2/install/velocity_kinematics_interfaces/lib/pkgconfig/velocity_kinematics_interfaces.pc'
[3.931s] Level 1:colcon.colcon_core.environment:checking '/root/RBE500_Manipulator_Project/ws_2/install/velocity_kinematics_interfaces/lib/python3.10/site-packages'
[3.931s] Level 1:colcon.colcon_core.environment:checking '/root/RBE500_Manipulator_Project/ws_2/install/velocity_kinematics_interfaces/bin'
[3.931s] INFO:colcon.colcon_core.shell:Creating package script '/root/RBE500_Manipulator_Project/ws_2/install/velocity_kinematics_interfaces/share/velocity_kinematics_interfaces/package.ps1'
[3.932s] INFO:colcon.colcon_core.shell:Creating package descriptor '/root/RBE500_Manipulator_Project/ws_2/install/velocity_kinematics_interfaces/share/velocity_kinematics_interfaces/package.dsv'
[3.932s] INFO:colcon.colcon_core.shell:Creating package script '/root/RBE500_Manipulator_Project/ws_2/install/velocity_kinematics_interfaces/share/velocity_kinematics_interfaces/package.sh'
[3.932s] INFO:colcon.colcon_core.shell:Creating package script '/root/RBE500_Manipulator_Project/ws_2/install/velocity_kinematics_interfaces/share/velocity_kinematics_interfaces/package.bash'
[3.933s] INFO:colcon.colcon_core.shell:Creating package script '/root/RBE500_Manipulator_Project/ws_2/install/velocity_kinematics_interfaces/share/velocity_kinematics_interfaces/package.zsh'
[3.933s] Level 1:colcon.colcon_core.environment:create_file_with_runtime_dependencies(/root/RBE500_Manipulator_Project/ws_2/install/velocity_kinematics_interfaces/share/colcon-core/packages/velocity_kinematics_interfaces)
[3.933s] DEBUG:colcon.colcon_parallel_executor.executor.parallel:closing loop
[3.933s] DEBUG:colcon.colcon_parallel_executor.executor.parallel:loop closed
[3.933s] DEBUG:colcon.colcon_parallel_executor.executor.parallel:run_until_complete finished with '0'
[3.934s] DEBUG:colcon.colcon_core.event_reactor:joining thread
[3.938s] INFO:colcon.colcon_core.plugin_system:Skipping extension 'colcon_notification.desktop_notification.notify_send': Could not find 'notify-send'
[3.938s] INFO:colcon.colcon_core.plugin_system:Skipping extension 'colcon_notification.desktop_notification.terminal_notifier': Not used on non-Darwin systems
[3.938s] INFO:colcon.colcon_core.plugin_system:Skipping extension 'colcon_notification.desktop_notification.win32': Not used on non-Windows systems
[3.938s] INFO:colcon.colcon_notification.desktop_notification:Sending desktop notification using 'notify2'
[3.938s] DEBUG:colcon.colcon_notification.desktop_notification.notify2:Failed to initialize notify2: org.freedesktop.DBus.Error.NotSupported: Unable to autolaunch a dbus-daemon without a $DISPLAY for X11
[3.938s] DEBUG:colcon.colcon_core.event_reactor:joined thread
[3.938s] INFO:colcon.colcon_core.shell:Creating prefix script '/root/RBE500_Manipulator_Project/ws_2/install/local_setup.ps1'
[3.939s] INFO:colcon.colcon_core.shell:Creating prefix util module '/root/RBE500_Manipulator_Project/ws_2/install/_local_setup_util_ps1.py'
[3.940s] INFO:colcon.colcon_core.shell:Creating prefix chain script '/root/RBE500_Manipulator_Project/ws_2/install/setup.ps1'
[3.941s] INFO:colcon.colcon_core.shell:Creating prefix script '/root/RBE500_Manipulator_Project/ws_2/install/local_setup.sh'
[3.941s] INFO:colcon.colcon_core.shell:Creating prefix util module '/root/RBE500_Manipulator_Project/ws_2/install/_local_setup_util_sh.py'
[3.942s] INFO:colcon.colcon_core.shell:Creating prefix chain script '/root/RBE500_Manipulator_Project/ws_2/install/setup.sh'
[3.942s] INFO:colcon.colcon_core.shell:Creating prefix script '/root/RBE500_Manipulator_Project/ws_2/install/local_setup.bash'
[3.943s] INFO:colcon.colcon_core.shell:Creating prefix chain script '/root/RBE500_Manipulator_Project/ws_2/install/setup.bash'
[3.943s] INFO:colcon.colcon_core.shell:Creating prefix script '/root/RBE500_Manipulator_Project/ws_2/install/local_setup.zsh'
[3.944s] INFO:colcon.colcon_core.shell:Creating prefix chain script '/root/RBE500_Manipulator_Project/ws_2/install/setup.zsh'
