[0.020s] Invoking command in '/home/harmeet/rbe500_ws/build/inversekinematics_interfaces': CMAKE_PREFIX_PATH=${CMAKE_PREFIX_PATH}:/home/harmeet/rbe500_ws/install/rbe500_example_py:/home/harmeet/rbe500_ws/install/InverseKinematics:/opt/ros/humble /usr/bin/cmake --build /home/harmeet/rbe500_ws/build/inversekinematics_interfaces -- -j16 -l16
[0.055s] [  3%] Built target inversekinematics_interfaces__cpp
[0.059s] [ 12%] Built target inversekinematics_interfaces__rosidl_generator_c
[0.069s] [ 12%] Built target ament_cmake_python_copy_inversekinematics_interfaces
[0.094s] [ 22%] Built target inversekinematics_interfaces__rosidl_typesupport_fastrtps_cpp
[0.095s] [ 32%] Built target inversekinematics_interfaces__rosidl_typesupport_cpp
[0.096s] [ 41%] Built target inversekinematics_interfaces__rosidl_typesupport_introspection_cpp
[0.096s] [ 51%] Built target inversekinematics_interfaces__rosidl_typesupport_introspection_c
[0.096s] [ 61%] Built target inversekinematics_interfaces__rosidl_typesupport_fastrtps_c
[0.097s] [ 70%] Built target inversekinematics_interfaces__rosidl_typesupport_c
[0.116s] [ 70%] Built target inversekinematics_interfaces
[0.136s] [ 74%] Built target inversekinematics_interfaces__py
[0.156s] [ 80%] Built target inversekinematics_interfaces__rosidl_generator_py
[0.179s] [ 87%] Built target inversekinematics_interfaces__rosidl_typesupport_introspection_c__pyext
[0.181s] [ 93%] Built target inversekinematics_interfaces__rosidl_typesupport_c__pyext
[0.182s] [100%] Built target inversekinematics_interfaces__rosidl_typesupport_fastrtps_c__pyext
[0.321s] running egg_info
[0.322s] writing inversekinematics_interfaces.egg-info/PKG-INFO
[0.322s] writing dependency_links to inversekinematics_interfaces.egg-info/dependency_links.txt
[0.322s] writing top-level names to inversekinematics_interfaces.egg-info/top_level.txt
[0.324s] reading manifest file 'inversekinematics_interfaces.egg-info/SOURCES.txt'
[0.325s] writing manifest file 'inversekinematics_interfaces.egg-info/SOURCES.txt'
[0.353s] [100%] Built target ament_cmake_python_build_inversekinematics_interfaces_egg
[0.373s] Invoked command in '/home/harmeet/rbe500_ws/build/inversekinematics_interfaces' returned '0': CMAKE_PREFIX_PATH=${CMAKE_PREFIX_PATH}:/home/harmeet/rbe500_ws/install/rbe500_example_py:/home/harmeet/rbe500_ws/install/InverseKinematics:/opt/ros/humble /usr/bin/cmake --build /home/harmeet/rbe500_ws/build/inversekinematics_interfaces -- -j16 -l16
[0.425s] Invoking command in '/home/harmeet/rbe500_ws/build/inversekinematics_interfaces': CMAKE_PREFIX_PATH=${CMAKE_PREFIX_PATH}:/home/harmeet/rbe500_ws/install/rbe500_example_py:/home/harmeet/rbe500_ws/install/InverseKinematics:/opt/ros/humble /usr/bin/cmake --install /home/harmeet/rbe500_ws/build/inversekinematics_interfaces
[0.432s] -- Install configuration: ""
[0.432s] -- Up-to-date: /home/harmeet/rbe500_ws/install/inversekinematics_interfaces/share/ament_index/resource_index/rosidl_interfaces/inversekinematics_interfaces
[0.432s] -- Up-to-date: /home/harmeet/rbe500_ws/install/inversekinematics_interfaces/include/inversekinematics_interfaces/inversekinematics_interfaces
[0.432s] -- Up-to-date: /home/harmeet/rbe500_ws/install/inversekinematics_interfaces/include/inversekinematics_interfaces/inversekinematics_interfaces/srv
[0.432s] -- Up-to-date: /home/harmeet/rbe500_ws/install/inversekinematics_interfaces/include/inversekinematics_interfaces/inversekinematics_interfaces/srv/detail
[0.432s] -- Up-to-date: /home/harmeet/rbe500_ws/install/inversekinematics_interfaces/include/inversekinematics_interfaces/inversekinematics_interfaces/srv/detail/inverse_kinematics_pose__struct.h
[0.432s] -- Up-to-date: /home/harmeet/rbe500_ws/install/inversekinematics_interfaces/include/inversekinematics_interfaces/inversekinematics_interfaces/srv/detail/inverse_kinematics_pose__functions.h
[0.432s] -- Up-to-date: /home/harmeet/rbe500_ws/install/inversekinematics_interfaces/include/inversekinematics_interfaces/inversekinematics_interfaces/srv/detail/inverse_kinematics_pose__type_support.h
[0.432s] -- Up-to-date: /home/harmeet/rbe500_ws/install/inversekinematics_interfaces/include/inversekinematics_interfaces/inversekinematics_interfaces/srv/detail/inverse_kinematics_pose__functions.c
[0.432s] -- Up-to-date: /home/harmeet/rbe500_ws/install/inversekinematics_interfaces/include/inversekinematics_interfaces/inversekinematics_interfaces/srv/inverse_kinematics_pose.h
[0.432s] -- Up-to-date: /home/harmeet/rbe500_ws/install/inversekinematics_interfaces/include/inversekinematics_interfaces/inversekinematics_interfaces/msg
[0.432s] -- Up-to-date: /home/harmeet/rbe500_ws/install/inversekinematics_interfaces/include/inversekinematics_interfaces/inversekinematics_interfaces/msg/rosidl_generator_c__visibility_control.h
[0.432s] -- Up-to-date: /home/harmeet/rbe500_ws/install/inversekinematics_interfaces/share/inversekinematics_interfaces/environment/library_path.sh
[0.432s] -- Up-to-date: /home/harmeet/rbe500_ws/install/inversekinematics_interfaces/share/inversekinematics_interfaces/environment/library_path.dsv
[0.433s] -- Up-to-date: /home/harmeet/rbe500_ws/install/inversekinematics_interfaces/lib/libinversekinematics_interfaces__rosidl_generator_c.so
[0.433s] -- Up-to-date: /home/harmeet/rbe500_ws/install/inversekinematics_interfaces/include/inversekinematics_interfaces/inversekinematics_interfaces
[0.433s] -- Up-to-date: /home/harmeet/rbe500_ws/install/inversekinematics_interfaces/include/inversekinematics_interfaces/inversekinematics_interfaces/srv
[0.433s] -- Up-to-date: /home/harmeet/rbe500_ws/install/inversekinematics_interfaces/include/inversekinematics_interfaces/inversekinematics_interfaces/srv/detail
[0.433s] -- Up-to-date: /home/harmeet/rbe500_ws/install/inversekinematics_interfaces/include/inversekinematics_interfaces/inversekinematics_interfaces/srv/detail/inverse_kinematics_pose__rosidl_typesupport_fastrtps_c.h
[0.433s] -- Up-to-date: /home/harmeet/rbe500_ws/install/inversekinematics_interfaces/include/inversekinematics_interfaces/inversekinematics_interfaces/msg
[0.433s] -- Up-to-date: /home/harmeet/rbe500_ws/install/inversekinematics_interfaces/include/inversekinematics_interfaces/inversekinematics_interfaces/msg/rosidl_typesupport_fastrtps_c__visibility_control.h
[0.433s] -- Up-to-date: /home/harmeet/rbe500_ws/install/inversekinematics_interfaces/lib/libinversekinematics_interfaces__rosidl_typesupport_fastrtps_c.so
[0.433s] -- Up-to-date: /home/harmeet/rbe500_ws/install/inversekinematics_interfaces/include/inversekinematics_interfaces/inversekinematics_interfaces
[0.433s] -- Up-to-date: /home/harmeet/rbe500_ws/install/inversekinematics_interfaces/include/inversekinematics_interfaces/inversekinematics_interfaces/srv
[0.433s] -- Up-to-date: /home/harmeet/rbe500_ws/install/inversekinematics_interfaces/include/inversekinematics_interfaces/inversekinematics_interfaces/srv/detail
[0.433s] -- Up-to-date: /home/harmeet/rbe500_ws/install/inversekinematics_interfaces/include/inversekinematics_interfaces/inversekinematics_interfaces/srv/detail/inverse_kinematics_pose__struct.hpp
[0.433s] -- Up-to-date: /home/harmeet/rbe500_ws/install/inversekinematics_interfaces/include/inversekinematics_interfaces/inversekinematics_interfaces/srv/detail/inverse_kinematics_pose__builder.hpp
[0.433s] -- Up-to-date: /home/harmeet/rbe500_ws/install/inversekinematics_interfaces/include/inversekinematics_interfaces/inversekinematics_interfaces/srv/detail/inverse_kinematics_pose__traits.hpp
[0.434s] -- Up-to-date: /home/harmeet/rbe500_ws/install/inversekinematics_interfaces/include/inversekinematics_interfaces/inversekinematics_interfaces/srv/inverse_kinematics_pose.hpp
[0.434s] -- Up-to-date: /home/harmeet/rbe500_ws/install/inversekinematics_interfaces/include/inversekinematics_interfaces/inversekinematics_interfaces
[0.434s] -- Up-to-date: /home/harmeet/rbe500_ws/install/inversekinematics_interfaces/include/inversekinematics_interfaces/inversekinematics_interfaces/srv
[0.434s] -- Up-to-date: /home/harmeet/rbe500_ws/install/inversekinematics_interfaces/include/inversekinematics_interfaces/inversekinematics_interfaces/srv/detail
[0.434s] -- Up-to-date: /home/harmeet/rbe500_ws/install/inversekinematics_interfaces/include/inversekinematics_interfaces/inversekinematics_interfaces/srv/detail/dds_fastrtps
[0.434s] -- Up-to-date: /home/harmeet/rbe500_ws/install/inversekinematics_interfaces/include/inversekinematics_interfaces/inversekinematics_interfaces/srv/detail/inverse_kinematics_pose__rosidl_typesupport_fastrtps_cpp.hpp
[0.434s] -- Up-to-date: /home/harmeet/rbe500_ws/install/inversekinematics_interfaces/include/inversekinematics_interfaces/inversekinematics_interfaces/msg
[0.434s] -- Up-to-date: /home/harmeet/rbe500_ws/install/inversekinematics_interfaces/include/inversekinematics_interfaces/inversekinematics_interfaces/msg/rosidl_typesupport_fastrtps_cpp__visibility_control.h
[0.434s] -- Up-to-date: /home/harmeet/rbe500_ws/install/inversekinematics_interfaces/lib/libinversekinematics_interfaces__rosidl_typesupport_fastrtps_cpp.so
[0.434s] -- Up-to-date: /home/harmeet/rbe500_ws/install/inversekinematics_interfaces/include/inversekinematics_interfaces/inversekinematics_interfaces
[0.434s] -- Up-to-date: /home/harmeet/rbe500_ws/install/inversekinematics_interfaces/include/inversekinematics_interfaces/inversekinematics_interfaces/srv
[0.434s] -- Up-to-date: /home/harmeet/rbe500_ws/install/inversekinematics_interfaces/include/inversekinematics_interfaces/inversekinematics_interfaces/srv/detail
[0.434s] -- Up-to-date: /home/harmeet/rbe500_ws/install/inversekinematics_interfaces/include/inversekinematics_interfaces/inversekinematics_interfaces/srv/detail/inverse_kinematics_pose__rosidl_typesupport_introspection_c.h
[0.435s] -- Up-to-date: /home/harmeet/rbe500_ws/install/inversekinematics_interfaces/include/inversekinematics_interfaces/inversekinematics_interfaces/srv/detail/inverse_kinematics_pose__type_support.c
[0.435s] -- Up-to-date: /home/harmeet/rbe500_ws/install/inversekinematics_interfaces/include/inversekinematics_interfaces/inversekinematics_interfaces/msg
[0.435s] -- Up-to-date: /home/harmeet/rbe500_ws/install/inversekinematics_interfaces/include/inversekinematics_interfaces/inversekinematics_interfaces/msg/rosidl_typesupport_introspection_c__visibility_control.h
[0.435s] -- Up-to-date: /home/harmeet/rbe500_ws/install/inversekinematics_interfaces/lib/libinversekinematics_interfaces__rosidl_typesupport_introspection_c.so
[0.435s] -- Up-to-date: /home/harmeet/rbe500_ws/install/inversekinematics_interfaces/lib/libinversekinematics_interfaces__rosidl_typesupport_c.so
[0.435s] -- Up-to-date: /home/harmeet/rbe500_ws/install/inversekinematics_interfaces/include/inversekinematics_interfaces/inversekinematics_interfaces
[0.435s] -- Up-to-date: /home/harmeet/rbe500_ws/install/inversekinematics_interfaces/include/inversekinematics_interfaces/inversekinematics_interfaces/srv
[0.435s] -- Up-to-date: /home/harmeet/rbe500_ws/install/inversekinematics_interfaces/include/inversekinematics_interfaces/inversekinematics_interfaces/srv/detail
[0.435s] -- Up-to-date: /home/harmeet/rbe500_ws/install/inversekinematics_interfaces/include/inversekinematics_interfaces/inversekinematics_interfaces/srv/detail/inverse_kinematics_pose__type_support.cpp
[0.435s] -- Up-to-date: /home/harmeet/rbe500_ws/install/inversekinematics_interfaces/include/inversekinematics_interfaces/inversekinematics_interfaces/srv/detail/inverse_kinematics_pose__rosidl_typesupport_introspection_cpp.hpp
[0.435s] -- Up-to-date: /home/harmeet/rbe500_ws/install/inversekinematics_interfaces/lib/libinversekinematics_interfaces__rosidl_typesupport_introspection_cpp.so
[0.435s] -- Up-to-date: /home/harmeet/rbe500_ws/install/inversekinematics_interfaces/lib/libinversekinematics_interfaces__rosidl_typesupport_cpp.so
[0.435s] -- Up-to-date: /home/harmeet/rbe500_ws/install/inversekinematics_interfaces/share/inversekinematics_interfaces/environment/pythonpath.sh
[0.435s] -- Up-to-date: /home/harmeet/rbe500_ws/install/inversekinematics_interfaces/share/inversekinematics_interfaces/environment/pythonpath.dsv
[0.435s] -- Up-to-date: /home/harmeet/rbe500_ws/install/inversekinematics_interfaces/local/lib/python3.10/dist-packages/inversekinematics_interfaces-0.0.0-py3.10.egg-info
[0.436s] -- Installing: /home/harmeet/rbe500_ws/install/inversekinematics_interfaces/local/lib/python3.10/dist-packages/inversekinematics_interfaces-0.0.0-py3.10.egg-info/top_level.txt
[0.436s] -- Installing: /home/harmeet/rbe500_ws/install/inversekinematics_interfaces/local/lib/python3.10/dist-packages/inversekinematics_interfaces-0.0.0-py3.10.egg-info/SOURCES.txt
[0.436s] -- Installing: /home/harmeet/rbe500_ws/install/inversekinematics_interfaces/local/lib/python3.10/dist-packages/inversekinematics_interfaces-0.0.0-py3.10.egg-info/PKG-INFO
[0.436s] -- Installing: /home/harmeet/rbe500_ws/install/inversekinematics_interfaces/local/lib/python3.10/dist-packages/inversekinematics_interfaces-0.0.0-py3.10.egg-info/dependency_links.txt
[0.436s] -- Up-to-date: /home/harmeet/rbe500_ws/install/inversekinematics_interfaces/local/lib/python3.10/dist-packages/inversekinematics_interfaces
[0.436s] -- Up-to-date: /home/harmeet/rbe500_ws/install/inversekinematics_interfaces/local/lib/python3.10/dist-packages/inversekinematics_interfaces/_inversekinematics_interfaces_s.ep.rosidl_typesupport_c.c
[0.436s] -- Up-to-date: /home/harmeet/rbe500_ws/install/inversekinematics_interfaces/local/lib/python3.10/dist-packages/inversekinematics_interfaces/__init__.py
[0.436s] -- Up-to-date: /home/harmeet/rbe500_ws/install/inversekinematics_interfaces/local/lib/python3.10/dist-packages/inversekinematics_interfaces/inversekinematics_interfaces_s__rosidl_typesupport_c.cpython-310-x86_64-linux-gnu.so
[0.436s] -- Up-to-date: /home/harmeet/rbe500_ws/install/inversekinematics_interfaces/local/lib/python3.10/dist-packages/inversekinematics_interfaces/srv
[0.436s] -- Up-to-date: /home/harmeet/rbe500_ws/install/inversekinematics_interfaces/local/lib/python3.10/dist-packages/inversekinematics_interfaces/srv/__init__.py
[0.436s] -- Up-to-date: /home/harmeet/rbe500_ws/install/inversekinematics_interfaces/local/lib/python3.10/dist-packages/inversekinematics_interfaces/srv/_inverse_kinematics_pose_s.c
[0.436s] -- Up-to-date: /home/harmeet/rbe500_ws/install/inversekinematics_interfaces/local/lib/python3.10/dist-packages/inversekinematics_interfaces/srv/_inverse_kinematics_pose.py
[0.436s] -- Up-to-date: /home/harmeet/rbe500_ws/install/inversekinematics_interfaces/local/lib/python3.10/dist-packages/inversekinematics_interfaces/inversekinematics_interfaces_s__rosidl_typesupport_fastrtps_c.cpython-310-x86_64-linux-gnu.so
[0.436s] -- Up-to-date: /home/harmeet/rbe500_ws/install/inversekinematics_interfaces/local/lib/python3.10/dist-packages/inversekinematics_interfaces/_inversekinematics_interfaces_s.ep.rosidl_typesupport_introspection_c.c
[0.436s] -- Up-to-date: /home/harmeet/rbe500_ws/install/inversekinematics_interfaces/local/lib/python3.10/dist-packages/inversekinematics_interfaces/libinversekinematics_interfaces__rosidl_generator_py.so
[0.436s] -- Up-to-date: /home/harmeet/rbe500_ws/install/inversekinematics_interfaces/local/lib/python3.10/dist-packages/inversekinematics_interfaces/inversekinematics_interfaces_s__rosidl_typesupport_introspection_c.cpython-310-x86_64-linux-gnu.so
[0.436s] -- Up-to-date: /home/harmeet/rbe500_ws/install/inversekinematics_interfaces/local/lib/python3.10/dist-packages/inversekinematics_interfaces/_inversekinematics_interfaces_s.ep.rosidl_typesupport_fastrtps_c.c
[0.465s] Listing '/home/harmeet/rbe500_ws/install/inversekinematics_interfaces/local/lib/python3.10/dist-packages/inversekinematics_interfaces'...
[0.465s] Listing '/home/harmeet/rbe500_ws/install/inversekinematics_interfaces/local/lib/python3.10/dist-packages/inversekinematics_interfaces/srv'...
[0.469s] -- Up-to-date: /home/harmeet/rbe500_ws/install/inversekinematics_interfaces/local/lib/python3.10/dist-packages/inversekinematics_interfaces/inversekinematics_interfaces_s__rosidl_typesupport_fastrtps_c.cpython-310-x86_64-linux-gnu.so
[0.469s] -- Up-to-date: /home/harmeet/rbe500_ws/install/inversekinematics_interfaces/local/lib/python3.10/dist-packages/inversekinematics_interfaces/inversekinematics_interfaces_s__rosidl_typesupport_introspection_c.cpython-310-x86_64-linux-gnu.so
[0.469s] -- Up-to-date: /home/harmeet/rbe500_ws/install/inversekinematics_interfaces/local/lib/python3.10/dist-packages/inversekinematics_interfaces/inversekinematics_interfaces_s__rosidl_typesupport_c.cpython-310-x86_64-linux-gnu.so
[0.469s] -- Up-to-date: /home/harmeet/rbe500_ws/install/inversekinematics_interfaces/lib/libinversekinematics_interfaces__rosidl_generator_py.so
[0.470s] -- Up-to-date: /home/harmeet/rbe500_ws/install/inversekinematics_interfaces/share/inversekinematics_interfaces/srv/InverseKinematicsPose.idl
[0.470s] -- Up-to-date: /home/harmeet/rbe500_ws/install/inversekinematics_interfaces/share/inversekinematics_interfaces/inversekinematics_interfaces/InverseKinematicsPose.srv
[0.470s] -- Up-to-date: /home/harmeet/rbe500_ws/install/inversekinematics_interfaces/share/inversekinematics_interfaces/rosidl_cmake/InverseKinematicsPose_Request.msg
[0.470s] -- Up-to-date: /home/harmeet/rbe500_ws/install/inversekinematics_interfaces/share/inversekinematics_interfaces/rosidl_cmake/InverseKinematicsPose_Response.msg
[0.470s] -- Up-to-date: /home/harmeet/rbe500_ws/install/inversekinematics_interfaces/share/ament_index/resource_index/package_run_dependencies/inversekinematics_interfaces
[0.470s] -- Up-to-date: /home/harmeet/rbe500_ws/install/inversekinematics_interfaces/share/ament_index/resource_index/parent_prefix_path/inversekinematics_interfaces
[0.470s] -- Up-to-date: /home/harmeet/rbe500_ws/install/inversekinematics_interfaces/share/inversekinematics_interfaces/environment/ament_prefix_path.sh
[0.470s] -- Up-to-date: /home/harmeet/rbe500_ws/install/inversekinematics_interfaces/share/inversekinematics_interfaces/environment/ament_prefix_path.dsv
[0.470s] -- Up-to-date: /home/harmeet/rbe500_ws/install/inversekinematics_interfaces/share/inversekinematics_interfaces/environment/path.sh
[0.470s] -- Up-to-date: /home/harmeet/rbe500_ws/install/inversekinematics_interfaces/share/inversekinematics_interfaces/environment/path.dsv
[0.470s] -- Up-to-date: /home/harmeet/rbe500_ws/install/inversekinematics_interfaces/share/inversekinematics_interfaces/local_setup.bash
[0.470s] -- Up-to-date: /home/harmeet/rbe500_ws/install/inversekinematics_interfaces/share/inversekinematics_interfaces/local_setup.sh
[0.471s] -- Up-to-date: /home/harmeet/rbe500_ws/install/inversekinematics_interfaces/share/inversekinematics_interfaces/local_setup.zsh
[0.471s] -- Up-to-date: /home/harmeet/rbe500_ws/install/inversekinematics_interfaces/share/inversekinematics_interfaces/local_setup.dsv
[0.471s] -- Installing: /home/harmeet/rbe500_ws/install/inversekinematics_interfaces/share/inversekinematics_interfaces/package.dsv
[0.471s] -- Up-to-date: /home/harmeet/rbe500_ws/install/inversekinematics_interfaces/share/ament_index/resource_index/packages/inversekinematics_interfaces
[0.471s] -- Up-to-date: /home/harmeet/rbe500_ws/install/inversekinematics_interfaces/share/inversekinematics_interfaces/cmake/export_inversekinematics_interfaces__rosidl_generator_cExport.cmake
[0.471s] -- Up-to-date: /home/harmeet/rbe500_ws/install/inversekinematics_interfaces/share/inversekinematics_interfaces/cmake/export_inversekinematics_interfaces__rosidl_generator_cExport-noconfig.cmake
[0.471s] -- Up-to-date: /home/harmeet/rbe500_ws/install/inversekinematics_interfaces/share/inversekinematics_interfaces/cmake/export_inversekinematics_interfaces__rosidl_typesupport_fastrtps_cExport.cmake
[0.471s] -- Up-to-date: /home/harmeet/rbe500_ws/install/inversekinematics_interfaces/share/inversekinematics_interfaces/cmake/export_inversekinematics_interfaces__rosidl_typesupport_fastrtps_cExport-noconfig.cmake
[0.472s] -- Up-to-date: /home/harmeet/rbe500_ws/install/inversekinematics_interfaces/share/inversekinematics_interfaces/cmake/export_inversekinematics_interfaces__rosidl_generator_cppExport.cmake
[0.472s] -- Up-to-date: /home/harmeet/rbe500_ws/install/inversekinematics_interfaces/share/inversekinematics_interfaces/cmake/export_inversekinematics_interfaces__rosidl_typesupport_fastrtps_cppExport.cmake
[0.472s] -- Up-to-date: /home/harmeet/rbe500_ws/install/inversekinematics_interfaces/share/inversekinematics_interfaces/cmake/export_inversekinematics_interfaces__rosidl_typesupport_fastrtps_cppExport-noconfig.cmake
[0.472s] -- Up-to-date: /home/harmeet/rbe500_ws/install/inversekinematics_interfaces/share/inversekinematics_interfaces/cmake/inversekinematics_interfaces__rosidl_typesupport_introspection_cExport.cmake
[0.472s] -- Up-to-date: /home/harmeet/rbe500_ws/install/inversekinematics_interfaces/share/inversekinematics_interfaces/cmake/inversekinematics_interfaces__rosidl_typesupport_introspection_cExport-noconfig.cmake
[0.472s] -- Up-to-date: /home/harmeet/rbe500_ws/install/inversekinematics_interfaces/share/inversekinematics_interfaces/cmake/inversekinematics_interfaces__rosidl_typesupport_cExport.cmake
[0.472s] -- Up-to-date: /home/harmeet/rbe500_ws/install/inversekinematics_interfaces/share/inversekinematics_interfaces/cmake/inversekinematics_interfaces__rosidl_typesupport_cExport-noconfig.cmake
[0.473s] -- Up-to-date: /home/harmeet/rbe500_ws/install/inversekinematics_interfaces/share/inversekinematics_interfaces/cmake/inversekinematics_interfaces__rosidl_typesupport_introspection_cppExport.cmake
[0.473s] -- Up-to-date: /home/harmeet/rbe500_ws/install/inversekinematics_interfaces/share/inversekinematics_interfaces/cmake/inversekinematics_interfaces__rosidl_typesupport_introspection_cppExport-noconfig.cmake
[0.473s] -- Up-to-date: /home/harmeet/rbe500_ws/install/inversekinematics_interfaces/share/inversekinematics_interfaces/cmake/inversekinematics_interfaces__rosidl_typesupport_cppExport.cmake
[0.473s] -- Up-to-date: /home/harmeet/rbe500_ws/install/inversekinematics_interfaces/share/inversekinematics_interfaces/cmake/inversekinematics_interfaces__rosidl_typesupport_cppExport-noconfig.cmake
[0.473s] -- Up-to-date: /home/harmeet/rbe500_ws/install/inversekinematics_interfaces/share/inversekinematics_interfaces/cmake/export_inversekinematics_interfaces__rosidl_generator_pyExport.cmake
[0.473s] -- Up-to-date: /home/harmeet/rbe500_ws/install/inversekinematics_interfaces/share/inversekinematics_interfaces/cmake/export_inversekinematics_interfaces__rosidl_generator_pyExport-noconfig.cmake
[0.473s] -- Up-to-date: /home/harmeet/rbe500_ws/install/inversekinematics_interfaces/share/inversekinematics_interfaces/cmake/rosidl_cmake-extras.cmake
[0.473s] -- Up-to-date: /home/harmeet/rbe500_ws/install/inversekinematics_interfaces/share/inversekinematics_interfaces/cmake/ament_cmake_export_include_directories-extras.cmake
[0.473s] -- Up-to-date: /home/harmeet/rbe500_ws/install/inversekinematics_interfaces/share/inversekinematics_interfaces/cmake/ament_cmake_export_libraries-extras.cmake
[0.474s] -- Up-to-date: /home/harmeet/rbe500_ws/install/inversekinematics_interfaces/share/inversekinematics_interfaces/cmake/ament_cmake_export_targets-extras.cmake
[0.474s] -- Up-to-date: /home/harmeet/rbe500_ws/install/inversekinematics_interfaces/share/inversekinematics_interfaces/cmake/rosidl_cmake_export_typesupport_targets-extras.cmake
[0.474s] -- Up-to-date: /home/harmeet/rbe500_ws/install/inversekinematics_interfaces/share/inversekinematics_interfaces/cmake/ament_cmake_export_dependencies-extras.cmake
[0.474s] -- Up-to-date: /home/harmeet/rbe500_ws/install/inversekinematics_interfaces/share/inversekinematics_interfaces/cmake/rosidl_cmake_export_typesupport_libraries-extras.cmake
[0.474s] -- Up-to-date: /home/harmeet/rbe500_ws/install/inversekinematics_interfaces/share/inversekinematics_interfaces/cmake/inversekinematics_interfacesConfig.cmake
[0.474s] -- Up-to-date: /home/harmeet/rbe500_ws/install/inversekinematics_interfaces/share/inversekinematics_interfaces/cmake/inversekinematics_interfacesConfig-version.cmake
[0.474s] -- Up-to-date: /home/harmeet/rbe500_ws/install/inversekinematics_interfaces/share/inversekinematics_interfaces/package.xml
[0.475s] Invoked command in '/home/harmeet/rbe500_ws/build/inversekinematics_interfaces' returned '0': CMAKE_PREFIX_PATH=${CMAKE_PREFIX_PATH}:/home/harmeet/rbe500_ws/install/rbe500_example_py:/home/harmeet/rbe500_ws/install/InverseKinematics:/opt/ros/humble /usr/bin/cmake --install /home/harmeet/rbe500_ws/build/inversekinematics_interfaces
