[0.616s] Invoking command in '/root/RBE500_Manipulator_Project/workspace/build/rbe500-example': AMENT_PREFIX_PATH=/root/RBE500_Manipulator_Project/workspace/install/open_manipulator_msgs:${AMENT_PREFIX_PATH} CMAKE_PREFIX_PATH=/root/RBE500_Manipulator_Project/workspace/install/open_manipulator_msgs:/root/RBE500_Manipulator_Project/workspace/install/InverseKinematics:/root/RBE500_Manipulator_Project/workspace/install/ForwardKinematics:/opt/ros/humble LD_LIBRARY_PATH=/root/RBE500_Manipulator_Project/workspace/install/open_manipulator_msgs/lib:${LD_LIBRARY_PATH} PYTHONPATH=/root/RBE500_Manipulator_Project/workspace/install/open_manipulator_msgs/local/lib/python3.10/dist-packages:${PYTHONPATH} /usr/bin/cmake /root/RBE500_Manipulator_Project/workspace/src/OpenManipulatorX_ROS2/rbe500-example -DCMAKE_INSTALL_PREFIX=/root/RBE500_Manipulator_Project/workspace/install/rbe500-example
[0.675s] -- The C compiler identification is GNU 11.4.0
[0.727s] -- The CXX compiler identification is GNU 11.4.0
[0.733s] -- Detecting C compiler ABI info
[0.790s] -- Detecting C compiler ABI info - done
[0.803s] -- Check for working C compiler: /usr/bin/cc - skipped
[0.804s] -- Detecting C compile features
[0.805s] -- Detecting C compile features - done
[0.809s] -- Detecting CXX compiler ABI info
[0.899s] -- Detecting CXX compiler ABI info - done
[0.910s] -- Check for working CXX compiler: /usr/bin/c++ - skipped
[0.910s] -- Detecting CXX compile features
[0.911s] -- Detecting CXX compile features - done
[0.914s] -- Found ament_cmake: 1.3.10 (/opt/ros/humble/share/ament_cmake/cmake)
[1.078s] -- Found Python3: /usr/bin/python3 (found version "3.10.12") found components: Interpreter 
[1.180s] -- Found rclcpp: 16.0.10 (/opt/ros/humble/share/rclcpp/cmake)
[1.224s] -- Found rosidl_generator_c: 3.1.5 (/opt/ros/humble/share/rosidl_generator_c/cmake)
[1.229s] -- Found rosidl_adapter: 3.1.5 (/opt/ros/humble/share/rosidl_adapter/cmake)
[1.238s] -- Found rosidl_generator_cpp: 3.1.5 (/opt/ros/humble/share/rosidl_generator_cpp/cmake)
[1.251s] -- Using all available rosidl_typesupport_c: rosidl_typesupport_fastrtps_c;rosidl_typesupport_introspection_c
[1.268s] -- Using all available rosidl_typesupport_cpp: rosidl_typesupport_fastrtps_cpp;rosidl_typesupport_introspection_cpp
[1.317s] -- Found rmw_implementation_cmake: 6.1.2 (/opt/ros/humble/share/rmw_implementation_cmake/cmake)
[1.320s] -- Found rmw_fastrtps_cpp: 6.2.7 (/opt/ros/humble/share/rmw_fastrtps_cpp/cmake)
[1.393s] -- Found OpenSSL: /usr/lib/x86_64-linux-gnu/libcrypto.so (found version "3.0.2")  
[1.416s] -- Found FastRTPS: /opt/ros/humble/include  
[1.454s] -- Using RMW implementation 'rmw_fastrtps_cpp' as default
[1.462s] -- Looking for pthread.h
[1.517s] -- Looking for pthread.h - found
[1.517s] -- Performing Test CMAKE_HAVE_LIBC_PTHREAD
[1.574s] -- Performing Test CMAKE_HAVE_LIBC_PTHREAD - Success
[1.575s] -- Found Threads: TRUE  
[1.623s] -- Found example_interfaces: 0.9.3 (/opt/ros/humble/share/example_interfaces/cmake)
[1.685s] -- Found open_manipulator_msgs: 2.2.0 (/root/RBE500_Manipulator_Project/workspace/install/open_manipulator_msgs/share/open_manipulator_msgs/cmake)
[1.718s] -- Found ament_lint_auto: 0.12.11 (/opt/ros/humble/share/ament_lint_auto/cmake)
[1.805s] -- Added test 'cppcheck' to perform static code analysis on C / C++ code
[1.805s] -- Configured cppcheck include dirs: $<BUILD_INTERFACE:/root/RBE500_Manipulator_Project/workspace/src/OpenManipulatorX_ROS2/rbe500-example/include>;/root/RBE500_Manipulator_Project/workspace/src/OpenManipulatorX_ROS2/rbe500-example/open_manipulator_msgs/srv
[1.805s] -- Configured cppcheck exclude dirs and/or files: 
[1.806s] -- Added test 'lint_cmake' to check CMake code style
[1.806s] -- Added test 'uncrustify' to check C / C++ code style
[1.806s] -- Configured uncrustify additional arguments: 
[1.807s] -- Added test 'xmllint' to check XML markup files
[1.808s] -- Configuring done
[1.816s] -- Generating done
[1.817s] -- Build files have been written to: /root/RBE500_Manipulator_Project/workspace/build/rbe500-example
[1.828s] Invoked command in '/root/RBE500_Manipulator_Project/workspace/build/rbe500-example' returned '0': AMENT_PREFIX_PATH=/root/RBE500_Manipulator_Project/workspace/install/open_manipulator_msgs:${AMENT_PREFIX_PATH} CMAKE_PREFIX_PATH=/root/RBE500_Manipulator_Project/workspace/install/open_manipulator_msgs:/root/RBE500_Manipulator_Project/workspace/install/InverseKinematics:/root/RBE500_Manipulator_Project/workspace/install/ForwardKinematics:/opt/ros/humble LD_LIBRARY_PATH=/root/RBE500_Manipulator_Project/workspace/install/open_manipulator_msgs/lib:${LD_LIBRARY_PATH} PYTHONPATH=/root/RBE500_Manipulator_Project/workspace/install/open_manipulator_msgs/local/lib/python3.10/dist-packages:${PYTHONPATH} /usr/bin/cmake /root/RBE500_Manipulator_Project/workspace/src/OpenManipulatorX_ROS2/rbe500-example -DCMAKE_INSTALL_PREFIX=/root/RBE500_Manipulator_Project/workspace/install/rbe500-example
[1.829s] Invoking command in '/root/RBE500_Manipulator_Project/workspace/build/rbe500-example': AMENT_PREFIX_PATH=/root/RBE500_Manipulator_Project/workspace/install/open_manipulator_msgs:${AMENT_PREFIX_PATH} CMAKE_PREFIX_PATH=/root/RBE500_Manipulator_Project/workspace/install/open_manipulator_msgs:/root/RBE500_Manipulator_Project/workspace/install/InverseKinematics:/root/RBE500_Manipulator_Project/workspace/install/ForwardKinematics:/opt/ros/humble LD_LIBRARY_PATH=/root/RBE500_Manipulator_Project/workspace/install/open_manipulator_msgs/lib:${LD_LIBRARY_PATH} PYTHONPATH=/root/RBE500_Manipulator_Project/workspace/install/open_manipulator_msgs/local/lib/python3.10/dist-packages:${PYTHONPATH} /usr/bin/cmake --build /root/RBE500_Manipulator_Project/workspace/build/rbe500-example -- -j12 -l12
[1.885s] [ 50%] [32mBuilding CXX object CMakeFiles/basic_robot_control.dir/src/basic_robot_control.cpp.o[0m
[5.740s] [100%] [32m[1mLinking CXX executable basic_robot_control[0m
[6.006s] [100%] Built target basic_robot_control
[6.041s] Invoked command in '/root/RBE500_Manipulator_Project/workspace/build/rbe500-example' returned '0': AMENT_PREFIX_PATH=/root/RBE500_Manipulator_Project/workspace/install/open_manipulator_msgs:${AMENT_PREFIX_PATH} CMAKE_PREFIX_PATH=/root/RBE500_Manipulator_Project/workspace/install/open_manipulator_msgs:/root/RBE500_Manipulator_Project/workspace/install/InverseKinematics:/root/RBE500_Manipulator_Project/workspace/install/ForwardKinematics:/opt/ros/humble LD_LIBRARY_PATH=/root/RBE500_Manipulator_Project/workspace/install/open_manipulator_msgs/lib:${LD_LIBRARY_PATH} PYTHONPATH=/root/RBE500_Manipulator_Project/workspace/install/open_manipulator_msgs/local/lib/python3.10/dist-packages:${PYTHONPATH} /usr/bin/cmake --build /root/RBE500_Manipulator_Project/workspace/build/rbe500-example -- -j12 -l12
[6.072s] Invoking command in '/root/RBE500_Manipulator_Project/workspace/build/rbe500-example': AMENT_PREFIX_PATH=/root/RBE500_Manipulator_Project/workspace/install/open_manipulator_msgs:${AMENT_PREFIX_PATH} CMAKE_PREFIX_PATH=/root/RBE500_Manipulator_Project/workspace/install/open_manipulator_msgs:/root/RBE500_Manipulator_Project/workspace/install/InverseKinematics:/root/RBE500_Manipulator_Project/workspace/install/ForwardKinematics:/opt/ros/humble LD_LIBRARY_PATH=/root/RBE500_Manipulator_Project/workspace/install/open_manipulator_msgs/lib:${LD_LIBRARY_PATH} PYTHONPATH=/root/RBE500_Manipulator_Project/workspace/install/open_manipulator_msgs/local/lib/python3.10/dist-packages:${PYTHONPATH} /usr/bin/cmake --install /root/RBE500_Manipulator_Project/workspace/build/rbe500-example
[6.078s] -- Install configuration: ""
[6.079s] -- Installing: /root/RBE500_Manipulator_Project/workspace/install/rbe500-example/lib/rbe500-example/basic_robot_control
[6.080s] -- Set runtime path of "/root/RBE500_Manipulator_Project/workspace/install/rbe500-example/lib/rbe500-example/basic_robot_control" to ""
[6.080s] -- Installing: /root/RBE500_Manipulator_Project/workspace/install/rbe500-example/share/ament_index/resource_index/package_run_dependencies/rbe500-example
[6.081s] -- Installing: /root/RBE500_Manipulator_Project/workspace/install/rbe500-example/share/ament_index/resource_index/parent_prefix_path/rbe500-example
[6.082s] -- Installing: /root/RBE500_Manipulator_Project/workspace/install/rbe500-example/share/rbe500-example/environment/ament_prefix_path.sh
[6.082s] -- Installing: /root/RBE500_Manipulator_Project/workspace/install/rbe500-example/share/rbe500-example/environment/ament_prefix_path.dsv
[6.083s] -- Installing: /root/RBE500_Manipulator_Project/workspace/install/rbe500-example/share/rbe500-example/environment/path.sh
[6.083s] -- Installing: /root/RBE500_Manipulator_Project/workspace/install/rbe500-example/share/rbe500-example/environment/path.dsv
[6.083s] -- Installing: /root/RBE500_Manipulator_Project/workspace/install/rbe500-example/share/rbe500-example/local_setup.bash
[6.083s] -- Installing: /root/RBE500_Manipulator_Project/workspace/install/rbe500-example/share/rbe500-example/local_setup.sh
[6.084s] -- Installing: /root/RBE500_Manipulator_Project/workspace/install/rbe500-example/share/rbe500-example/local_setup.zsh
[6.084s] -- Installing: /root/RBE500_Manipulator_Project/workspace/install/rbe500-example/share/rbe500-example/local_setup.dsv
[6.084s] -- Installing: /root/RBE500_Manipulator_Project/workspace/install/rbe500-example/share/rbe500-example/package.dsv
[6.084s] -- Installing: /root/RBE500_Manipulator_Project/workspace/install/rbe500-example/share/ament_index/resource_index/packages/rbe500-example
[6.085s] -- Installing: /root/RBE500_Manipulator_Project/workspace/install/rbe500-example/share/rbe500-example/cmake/rbe500-exampleConfig.cmake
[6.085s] -- Installing: /root/RBE500_Manipulator_Project/workspace/install/rbe500-example/share/rbe500-example/cmake/rbe500-exampleConfig-version.cmake
[6.086s] -- Installing: /root/RBE500_Manipulator_Project/workspace/install/rbe500-example/share/rbe500-example/package.xml
[6.094s] Invoked command in '/root/RBE500_Manipulator_Project/workspace/build/rbe500-example' returned '0': AMENT_PREFIX_PATH=/root/RBE500_Manipulator_Project/workspace/install/open_manipulator_msgs:${AMENT_PREFIX_PATH} CMAKE_PREFIX_PATH=/root/RBE500_Manipulator_Project/workspace/install/open_manipulator_msgs:/root/RBE500_Manipulator_Project/workspace/install/InverseKinematics:/root/RBE500_Manipulator_Project/workspace/install/ForwardKinematics:/opt/ros/humble LD_LIBRARY_PATH=/root/RBE500_Manipulator_Project/workspace/install/open_manipulator_msgs/lib:${LD_LIBRARY_PATH} PYTHONPATH=/root/RBE500_Manipulator_Project/workspace/install/open_manipulator_msgs/local/lib/python3.10/dist-packages:${PYTHONPATH} /usr/bin/cmake --install /root/RBE500_Manipulator_Project/workspace/build/rbe500-example
